<?xml version="1.0" encoding="UTF-8"?>
<testsuite xmlns:xsi="http://www.w3.org/2001/XMLSchema-instance" xsi:noNamespaceSchemaLocation="https://maven.apache.org/surefire/maven-failsafe-plugin/xsd/failsafe-test-report-3.0.xsd" version="3.0" name="starter.CucumberTestSuite" time="166.477" tests="7" errors="2" skipped="0" failures="0">
  <properties>
    <property name="sun.desktop" value="windows"/>
    <property name="awt.toolkit" value="sun.awt.windows.WToolkit"/>
    <property name="java.specification.version" value="1.8"/>
    <property name="file.encoding.pkg" value="sun.io"/>
    <property name="webdriver.chrome.driver" value="C:\Users\Ocky\.cache\selenium\chromedriver\win32\103.0.5060.53\chromedriver.exe"/>
    <property name="sun.cpu.isalist" value="amd64"/>
    <property name="sun.jnu.encoding" value="Cp1252"/>
    <property name="java.class.path" value="C:\Users\Ocky\Documents\final_project\web testing\target\test-classes;C:\Users\Ocky\Documents\final_project\web testing\target\example-1.0-SNAPSHOT.jar;C:\Users\Ocky\.m2\repository\net\serenity-bdd\serenity-core\3.2.1\serenity-core-3.2.1.jar;C:\Users\Ocky\.m2\repository\net\serenity-bdd\serenity-model\3.2.1\serenity-model-3.2.1.jar;C:\Users\Ocky\.m2\repository\org\apache\commons\commons-text\1.9\commons-text-1.9.jar;C:\Users\Ocky\.m2\repository\commons-net\commons-net\3.8.0\commons-net-3.8.0.jar;C:\Users\Ocky\.m2\repository\com\google\guava\guava\31.1-jre\guava-31.1-jre.jar;C:\Users\Ocky\.m2\repository\com\google\guava\failureaccess\1.0.1\failureaccess-1.0.1.jar;C:\Users\Ocky\.m2\repository\com\google\guava\listenablefuture\9999.0-empty-to-avoid-conflict-with-guava\listenablefuture-9999.0-empty-to-avoid-conflict-with-guava.jar;C:\Users\Ocky\.m2\repository\com\google\code\findbugs\jsr305\3.0.2\jsr305-3.0.2.jar;C:\Users\Ocky\.m2\repository\org\checkerframework\checker-qual\3.12.0\checker-qual-3.12.0.jar;C:\Users\Ocky\.m2\repository\com\google\errorprone\error_prone_annotations\2.11.0\error_prone_annotations-2.11.0.jar;C:\Users\Ocky\.m2\repository\com\google\j2objc\j2objc-annotations\1.3\j2objc-annotations-1.3.jar;C:\Users\Ocky\.m2\repository\com\google\inject\guice\5.1.0\guice-5.1.0.jar;C:\Users\Ocky\.m2\repository\javax\inject\javax.inject\1\javax.inject-1.jar;C:\Users\Ocky\.m2\repository\aopalliance\aopalliance\1.0\aopalliance-1.0.jar;C:\Users\Ocky\.m2\repository\org\jsoup\jsoup\1.14.3\jsoup-1.14.3.jar;C:\Users\Ocky\.m2\repository\com\thoughtworks\xstream\xstream\1.4.19\xstream-1.4.19.jar;C:\Users\Ocky\.m2\repository\io\github\x-stream\mxparser\1.2.2\mxparser-1.2.2.jar;C:\Users\Ocky\.m2\repository\xmlpull\xmlpull\1.1.3.1\xmlpull-1.1.3.1.jar;C:\Users\Ocky\.m2\repository\io\cucumber\cucumber-java\7.2.3\cucumber-java-7.2.3.jar;C:\Users\Ocky\.m2\repository\com\typesafe\config\1.4.2\config-1.4.2.jar;C:\Users\Ocky\.m2\repository\org\imgscalr\imgscalr-lib\4.2\imgscalr-lib-4.2.jar;C:\Users\Ocky\.m2\repository\org\awaitility\awaitility\4.2.0\awaitility-4.2.0.jar;C:\Users\Ocky\.m2\repository\org\freemarker\freemarker\2.3.31\freemarker-2.3.31.jar;C:\Users\Ocky\.m2\repository\io\github\classgraph\classgraph\4.8.138\classgraph-4.8.138.jar;C:\Users\Ocky\.m2\repository\net\sourceforge\jexcelapi\jxl\2.6.12\jxl-2.6.12.jar;C:\Users\Ocky\.m2\repository\net\bytebuddy\byte-buddy\1.12.8\byte-buddy-1.12.8.jar;C:\Users\Ocky\.m2\repository\net\bytebuddy\byte-buddy-agent\1.12.8\byte-buddy-agent-1.12.8.jar;C:\Users\Ocky\.m2\repository\org\objenesis\objenesis\3.1\objenesis-3.1.jar;C:\Users\Ocky\.m2\repository\net\serenity-bdd\serenity-reports\3.2.1\serenity-reports-3.2.1.jar;C:\Users\Ocky\.m2\repository\net\serenity-bdd\serenity-stats\3.2.1\serenity-stats-3.2.1.jar;C:\Users\Ocky\.m2\repository\net\serenity-bdd\serenity-reports-configuration\3.2.1\serenity-reports-configuration-3.2.1.jar;C:\Users\Ocky\.m2\repository\com\vladsch\flexmark\flexmark-all\0.34.30\flexmark-all-0.34.30.jar;C:\Users\Ocky\.m2\repository\com\vladsch\flexmark\flexmark\0.34.30\flexmark-0.34.30.jar;C:\Users\Ocky\.m2\repository\com\vladsch\flexmark\flexmark-ext-abbreviation\0.34.30\flexmark-ext-abbreviation-0.34.30.jar;C:\Users\Ocky\.m2\repository\com\vladsch\flexmark\flexmark-ext-admonition\0.34.30\flexmark-ext-admonition-0.34.30.jar;C:\Users\Ocky\.m2\repository\com\vladsch\flexmark\flexmark-ext-anchorlink\0.34.30\flexmark-ext-anchorlink-0.34.30.jar;C:\Users\Ocky\.m2\repository\com\vladsch\flexmark\flexmark-ext-aside\0.34.30\flexmark-ext-aside-0.34.30.jar;C:\Users\Ocky\.m2\repository\com\vladsch\flexmark\flexmark-ext-attributes\0.34.30\flexmark-ext-attributes-0.34.30.jar;C:\Users\Ocky\.m2\repository\com\vladsch\flexmark\flexmark-ext-autolink\0.34.30\flexmark-ext-autolink-0.34.30.jar;C:\Users\Ocky\.m2\repository\org\nibor\autolink\autolink\0.6.0\autolink-0.6.0.jar;C:\Users\Ocky\.m2\repository\com\vladsch\flexmark\flexmark-ext-definition\0.34.30\flexmark-ext-definition-0.34.30.jar;C:\Users\Ocky\.m2\repository\com\vladsch\flexmark\flexmark-ext-emoji\0.34.30\flexmark-ext-emoji-0.34.30.jar;C:\Users\Ocky\.m2\repository\com\vladsch\flexmark\flexmark-ext-enumerated-reference\0.34.30\flexmark-ext-enumerated-reference-0.34.30.jar;C:\Users\Ocky\.m2\repository\com\vladsch\flexmark\flexmark-ext-escaped-character\0.34.30\flexmark-ext-escaped-character-0.34.30.jar;C:\Users\Ocky\.m2\repository\com\vladsch\flexmark\flexmark-ext-footnotes\0.34.30\flexmark-ext-footnotes-0.34.30.jar;C:\Users\Ocky\.m2\repository\com\vladsch\flexmark\flexmark-ext-gfm-issues\0.34.30\flexmark-ext-gfm-issues-0.34.30.jar;C:\Users\Ocky\.m2\repository\com\vladsch\flexmark\flexmark-ext-gfm-strikethrough\0.34.30\flexmark-ext-gfm-strikethrough-0.34.30.jar;C:\Users\Ocky\.m2\repository\com\vladsch\flexmark\flexmark-ext-gfm-tables\0.34.30\flexmark-ext-gfm-tables-0.34.30.jar;C:\Users\Ocky\.m2\repository\com\vladsch\flexmark\flexmark-ext-gfm-tasklist\0.34.30\flexmark-ext-gfm-tasklist-0.34.30.jar;C:\Users\Ocky\.m2\repository\com\vladsch\flexmark\flexmark-ext-gfm-users\0.34.30\flexmark-ext-gfm-users-0.34.30.jar;C:\Users\Ocky\.m2\repository\com\vladsch\flexmark\flexmark-ext-gitlab\0.34.30\flexmark-ext-gitlab-0.34.30.jar;C:\Users\Ocky\.m2\repository\com\vladsch\flexmark\flexmark-ext-jekyll-front-matter\0.34.30\flexmark-ext-jekyll-front-matter-0.34.30.jar;C:\Users\Ocky\.m2\repository\com\vladsch\flexmark\flexmark-ext-jekyll-tag\0.34.30\flexmark-ext-jekyll-tag-0.34.30.jar;C:\Users\Ocky\.m2\repository\com\vladsch\flexmark\flexmark-ext-media-tags\0.34.30\flexmark-ext-media-tags-0.34.30.jar;C:\Users\Ocky\.m2\repository\com\vladsch\flexmark\flexmark-test-util\0.34.30\flexmark-test-util-0.34.30.jar;C:\Users\Ocky\.m2\repository\com\vladsch\flexmark\flexmark-ext-ins\0.34.30\flexmark-ext-ins-0.34.30.jar;C:\Users\Ocky\.m2\repository\com\vladsch\flexmark\flexmark-ext-xwiki-macros\0.34.30\flexmark-ext-xwiki-macros-0.34.30.jar;C:\Users\Ocky\.m2\repository\com\vladsch\flexmark\flexmark-ext-superscript\0.34.30\flexmark-ext-superscript-0.34.30.jar;C:\Users\Ocky\.m2\repository\com\vladsch\flexmark\flexmark-ext-tables\0.34.30\flexmark-ext-tables-0.34.30.jar;C:\Users\Ocky\.m2\repository\com\vladsch\flexmark\flexmark-ext-toc\0.34.30\flexmark-ext-toc-0.34.30.jar;C:\Users\Ocky\.m2\repository\com\vladsch\flexmark\flexmark-ext-typographic\0.34.30\flexmark-ext-typographic-0.34.30.jar;C:\Users\Ocky\.m2\repository\com\vladsch\flexmark\flexmark-ext-wikilink\0.34.30\flexmark-ext-wikilink-0.34.30.jar;C:\Users\Ocky\.m2\repository\com\vladsch\flexmark\flexmark-ext-yaml-front-matter\0.34.30\flexmark-ext-yaml-front-matter-0.34.30.jar;C:\Users\Ocky\.m2\repository\com\vladsch\flexmark\flexmark-ext-youtube-embedded\0.34.30\flexmark-ext-youtube-embedded-0.34.30.jar;C:\Users\Ocky\.m2\repository\com\vladsch\flexmark\flexmark-formatter\0.34.30\flexmark-formatter-0.34.30.jar;C:\Users\Ocky\.m2\repository\com\vladsch\flexmark\flexmark-html-parser\0.34.30\flexmark-html-parser-0.34.30.jar;C:\Users\Ocky\.m2\repository\com\vladsch\flexmark\flexmark-jira-converter\0.34.30\flexmark-jira-converter-0.34.30.jar;C:\Users\Ocky\.m2\repository\com\vladsch\flexmark\flexmark-pdf-converter\0.34.30\flexmark-pdf-converter-0.34.30.jar;C:\Users\Ocky\.m2\repository\com\openhtmltopdf\openhtmltopdf-core\0.0.1-RC13\openhtmltopdf-core-0.0.1-RC13.jar;C:\Users\Ocky\.m2\repository\com\openhtmltopdf\openhtmltopdf-pdfbox\0.0.1-RC13\openhtmltopdf-pdfbox-0.0.1-RC13.jar;C:\Users\Ocky\.m2\repository\org\apache\pdfbox\pdfbox\2.0.8\pdfbox-2.0.8.jar;C:\Users\Ocky\.m2\repository\org\apache\pdfbox\fontbox\2.0.8\fontbox-2.0.8.jar;C:\Users\Ocky\.m2\repository\commons-logging\commons-logging\1.2\commons-logging-1.2.jar;C:\Users\Ocky\.m2\repository\org\apache\pdfbox\xmpbox\2.0.8\xmpbox-2.0.8.jar;C:\Users\Ocky\.m2\repository\de\rototor\pdfbox\graphics2d\0.12\graphics2d-0.12.jar;C:\Users\Ocky\.m2\repository\com\openhtmltopdf\openhtmltopdf-rtl-support\0.0.1-RC13\openhtmltopdf-rtl-support-0.0.1-RC13.jar;C:\Users\Ocky\.m2\repository\com\ibm\icu\icu4j\59.1\icu4j-59.1.jar;C:\Users\Ocky\.m2\repository\com\openhtmltopdf\openhtmltopdf-jsoup-dom-converter\0.0.1-RC13\openhtmltopdf-jsoup-dom-converter-0.0.1-RC13.jar;C:\Users\Ocky\.m2\repository\com\vladsch\flexmark\flexmark-profile-pegdown\0.34.30\flexmark-profile-pegdown-0.34.30.jar;C:\Users\Ocky\.m2\repository\com\vladsch\flexmark\flexmark-util\0.34.30\flexmark-util-0.34.30.jar;C:\Users\Ocky\.m2\repository\com\vladsch\flexmark\flexmark-youtrack-converter\0.34.30\flexmark-youtrack-converter-0.34.30.jar;C:\Users\Ocky\.m2\repository\es\nitaur\markdown\txtmark\0.16\txtmark-0.16.jar;C:\Users\Ocky\.m2\repository\net\serenity-bdd\serenity-report-resources\3.2.1\serenity-report-resources-3.2.1.jar;C:\Users\Ocky\.m2\repository\com\google\code\gson\gson\2.9.0\gson-2.9.0.jar;C:\Users\Ocky\.m2\repository\com\fasterxml\jackson\core\jackson-core\2.13.2\jackson-core-2.13.2.jar;C:\Users\Ocky\.m2\repository\com\fasterxml\jackson\core\jackson-databind\2.13.2\jackson-databind-2.13.2.jar;C:\Users\Ocky\.m2\repository\com\fasterxml\jackson\core\jackson-annotations\2.13.2\jackson-annotations-2.13.2.jar;C:\Users\Ocky\.m2\repository\commons-codec\commons-codec\1.15\commons-codec-1.15.jar;C:\Users\Ocky\.m2\repository\commons-io\commons-io\2.11.0\commons-io-2.11.0.jar;C:\Users\Ocky\.m2\repository\org\seleniumhq\selenium\selenium-java\4.1.2\selenium-java-4.1.2.jar;C:\Users\Ocky\.m2\repository\org\seleniumhq\selenium\selenium-devtools-v85\4.1.2\selenium-devtools-v85-4.1.2.jar;C:\Users\Ocky\.m2\repository\org\seleniumhq\selenium\selenium-devtools-v95\4.1.2\selenium-devtools-v95-4.1.2.jar;C:\Users\Ocky\.m2\repository\org\seleniumhq\selenium\selenium-devtools-v96\4.1.2\selenium-devtools-v96-4.1.2.jar;C:\Users\Ocky\.m2\repository\org\seleniumhq\selenium\selenium-devtools-v97\4.1.2\selenium-devtools-v97-4.1.2.jar;C:\Users\Ocky\.m2\repository\org\seleniumhq\selenium\selenium-firefox-xpi-driver\4.1.2\selenium-firefox-xpi-driver-4.1.2.jar;C:\Users\Ocky\.m2\repository\org\seleniumhq\selenium\selenium-opera-driver\4.1.2\selenium-opera-driver-4.1.2.jar;C:\Users\Ocky\.m2\repository\org\seleniumhq\selenium\selenium-remote-driver\4.1.2\selenium-remote-driver-4.1.2.jar;C:\Users\Ocky\.m2\repository\com\beust\jcommander\1.82\jcommander-1.82.jar;C:\Users\Ocky\.m2\repository\io\netty\netty-buffer\4.1.73.Final\netty-buffer-4.1.73.Final.jar;C:\Users\Ocky\.m2\repository\io\netty\netty-codec-http\4.1.73.Final\netty-codec-http-4.1.73.Final.jar;C:\Users\Ocky\.m2\repository\io\netty\netty-codec\4.1.73.Final\netty-codec-4.1.73.Final.jar;C:\Users\Ocky\.m2\repository\io\netty\netty-handler\4.1.73.Final\netty-handler-4.1.73.Final.jar;C:\Users\Ocky\.m2\repository\io\netty\netty-tcnative-classes\2.0.46.Final\netty-tcnative-classes-2.0.46.Final.jar;C:\Users\Ocky\.m2\repository\io\netty\netty-common\4.1.73.Final\netty-common-4.1.73.Final.jar;C:\Users\Ocky\.m2\repository\io\netty\netty-transport-classes-epoll\4.1.73.Final\netty-transport-classes-epoll-4.1.73.Final.jar;C:\Users\Ocky\.m2\repository\io\netty\netty-transport-classes-kqueue\4.1.73.Final\netty-transport-classes-kqueue-4.1.73.Final.jar;C:\Users\Ocky\.m2\repository\io\netty\netty-transport-native-epoll\4.1.73.Final\netty-transport-native-epoll-4.1.73.Final.jar;C:\Users\Ocky\.m2\repository\io\netty\netty-transport-native-kqueue\4.1.73.Final\netty-transport-native-kqueue-4.1.73.Final.jar;C:\Users\Ocky\.m2\repository\io\netty\netty-transport-native-unix-common\4.1.73.Final\netty-transport-native-unix-common-4.1.73.Final.jar;C:\Users\Ocky\.m2\repository\io\netty\netty-transport\4.1.73.Final\netty-transport-4.1.73.Final.jar;C:\Users\Ocky\.m2\repository\io\netty\netty-resolver\4.1.73.Final\netty-resolver-4.1.73.Final.jar;C:\Users\Ocky\.m2\repository\io\opentelemetry\opentelemetry-api\1.10.1\opentelemetry-api-1.10.1.jar;C:\Users\Ocky\.m2\repository\io\opentelemetry\opentelemetry-context\1.10.1\opentelemetry-context-1.10.1.jar;C:\Users\Ocky\.m2\repository\io\opentelemetry\opentelemetry-exporter-logging\1.10.1\opentelemetry-exporter-logging-1.10.1.jar;C:\Users\Ocky\.m2\repository\io\opentelemetry\opentelemetry-sdk-metrics\1.10.1-alpha\opentelemetry-sdk-metrics-1.10.1-alpha.jar;C:\Users\Ocky\.m2\repository\io\opentelemetry\opentelemetry-sdk-logs\1.10.1-alpha\opentelemetry-sdk-logs-1.10.1-alpha.jar;C:\Users\Ocky\.m2\repository\io\opentelemetry\opentelemetry-sdk-common\1.10.1\opentelemetry-sdk-common-1.10.1.jar;C:\Users\Ocky\.m2\repository\io\opentelemetry\opentelemetry-sdk-extension-autoconfigure-spi\1.10.1\opentelemetry-sdk-extension-autoconfigure-spi-1.10.1.jar;C:\Users\Ocky\.m2\repository\io\opentelemetry\opentelemetry-sdk-extension-autoconfigure\1.10.1-alpha\opentelemetry-sdk-extension-autoconfigure-1.10.1-alpha.jar;C:\Users\Ocky\.m2\repository\io\opentelemetry\opentelemetry-sdk-trace\1.10.1\opentelemetry-sdk-trace-1.10.1.jar;C:\Users\Ocky\.m2\repository\io\opentelemetry\opentelemetry-sdk\1.10.1\opentelemetry-sdk-1.10.1.jar;C:\Users\Ocky\.m2\repository\io\opentelemetry\opentelemetry-semconv\1.10.1-alpha\opentelemetry-semconv-1.10.1-alpha.jar;C:\Users\Ocky\.m2\repository\io\ous\jtoml\2.0.0\jtoml-2.0.0.jar;C:\Users\Ocky\.m2\repository\org\apache\commons\commons-exec\1.3\commons-exec-1.3.jar;C:\Users\Ocky\.m2\repository\org\asynchttpclient\async-http-client\2.12.3\async-http-client-2.12.3.jar;C:\Users\Ocky\.m2\repository\org\asynchttpclient\async-http-client-netty-utils\2.12.3\async-http-client-netty-utils-2.12.3.jar;C:\Users\Ocky\.m2\repository\io\netty\netty-codec-socks\4.1.60.Final\netty-codec-socks-4.1.60.Final.jar;C:\Users\Ocky\.m2\repository\io\netty\netty-handler-proxy\4.1.60.Final\netty-handler-proxy-4.1.60.Final.jar;C:\Users\Ocky\.m2\repository\io\netty\netty-transport-native-epoll\4.1.60.Final\netty-transport-native-epoll-4.1.60.Final-linux-x86_64.jar;C:\Users\Ocky\.m2\repository\io\netty\netty-transport-native-kqueue\4.1.60.Final\netty-transport-native-kqueue-4.1.60.Final-osx-x86_64.jar;C:\Users\Ocky\.m2\repository\org\reactivestreams\reactive-streams\1.0.3\reactive-streams-1.0.3.jar;C:\Users\Ocky\.m2\repository\com\typesafe\netty\netty-reactive-streams\2.0.4\netty-reactive-streams-2.0.4.jar;C:\Users\Ocky\.m2\repository\org\seleniumhq\selenium\selenium-http\4.1.2\selenium-http-4.1.2.jar;C:\Users\Ocky\.m2\repository\net\jodah\failsafe\2.4.4\failsafe-2.4.4.jar;C:\Users\Ocky\.m2\repository\org\seleniumhq\selenium\selenium-safari-driver\4.1.2\selenium-safari-driver-4.1.2.jar;C:\Users\Ocky\.m2\repository\org\seleniumhq\selenium\selenium-api\4.1.2\selenium-api-4.1.2.jar;C:\Users\Ocky\.m2\repository\org\seleniumhq\selenium\selenium-support\4.1.2\selenium-support-4.1.2.jar;C:\Users\Ocky\.m2\repository\com\google\auto\service\auto-service-annotations\1.0.1\auto-service-annotations-1.0.1.jar;C:\Users\Ocky\.m2\repository\com\google\auto\service\auto-service\1.0.1\auto-service-1.0.1.jar;C:\Users\Ocky\.m2\repository\com\google\auto\auto-common\1.2\auto-common-1.2.jar;C:\Users\Ocky\.m2\repository\org\seleniumhq\selenium\selenium-json\4.1.2\selenium-json-4.1.2.jar;C:\Users\Ocky\.m2\repository\org\seleniumhq\selenium\selenium-chrome-driver\4.1.2\selenium-chrome-driver-4.1.2.jar;C:\Users\Ocky\.m2\repository\org\seleniumhq\selenium\selenium-chromium-driver\4.1.2\selenium-chromium-driver-4.1.2.jar;C:\Users\Ocky\.m2\repository\org\seleniumhq\selenium\selenium-firefox-driver\4.1.2\selenium-firefox-driver-4.1.2.jar;C:\Users\Ocky\.m2\repository\org\seleniumhq\selenium\selenium-edge-driver\4.1.2\selenium-edge-driver-4.1.2.jar;C:\Users\Ocky\.m2\repository\org\seleniumhq\selenium\selenium-ie-driver\4.1.2\selenium-ie-driver-4.1.2.jar;C:\Users\Ocky\.m2\repository\org\projectlombok\lombok\1.18.20\lombok-1.18.20.jar;C:\Users\Ocky\.m2\repository\io\appium\java-client\8.0.0\java-client-8.0.0.jar;C:\Users\Ocky\.m2\repository\commons-validator\commons-validator\1.7\commons-validator-1.7.jar;C:\Users\Ocky\.m2\repository\commons-digester\commons-digester\2.1\commons-digester-2.1.jar;C:\Users\Ocky\.m2\repository\org\aspectj\aspectjweaver\1.9.8\aspectjweaver-1.9.8.jar;C:\Users\Ocky\.m2\repository\org\codehaus\groovy\groovy\3.0.10\groovy-3.0.10.jar;C:\Users\Ocky\.m2\repository\net\sf\opencsv\opencsv\2.0\opencsv-2.0.jar;C:\Users\Ocky\.m2\repository\commons-beanutils\commons-beanutils\1.9.4\commons-beanutils-1.9.4.jar;C:\Users\Ocky\.m2\repository\org\apache\commons\commons-lang3\3.12.0\commons-lang3-3.12.0.jar;C:\Users\Ocky\.m2\repository\commons-collections\commons-collections\3.2.2\commons-collections-3.2.2.jar;C:\Users\Ocky\.m2\repository\org\fluentlenium\fluentlenium-core\0.10.2\fluentlenium-core-0.10.2.jar;C:\Users\Ocky\.m2\repository\io\github\bonigarcia\webdrivermanager\5.1.0\webdrivermanager-5.1.0.jar;C:\Users\Ocky\.m2\repository\com\github\docker-java\docker-java\3.2.13\docker-java-3.2.13.jar;C:\Users\Ocky\.m2\repository\com\github\docker-java\docker-java-core\3.2.13\docker-java-core-3.2.13.jar;C:\Users\Ocky\.m2\repository\com\github\docker-java\docker-java-api\3.2.13\docker-java-api-3.2.13.jar;C:\Users\Ocky\.m2\repository\org\apache\commons\commons-compress\1.21\commons-compress-1.21.jar;C:\Users\Ocky\.m2\repository\org\bouncycastle\bcpkix-jdk15on\1.64\bcpkix-jdk15on-1.64.jar;C:\Users\Ocky\.m2\repository\org\bouncycastle\bcprov-jdk15on\1.64\bcprov-jdk15on-1.64.jar;C:\Users\Ocky\.m2\repository\org\slf4j\jcl-over-slf4j\1.7.30\jcl-over-slf4j-1.7.30.jar;C:\Users\Ocky\.m2\repository\com\github\docker-java\docker-java-transport-httpclient5\3.2.13\docker-java-transport-httpclient5-3.2.13.jar;C:\Users\Ocky\.m2\repository\com\github\docker-java\docker-java-transport\3.2.13\docker-java-transport-3.2.13.jar;C:\Users\Ocky\.m2\repository\org\apache\httpcomponents\client5\httpclient5\5.0.3\httpclient5-5.0.3.jar;C:\Users\Ocky\.m2\repository\org\apache\httpcomponents\core5\httpcore5\5.0.2\httpcore5-5.0.2.jar;C:\Users\Ocky\.m2\repository\net\java\dev\jna\jna\5.8.0\jna-5.8.0.jar;C:\Users\Ocky\.m2\repository\org\brotli\dec\0.1.2\dec-0.1.2.jar;C:\Users\Ocky\.m2\repository\com\jhlabs\filters\2.0.235\filters-2.0.235.jar;C:\Users\Ocky\.m2\repository\com\paulhammant\ngwebdriver\1.1.6\ngwebdriver-1.1.6.jar;C:\Users\Ocky\.m2\repository\joda-time\joda-time\2.8.2\joda-time-2.8.2.jar;C:\Users\Ocky\.m2\repository\org\hamcrest\hamcrest\2.2\hamcrest-2.2.jar;C:\Users\Ocky\.m2\repository\com\google\jimfs\jimfs\1.2\jimfs-1.2.jar;C:\Users\Ocky\.m2\repository\org\mockito\mockito-core\3.3.3\mockito-core-3.3.3.jar;C:\Users\Ocky\.m2\repository\javax\xml\bind\jaxb-api\2.3.1\jaxb-api-2.3.1.jar;C:\Users\Ocky\.m2\repository\javax\activation\javax.activation-api\1.2.0\javax.activation-api-1.2.0.jar;C:\Users\Ocky\.m2\repository\com\sun\xml\bind\jaxb-core\2.3.0.1\jaxb-core-2.3.0.1.jar;C:\Users\Ocky\.m2\repository\com\sun\xml\bind\jaxb-impl\2.3.3\jaxb-impl-2.3.3.jar;C:\Users\Ocky\.m2\repository\jakarta\xml\bind\jakarta.xml.bind-api\2.3.3\jakarta.xml.bind-api-2.3.3.jar;C:\Users\Ocky\.m2\repository\com\sun\activation\jakarta.activation\1.2.2\jakarta.activation-1.2.2.jar;C:\Users\Ocky\.m2\repository\javax\activation\activation\1.1.1\activation-1.1.1.jar;C:\Users\Ocky\.m2\repository\net\serenity-bdd\serenity-cucumber\3.2.1\serenity-cucumber-3.2.1.jar;C:\Users\Ocky\.m2\repository\io\cucumber\cucumber-core\7.2.3\cucumber-core-7.2.3.jar;C:\Users\Ocky\.m2\repository\io\cucumber\cucumber-gherkin\7.2.3\cucumber-gherkin-7.2.3.jar;C:\Users\Ocky\.m2\repository\io\cucumber\cucumber-gherkin-messages\7.2.3\cucumber-gherkin-messages-7.2.3.jar;C:\Users\Ocky\.m2\repository\io\cucumber\messages\17.1.1\messages-17.1.1.jar;C:\Users\Ocky\.m2\repository\io\cucumber\tag-expressions\4.1.0\tag-expressions-4.1.0.jar;C:\Users\Ocky\.m2\repository\io\cucumber\cucumber-expressions\15.0.1\cucumber-expressions-15.0.1.jar;C:\Users\Ocky\.m2\repository\io\cucumber\datatable\7.2.3\datatable-7.2.3.jar;C:\Users\Ocky\.m2\repository\io\cucumber\cucumber-plugin\7.2.3\cucumber-plugin-7.2.3.jar;C:\Users\Ocky\.m2\repository\io\cucumber\docstring\7.2.3\docstring-7.2.3.jar;C:\Users\Ocky\.m2\repository\io\cucumber\html-formatter\17.0.0\html-formatter-17.0.0.jar;C:\Users\Ocky\.m2\repository\io\cucumber\ci-environment\8.1.0\ci-environment-8.1.0.jar;C:\Users\Ocky\.m2\repository\io\cucumber\cucumber-junit\7.2.3\cucumber-junit-7.2.3.jar;C:\Users\Ocky\.m2\repository\org\apache\commons\commons-csv\1.5\commons-csv-1.5.jar;C:\Users\Ocky\.m2\repository\net\serenity-bdd\serenity-screenplay\3.2.1\serenity-screenplay-3.2.1.jar;C:\Users\Ocky\.m2\repository\net\serenity-bdd\serenity-screenplay-webdriver\3.2.1\serenity-screenplay-webdriver-3.2.1.jar;C:\Users\Ocky\.m2\repository\net\serenity-bdd\serenity-ensure\3.2.1\serenity-ensure-3.2.1.jar;C:\Users\Ocky\.m2\repository\net\serenity-bdd\serenity-junit\3.2.1\serenity-junit-3.2.1.jar;C:\Users\Ocky\.m2\repository\org\jetbrains\kotlin\kotlin-stdlib\1.6.0\kotlin-stdlib-1.6.0.jar;C:\Users\Ocky\.m2\repository\org\jetbrains\annotations\13.0\annotations-13.0.jar;C:\Users\Ocky\.m2\repository\org\jetbrains\kotlin\kotlin-stdlib-common\1.6.0\kotlin-stdlib-common-1.6.0.jar;C:\Users\Ocky\.m2\repository\org\junit\platform\junit-platform-launcher\1.8.1\junit-platform-launcher-1.8.1.jar;C:\Users\Ocky\.m2\repository\org\junit\platform\junit-platform-engine\1.8.1\junit-platform-engine-1.8.1.jar;C:\Users\Ocky\.m2\repository\org\opentest4j\opentest4j\1.2.0\opentest4j-1.2.0.jar;C:\Users\Ocky\.m2\repository\org\junit\platform\junit-platform-commons\1.8.1\junit-platform-commons-1.8.1.jar;C:\Users\Ocky\.m2\repository\org\apiguardian\apiguardian-api\1.1.2\apiguardian-api-1.1.2.jar;C:\Users\Ocky\.m2\repository\org\junit\jupiter\junit-jupiter-engine\5.8.2\junit-jupiter-engine-5.8.2.jar;C:\Users\Ocky\.m2\repository\org\junit\jupiter\junit-jupiter-api\5.8.2\junit-jupiter-api-5.8.2.jar;C:\Users\Ocky\.m2\repository\org\junit\vintage\junit-vintage-engine\5.8.2\junit-vintage-engine-5.8.2.jar;C:\Users\Ocky\.m2\repository\junit\junit\4.13.2\junit-4.13.2.jar;C:\Users\Ocky\.m2\repository\org\hamcrest\hamcrest-core\1.3\hamcrest-core-1.3.jar;C:\Users\Ocky\.m2\repository\ch\qos\logback\logback-classic\1.2.10\logback-classic-1.2.10.jar;C:\Users\Ocky\.m2\repository\ch\qos\logback\logback-core\1.2.10\logback-core-1.2.10.jar;C:\Users\Ocky\.m2\repository\org\slf4j\slf4j-api\1.7.32\slf4j-api-1.7.32.jar;C:\Users\Ocky\.m2\repository\org\assertj\assertj-core\3.6.2\assertj-core-3.6.2.jar;"/>
    <property name="java.vm.vendor" value="Oracle Corporation"/>
    <property name="sun.arch.data.model" value="64"/>
    <property name="user.variant" value=""/>
    <property name="java.vendor.url" value="http://java.oracle.com/"/>
    <property name="user.timezone" value="Asia/Bangkok"/>
    <property name="java.vm.specification.version" value="1.8"/>
    <property name="os.name" value="Windows 10"/>
    <property name="user.country" value="US"/>
    <property name="sun.java.launcher" value="SUN_STANDARD"/>
    <property name="sun.boot.library.path" value="C:\Program Files\Java\jdk1.8.0_202\jre\bin"/>
    <property name="sun.java.command" value="C:\Users\Ocky\AppData\Local\Temp\surefire609916543743595304\surefirebooter2750707554388879063.jar C:\Users\Ocky\AppData\Local\Temp\surefire609916543743595304 2022-07-19T13-43-57_313-jvmRun1 surefire4583976467387412886tmp surefire_02043477187550612959tmp"/>
    <property name="surefire.test.class.path" value="C:\Users\Ocky\Documents\final_project\web testing\target\test-classes;C:\Users\Ocky\Documents\final_project\web testing\target\example-1.0-SNAPSHOT.jar;C:\Users\Ocky\.m2\repository\net\serenity-bdd\serenity-core\3.2.1\serenity-core-3.2.1.jar;C:\Users\Ocky\.m2\repository\net\serenity-bdd\serenity-model\3.2.1\serenity-model-3.2.1.jar;C:\Users\Ocky\.m2\repository\org\apache\commons\commons-text\1.9\commons-text-1.9.jar;C:\Users\Ocky\.m2\repository\commons-net\commons-net\3.8.0\commons-net-3.8.0.jar;C:\Users\Ocky\.m2\repository\com\google\guava\guava\31.1-jre\guava-31.1-jre.jar;C:\Users\Ocky\.m2\repository\com\google\guava\failureaccess\1.0.1\failureaccess-1.0.1.jar;C:\Users\Ocky\.m2\repository\com\google\guava\listenablefuture\9999.0-empty-to-avoid-conflict-with-guava\listenablefuture-9999.0-empty-to-avoid-conflict-with-guava.jar;C:\Users\Ocky\.m2\repository\com\google\code\findbugs\jsr305\3.0.2\jsr305-3.0.2.jar;C:\Users\Ocky\.m2\repository\org\checkerframework\checker-qual\3.12.0\checker-qual-3.12.0.jar;C:\Users\Ocky\.m2\repository\com\google\errorprone\error_prone_annotations\2.11.0\error_prone_annotations-2.11.0.jar;C:\Users\Ocky\.m2\repository\com\google\j2objc\j2objc-annotations\1.3\j2objc-annotations-1.3.jar;C:\Users\Ocky\.m2\repository\com\google\inject\guice\5.1.0\guice-5.1.0.jar;C:\Users\Ocky\.m2\repository\javax\inject\javax.inject\1\javax.inject-1.jar;C:\Users\Ocky\.m2\repository\aopalliance\aopalliance\1.0\aopalliance-1.0.jar;C:\Users\Ocky\.m2\repository\org\jsoup\jsoup\1.14.3\jsoup-1.14.3.jar;C:\Users\Ocky\.m2\repository\com\thoughtworks\xstream\xstream\1.4.19\xstream-1.4.19.jar;C:\Users\Ocky\.m2\repository\io\github\x-stream\mxparser\1.2.2\mxparser-1.2.2.jar;C:\Users\Ocky\.m2\repository\xmlpull\xmlpull\1.1.3.1\xmlpull-1.1.3.1.jar;C:\Users\Ocky\.m2\repository\io\cucumber\cucumber-java\7.2.3\cucumber-java-7.2.3.jar;C:\Users\Ocky\.m2\repository\com\typesafe\config\1.4.2\config-1.4.2.jar;C:\Users\Ocky\.m2\repository\org\imgscalr\imgscalr-lib\4.2\imgscalr-lib-4.2.jar;C:\Users\Ocky\.m2\repository\org\awaitility\awaitility\4.2.0\awaitility-4.2.0.jar;C:\Users\Ocky\.m2\repository\org\freemarker\freemarker\2.3.31\freemarker-2.3.31.jar;C:\Users\Ocky\.m2\repository\io\github\classgraph\classgraph\4.8.138\classgraph-4.8.138.jar;C:\Users\Ocky\.m2\repository\net\sourceforge\jexcelapi\jxl\2.6.12\jxl-2.6.12.jar;C:\Users\Ocky\.m2\repository\net\bytebuddy\byte-buddy\1.12.8\byte-buddy-1.12.8.jar;C:\Users\Ocky\.m2\repository\net\bytebuddy\byte-buddy-agent\1.12.8\byte-buddy-agent-1.12.8.jar;C:\Users\Ocky\.m2\repository\org\objenesis\objenesis\3.1\objenesis-3.1.jar;C:\Users\Ocky\.m2\repository\net\serenity-bdd\serenity-reports\3.2.1\serenity-reports-3.2.1.jar;C:\Users\Ocky\.m2\repository\net\serenity-bdd\serenity-stats\3.2.1\serenity-stats-3.2.1.jar;C:\Users\Ocky\.m2\repository\net\serenity-bdd\serenity-reports-configuration\3.2.1\serenity-reports-configuration-3.2.1.jar;C:\Users\Ocky\.m2\repository\com\vladsch\flexmark\flexmark-all\0.34.30\flexmark-all-0.34.30.jar;C:\Users\Ocky\.m2\repository\com\vladsch\flexmark\flexmark\0.34.30\flexmark-0.34.30.jar;C:\Users\Ocky\.m2\repository\com\vladsch\flexmark\flexmark-ext-abbreviation\0.34.30\flexmark-ext-abbreviation-0.34.30.jar;C:\Users\Ocky\.m2\repository\com\vladsch\flexmark\flexmark-ext-admonition\0.34.30\flexmark-ext-admonition-0.34.30.jar;C:\Users\Ocky\.m2\repository\com\vladsch\flexmark\flexmark-ext-anchorlink\0.34.30\flexmark-ext-anchorlink-0.34.30.jar;C:\Users\Ocky\.m2\repository\com\vladsch\flexmark\flexmark-ext-aside\0.34.30\flexmark-ext-aside-0.34.30.jar;C:\Users\Ocky\.m2\repository\com\vladsch\flexmark\flexmark-ext-attributes\0.34.30\flexmark-ext-attributes-0.34.30.jar;C:\Users\Ocky\.m2\repository\com\vladsch\flexmark\flexmark-ext-autolink\0.34.30\flexmark-ext-autolink-0.34.30.jar;C:\Users\Ocky\.m2\repository\org\nibor\autolink\autolink\0.6.0\autolink-0.6.0.jar;C:\Users\Ocky\.m2\repository\com\vladsch\flexmark\flexmark-ext-definition\0.34.30\flexmark-ext-definition-0.34.30.jar;C:\Users\Ocky\.m2\repository\com\vladsch\flexmark\flexmark-ext-emoji\0.34.30\flexmark-ext-emoji-0.34.30.jar;C:\Users\Ocky\.m2\repository\com\vladsch\flexmark\flexmark-ext-enumerated-reference\0.34.30\flexmark-ext-enumerated-reference-0.34.30.jar;C:\Users\Ocky\.m2\repository\com\vladsch\flexmark\flexmark-ext-escaped-character\0.34.30\flexmark-ext-escaped-character-0.34.30.jar;C:\Users\Ocky\.m2\repository\com\vladsch\flexmark\flexmark-ext-footnotes\0.34.30\flexmark-ext-footnotes-0.34.30.jar;C:\Users\Ocky\.m2\repository\com\vladsch\flexmark\flexmark-ext-gfm-issues\0.34.30\flexmark-ext-gfm-issues-0.34.30.jar;C:\Users\Ocky\.m2\repository\com\vladsch\flexmark\flexmark-ext-gfm-strikethrough\0.34.30\flexmark-ext-gfm-strikethrough-0.34.30.jar;C:\Users\Ocky\.m2\repository\com\vladsch\flexmark\flexmark-ext-gfm-tables\0.34.30\flexmark-ext-gfm-tables-0.34.30.jar;C:\Users\Ocky\.m2\repository\com\vladsch\flexmark\flexmark-ext-gfm-tasklist\0.34.30\flexmark-ext-gfm-tasklist-0.34.30.jar;C:\Users\Ocky\.m2\repository\com\vladsch\flexmark\flexmark-ext-gfm-users\0.34.30\flexmark-ext-gfm-users-0.34.30.jar;C:\Users\Ocky\.m2\repository\com\vladsch\flexmark\flexmark-ext-gitlab\0.34.30\flexmark-ext-gitlab-0.34.30.jar;C:\Users\Ocky\.m2\repository\com\vladsch\flexmark\flexmark-ext-jekyll-front-matter\0.34.30\flexmark-ext-jekyll-front-matter-0.34.30.jar;C:\Users\Ocky\.m2\repository\com\vladsch\flexmark\flexmark-ext-jekyll-tag\0.34.30\flexmark-ext-jekyll-tag-0.34.30.jar;C:\Users\Ocky\.m2\repository\com\vladsch\flexmark\flexmark-ext-media-tags\0.34.30\flexmark-ext-media-tags-0.34.30.jar;C:\Users\Ocky\.m2\repository\com\vladsch\flexmark\flexmark-test-util\0.34.30\flexmark-test-util-0.34.30.jar;C:\Users\Ocky\.m2\repository\com\vladsch\flexmark\flexmark-ext-ins\0.34.30\flexmark-ext-ins-0.34.30.jar;C:\Users\Ocky\.m2\repository\com\vladsch\flexmark\flexmark-ext-xwiki-macros\0.34.30\flexmark-ext-xwiki-macros-0.34.30.jar;C:\Users\Ocky\.m2\repository\com\vladsch\flexmark\flexmark-ext-superscript\0.34.30\flexmark-ext-superscript-0.34.30.jar;C:\Users\Ocky\.m2\repository\com\vladsch\flexmark\flexmark-ext-tables\0.34.30\flexmark-ext-tables-0.34.30.jar;C:\Users\Ocky\.m2\repository\com\vladsch\flexmark\flexmark-ext-toc\0.34.30\flexmark-ext-toc-0.34.30.jar;C:\Users\Ocky\.m2\repository\com\vladsch\flexmark\flexmark-ext-typographic\0.34.30\flexmark-ext-typographic-0.34.30.jar;C:\Users\Ocky\.m2\repository\com\vladsch\flexmark\flexmark-ext-wikilink\0.34.30\flexmark-ext-wikilink-0.34.30.jar;C:\Users\Ocky\.m2\repository\com\vladsch\flexmark\flexmark-ext-yaml-front-matter\0.34.30\flexmark-ext-yaml-front-matter-0.34.30.jar;C:\Users\Ocky\.m2\repository\com\vladsch\flexmark\flexmark-ext-youtube-embedded\0.34.30\flexmark-ext-youtube-embedded-0.34.30.jar;C:\Users\Ocky\.m2\repository\com\vladsch\flexmark\flexmark-formatter\0.34.30\flexmark-formatter-0.34.30.jar;C:\Users\Ocky\.m2\repository\com\vladsch\flexmark\flexmark-html-parser\0.34.30\flexmark-html-parser-0.34.30.jar;C:\Users\Ocky\.m2\repository\com\vladsch\flexmark\flexmark-jira-converter\0.34.30\flexmark-jira-converter-0.34.30.jar;C:\Users\Ocky\.m2\repository\com\vladsch\flexmark\flexmark-pdf-converter\0.34.30\flexmark-pdf-converter-0.34.30.jar;C:\Users\Ocky\.m2\repository\com\openhtmltopdf\openhtmltopdf-core\0.0.1-RC13\openhtmltopdf-core-0.0.1-RC13.jar;C:\Users\Ocky\.m2\repository\com\openhtmltopdf\openhtmltopdf-pdfbox\0.0.1-RC13\openhtmltopdf-pdfbox-0.0.1-RC13.jar;C:\Users\Ocky\.m2\repository\org\apache\pdfbox\pdfbox\2.0.8\pdfbox-2.0.8.jar;C:\Users\Ocky\.m2\repository\org\apache\pdfbox\fontbox\2.0.8\fontbox-2.0.8.jar;C:\Users\Ocky\.m2\repository\commons-logging\commons-logging\1.2\commons-logging-1.2.jar;C:\Users\Ocky\.m2\repository\org\apache\pdfbox\xmpbox\2.0.8\xmpbox-2.0.8.jar;C:\Users\Ocky\.m2\repository\de\rototor\pdfbox\graphics2d\0.12\graphics2d-0.12.jar;C:\Users\Ocky\.m2\repository\com\openhtmltopdf\openhtmltopdf-rtl-support\0.0.1-RC13\openhtmltopdf-rtl-support-0.0.1-RC13.jar;C:\Users\Ocky\.m2\repository\com\ibm\icu\icu4j\59.1\icu4j-59.1.jar;C:\Users\Ocky\.m2\repository\com\openhtmltopdf\openhtmltopdf-jsoup-dom-converter\0.0.1-RC13\openhtmltopdf-jsoup-dom-converter-0.0.1-RC13.jar;C:\Users\Ocky\.m2\repository\com\vladsch\flexmark\flexmark-profile-pegdown\0.34.30\flexmark-profile-pegdown-0.34.30.jar;C:\Users\Ocky\.m2\repository\com\vladsch\flexmark\flexmark-util\0.34.30\flexmark-util-0.34.30.jar;C:\Users\Ocky\.m2\repository\com\vladsch\flexmark\flexmark-youtrack-converter\0.34.30\flexmark-youtrack-converter-0.34.30.jar;C:\Users\Ocky\.m2\repository\es\nitaur\markdown\txtmark\0.16\txtmark-0.16.jar;C:\Users\Ocky\.m2\repository\net\serenity-bdd\serenity-report-resources\3.2.1\serenity-report-resources-3.2.1.jar;C:\Users\Ocky\.m2\repository\com\google\code\gson\gson\2.9.0\gson-2.9.0.jar;C:\Users\Ocky\.m2\repository\com\fasterxml\jackson\core\jackson-core\2.13.2\jackson-core-2.13.2.jar;C:\Users\Ocky\.m2\repository\com\fasterxml\jackson\core\jackson-databind\2.13.2\jackson-databind-2.13.2.jar;C:\Users\Ocky\.m2\repository\com\fasterxml\jackson\core\jackson-annotations\2.13.2\jackson-annotations-2.13.2.jar;C:\Users\Ocky\.m2\repository\commons-codec\commons-codec\1.15\commons-codec-1.15.jar;C:\Users\Ocky\.m2\repository\commons-io\commons-io\2.11.0\commons-io-2.11.0.jar;C:\Users\Ocky\.m2\repository\org\seleniumhq\selenium\selenium-java\4.1.2\selenium-java-4.1.2.jar;C:\Users\Ocky\.m2\repository\org\seleniumhq\selenium\selenium-devtools-v85\4.1.2\selenium-devtools-v85-4.1.2.jar;C:\Users\Ocky\.m2\repository\org\seleniumhq\selenium\selenium-devtools-v95\4.1.2\selenium-devtools-v95-4.1.2.jar;C:\Users\Ocky\.m2\repository\org\seleniumhq\selenium\selenium-devtools-v96\4.1.2\selenium-devtools-v96-4.1.2.jar;C:\Users\Ocky\.m2\repository\org\seleniumhq\selenium\selenium-devtools-v97\4.1.2\selenium-devtools-v97-4.1.2.jar;C:\Users\Ocky\.m2\repository\org\seleniumhq\selenium\selenium-firefox-xpi-driver\4.1.2\selenium-firefox-xpi-driver-4.1.2.jar;C:\Users\Ocky\.m2\repository\org\seleniumhq\selenium\selenium-opera-driver\4.1.2\selenium-opera-driver-4.1.2.jar;C:\Users\Ocky\.m2\repository\org\seleniumhq\selenium\selenium-remote-driver\4.1.2\selenium-remote-driver-4.1.2.jar;C:\Users\Ocky\.m2\repository\com\beust\jcommander\1.82\jcommander-1.82.jar;C:\Users\Ocky\.m2\repository\io\netty\netty-buffer\4.1.73.Final\netty-buffer-4.1.73.Final.jar;C:\Users\Ocky\.m2\repository\io\netty\netty-codec-http\4.1.73.Final\netty-codec-http-4.1.73.Final.jar;C:\Users\Ocky\.m2\repository\io\netty\netty-codec\4.1.73.Final\netty-codec-4.1.73.Final.jar;C:\Users\Ocky\.m2\repository\io\netty\netty-handler\4.1.73.Final\netty-handler-4.1.73.Final.jar;C:\Users\Ocky\.m2\repository\io\netty\netty-tcnative-classes\2.0.46.Final\netty-tcnative-classes-2.0.46.Final.jar;C:\Users\Ocky\.m2\repository\io\netty\netty-common\4.1.73.Final\netty-common-4.1.73.Final.jar;C:\Users\Ocky\.m2\repository\io\netty\netty-transport-classes-epoll\4.1.73.Final\netty-transport-classes-epoll-4.1.73.Final.jar;C:\Users\Ocky\.m2\repository\io\netty\netty-transport-classes-kqueue\4.1.73.Final\netty-transport-classes-kqueue-4.1.73.Final.jar;C:\Users\Ocky\.m2\repository\io\netty\netty-transport-native-epoll\4.1.73.Final\netty-transport-native-epoll-4.1.73.Final.jar;C:\Users\Ocky\.m2\repository\io\netty\netty-transport-native-kqueue\4.1.73.Final\netty-transport-native-kqueue-4.1.73.Final.jar;C:\Users\Ocky\.m2\repository\io\netty\netty-transport-native-unix-common\4.1.73.Final\netty-transport-native-unix-common-4.1.73.Final.jar;C:\Users\Ocky\.m2\repository\io\netty\netty-transport\4.1.73.Final\netty-transport-4.1.73.Final.jar;C:\Users\Ocky\.m2\repository\io\netty\netty-resolver\4.1.73.Final\netty-resolver-4.1.73.Final.jar;C:\Users\Ocky\.m2\repository\io\opentelemetry\opentelemetry-api\1.10.1\opentelemetry-api-1.10.1.jar;C:\Users\Ocky\.m2\repository\io\opentelemetry\opentelemetry-context\1.10.1\opentelemetry-context-1.10.1.jar;C:\Users\Ocky\.m2\repository\io\opentelemetry\opentelemetry-exporter-logging\1.10.1\opentelemetry-exporter-logging-1.10.1.jar;C:\Users\Ocky\.m2\repository\io\opentelemetry\opentelemetry-sdk-metrics\1.10.1-alpha\opentelemetry-sdk-metrics-1.10.1-alpha.jar;C:\Users\Ocky\.m2\repository\io\opentelemetry\opentelemetry-sdk-logs\1.10.1-alpha\opentelemetry-sdk-logs-1.10.1-alpha.jar;C:\Users\Ocky\.m2\repository\io\opentelemetry\opentelemetry-sdk-common\1.10.1\opentelemetry-sdk-common-1.10.1.jar;C:\Users\Ocky\.m2\repository\io\opentelemetry\opentelemetry-sdk-extension-autoconfigure-spi\1.10.1\opentelemetry-sdk-extension-autoconfigure-spi-1.10.1.jar;C:\Users\Ocky\.m2\repository\io\opentelemetry\opentelemetry-sdk-extension-autoconfigure\1.10.1-alpha\opentelemetry-sdk-extension-autoconfigure-1.10.1-alpha.jar;C:\Users\Ocky\.m2\repository\io\opentelemetry\opentelemetry-sdk-trace\1.10.1\opentelemetry-sdk-trace-1.10.1.jar;C:\Users\Ocky\.m2\repository\io\opentelemetry\opentelemetry-sdk\1.10.1\opentelemetry-sdk-1.10.1.jar;C:\Users\Ocky\.m2\repository\io\opentelemetry\opentelemetry-semconv\1.10.1-alpha\opentelemetry-semconv-1.10.1-alpha.jar;C:\Users\Ocky\.m2\repository\io\ous\jtoml\2.0.0\jtoml-2.0.0.jar;C:\Users\Ocky\.m2\repository\org\apache\commons\commons-exec\1.3\commons-exec-1.3.jar;C:\Users\Ocky\.m2\repository\org\asynchttpclient\async-http-client\2.12.3\async-http-client-2.12.3.jar;C:\Users\Ocky\.m2\repository\org\asynchttpclient\async-http-client-netty-utils\2.12.3\async-http-client-netty-utils-2.12.3.jar;C:\Users\Ocky\.m2\repository\io\netty\netty-codec-socks\4.1.60.Final\netty-codec-socks-4.1.60.Final.jar;C:\Users\Ocky\.m2\repository\io\netty\netty-handler-proxy\4.1.60.Final\netty-handler-proxy-4.1.60.Final.jar;C:\Users\Ocky\.m2\repository\io\netty\netty-transport-native-epoll\4.1.60.Final\netty-transport-native-epoll-4.1.60.Final-linux-x86_64.jar;C:\Users\Ocky\.m2\repository\io\netty\netty-transport-native-kqueue\4.1.60.Final\netty-transport-native-kqueue-4.1.60.Final-osx-x86_64.jar;C:\Users\Ocky\.m2\repository\org\reactivestreams\reactive-streams\1.0.3\reactive-streams-1.0.3.jar;C:\Users\Ocky\.m2\repository\com\typesafe\netty\netty-reactive-streams\2.0.4\netty-reactive-streams-2.0.4.jar;C:\Users\Ocky\.m2\repository\org\seleniumhq\selenium\selenium-http\4.1.2\selenium-http-4.1.2.jar;C:\Users\Ocky\.m2\repository\net\jodah\failsafe\2.4.4\failsafe-2.4.4.jar;C:\Users\Ocky\.m2\repository\org\seleniumhq\selenium\selenium-safari-driver\4.1.2\selenium-safari-driver-4.1.2.jar;C:\Users\Ocky\.m2\repository\org\seleniumhq\selenium\selenium-api\4.1.2\selenium-api-4.1.2.jar;C:\Users\Ocky\.m2\repository\org\seleniumhq\selenium\selenium-support\4.1.2\selenium-support-4.1.2.jar;C:\Users\Ocky\.m2\repository\com\google\auto\service\auto-service-annotations\1.0.1\auto-service-annotations-1.0.1.jar;C:\Users\Ocky\.m2\repository\com\google\auto\service\auto-service\1.0.1\auto-service-1.0.1.jar;C:\Users\Ocky\.m2\repository\com\google\auto\auto-common\1.2\auto-common-1.2.jar;C:\Users\Ocky\.m2\repository\org\seleniumhq\selenium\selenium-json\4.1.2\selenium-json-4.1.2.jar;C:\Users\Ocky\.m2\repository\org\seleniumhq\selenium\selenium-chrome-driver\4.1.2\selenium-chrome-driver-4.1.2.jar;C:\Users\Ocky\.m2\repository\org\seleniumhq\selenium\selenium-chromium-driver\4.1.2\selenium-chromium-driver-4.1.2.jar;C:\Users\Ocky\.m2\repository\org\seleniumhq\selenium\selenium-firefox-driver\4.1.2\selenium-firefox-driver-4.1.2.jar;C:\Users\Ocky\.m2\repository\org\seleniumhq\selenium\selenium-edge-driver\4.1.2\selenium-edge-driver-4.1.2.jar;C:\Users\Ocky\.m2\repository\org\seleniumhq\selenium\selenium-ie-driver\4.1.2\selenium-ie-driver-4.1.2.jar;C:\Users\Ocky\.m2\repository\org\projectlombok\lombok\1.18.20\lombok-1.18.20.jar;C:\Users\Ocky\.m2\repository\io\appium\java-client\8.0.0\java-client-8.0.0.jar;C:\Users\Ocky\.m2\repository\commons-validator\commons-validator\1.7\commons-validator-1.7.jar;C:\Users\Ocky\.m2\repository\commons-digester\commons-digester\2.1\commons-digester-2.1.jar;C:\Users\Ocky\.m2\repository\org\aspectj\aspectjweaver\1.9.8\aspectjweaver-1.9.8.jar;C:\Users\Ocky\.m2\repository\org\codehaus\groovy\groovy\3.0.10\groovy-3.0.10.jar;C:\Users\Ocky\.m2\repository\net\sf\opencsv\opencsv\2.0\opencsv-2.0.jar;C:\Users\Ocky\.m2\repository\commons-beanutils\commons-beanutils\1.9.4\commons-beanutils-1.9.4.jar;C:\Users\Ocky\.m2\repository\org\apache\commons\commons-lang3\3.12.0\commons-lang3-3.12.0.jar;C:\Users\Ocky\.m2\repository\commons-collections\commons-collections\3.2.2\commons-collections-3.2.2.jar;C:\Users\Ocky\.m2\repository\org\fluentlenium\fluentlenium-core\0.10.2\fluentlenium-core-0.10.2.jar;C:\Users\Ocky\.m2\repository\io\github\bonigarcia\webdrivermanager\5.1.0\webdrivermanager-5.1.0.jar;C:\Users\Ocky\.m2\repository\com\github\docker-java\docker-java\3.2.13\docker-java-3.2.13.jar;C:\Users\Ocky\.m2\repository\com\github\docker-java\docker-java-core\3.2.13\docker-java-core-3.2.13.jar;C:\Users\Ocky\.m2\repository\com\github\docker-java\docker-java-api\3.2.13\docker-java-api-3.2.13.jar;C:\Users\Ocky\.m2\repository\org\apache\commons\commons-compress\1.21\commons-compress-1.21.jar;C:\Users\Ocky\.m2\repository\org\bouncycastle\bcpkix-jdk15on\1.64\bcpkix-jdk15on-1.64.jar;C:\Users\Ocky\.m2\repository\org\bouncycastle\bcprov-jdk15on\1.64\bcprov-jdk15on-1.64.jar;C:\Users\Ocky\.m2\repository\org\slf4j\jcl-over-slf4j\1.7.30\jcl-over-slf4j-1.7.30.jar;C:\Users\Ocky\.m2\repository\com\github\docker-java\docker-java-transport-httpclient5\3.2.13\docker-java-transport-httpclient5-3.2.13.jar;C:\Users\Ocky\.m2\repository\com\github\docker-java\docker-java-transport\3.2.13\docker-java-transport-3.2.13.jar;C:\Users\Ocky\.m2\repository\org\apache\httpcomponents\client5\httpclient5\5.0.3\httpclient5-5.0.3.jar;C:\Users\Ocky\.m2\repository\org\apache\httpcomponents\core5\httpcore5\5.0.2\httpcore5-5.0.2.jar;C:\Users\Ocky\.m2\repository\net\java\dev\jna\jna\5.8.0\jna-5.8.0.jar;C:\Users\Ocky\.m2\repository\org\brotli\dec\0.1.2\dec-0.1.2.jar;C:\Users\Ocky\.m2\repository\com\jhlabs\filters\2.0.235\filters-2.0.235.jar;C:\Users\Ocky\.m2\repository\com\paulhammant\ngwebdriver\1.1.6\ngwebdriver-1.1.6.jar;C:\Users\Ocky\.m2\repository\joda-time\joda-time\2.8.2\joda-time-2.8.2.jar;C:\Users\Ocky\.m2\repository\org\hamcrest\hamcrest\2.2\hamcrest-2.2.jar;C:\Users\Ocky\.m2\repository\com\google\jimfs\jimfs\1.2\jimfs-1.2.jar;C:\Users\Ocky\.m2\repository\org\mockito\mockito-core\3.3.3\mockito-core-3.3.3.jar;C:\Users\Ocky\.m2\repository\javax\xml\bind\jaxb-api\2.3.1\jaxb-api-2.3.1.jar;C:\Users\Ocky\.m2\repository\javax\activation\javax.activation-api\1.2.0\javax.activation-api-1.2.0.jar;C:\Users\Ocky\.m2\repository\com\sun\xml\bind\jaxb-core\2.3.0.1\jaxb-core-2.3.0.1.jar;C:\Users\Ocky\.m2\repository\com\sun\xml\bind\jaxb-impl\2.3.3\jaxb-impl-2.3.3.jar;C:\Users\Ocky\.m2\repository\jakarta\xml\bind\jakarta.xml.bind-api\2.3.3\jakarta.xml.bind-api-2.3.3.jar;C:\Users\Ocky\.m2\repository\com\sun\activation\jakarta.activation\1.2.2\jakarta.activation-1.2.2.jar;C:\Users\Ocky\.m2\repository\javax\activation\activation\1.1.1\activation-1.1.1.jar;C:\Users\Ocky\.m2\repository\net\serenity-bdd\serenity-cucumber\3.2.1\serenity-cucumber-3.2.1.jar;C:\Users\Ocky\.m2\repository\io\cucumber\cucumber-core\7.2.3\cucumber-core-7.2.3.jar;C:\Users\Ocky\.m2\repository\io\cucumber\cucumber-gherkin\7.2.3\cucumber-gherkin-7.2.3.jar;C:\Users\Ocky\.m2\repository\io\cucumber\cucumber-gherkin-messages\7.2.3\cucumber-gherkin-messages-7.2.3.jar;C:\Users\Ocky\.m2\repository\io\cucumber\messages\17.1.1\messages-17.1.1.jar;C:\Users\Ocky\.m2\repository\io\cucumber\tag-expressions\4.1.0\tag-expressions-4.1.0.jar;C:\Users\Ocky\.m2\repository\io\cucumber\cucumber-expressions\15.0.1\cucumber-expressions-15.0.1.jar;C:\Users\Ocky\.m2\repository\io\cucumber\datatable\7.2.3\datatable-7.2.3.jar;C:\Users\Ocky\.m2\repository\io\cucumber\cucumber-plugin\7.2.3\cucumber-plugin-7.2.3.jar;C:\Users\Ocky\.m2\repository\io\cucumber\docstring\7.2.3\docstring-7.2.3.jar;C:\Users\Ocky\.m2\repository\io\cucumber\html-formatter\17.0.0\html-formatter-17.0.0.jar;C:\Users\Ocky\.m2\repository\io\cucumber\ci-environment\8.1.0\ci-environment-8.1.0.jar;C:\Users\Ocky\.m2\repository\io\cucumber\cucumber-junit\7.2.3\cucumber-junit-7.2.3.jar;C:\Users\Ocky\.m2\repository\org\apache\commons\commons-csv\1.5\commons-csv-1.5.jar;C:\Users\Ocky\.m2\repository\net\serenity-bdd\serenity-screenplay\3.2.1\serenity-screenplay-3.2.1.jar;C:\Users\Ocky\.m2\repository\net\serenity-bdd\serenity-screenplay-webdriver\3.2.1\serenity-screenplay-webdriver-3.2.1.jar;C:\Users\Ocky\.m2\repository\net\serenity-bdd\serenity-ensure\3.2.1\serenity-ensure-3.2.1.jar;C:\Users\Ocky\.m2\repository\net\serenity-bdd\serenity-junit\3.2.1\serenity-junit-3.2.1.jar;C:\Users\Ocky\.m2\repository\org\jetbrains\kotlin\kotlin-stdlib\1.6.0\kotlin-stdlib-1.6.0.jar;C:\Users\Ocky\.m2\repository\org\jetbrains\annotations\13.0\annotations-13.0.jar;C:\Users\Ocky\.m2\repository\org\jetbrains\kotlin\kotlin-stdlib-common\1.6.0\kotlin-stdlib-common-1.6.0.jar;C:\Users\Ocky\.m2\repository\org\junit\platform\junit-platform-launcher\1.8.1\junit-platform-launcher-1.8.1.jar;C:\Users\Ocky\.m2\repository\org\junit\platform\junit-platform-engine\1.8.1\junit-platform-engine-1.8.1.jar;C:\Users\Ocky\.m2\repository\org\opentest4j\opentest4j\1.2.0\opentest4j-1.2.0.jar;C:\Users\Ocky\.m2\repository\org\junit\platform\junit-platform-commons\1.8.1\junit-platform-commons-1.8.1.jar;C:\Users\Ocky\.m2\repository\org\apiguardian\apiguardian-api\1.1.2\apiguardian-api-1.1.2.jar;C:\Users\Ocky\.m2\repository\org\junit\jupiter\junit-jupiter-engine\5.8.2\junit-jupiter-engine-5.8.2.jar;C:\Users\Ocky\.m2\repository\org\junit\jupiter\junit-jupiter-api\5.8.2\junit-jupiter-api-5.8.2.jar;C:\Users\Ocky\.m2\repository\org\junit\vintage\junit-vintage-engine\5.8.2\junit-vintage-engine-5.8.2.jar;C:\Users\Ocky\.m2\repository\junit\junit\4.13.2\junit-4.13.2.jar;C:\Users\Ocky\.m2\repository\org\hamcrest\hamcrest-core\1.3\hamcrest-core-1.3.jar;C:\Users\Ocky\.m2\repository\ch\qos\logback\logback-classic\1.2.10\logback-classic-1.2.10.jar;C:\Users\Ocky\.m2\repository\ch\qos\logback\logback-core\1.2.10\logback-core-1.2.10.jar;C:\Users\Ocky\.m2\repository\org\slf4j\slf4j-api\1.7.32\slf4j-api-1.7.32.jar;C:\Users\Ocky\.m2\repository\org\assertj\assertj-core\3.6.2\assertj-core-3.6.2.jar;"/>
    <property name="sun.cpu.endian" value="little"/>
    <property name="user.home" value="C:\Users\Ocky"/>
    <property name="user.language" value="en"/>
    <property name="java.specification.vendor" value="Oracle Corporation"/>
    <property name="java.home" value="C:\Program Files\Java\jdk1.8.0_202\jre"/>
    <property name="javax.accessibility.assistive_technologies" value="com.sun.java.accessibility.AccessBridge"/>
    <property name="basedir" value="C:\Users\Ocky\Documents\final_project\web testing"/>
    <property name="file.separator" value="\"/>
    <property name="line.separator" value="&#10;"/>
    <property name="java.vm.specification.vendor" value="Oracle Corporation"/>
    <property name="java.specification.name" value="Java Platform API Specification"/>
    <property name="java.awt.graphicsenv" value="sun.awt.Win32GraphicsEnvironment"/>
    <property name="javax.accessibility.screen_magnifier_present" value="true"/>
    <property name="surefire.real.class.path" value="C:\Users\Ocky\AppData\Local\Temp\surefire609916543743595304\surefirebooter2750707554388879063.jar"/>
    <property name="sun.boot.class.path" value="C:\Program Files\Java\jdk1.8.0_202\jre\lib\resources.jar;C:\Program Files\Java\jdk1.8.0_202\jre\lib\rt.jar;C:\Program Files\Java\jdk1.8.0_202\jre\lib\sunrsasign.jar;C:\Program Files\Java\jdk1.8.0_202\jre\lib\jsse.jar;C:\Program Files\Java\jdk1.8.0_202\jre\lib\jce.jar;C:\Program Files\Java\jdk1.8.0_202\jre\lib\charsets.jar;C:\Program Files\Java\jdk1.8.0_202\jre\lib\jfr.jar;C:\Program Files\Java\jdk1.8.0_202\jre\classes"/>
    <property name="user.script" value=""/>
    <property name="java.protocol.handler.pkgs" value="com.google.common"/>
    <property name="sun.management.compiler" value="HotSpot 64-Bit Tiered Compilers"/>
    <property name="java.runtime.version" value="1.8.0_202-b08"/>
    <property name="user.name" value="Ocky"/>
    <property name="path.separator" value=";"/>
    <property name="os.version" value="10.0"/>
    <property name="java.endorsed.dirs" value="C:\Program Files\Java\jdk1.8.0_202\jre\lib\endorsed"/>
    <property name="java.runtime.name" value="Java(TM) SE Runtime Environment"/>
    <property name="file.encoding" value="Cp1252"/>
    <property name="webdriver.base.url" value=""/>
    <property name="java.vm.name" value="Java HotSpot(TM) 64-Bit Server VM"/>
    <property name="localRepository" value="C:\Users\Ocky\.m2\repository"/>
    <property name="java.vendor.url.bug" value="http://bugreport.sun.com/bugreport/"/>
    <property name="java.io.tmpdir" value="C:\Users\Ocky\AppData\Local\Temp\"/>
    <property name="java.version" value="1.8.0_202"/>
    <property name="user.dir" value="C:\Users\Ocky\Documents\final_project\web testing"/>
    <property name="os.arch" value="amd64"/>
    <property name="java.vm.specification.name" value="Java Virtual Machine Specification"/>
    <property name="java.awt.printerjob" value="sun.awt.windows.WPrinterJob"/>
    <property name="sun.os.patch.level" value=""/>
    <property name="java.library.path" value="C:\Program Files\Java\jdk1.8.0_202\jre\bin;C:\windows\Sun\Java\bin;C:\windows\system32;C:\windows;C:\Program Files (x86)\Common Files\Oracle\Java\javapath;C:\Program Files (x86)\NVIDIA Corporation\PhysX\Common;C:\windows\system32;C:\windows;C:\windows\System32\Wbem;C:\windows\System32\WindowsPowerShell\v1.0\;C:\windows\System32\OpenSSH\;C:\Program Files\Git\cmd;C:\Program Files\Microsoft VS Code\bin;E:\opt\apache-maven-3.8.5\bin;%M2_HOME%\bin;C:\Users\Ocky\AppData\Local\Microsoft\WindowsApps;C:\Users\Ocky\AppData\Local\GitHubDesktop\bin;E:\IntelliJ IDEA Community Edition 2021.3.2\bin;;."/>
    <property name="java.vm.info" value="mixed mode"/>
    <property name="java.vendor" value="Oracle Corporation"/>
    <property name="java.vm.version" value="25.202-b08"/>
    <property name="java.ext.dirs" value="C:\Program Files\Java\jdk1.8.0_202\jre\lib\ext;C:\windows\Sun\Java\lib\ext"/>
    <property name="sun.io.unicode.encoding" value="UnicodeLittle"/>
    <property name="java.class.version" value="52.0"/>
  </properties>
  <testcase name="As admin I want to login with valid data" classname="As admin I want to login, so I can register patient" time="31.743">
    <error type="org.openqa.selenium.NoSuchElementException"><![CDATA[org.openqa.selenium.NoSuchElementException: 
no such element: Unable to locate element: {"method":"xpath","selector":"//h1[normalize-space()='Selamat Datang Admin Simars!']"}
  (Session info: chrome=103.0.5060.114)
For documentation on this error, please visit: https://selenium.dev/exceptions/#no_such_element
Build info: version: '4.1.2', revision: '9a5a329c5a'
System info: host: 'DESKTOP-KEF9BIM', ip: '192.168.56.1', os.name: 'Windows 10', os.arch: 'amd64', os.version: '10.0', java.version: '1.8.0_202'
Driver info: org.openqa.selenium.chrome.ChromeDriver
Command: [09d6cbfc1090c469d64b69d80468291c, findElement {using=xpath, value=//h1[normalize-space()='Selamat Datang Admin Simars!']}]
Capabilities {acceptInsecureCerts: false, browserName: chrome, browserVersion: 103.0.5060.114, chrome: {chromedriverVersion: 103.0.5060.53 (a1711811edd7..., userDataDir: C:\Users\Ocky\AppData\Local...}, goog:chromeOptions: {debuggerAddress: localhost:64369}, javascriptEnabled: true, networkConnectionEnabled: false, pageLoadStrategy: normal, platform: WINDOWS, platformName: WINDOWS, proxy: Proxy(), se:cdp: ws://localhost:64369/devtoo..., se:cdpVersion: 103.0.5060.114, setWindowRect: true, strictFileInteractability: false, timeouts: {implicit: 0, pageLoad: 300000, script: 30000}, unhandledPromptBehavior: dismiss and notify, webauthn:extension:credBlob: true, webauthn:extension:largeBlob: true, webauthn:virtualAuthenticators: true}
Session ID: 09d6cbfc1090c469d64b69d80468291c
]]></error>
    <system-out><![CDATA[13:44:06.056 [main] INFO io.cucumber.core.plugin.SerenityReporter - Running feature from file:///C:/Users/Ocky/Documents/final_project/web%20testing/src/test/resources/features/login.feature
13:44:06.713 [main] INFO  - 

-------------------------------------------------------------------------------------
     _______. _______ .______       _______ .__   __.  __  .___________.____    ____ 
    /       ||   ____||   _  \     |   ____||  \ |  | |  | |           |\   \  /   / 
   |   (----`|  |__   |  |_)  |    |  |__   |   \|  | |  | `---|  |----` \   \/   /  
    \   \    |   __|  |      /     |   __|  |  . `  | |  |     |  |       \_    _/   
.----)   |   |  |____ |  |\  \----.|  |____ |  |\   | |  |     |  |         |  |     
|_______/    |_______|| _| `._____||_______||__| \__| |__|     |__|         |__|    
                                                                                     
 News and tutorials at http://www.serenity-bdd.info                                  
 Documentation at https://wakaleo.gitbooks.io/the-serenity-book/content/             
 Join the Serenity Community on Gitter: https://gitter.im/serenity-bdd/serenity-core 
 Serenity BDD Support and Training at http://serenity-bdd.info/#/trainingandsupport  
-------------------------------------------------------------------------------------

13:44:06.722 [main] DEBUG net.thucydides.core.steps.StepEventBus - Test suite started for story net.thucydides.core.model.Story@877614fb
13:44:06.730 [main] INFO  - Test Suite Started: As admin I want to login, so I can register patient
13:44:06.909 [main] INFO io.cucumber.core.plugin.SerenityReporter - Running feature from file:///C:/Users/Ocky/Documents/final_project/web%20testing/src/test/resources/features/pasienlama.feature
13:44:06.919 [main] DEBUG net.thucydides.core.steps.StepEventBus - Test suite started for story net.thucydides.core.model.Story@7bbb2d2d
13:44:06.920 [main] INFO  - Test Suite Started: As admin I want to register a patient so that she/he can get treatment
13:44:06.921 [main] INFO io.cucumber.core.plugin.SerenityReporter - Running feature from file:///C:/Users/Ocky/Documents/final_project/web%20testing/src/test/resources/features/pendaftaranbaru.feature
13:44:06.936 [main] DEBUG net.thucydides.core.steps.StepEventBus - Test suite started for story net.thucydides.core.model.Story@6249b8e9
13:44:06.937 [main] INFO  - Test Suite Started: As admin I want to register a new patient so that he/she can get treatment
13:44:06.940 [main] INFO io.cucumber.core.plugin.SerenityReporter - Running feature from file:///C:/Users/Ocky/Documents/final_project/web%20testing/src/test/resources/features/login.feature
13:44:06.953 [main] DEBUG net.thucydides.core.steps.StepEventBus - Test suite started for story net.thucydides.core.model.Story@877614fb
13:44:06.954 [main] INFO  - Test Suite Started: As admin I want to login, so I can register patient

Scenario: As admin I want to login with valid data &amp#27;[90m# src/test/resources/features/login.feature:3&amp#27;[0m
13:44:07.340 [main] INFO io.cucumber.core.plugin.SerenityReporter - Running feature from file:///C:/Users/Ocky/Documents/final_project/web%20testing/src/test/resources/features/login.feature
13:44:07.669 [main] INFO  - 
  _____   ___   ___   _____     ___   _____     _     ___   _____   ___   ___  
 |_   _| | __| / __| |_   _|   / __| |_   _|   /_\   | _ \ |_   _| | __| |   \ 
   | |   | _|  \__ \   | |     \__ \   | |    / _ \  |   /   | |   | _|  | |) |
   |_|   |___| |___/   |_|     |___/   |_|   /_/ \_\ |_|_\   |_|   |___| |___/ 

As admin I want to login with valid data(as-admin-i-want-to-login--so-i-can-register-patient;as-admin-i-want-to-login-with-valid-data)
--------------------------------------------------------------------------------
13:44:10.659 [main] DEBUG net.thucydides.core.steps.StepInterceptor - STARTING STEP: login.ontheLoginPage - openPage
13:44:10.824 [main] INFO net.serenitybdd.core.webdriver.driverproviders.ChromeDriverProvider - Using automatically driver download
13:44:14.037 [main] DEBUG io.github.bonigarcia.wdm.cache.ResolutionCache - Resolution chrome=103 in cache (valid until 14:34:45 19/07/2022 ICT)
13:44:14.057 [main] DEBUG io.github.bonigarcia.wdm.cache.ResolutionCache - Resolution chrome103=103.0.5060.53 in cache (valid until 00:20:12 20/07/2022 ICT)
13:44:14.071 [main] INFO io.github.bonigarcia.wdm.WebDriverManager - Using chromedriver 103.0.5060.53 (resolved driver for Chrome 103)
13:44:14.140 [main] DEBUG io.github.bonigarcia.wdm.WebDriverManager - Driver chromedriver 103.0.5060.53 found in cache
13:44:14.142 [main] INFO io.github.bonigarcia.wdm.WebDriverManager - Exporting webdriver.chrome.driver as C:\Users\Ocky\.cache\selenium\chromedriver\win32\103.0.5060.53\chromedriver.exe
13:44:14.666 [main] DEBUG net.thucydides.core.reflection.ClassFinder - Could not load class .starter.CucumberTestSuite
13:44:14.667 [main] DEBUG net.thucydides.core.reflection.ClassFinder - Could not load class .starter.definitions.login
13:44:14.667 [main] DEBUG net.thucydides.core.reflection.ClassFinder - Could not load class .starter.definitions.pasienlama
13:44:14.667 [main] DEBUG net.thucydides.core.reflection.ClassFinder - Could not load class .starter.definitions.pendaftaranbaru
13:44:14.668 [main] DEBUG net.thucydides.core.reflection.ClassFinder - Could not load class .starter.pages.homepages
13:44:14.668 [main] DEBUG net.thucydides.core.reflection.ClassFinder - Could not load class .starter.pages.loginpages
13:44:14.669 [main] DEBUG net.thucydides.core.reflection.ClassFinder - Could not load class .starter.pages.pasienlamapage
13:44:14.669 [main] DEBUG net.thucydides.core.reflection.ClassFinder - Could not load class .starter.pages.pendaftaranbarupage
13:44:15.001 [main] DEBUG net.serenitybdd.core.webdriver.driverproviders.ProvideNewDriver - Instantiating driver
13:44:15.002 [main] DEBUG net.serenitybdd.core.webdriver.driverproviders.ProvideNewDriver - Driver capabilities: Capabilities {acceptInsecureCerts: false, base.url: https://development--capsto..., browserName: chrome, chrome.driver: webdriver/chromedriver.exe, driver: chrome, goog:chromeOptions: {args: [], extensions: []}}
13:44:15.273 [main] DEBUG io.netty.util.internal.logging.InternalLoggerFactory - Using SLF4J as the default logging framework
13:44:15.282 [main] DEBUG io.netty.util.ResourceLeakDetector - -Dio.netty.leakDetection.level: simple
13:44:15.283 [main] DEBUG io.netty.util.ResourceLeakDetector - -Dio.netty.leakDetection.targetRecords: 4
13:44:15.295 [main] DEBUG io.netty.util.ResourceLeakDetectorFactory - Loaded default ResourceLeakDetector: io.netty.util.ResourceLeakDetector@14d25b6e
13:44:15.359 [main] DEBUG io.netty.util.internal.PlatformDependent0 - -Dio.netty.noUnsafe: false
13:44:15.360 [main] DEBUG io.netty.util.internal.PlatformDependent0 - Java version: 8
13:44:15.362 [main] DEBUG io.netty.util.internal.PlatformDependent0 - sun.misc.Unsafe.theUnsafe: available
13:44:15.365 [main] DEBUG io.netty.util.internal.PlatformDependent0 - sun.misc.Unsafe.copyMemory: available
13:44:15.366 [main] DEBUG io.netty.util.internal.PlatformDependent0 - java.nio.Buffer.address: available
13:44:15.368 [main] DEBUG io.netty.util.internal.PlatformDependent0 - direct buffer constructor: available
13:44:15.371 [main] DEBUG io.netty.util.internal.PlatformDependent0 - java.nio.Bits.unaligned: available, true
13:44:15.372 [main] DEBUG io.netty.util.internal.PlatformDependent0 - jdk.internal.misc.Unsafe.allocateUninitializedArray(int): unavailable prior to Java9
13:44:15.373 [main] DEBUG io.netty.util.internal.PlatformDependent0 - java.nio.DirectByteBuffer.<init>(long, int): available
13:44:15.374 [main] DEBUG io.netty.util.internal.PlatformDependent - sun.misc.Unsafe: available
13:44:15.375 [main] DEBUG io.netty.util.internal.PlatformDependent - -Dio.netty.tmpdir: C:\Users\Ocky\AppData\Local\Temp (java.io.tmpdir)
13:44:15.376 [main] DEBUG io.netty.util.internal.PlatformDependent - -Dio.netty.bitMode: 64 (sun.arch.data.model)
13:44:15.377 [main] DEBUG io.netty.util.internal.PlatformDependent - Platform: Windows
13:44:15.380 [main] DEBUG io.netty.util.internal.PlatformDependent - -Dio.netty.maxDirectMemory: 2835349504 bytes
13:44:15.381 [main] DEBUG io.netty.util.internal.PlatformDependent - -Dio.netty.uninitializedArrayAllocationThreshold: -1
13:44:15.384 [main] DEBUG io.netty.util.internal.CleanerJava6 - java.nio.ByteBuffer.cleaner(): available
13:44:15.384 [main] DEBUG io.netty.util.internal.PlatformDependent - -Dio.netty.noPreferDirect: false
13:44:15.414 [main] DEBUG io.netty.util.internal.PlatformDependent - org.jctools-core.MpscChunkedArrayQueue: available
13:44:15.479 [main] DEBUG io.netty.util.internal.InternalThreadLocalMap - -Dio.netty.threadLocalMap.stringBuilder.initialSize: 1024
13:44:15.479 [main] DEBUG io.netty.util.internal.InternalThreadLocalMap - -Dio.netty.threadLocalMap.stringBuilder.maxSize: 4096
13:44:15.564 [main] DEBUG io.netty.handler.ssl.JdkSslContext - Default protocols (JDK): [TLSv1.2, TLSv1.1, TLSv1] 
13:44:15.564 [main] DEBUG io.netty.handler.ssl.JdkSslContext - Default cipher suites (JDK): [TLS_ECDHE_ECDSA_WITH_AES_256_GCM_SHA384, TLS_ECDHE_ECDSA_WITH_AES_128_GCM_SHA256, TLS_ECDHE_RSA_WITH_AES_128_GCM_SHA256, TLS_ECDHE_RSA_WITH_AES_256_GCM_SHA384, TLS_ECDHE_RSA_WITH_AES_128_CBC_SHA, TLS_ECDHE_RSA_WITH_AES_256_CBC_SHA, TLS_RSA_WITH_AES_128_GCM_SHA256, TLS_RSA_WITH_AES_128_CBC_SHA, TLS_RSA_WITH_AES_256_CBC_SHA]
13:44:15.653 [main] DEBUG io.netty.channel.MultithreadEventLoopGroup - -Dio.netty.eventLoopThreads: 8
13:44:15.693 [main] DEBUG io.netty.channel.nio.NioEventLoop - -Dio.netty.noKeySetOptimization: false
13:44:15.693 [main] DEBUG io.netty.channel.nio.NioEventLoop - -Dio.netty.selectorAutoRebuildThreshold: 512
13:44:15.862 [main] DEBUG io.netty.buffer.PooledByteBufAllocator - -Dio.netty.allocator.numHeapArenas: 8
13:44:15.863 [main] DEBUG io.netty.buffer.PooledByteBufAllocator - -Dio.netty.allocator.numDirectArenas: 8
13:44:15.863 [main] DEBUG io.netty.buffer.PooledByteBufAllocator - -Dio.netty.allocator.pageSize: 8192
13:44:15.863 [main] DEBUG io.netty.buffer.PooledByteBufAllocator - -Dio.netty.allocator.maxOrder: 11
13:44:15.863 [main] DEBUG io.netty.buffer.PooledByteBufAllocator - -Dio.netty.allocator.chunkSize: 16777216
13:44:15.864 [main] DEBUG io.netty.buffer.PooledByteBufAllocator - -Dio.netty.allocator.smallCacheSize: 256
13:44:15.864 [main] DEBUG io.netty.buffer.PooledByteBufAllocator - -Dio.netty.allocator.normalCacheSize: 64
13:44:15.865 [main] DEBUG io.netty.buffer.PooledByteBufAllocator - -Dio.netty.allocator.maxCachedBufferCapacity: 32768
13:44:15.865 [main] DEBUG io.netty.buffer.PooledByteBufAllocator - -Dio.netty.allocator.cacheTrimInterval: 8192
13:44:15.865 [main] DEBUG io.netty.buffer.PooledByteBufAllocator - -Dio.netty.allocator.cacheTrimIntervalMillis: 0
13:44:15.865 [main] DEBUG io.netty.buffer.PooledByteBufAllocator - -Dio.netty.allocator.useCacheForAllThreads: true
13:44:15.865 [main] DEBUG io.netty.buffer.PooledByteBufAllocator - -Dio.netty.allocator.maxCachedByteBuffersPerChunk: 1023
13:44:15.898 [main] DEBUG io.netty.buffer.ByteBufUtil - -Dio.netty.allocator.type: pooled
13:44:15.898 [main] DEBUG io.netty.buffer.ByteBufUtil - -Dio.netty.threadLocalDirectBufferSize: 0
13:44:15.898 [main] DEBUG io.netty.buffer.ByteBufUtil - -Dio.netty.maxThreadLocalCharBufferSize: 16384
13:44:17.370 [Forwarding newSession on session null to remote] DEBUG io.netty.channel.DefaultChannelId - -Dio.netty.processId: 1452 (auto-detected)
13:44:17.377 [Forwarding newSession on session null to remote] DEBUG io.netty.util.NetUtil - -Djava.net.preferIPv4Stack: false
13:44:17.378 [Forwarding newSession on session null to remote] DEBUG io.netty.util.NetUtil - -Djava.net.preferIPv6Addresses: false
13:44:18.163 [Forwarding newSession on session null to remote] DEBUG io.netty.util.NetUtilInitializations - Loopback interface: lo (Software Loopback Interface 1, 127.0.0.1)
13:44:18.167 [Forwarding newSession on session null to remote] DEBUG io.netty.util.NetUtil - Failed to get SOMAXCONN from sysctl and file \proc\sys\net\core\somaxconn. Default: 200
13:44:18.920 [Forwarding newSession on session null to remote] DEBUG io.netty.channel.DefaultChannelId - -Dio.netty.machineId: b0:fc:36:ff:fe:a8:e3:7f (auto-detected)
13:44:19.160 [AsyncHttpClient-1-2] DEBUG io.netty.buffer.AbstractByteBuf - -Dio.netty.buffer.checkAccessible: true
13:44:19.161 [AsyncHttpClient-1-2] DEBUG io.netty.buffer.AbstractByteBuf - -Dio.netty.buffer.checkBounds: true
13:44:19.161 [AsyncHttpClient-1-2] DEBUG io.netty.util.ResourceLeakDetectorFactory - Loaded default ResourceLeakDetector: io.netty.util.ResourceLeakDetector@3207523b
13:44:19.210 [AsyncHttpClient-1-2] DEBUG org.asynchttpclient.netty.channel.NettyConnectListener - Using new Channel '[id: 0x360e96da, L:/127.0.0.1:64368 - R:localhost/127.0.0.1:52412]' for 'POST' to '/session'
13:44:19.282 [AsyncHttpClient-1-2] DEBUG io.netty.util.Recycler - -Dio.netty.recycler.maxCapacityPerThread: 4096
13:44:19.282 [AsyncHttpClient-1-2] DEBUG io.netty.util.Recycler - -Dio.netty.recycler.ratio: 8
13:44:19.282 [AsyncHttpClient-1-2] DEBUG io.netty.util.Recycler - -Dio.netty.recycler.chunkSize: 32
13:44:19.282 [AsyncHttpClient-1-2] DEBUG io.netty.util.Recycler - -Dio.netty.recycler.blocking: false
13:44:21.807 [AsyncHttpClient-1-2] DEBUG io.netty.handler.codec.compression.Brotli - brotli4j not in the classpath; Brotli support will be unavailable.
13:44:21.808 [AsyncHttpClient-1-2] DEBUG org.asynchttpclient.netty.handler.HttpHandler - 

Request DefaultHttpRequest(decodeResult: success, version: HTTP/1.1)
POST /session HTTP/1.1
User-Agent: selenium/4.1.2 (java windows)
Content-Length: 614
Content-Type: application/json; charset=utf-8
host: localhost:52412
accept: */*

Response DefaultHttpResponse(decodeResult: success, version: HTTP/1.1)
HTTP/1.1 200 OK
Content-Type: application/json; charset=utf-8
cache-control: no-cache
content-length: 790

13:44:21.838 [AsyncHttpClient-1-2] DEBUG org.asynchttpclient.netty.channel.ChannelManager - Adding key: http://localhost:52412 for channel [id: 0x360e96da, L:/127.0.0.1:64368 - R:localhost/127.0.0.1:52412]
13:44:22.185 [AsyncHttpClient-1-1] DEBUG org.asynchttpclient.netty.channel.DefaultChannelPool - Entry count for : http://localhost:52412 : 1
13:44:22.241 [AsyncHttpClient-1-3] DEBUG org.asynchttpclient.netty.channel.NettyConnectListener - Using new Channel '[id: 0x867824c9, L:/127.0.0.1:64377 - R:localhost/127.0.0.1:64369]' for 'GET' to '/json/version'
13:44:22.245 [AsyncHttpClient-1-3] DEBUG org.asynchttpclient.netty.handler.HttpHandler - 

Request DefaultFullHttpRequest(decodeResult: success, version: HTTP/1.1, content: EmptyByteBufBE)
GET /json/version HTTP/1.1
User-Agent: selenium/4.1.2 (java windows)
host: localhost:64369
accept: */*

Response DefaultHttpResponse(decodeResult: success, version: HTTP/1.1)
HTTP/1.1 200 OK
Content-Type: application/json; charset=UTF-8
content-length: 429

13:44:22.246 [AsyncHttpClient-1-3] DEBUG org.asynchttpclient.netty.channel.ChannelManager - Adding key: http://localhost:64369 for channel [id: 0x867824c9, L:/127.0.0.1:64377 - R:localhost/127.0.0.1:64369]
13:44:22.271 [main] DEBUG io.netty.util.internal.ThreadLocalRandom - -Dio.netty.initialSeedUniquifier: 0x9e0c8315cac6b112
13:44:22.300 [AsyncHttpClient-1-4] DEBUG org.asynchttpclient.netty.channel.NettyConnectListener - Using new Channel '[id: 0xb7d806a5, L:/127.0.0.1:64378 - R:localhost/127.0.0.1:64369]' for 'GET' to '/devtools/browser/efe19508-f3c2-46fb-b28b-519d63362009'
13:44:22.305 [AsyncHttpClient-1-4] DEBUG org.asynchttpclient.netty.handler.WebSocketHandler - 

Request DefaultFullHttpRequest(decodeResult: success, version: HTTP/1.1, content: EmptyByteBufBE)
GET /devtools/browser/efe19508-f3c2-46fb-b28b-519d63362009 HTTP/1.1
upgrade: websocket
connection: upgrade
sec-websocket-key: OgpTjnJm7nIyaMdK+3BZJw==
sec-websocket-version: 13
origin: http://localhost:64369
host: localhost:64369
accept: */*
user-agent: AHC/2.1

Response DefaultHttpResponse(decodeResult: success, version: HTTP/1.1)
HTTP/1.1 101 WebSocket Protocol Handshake
Upgrade: WebSocket
Connection: Upgrade
Sec-WebSocket-Accept: KLfoE6MDSalWMKF7A79vvssb3qg=

13:44:22.956 [main] DEBUG net.thucydides.core.reflection.ClassFinder - Could not load class .starter.CucumberTestSuite
13:44:22.957 [main] DEBUG net.thucydides.core.reflection.ClassFinder - Could not load class .starter.definitions.login
13:44:22.957 [main] DEBUG net.thucydides.core.reflection.ClassFinder - Could not load class .starter.definitions.pasienlama
13:44:22.957 [main] DEBUG net.thucydides.core.reflection.ClassFinder - Could not load class .starter.definitions.pendaftaranbaru
13:44:22.957 [main] DEBUG net.thucydides.core.reflection.ClassFinder - Could not load class .starter.pages.homepages
13:44:22.957 [main] DEBUG net.thucydides.core.reflection.ClassFinder - Could not load class .starter.pages.loginpages
13:44:22.957 [main] DEBUG net.thucydides.core.reflection.ClassFinder - Could not load class .starter.pages.pasienlamapage
13:44:22.957 [main] DEBUG net.thucydides.core.reflection.ClassFinder - Could not load class .starter.pages.pendaftaranbarupage
13:44:22.975 [Forwarding get on session 09d6cbfc1090c469d64b69d80468291c to remote] DEBUG org.asynchttpclient.netty.request.NettyRequestSender - Using pooled Channel '[id: 0x360e96da, L:/127.0.0.1:64368 - R:localhost/127.0.0.1:52412]' for 'POST' to 'http://localhost:52412/session/09d6cbfc1090c469d64b69d80468291c/url'
13:44:22.975 [Forwarding get on session 09d6cbfc1090c469d64b69d80468291c to remote] DEBUG org.asynchttpclient.netty.request.NettyRequestSender - Using open Channel [id: 0x360e96da, L:/127.0.0.1:64368 - R:localhost/127.0.0.1:52412] for POST '/session/09d6cbfc1090c469d64b69d80468291c/url'
13:44:23.237 [AsyncHttpClient-1-1] DEBUG org.asynchttpclient.netty.channel.DefaultChannelPool - Entry count for : http://localhost:64369 : 1
13:44:24.329 [AsyncHttpClient-1-1] DEBUG org.asynchttpclient.netty.channel.DefaultChannelPool - Entry count for : http://localhost:64369 : 1
13:44:25.432 [AsyncHttpClient-1-1] DEBUG org.asynchttpclient.netty.channel.DefaultChannelPool - Entry count for : http://localhost:64369 : 1
13:44:26.543 [AsyncHttpClient-1-1] DEBUG org.asynchttpclient.netty.channel.DefaultChannelPool - Entry count for : http://localhost:64369 : 1
13:44:27.645 [AsyncHttpClient-1-1] DEBUG org.asynchttpclient.netty.channel.DefaultChannelPool - Entry count for : http://localhost:64369 : 1
13:44:27.825 [AsyncHttpClient-1-2] DEBUG org.asynchttpclient.netty.handler.HttpHandler - 

Request DefaultHttpRequest(decodeResult: success, version: HTTP/1.1)
POST /session/09d6cbfc1090c469d64b69d80468291c/url HTTP/1.1
User-Agent: selenium/4.1.2 (java windows)
Content-Length: 92
Content-Type: application/json; charset=utf-8
host: localhost:52412
accept: */*

Response DefaultHttpResponse(decodeResult: success, version: HTTP/1.1)
HTTP/1.1 200 OK
Content-Type: application/json; charset=utf-8
cache-control: no-cache
content-length: 14

13:44:27.826 [AsyncHttpClient-1-2] DEBUG org.asynchttpclient.netty.channel.ChannelManager - Adding key: http://localhost:52412 for channel [id: 0x360e96da, L:/127.0.0.1:64368 - R:localhost/127.0.0.1:52412]
13:44:27.838 [Forwarding setTimeout on session 09d6cbfc1090c469d64b69d80468291c to remote] DEBUG org.asynchttpclient.netty.request.NettyRequestSender - Using pooled Channel '[id: 0x360e96da, L:/127.0.0.1:64368 - R:localhost/127.0.0.1:52412]' for 'POST' to 'http://localhost:52412/session/09d6cbfc1090c469d64b69d80468291c/timeouts'
13:44:27.839 [Forwarding setTimeout on session 09d6cbfc1090c469d64b69d80468291c to remote] DEBUG org.asynchttpclient.netty.request.NettyRequestSender - Using open Channel [id: 0x360e96da, L:/127.0.0.1:64368 - R:localhost/127.0.0.1:52412] for POST '/session/09d6cbfc1090c469d64b69d80468291c/timeouts'
13:44:27.848 [AsyncHttpClient-1-2] DEBUG org.asynchttpclient.netty.handler.HttpHandler - 

Request DefaultHttpRequest(decodeResult: success, version: HTTP/1.1)
POST /session/09d6cbfc1090c469d64b69d80468291c/timeouts HTTP/1.1
User-Agent: selenium/4.1.2 (java windows)
Content-Length: 22
Content-Type: application/json; charset=utf-8
host: localhost:52412
accept: */*

Response DefaultHttpResponse(decodeResult: success, version: HTTP/1.1)
HTTP/1.1 200 OK
Content-Type: application/json; charset=utf-8
cache-control: no-cache
content-length: 14

13:44:27.849 [AsyncHttpClient-1-2] DEBUG org.asynchttpclient.netty.channel.ChannelManager - Adding key: http://localhost:52412 for channel [id: 0x360e96da, L:/127.0.0.1:64368 - R:localhost/127.0.0.1:52412]
13:44:27.868 [Forwarding getCurrentUrl on session 09d6cbfc1090c469d64b69d80468291c to remote] DEBUG org.asynchttpclient.netty.request.NettyRequestSender - Using pooled Channel '[id: 0x360e96da, L:/127.0.0.1:64368 - R:localhost/127.0.0.1:52412]' for 'GET' to 'http://localhost:52412/session/09d6cbfc1090c469d64b69d80468291c/url'
13:44:27.868 [Forwarding getCurrentUrl on session 09d6cbfc1090c469d64b69d80468291c to remote] DEBUG org.asynchttpclient.netty.request.NettyRequestSender - Using open Channel [id: 0x360e96da, L:/127.0.0.1:64368 - R:localhost/127.0.0.1:52412] for GET '/session/09d6cbfc1090c469d64b69d80468291c/url'
13:44:27.898 [AsyncHttpClient-1-2] DEBUG org.asynchttpclient.netty.handler.HttpHandler - 

Request DefaultFullHttpRequest(decodeResult: success, version: HTTP/1.1, content: EmptyByteBufBE)
GET /session/09d6cbfc1090c469d64b69d80468291c/url HTTP/1.1
User-Agent: selenium/4.1.2 (java windows)
Cache-Control: no-cache
Content-Type: application/json; charset=utf-8
host: localhost:52412
accept: */*

Response DefaultHttpResponse(decodeResult: success, version: HTTP/1.1)
HTTP/1.1 200 OK
Content-Type: application/json; charset=utf-8
cache-control: no-cache
content-length: 74

13:44:27.898 [AsyncHttpClient-1-2] DEBUG org.asynchttpclient.netty.channel.ChannelManager - Adding key: http://localhost:52412 for channel [id: 0x360e96da, L:/127.0.0.1:64368 - R:localhost/127.0.0.1:52412]
13:44:27.939 [Forwarding getCurrentUrl on session 09d6cbfc1090c469d64b69d80468291c to remote] DEBUG org.asynchttpclient.netty.request.NettyRequestSender - Using pooled Channel '[id: 0x360e96da, L:/127.0.0.1:64368 - R:localhost/127.0.0.1:52412]' for 'GET' to 'http://localhost:52412/session/09d6cbfc1090c469d64b69d80468291c/url'
13:44:27.940 [Forwarding getCurrentUrl on session 09d6cbfc1090c469d64b69d80468291c to remote] DEBUG org.asynchttpclient.netty.request.NettyRequestSender - Using open Channel [id: 0x360e96da, L:/127.0.0.1:64368 - R:localhost/127.0.0.1:52412] for GET '/session/09d6cbfc1090c469d64b69d80468291c/url'
13:44:27.957 [AsyncHttpClient-1-2] DEBUG org.asynchttpclient.netty.handler.HttpHandler - 

Request DefaultFullHttpRequest(decodeResult: success, version: HTTP/1.1, content: EmptyByteBufBE)
GET /session/09d6cbfc1090c469d64b69d80468291c/url HTTP/1.1
User-Agent: selenium/4.1.2 (java windows)
Cache-Control: no-cache
Content-Type: application/json; charset=utf-8
host: localhost:52412
accept: */*

Response DefaultHttpResponse(decodeResult: success, version: HTTP/1.1)
HTTP/1.1 200 OK
Content-Type: application/json; charset=utf-8
cache-control: no-cache
content-length: 74

13:44:27.959 [AsyncHttpClient-1-2] DEBUG org.asynchttpclient.netty.channel.ChannelManager - Adding key: http://localhost:52412 for channel [id: 0x360e96da, L:/127.0.0.1:64368 - R:localhost/127.0.0.1:52412]
13:44:28.031 [main] DEBUG net.serenitybdd.core.photography.Darkroom - Opening darkroom
13:44:28.032 [Darkroom Processing Line] DEBUG net.serenitybdd.core.photography.DarkroomProcessingLine - Darkroom processing line starting up
13:44:28.041 [Forwarding screenshot on session 09d6cbfc1090c469d64b69d80468291c to remote] DEBUG org.asynchttpclient.netty.request.NettyRequestSender - Using pooled Channel '[id: 0x360e96da, L:/127.0.0.1:64368 - R:localhost/127.0.0.1:52412]' for 'GET' to 'http://localhost:52412/session/09d6cbfc1090c469d64b69d80468291c/screenshot'
13:44:28.041 [Forwarding screenshot on session 09d6cbfc1090c469d64b69d80468291c to remote] DEBUG org.asynchttpclient.netty.request.NettyRequestSender - Using open Channel [id: 0x360e96da, L:/127.0.0.1:64368 - R:localhost/127.0.0.1:52412] for GET '/session/09d6cbfc1090c469d64b69d80468291c/screenshot'
13:44:28.244 [AsyncHttpClient-1-2] DEBUG org.asynchttpclient.netty.handler.HttpHandler - 

Request DefaultFullHttpRequest(decodeResult: success, version: HTTP/1.1, content: EmptyByteBufBE)
GET /session/09d6cbfc1090c469d64b69d80468291c/screenshot HTTP/1.1
User-Agent: selenium/4.1.2 (java windows)
Cache-Control: no-cache
Content-Type: application/json; charset=utf-8
host: localhost:52412
accept: */*

Response DefaultHttpResponse(decodeResult: success, version: HTTP/1.1)
HTTP/1.1 200 OK
Content-Type: application/json; charset=utf-8
cache-control: no-cache
content-length: 109728

13:44:28.249 [AsyncHttpClient-1-2] DEBUG org.asynchttpclient.netty.channel.ChannelManager - Adding key: http://localhost:52412 for channel [id: 0x360e96da, L:/127.0.0.1:64368 - R:localhost/127.0.0.1:52412]
13:44:28.676 [main] DEBUG net.serenitybdd.core.photography.Darkroom - Send negative for processing for target\site\serenity\326760b024a2bafe5199b4136c4d7275acb72afc7df37f280ab5f6ac1dcc7641.png
13:44:28.676 [Darkroom Processing Line] DEBUG net.serenitybdd.core.photography.DarkroomProcessingLine - Processing screenshot image in /var/screenshots/screenshot-370358317851512494
13:44:28.677 [Darkroom Processing Line] DEBUG net.serenitybdd.core.photography.DarkroomProcessingLine - Saving screenshot to target\site\serenity\326760b024a2bafe5199b4136c4d7275acb72afc7df37f280ab5f6ac1dcc7641.png
13:44:28.689 [main] DEBUG net.thucydides.core.steps.StepInterceptor - STEP DONE: openPage
13:44:28.712 [main] DEBUG net.thucydides.core.steps.StepInterceptor - STARTING STEP: login.ontheLoginPage - validateonLoginPage
13:44:28.725 [Forwarding findElement on session 09d6cbfc1090c469d64b69d80468291c to remote] DEBUG org.asynchttpclient.netty.request.NettyRequestSender - Using pooled Channel '[id: 0x360e96da, L:/127.0.0.1:64368 - R:localhost/127.0.0.1:52412]' for 'POST' to 'http://localhost:52412/session/09d6cbfc1090c469d64b69d80468291c/element'
13:44:28.725 [Forwarding findElement on session 09d6cbfc1090c469d64b69d80468291c to remote] DEBUG org.asynchttpclient.netty.request.NettyRequestSender - Using open Channel [id: 0x360e96da, L:/127.0.0.1:64368 - R:localhost/127.0.0.1:52412] for POST '/session/09d6cbfc1090c469d64b69d80468291c/element'
13:44:28.732 [AsyncHttpClient-1-1] DEBUG org.asynchttpclient.netty.channel.DefaultChannelPool - Entry count for : http://localhost:64369 : 1
13:44:28.766 [AsyncHttpClient-1-2] DEBUG org.asynchttpclient.netty.handler.HttpHandler - 

Request DefaultHttpRequest(decodeResult: success, version: HTTP/1.1)
POST /session/09d6cbfc1090c469d64b69d80468291c/element HTTP/1.1
User-Agent: selenium/4.1.2 (java windows)
Content-Length: 101
Content-Type: application/json; charset=utf-8
host: localhost:52412
accept: */*

Response DefaultHttpResponse(decodeResult: success, version: HTTP/1.1)
HTTP/1.1 200 OK
Content-Type: application/json; charset=utf-8
cache-control: no-cache
content-length: 88

13:44:28.767 [AsyncHttpClient-1-2] DEBUG org.asynchttpclient.netty.channel.ChannelManager - Adding key: http://localhost:52412 for channel [id: 0x360e96da, L:/127.0.0.1:64368 - R:localhost/127.0.0.1:52412]
13:44:28.833 [Forwarding isElementDisplayed on session 09d6cbfc1090c469d64b69d80468291c to remote] DEBUG org.asynchttpclient.netty.request.NettyRequestSender - Using pooled Channel '[id: 0x360e96da, L:/127.0.0.1:64368 - R:localhost/127.0.0.1:52412]' for 'POST' to 'http://localhost:52412/session/09d6cbfc1090c469d64b69d80468291c/execute/sync'
13:44:28.833 [Forwarding isElementDisplayed on session 09d6cbfc1090c469d64b69d80468291c to remote] DEBUG org.asynchttpclient.netty.request.NettyRequestSender - Using open Channel [id: 0x360e96da, L:/127.0.0.1:64368 - R:localhost/127.0.0.1:52412] for POST '/session/09d6cbfc1090c469d64b69d80468291c/execute/sync'
13:44:28.892 [AsyncHttpClient-1-2] DEBUG org.asynchttpclient.netty.handler.HttpHandler - 

Request DefaultHttpRequest(decodeResult: success, version: HTTP/1.1)
POST /session/09d6cbfc1090c469d64b69d80468291c/execute/sync HTTP/1.1
User-Agent: selenium/4.1.2 (java windows)
Content-Length: 48780
Content-Type: application/json; charset=utf-8
host: localhost:52412
accept: */*

Response DefaultHttpResponse(decodeResult: success, version: HTTP/1.1)
HTTP/1.1 200 OK
Content-Type: application/json; charset=utf-8
cache-control: no-cache
content-length: 14

13:44:28.893 [AsyncHttpClient-1-2] DEBUG org.asynchttpclient.netty.channel.ChannelManager - Adding key: http://localhost:52412 for channel [id: 0x360e96da, L:/127.0.0.1:64368 - R:localhost/127.0.0.1:52412]
13:44:28.911 [Forwarding screenshot on session 09d6cbfc1090c469d64b69d80468291c to remote] DEBUG org.asynchttpclient.netty.request.NettyRequestSender - Using pooled Channel '[id: 0x360e96da, L:/127.0.0.1:64368 - R:localhost/127.0.0.1:52412]' for 'GET' to 'http://localhost:52412/session/09d6cbfc1090c469d64b69d80468291c/screenshot'
13:44:28.911 [Forwarding screenshot on session 09d6cbfc1090c469d64b69d80468291c to remote] DEBUG org.asynchttpclient.netty.request.NettyRequestSender - Using open Channel [id: 0x360e96da, L:/127.0.0.1:64368 - R:localhost/127.0.0.1:52412] for GET '/session/09d6cbfc1090c469d64b69d80468291c/screenshot'
13:44:29.112 [AsyncHttpClient-1-2] DEBUG org.asynchttpclient.netty.handler.HttpHandler - 

Request DefaultFullHttpRequest(decodeResult: success, version: HTTP/1.1, content: EmptyByteBufBE)
GET /session/09d6cbfc1090c469d64b69d80468291c/screenshot HTTP/1.1
User-Agent: selenium/4.1.2 (java windows)
Cache-Control: no-cache
Content-Type: application/json; charset=utf-8
host: localhost:52412
accept: */*

Response DefaultHttpResponse(decodeResult: success, version: HTTP/1.1)
HTTP/1.1 200 OK
Content-Type: application/json; charset=utf-8
cache-control: no-cache
content-length: 109728

13:44:29.115 [AsyncHttpClient-1-2] DEBUG org.asynchttpclient.netty.channel.ChannelManager - Adding key: http://localhost:52412 for channel [id: 0x360e96da, L:/127.0.0.1:64368 - R:localhost/127.0.0.1:52412]
13:44:29.130 [main] DEBUG net.serenitybdd.core.photography.Darkroom - Send negative for processing for target\site\serenity\326760b024a2bafe5199b4136c4d7275acb72afc7df37f280ab5f6ac1dcc7641.png
13:44:29.131 [main] DEBUG net.thucydides.core.steps.StepInterceptor - STEP DONE: validateonLoginPage
  &amp#27;[32mGiven &amp#27;[0m&amp#27;[32madmin on login page&amp#27;[0m                        &amp#27;[90m# starter.definitions.login.ontheLoginPage()&amp#27;[0m
13:44:29.204 [Forwarding screenshot on session 09d6cbfc1090c469d64b69d80468291c to remote] DEBUG org.asynchttpclient.netty.request.NettyRequestSender - Using pooled Channel '[id: 0x360e96da, L:/127.0.0.1:64368 - R:localhost/127.0.0.1:52412]' for 'GET' to 'http://localhost:52412/session/09d6cbfc1090c469d64b69d80468291c/screenshot'
13:44:29.205 [Forwarding screenshot on session 09d6cbfc1090c469d64b69d80468291c to remote] DEBUG org.asynchttpclient.netty.request.NettyRequestSender - Using open Channel [id: 0x360e96da, L:/127.0.0.1:64368 - R:localhost/127.0.0.1:52412] for GET '/session/09d6cbfc1090c469d64b69d80468291c/screenshot'
13:44:29.433 [AsyncHttpClient-1-2] DEBUG org.asynchttpclient.netty.handler.HttpHandler - 

Request DefaultFullHttpRequest(decodeResult: success, version: HTTP/1.1, content: EmptyByteBufBE)
GET /session/09d6cbfc1090c469d64b69d80468291c/screenshot HTTP/1.1
User-Agent: selenium/4.1.2 (java windows)
Cache-Control: no-cache
Content-Type: application/json; charset=utf-8
host: localhost:52412
accept: */*

Response DefaultHttpResponse(decodeResult: success, version: HTTP/1.1)
HTTP/1.1 200 OK
Content-Type: application/json; charset=utf-8
cache-control: no-cache
content-length: 109728

13:44:29.438 [AsyncHttpClient-1-2] DEBUG org.asynchttpclient.netty.channel.ChannelManager - Adding key: http://localhost:52412 for channel [id: 0x360e96da, L:/127.0.0.1:64368 - R:localhost/127.0.0.1:52412]
13:44:29.453 [main] DEBUG net.serenitybdd.core.photography.Darkroom - Send negative for processing for target\site\serenity\326760b024a2bafe5199b4136c4d7275acb72afc7df37f280ab5f6ac1dcc7641.png
13:44:29.522 [Forwarding screenshot on session 09d6cbfc1090c469d64b69d80468291c to remote] DEBUG org.asynchttpclient.netty.request.NettyRequestSender - Using pooled Channel '[id: 0x360e96da, L:/127.0.0.1:64368 - R:localhost/127.0.0.1:52412]' for 'GET' to 'http://localhost:52412/session/09d6cbfc1090c469d64b69d80468291c/screenshot'
13:44:29.523 [Forwarding screenshot on session 09d6cbfc1090c469d64b69d80468291c to remote] DEBUG org.asynchttpclient.netty.request.NettyRequestSender - Using open Channel [id: 0x360e96da, L:/127.0.0.1:64368 - R:localhost/127.0.0.1:52412] for GET '/session/09d6cbfc1090c469d64b69d80468291c/screenshot'
13:44:29.862 [AsyncHttpClient-1-1] DEBUG org.asynchttpclient.netty.channel.DefaultChannelPool - Entry count for : http://localhost:64369 : 1
13:44:29.895 [AsyncHttpClient-1-2] DEBUG org.asynchttpclient.netty.handler.HttpHandler - 

Request DefaultFullHttpRequest(decodeResult: success, version: HTTP/1.1, content: EmptyByteBufBE)
GET /session/09d6cbfc1090c469d64b69d80468291c/screenshot HTTP/1.1
User-Agent: selenium/4.1.2 (java windows)
Cache-Control: no-cache
Content-Type: application/json; charset=utf-8
host: localhost:52412
accept: */*

Response DefaultHttpResponse(decodeResult: success, version: HTTP/1.1)
HTTP/1.1 200 OK
Content-Type: application/json; charset=utf-8
cache-control: no-cache
content-length: 109728

13:44:29.898 [AsyncHttpClient-1-2] DEBUG org.asynchttpclient.netty.channel.ChannelManager - Adding key: http://localhost:52412 for channel [id: 0x360e96da, L:/127.0.0.1:64368 - R:localhost/127.0.0.1:52412]
13:44:29.909 [main] DEBUG net.serenitybdd.core.photography.Darkroom - Send negative for processing for target\site\serenity\326760b024a2bafe5199b4136c4d7275acb72afc7df37f280ab5f6ac1dcc7641.png
13:44:29.911 [main] DEBUG net.thucydides.core.steps.StepInterceptor - STARTING STEP: login.ValidID - inputID
13:44:29.922 [Forwarding findElement on session 09d6cbfc1090c469d64b69d80468291c to remote] DEBUG org.asynchttpclient.netty.request.NettyRequestSender - Using pooled Channel '[id: 0x360e96da, L:/127.0.0.1:64368 - R:localhost/127.0.0.1:52412]' for 'POST' to 'http://localhost:52412/session/09d6cbfc1090c469d64b69d80468291c/element'
13:44:29.923 [Forwarding findElement on session 09d6cbfc1090c469d64b69d80468291c to remote] DEBUG org.asynchttpclient.netty.request.NettyRequestSender - Using open Channel [id: 0x360e96da, L:/127.0.0.1:64368 - R:localhost/127.0.0.1:52412] for POST '/session/09d6cbfc1090c469d64b69d80468291c/element'
13:44:29.963 [AsyncHttpClient-1-2] DEBUG org.asynchttpclient.netty.handler.HttpHandler - 

Request DefaultHttpRequest(decodeResult: success, version: HTTP/1.1)
POST /session/09d6cbfc1090c469d64b69d80468291c/element HTTP/1.1
User-Agent: selenium/4.1.2 (java windows)
Content-Length: 47
Content-Type: application/json; charset=utf-8
host: localhost:52412
accept: */*

Response DefaultHttpResponse(decodeResult: success, version: HTTP/1.1)
HTTP/1.1 200 OK
Content-Type: application/json; charset=utf-8
cache-control: no-cache
content-length: 88

13:44:29.964 [AsyncHttpClient-1-2] DEBUG org.asynchttpclient.netty.channel.ChannelManager - Adding key: http://localhost:52412 for channel [id: 0x360e96da, L:/127.0.0.1:64368 - R:localhost/127.0.0.1:52412]
13:44:29.972 [Forwarding clearElement on session 09d6cbfc1090c469d64b69d80468291c to remote] DEBUG org.asynchttpclient.netty.request.NettyRequestSender - Using pooled Channel '[id: 0x360e96da, L:/127.0.0.1:64368 - R:localhost/127.0.0.1:52412]' for 'POST' to 'http://localhost:52412/session/09d6cbfc1090c469d64b69d80468291c/element/ba833b3a-4eaf-4ec2-8a7b-6adc204134e4/clear'
13:44:29.972 [Forwarding clearElement on session 09d6cbfc1090c469d64b69d80468291c to remote] DEBUG org.asynchttpclient.netty.request.NettyRequestSender - Using open Channel [id: 0x360e96da, L:/127.0.0.1:64368 - R:localhost/127.0.0.1:52412] for POST '/session/09d6cbfc1090c469d64b69d80468291c/element/ba833b3a-4eaf-4ec2-8a7b-6adc204134e4/clear'
13:44:30.111 [AsyncHttpClient-1-2] DEBUG org.asynchttpclient.netty.handler.HttpHandler - 

Request DefaultHttpRequest(decodeResult: success, version: HTTP/1.1)
POST /session/09d6cbfc1090c469d64b69d80468291c/element/ba833b3a-4eaf-4ec2-8a7b-6adc204134e4/clear HTTP/1.1
User-Agent: selenium/4.1.2 (java windows)
Content-Length: 50
Content-Type: application/json; charset=utf-8
host: localhost:52412
accept: */*

Response DefaultHttpResponse(decodeResult: success, version: HTTP/1.1)
HTTP/1.1 200 OK
Content-Type: application/json; charset=utf-8
cache-control: no-cache
content-length: 14

13:44:30.111 [AsyncHttpClient-1-2] DEBUG org.asynchttpclient.netty.channel.ChannelManager - Adding key: http://localhost:52412 for channel [id: 0x360e96da, L:/127.0.0.1:64368 - R:localhost/127.0.0.1:52412]
13:44:30.125 [Forwarding sendKeysToElement on session 09d6cbfc1090c469d64b69d80468291c to remote] DEBUG org.asynchttpclient.netty.request.NettyRequestSender - Using pooled Channel '[id: 0x360e96da, L:/127.0.0.1:64368 - R:localhost/127.0.0.1:52412]' for 'POST' to 'http://localhost:52412/session/09d6cbfc1090c469d64b69d80468291c/element/ba833b3a-4eaf-4ec2-8a7b-6adc204134e4/value'
13:44:30.125 [Forwarding sendKeysToElement on session 09d6cbfc1090c469d64b69d80468291c to remote] DEBUG org.asynchttpclient.netty.request.NettyRequestSender - Using open Channel [id: 0x360e96da, L:/127.0.0.1:64368 - R:localhost/127.0.0.1:52412] for POST '/session/09d6cbfc1090c469d64b69d80468291c/element/ba833b3a-4eaf-4ec2-8a7b-6adc204134e4/value'
13:44:30.477 [AsyncHttpClient-1-2] DEBUG org.asynchttpclient.netty.handler.HttpHandler - 

Request DefaultHttpRequest(decodeResult: success, version: HTTP/1.1)
POST /session/09d6cbfc1090c469d64b69d80468291c/element/ba833b3a-4eaf-4ec2-8a7b-6adc204134e4/value HTTP/1.1
User-Agent: selenium/4.1.2 (java windows)
Content-Length: 151
Content-Type: application/json; charset=utf-8
host: localhost:52412
accept: */*

Response DefaultHttpResponse(decodeResult: success, version: HTTP/1.1)
HTTP/1.1 200 OK
Content-Type: application/json; charset=utf-8
cache-control: no-cache
content-length: 14

13:44:30.478 [AsyncHttpClient-1-2] DEBUG org.asynchttpclient.netty.channel.ChannelManager - Adding key: http://localhost:52412 for channel [id: 0x360e96da, L:/127.0.0.1:64368 - R:localhost/127.0.0.1:52412]
13:44:30.502 [Forwarding screenshot on session 09d6cbfc1090c469d64b69d80468291c to remote] DEBUG org.asynchttpclient.netty.request.NettyRequestSender - Using pooled Channel '[id: 0x360e96da, L:/127.0.0.1:64368 - R:localhost/127.0.0.1:52412]' for 'GET' to 'http://localhost:52412/session/09d6cbfc1090c469d64b69d80468291c/screenshot'
13:44:30.503 [Forwarding screenshot on session 09d6cbfc1090c469d64b69d80468291c to remote] DEBUG org.asynchttpclient.netty.request.NettyRequestSender - Using open Channel [id: 0x360e96da, L:/127.0.0.1:64368 - R:localhost/127.0.0.1:52412] for GET '/session/09d6cbfc1090c469d64b69d80468291c/screenshot'
13:44:30.738 [AsyncHttpClient-1-2] DEBUG org.asynchttpclient.netty.handler.HttpHandler - 

Request DefaultFullHttpRequest(decodeResult: success, version: HTTP/1.1, content: EmptyByteBufBE)
GET /session/09d6cbfc1090c469d64b69d80468291c/screenshot HTTP/1.1
User-Agent: selenium/4.1.2 (java windows)
Cache-Control: no-cache
Content-Type: application/json; charset=utf-8
host: localhost:52412
accept: */*

Response DefaultHttpResponse(decodeResult: success, version: HTTP/1.1)
HTTP/1.1 200 OK
Content-Type: application/json; charset=utf-8
cache-control: no-cache
content-length: 108888

13:44:30.743 [AsyncHttpClient-1-2] DEBUG org.asynchttpclient.netty.channel.ChannelManager - Adding key: http://localhost:52412 for channel [id: 0x360e96da, L:/127.0.0.1:64368 - R:localhost/127.0.0.1:52412]
13:44:30.755 [main] DEBUG net.serenitybdd.core.photography.Darkroom - Send negative for processing for target\site\serenity\ac7634d7ca6454f33acf533e6b1ab917867792654c61cca383f5077c50df77e5.png
13:44:30.756 [main] DEBUG net.thucydides.core.steps.StepInterceptor - STEP DONE: inputID
13:44:30.757 [Darkroom Processing Line] DEBUG net.serenitybdd.core.photography.DarkroomProcessingLine - Processing screenshot image in /var/screenshots/screenshot-8862235730297951693
  &amp#27;[32mWhen &amp#27;[0m&amp#27;[32madmin input valid id&amp#27;[0m                        &amp#27;[90m# starter.definitions.login.ValidID()&amp#27;[0m
13:44:30.757 [Darkroom Processing Line] DEBUG net.serenitybdd.core.photography.DarkroomProcessingLine - Saving screenshot to target\site\serenity\ac7634d7ca6454f33acf533e6b1ab917867792654c61cca383f5077c50df77e5.png
13:44:30.807 [main] DEBUG net.thucydides.core.steps.StepInterceptor - STARTING STEP: login.ValidPassword - inputPassword
13:44:30.823 [Forwarding findElement on session 09d6cbfc1090c469d64b69d80468291c to remote] DEBUG org.asynchttpclient.netty.request.NettyRequestSender - Using pooled Channel '[id: 0x360e96da, L:/127.0.0.1:64368 - R:localhost/127.0.0.1:52412]' for 'POST' to 'http://localhost:52412/session/09d6cbfc1090c469d64b69d80468291c/element'
13:44:30.824 [Forwarding findElement on session 09d6cbfc1090c469d64b69d80468291c to remote] DEBUG org.asynchttpclient.netty.request.NettyRequestSender - Using open Channel [id: 0x360e96da, L:/127.0.0.1:64368 - R:localhost/127.0.0.1:52412] for POST '/session/09d6cbfc1090c469d64b69d80468291c/element'
13:44:30.872 [AsyncHttpClient-1-2] DEBUG org.asynchttpclient.netty.handler.HttpHandler - 

Request DefaultHttpRequest(decodeResult: success, version: HTTP/1.1)
POST /session/09d6cbfc1090c469d64b69d80468291c/element HTTP/1.1
User-Agent: selenium/4.1.2 (java windows)
Content-Length: 53
Content-Type: application/json; charset=utf-8
host: localhost:52412
accept: */*

Response DefaultHttpResponse(decodeResult: success, version: HTTP/1.1)
HTTP/1.1 200 OK
Content-Type: application/json; charset=utf-8
cache-control: no-cache
content-length: 88

13:44:30.872 [AsyncHttpClient-1-2] DEBUG org.asynchttpclient.netty.channel.ChannelManager - Adding key: http://localhost:52412 for channel [id: 0x360e96da, L:/127.0.0.1:64368 - R:localhost/127.0.0.1:52412]
13:44:30.877 [Forwarding clearElement on session 09d6cbfc1090c469d64b69d80468291c to remote] DEBUG org.asynchttpclient.netty.request.NettyRequestSender - Using pooled Channel '[id: 0x360e96da, L:/127.0.0.1:64368 - R:localhost/127.0.0.1:52412]' for 'POST' to 'http://localhost:52412/session/09d6cbfc1090c469d64b69d80468291c/element/479b532c-dbe2-40e4-a14f-d2d05a62d883/clear'
13:44:30.878 [Forwarding clearElement on session 09d6cbfc1090c469d64b69d80468291c to remote] DEBUG org.asynchttpclient.netty.request.NettyRequestSender - Using open Channel [id: 0x360e96da, L:/127.0.0.1:64368 - R:localhost/127.0.0.1:52412] for POST '/session/09d6cbfc1090c469d64b69d80468291c/element/479b532c-dbe2-40e4-a14f-d2d05a62d883/clear'
13:44:30.938 [AsyncHttpClient-1-1] DEBUG org.asynchttpclient.netty.channel.DefaultChannelPool - Entry count for : http://localhost:64369 : 1
13:44:31.004 [AsyncHttpClient-1-2] DEBUG org.asynchttpclient.netty.handler.HttpHandler - 

Request DefaultHttpRequest(decodeResult: success, version: HTTP/1.1)
POST /session/09d6cbfc1090c469d64b69d80468291c/element/479b532c-dbe2-40e4-a14f-d2d05a62d883/clear HTTP/1.1
User-Agent: selenium/4.1.2 (java windows)
Content-Length: 50
Content-Type: application/json; charset=utf-8
host: localhost:52412
accept: */*

Response DefaultHttpResponse(decodeResult: success, version: HTTP/1.1)
HTTP/1.1 200 OK
Content-Type: application/json; charset=utf-8
cache-control: no-cache
content-length: 14

13:44:31.007 [AsyncHttpClient-1-2] DEBUG org.asynchttpclient.netty.channel.ChannelManager - Adding key: http://localhost:52412 for channel [id: 0x360e96da, L:/127.0.0.1:64368 - R:localhost/127.0.0.1:52412]
13:44:31.014 [Forwarding sendKeysToElement on session 09d6cbfc1090c469d64b69d80468291c to remote] DEBUG org.asynchttpclient.netty.request.NettyRequestSender - Using pooled Channel '[id: 0x360e96da, L:/127.0.0.1:64368 - R:localhost/127.0.0.1:52412]' for 'POST' to 'http://localhost:52412/session/09d6cbfc1090c469d64b69d80468291c/element/479b532c-dbe2-40e4-a14f-d2d05a62d883/value'
13:44:31.015 [Forwarding sendKeysToElement on session 09d6cbfc1090c469d64b69d80468291c to remote] DEBUG org.asynchttpclient.netty.request.NettyRequestSender - Using open Channel [id: 0x360e96da, L:/127.0.0.1:64368 - R:localhost/127.0.0.1:52412] for POST '/session/09d6cbfc1090c469d64b69d80468291c/element/479b532c-dbe2-40e4-a14f-d2d05a62d883/value'
13:44:31.163 [AsyncHttpClient-1-2] DEBUG org.asynchttpclient.netty.handler.HttpHandler - 

Request DefaultHttpRequest(decodeResult: success, version: HTTP/1.1)
POST /session/09d6cbfc1090c469d64b69d80468291c/element/479b532c-dbe2-40e4-a14f-d2d05a62d883/value HTTP/1.1
User-Agent: selenium/4.1.2 (java windows)
Content-Length: 121
Content-Type: application/json; charset=utf-8
host: localhost:52412
accept: */*

Response DefaultHttpResponse(decodeResult: success, version: HTTP/1.1)
HTTP/1.1 200 OK
Content-Type: application/json; charset=utf-8
cache-control: no-cache
content-length: 14

13:44:31.164 [AsyncHttpClient-1-2] DEBUG org.asynchttpclient.netty.channel.ChannelManager - Adding key: http://localhost:52412 for channel [id: 0x360e96da, L:/127.0.0.1:64368 - R:localhost/127.0.0.1:52412]
13:44:31.191 [Forwarding screenshot on session 09d6cbfc1090c469d64b69d80468291c to remote] DEBUG org.asynchttpclient.netty.request.NettyRequestSender - Using pooled Channel '[id: 0x360e96da, L:/127.0.0.1:64368 - R:localhost/127.0.0.1:52412]' for 'GET' to 'http://localhost:52412/session/09d6cbfc1090c469d64b69d80468291c/screenshot'
13:44:31.191 [Forwarding screenshot on session 09d6cbfc1090c469d64b69d80468291c to remote] DEBUG org.asynchttpclient.netty.request.NettyRequestSender - Using open Channel [id: 0x360e96da, L:/127.0.0.1:64368 - R:localhost/127.0.0.1:52412] for GET '/session/09d6cbfc1090c469d64b69d80468291c/screenshot'
13:44:31.408 [AsyncHttpClient-1-2] DEBUG org.asynchttpclient.netty.handler.HttpHandler - 

Request DefaultFullHttpRequest(decodeResult: success, version: HTTP/1.1, content: EmptyByteBufBE)
GET /session/09d6cbfc1090c469d64b69d80468291c/screenshot HTTP/1.1
User-Agent: selenium/4.1.2 (java windows)
Cache-Control: no-cache
Content-Type: application/json; charset=utf-8
host: localhost:52412
accept: */*

Response DefaultHttpResponse(decodeResult: success, version: HTTP/1.1)
HTTP/1.1 200 OK
Content-Type: application/json; charset=utf-8
cache-control: no-cache
content-length: 107136

13:44:31.412 [AsyncHttpClient-1-2] DEBUG org.asynchttpclient.netty.channel.ChannelManager - Adding key: http://localhost:52412 for channel [id: 0x360e96da, L:/127.0.0.1:64368 - R:localhost/127.0.0.1:52412]
13:44:31.425 [main] DEBUG net.serenitybdd.core.photography.Darkroom - Send negative for processing for target\site\serenity\8d446c943ec2e8f86798318890d0ab74200fede865e380d903ff1e4fce409271.png
13:44:31.426 [main] DEBUG net.thucydides.core.steps.StepInterceptor - STEP DONE: inputPassword
13:44:31.426 [Darkroom Processing Line] DEBUG net.serenitybdd.core.photography.DarkroomProcessingLine - Processing screenshot image in /var/screenshots/screenshot-2870668693931224056
13:44:31.426 [Darkroom Processing Line] DEBUG net.serenitybdd.core.photography.DarkroomProcessingLine - Saving screenshot to target\site\serenity\8d446c943ec2e8f86798318890d0ab74200fede865e380d903ff1e4fce409271.png
  &amp#27;[32mAnd &amp#27;[0m&amp#27;[32madmin input valid password&amp#27;[0m                   &amp#27;[90m# starter.definitions.login.ValidPassword()&amp#27;[0m
13:44:31.499 [Forwarding screenshot on session 09d6cbfc1090c469d64b69d80468291c to remote] DEBUG org.asynchttpclient.netty.request.NettyRequestSender - Using pooled Channel '[id: 0x360e96da, L:/127.0.0.1:64368 - R:localhost/127.0.0.1:52412]' for 'GET' to 'http://localhost:52412/session/09d6cbfc1090c469d64b69d80468291c/screenshot'
13:44:31.500 [Forwarding screenshot on session 09d6cbfc1090c469d64b69d80468291c to remote] DEBUG org.asynchttpclient.netty.request.NettyRequestSender - Using open Channel [id: 0x360e96da, L:/127.0.0.1:64368 - R:localhost/127.0.0.1:52412] for GET '/session/09d6cbfc1090c469d64b69d80468291c/screenshot'
13:44:31.714 [AsyncHttpClient-1-2] DEBUG org.asynchttpclient.netty.handler.HttpHandler - 

Request DefaultFullHttpRequest(decodeResult: success, version: HTTP/1.1, content: EmptyByteBufBE)
GET /session/09d6cbfc1090c469d64b69d80468291c/screenshot HTTP/1.1
User-Agent: selenium/4.1.2 (java windows)
Cache-Control: no-cache
Content-Type: application/json; charset=utf-8
host: localhost:52412
accept: */*

Response DefaultHttpResponse(decodeResult: success, version: HTTP/1.1)
HTTP/1.1 200 OK
Content-Type: application/json; charset=utf-8
cache-control: no-cache
content-length: 107164

13:44:31.716 [AsyncHttpClient-1-2] DEBUG org.asynchttpclient.netty.channel.ChannelManager - Adding key: http://localhost:52412 for channel [id: 0x360e96da, L:/127.0.0.1:64368 - R:localhost/127.0.0.1:52412]
13:44:31.728 [main] DEBUG net.serenitybdd.core.photography.Darkroom - Send negative for processing for target\site\serenity\d874a8400219331461e8bfe481a6f4cce54b81ddc9b9e796b0e9e20a97e4d143.png
13:44:31.729 [Darkroom Processing Line] DEBUG net.serenitybdd.core.photography.DarkroomProcessingLine - Processing screenshot image in /var/screenshots/screenshot-8907561030919211602
13:44:31.729 [Darkroom Processing Line] DEBUG net.serenitybdd.core.photography.DarkroomProcessingLine - Saving screenshot to target\site\serenity\d874a8400219331461e8bfe481a6f4cce54b81ddc9b9e796b0e9e20a97e4d143.png
13:44:31.777 [main] DEBUG net.thucydides.core.steps.StepInterceptor - STARTING STEP: login.LoginButton - clickloginButton
13:44:31.803 [Forwarding findElement on session 09d6cbfc1090c469d64b69d80468291c to remote] DEBUG org.asynchttpclient.netty.request.NettyRequestSender - Using pooled Channel '[id: 0x360e96da, L:/127.0.0.1:64368 - R:localhost/127.0.0.1:52412]' for 'POST' to 'http://localhost:52412/session/09d6cbfc1090c469d64b69d80468291c/element'
13:44:31.803 [Forwarding findElement on session 09d6cbfc1090c469d64b69d80468291c to remote] DEBUG org.asynchttpclient.netty.request.NettyRequestSender - Using open Channel [id: 0x360e96da, L:/127.0.0.1:64368 - R:localhost/127.0.0.1:52412] for POST '/session/09d6cbfc1090c469d64b69d80468291c/element'
13:44:31.832 [AsyncHttpClient-1-2] DEBUG org.asynchttpclient.netty.handler.HttpHandler - 

Request DefaultHttpRequest(decodeResult: success, version: HTTP/1.1)
POST /session/09d6cbfc1090c469d64b69d80468291c/element HTTP/1.1
User-Agent: selenium/4.1.2 (java windows)
Content-Length: 101
Content-Type: application/json; charset=utf-8
host: localhost:52412
accept: */*

Response DefaultHttpResponse(decodeResult: success, version: HTTP/1.1)
HTTP/1.1 200 OK
Content-Type: application/json; charset=utf-8
cache-control: no-cache
content-length: 88

13:44:31.832 [AsyncHttpClient-1-2] DEBUG org.asynchttpclient.netty.channel.ChannelManager - Adding key: http://localhost:52412 for channel [id: 0x360e96da, L:/127.0.0.1:64368 - R:localhost/127.0.0.1:52412]
13:44:31.837 [Forwarding getElementTagName on session 09d6cbfc1090c469d64b69d80468291c to remote] DEBUG org.asynchttpclient.netty.request.NettyRequestSender - Using pooled Channel '[id: 0x360e96da, L:/127.0.0.1:64368 - R:localhost/127.0.0.1:52412]' for 'GET' to 'http://localhost:52412/session/09d6cbfc1090c469d64b69d80468291c/element/5fe7f234-f037-455f-bafa-a6b9937007f2/name'
13:44:31.837 [Forwarding getElementTagName on session 09d6cbfc1090c469d64b69d80468291c to remote] DEBUG org.asynchttpclient.netty.request.NettyRequestSender - Using open Channel [id: 0x360e96da, L:/127.0.0.1:64368 - R:localhost/127.0.0.1:52412] for GET '/session/09d6cbfc1090c469d64b69d80468291c/element/5fe7f234-f037-455f-bafa-a6b9937007f2/name'
13:44:31.852 [AsyncHttpClient-1-2] DEBUG org.asynchttpclient.netty.handler.HttpHandler - 

Request DefaultFullHttpRequest(decodeResult: success, version: HTTP/1.1, content: EmptyByteBufBE)
GET /session/09d6cbfc1090c469d64b69d80468291c/element/5fe7f234-f037-455f-bafa-a6b9937007f2/name HTTP/1.1
User-Agent: selenium/4.1.2 (java windows)
Cache-Control: no-cache
Content-Type: application/json; charset=utf-8
host: localhost:52412
accept: */*

Response DefaultHttpResponse(decodeResult: success, version: HTTP/1.1)
HTTP/1.1 200 OK
Content-Type: application/json; charset=utf-8
cache-control: no-cache
content-length: 18

13:44:31.853 [AsyncHttpClient-1-2] DEBUG org.asynchttpclient.netty.channel.ChannelManager - Adding key: http://localhost:52412 for channel [id: 0x360e96da, L:/127.0.0.1:64368 - R:localhost/127.0.0.1:52412]
13:44:31.858 [Forwarding getElementTagName on session 09d6cbfc1090c469d64b69d80468291c to remote] DEBUG org.asynchttpclient.netty.request.NettyRequestSender - Using pooled Channel '[id: 0x360e96da, L:/127.0.0.1:64368 - R:localhost/127.0.0.1:52412]' for 'GET' to 'http://localhost:52412/session/09d6cbfc1090c469d64b69d80468291c/element/5fe7f234-f037-455f-bafa-a6b9937007f2/name'
13:44:31.859 [Forwarding getElementTagName on session 09d6cbfc1090c469d64b69d80468291c to remote] DEBUG org.asynchttpclient.netty.request.NettyRequestSender - Using open Channel [id: 0x360e96da, L:/127.0.0.1:64368 - R:localhost/127.0.0.1:52412] for GET '/session/09d6cbfc1090c469d64b69d80468291c/element/5fe7f234-f037-455f-bafa-a6b9937007f2/name'
13:44:31.867 [AsyncHttpClient-1-2] DEBUG org.asynchttpclient.netty.handler.HttpHandler - 

Request DefaultFullHttpRequest(decodeResult: success, version: HTTP/1.1, content: EmptyByteBufBE)
GET /session/09d6cbfc1090c469d64b69d80468291c/element/5fe7f234-f037-455f-bafa-a6b9937007f2/name HTTP/1.1
User-Agent: selenium/4.1.2 (java windows)
Cache-Control: no-cache
Content-Type: application/json; charset=utf-8
host: localhost:52412
accept: */*

Response DefaultHttpResponse(decodeResult: success, version: HTTP/1.1)
HTTP/1.1 200 OK
Content-Type: application/json; charset=utf-8
cache-control: no-cache
content-length: 18

13:44:31.867 [AsyncHttpClient-1-2] DEBUG org.asynchttpclient.netty.channel.ChannelManager - Adding key: http://localhost:52412 for channel [id: 0x360e96da, L:/127.0.0.1:64368 - R:localhost/127.0.0.1:52412]
13:44:31.889 [Forwarding isElementEnabled on session 09d6cbfc1090c469d64b69d80468291c to remote] DEBUG org.asynchttpclient.netty.request.NettyRequestSender - Using pooled Channel '[id: 0x360e96da, L:/127.0.0.1:64368 - R:localhost/127.0.0.1:52412]' for 'GET' to 'http://localhost:52412/session/09d6cbfc1090c469d64b69d80468291c/element/5fe7f234-f037-455f-bafa-a6b9937007f2/enabled'
13:44:31.890 [Forwarding isElementEnabled on session 09d6cbfc1090c469d64b69d80468291c to remote] DEBUG org.asynchttpclient.netty.request.NettyRequestSender - Using open Channel [id: 0x360e96da, L:/127.0.0.1:64368 - R:localhost/127.0.0.1:52412] for GET '/session/09d6cbfc1090c469d64b69d80468291c/element/5fe7f234-f037-455f-bafa-a6b9937007f2/enabled'
13:44:31.925 [AsyncHttpClient-1-2] DEBUG org.asynchttpclient.netty.handler.HttpHandler - 

Request DefaultFullHttpRequest(decodeResult: success, version: HTTP/1.1, content: EmptyByteBufBE)
GET /session/09d6cbfc1090c469d64b69d80468291c/element/5fe7f234-f037-455f-bafa-a6b9937007f2/enabled HTTP/1.1
User-Agent: selenium/4.1.2 (java windows)
Cache-Control: no-cache
Content-Type: application/json; charset=utf-8
host: localhost:52412
accept: */*

Response DefaultHttpResponse(decodeResult: success, version: HTTP/1.1)
HTTP/1.1 200 OK
Content-Type: application/json; charset=utf-8
cache-control: no-cache
content-length: 14

13:44:31.926 [AsyncHttpClient-1-2] DEBUG org.asynchttpclient.netty.channel.ChannelManager - Adding key: http://localhost:52412 for channel [id: 0x360e96da, L:/127.0.0.1:64368 - R:localhost/127.0.0.1:52412]
13:44:31.930 [Forwarding isElementEnabled on session 09d6cbfc1090c469d64b69d80468291c to remote] DEBUG org.asynchttpclient.netty.request.NettyRequestSender - Using pooled Channel '[id: 0x360e96da, L:/127.0.0.1:64368 - R:localhost/127.0.0.1:52412]' for 'GET' to 'http://localhost:52412/session/09d6cbfc1090c469d64b69d80468291c/element/5fe7f234-f037-455f-bafa-a6b9937007f2/enabled'
13:44:31.930 [Forwarding isElementEnabled on session 09d6cbfc1090c469d64b69d80468291c to remote] DEBUG org.asynchttpclient.netty.request.NettyRequestSender - Using open Channel [id: 0x360e96da, L:/127.0.0.1:64368 - R:localhost/127.0.0.1:52412] for GET '/session/09d6cbfc1090c469d64b69d80468291c/element/5fe7f234-f037-455f-bafa-a6b9937007f2/enabled'
13:44:31.944 [AsyncHttpClient-1-2] DEBUG org.asynchttpclient.netty.handler.HttpHandler - 

Request DefaultFullHttpRequest(decodeResult: success, version: HTTP/1.1, content: EmptyByteBufBE)
GET /session/09d6cbfc1090c469d64b69d80468291c/element/5fe7f234-f037-455f-bafa-a6b9937007f2/enabled HTTP/1.1
User-Agent: selenium/4.1.2 (java windows)
Cache-Control: no-cache
Content-Type: application/json; charset=utf-8
host: localhost:52412
accept: */*

Response DefaultHttpResponse(decodeResult: success, version: HTTP/1.1)
HTTP/1.1 200 OK
Content-Type: application/json; charset=utf-8
cache-control: no-cache
content-length: 14

13:44:31.944 [AsyncHttpClient-1-2] DEBUG org.asynchttpclient.netty.channel.ChannelManager - Adding key: http://localhost:52412 for channel [id: 0x360e96da, L:/127.0.0.1:64368 - R:localhost/127.0.0.1:52412]
13:44:31.950 [Forwarding findElement on session 09d6cbfc1090c469d64b69d80468291c to remote] DEBUG org.asynchttpclient.netty.request.NettyRequestSender - Using pooled Channel '[id: 0x360e96da, L:/127.0.0.1:64368 - R:localhost/127.0.0.1:52412]' for 'POST' to 'http://localhost:52412/session/09d6cbfc1090c469d64b69d80468291c/element'
13:44:31.951 [Forwarding findElement on session 09d6cbfc1090c469d64b69d80468291c to remote] DEBUG org.asynchttpclient.netty.request.NettyRequestSender - Using open Channel [id: 0x360e96da, L:/127.0.0.1:64368 - R:localhost/127.0.0.1:52412] for POST '/session/09d6cbfc1090c469d64b69d80468291c/element'
13:44:31.979 [AsyncHttpClient-1-2] DEBUG org.asynchttpclient.netty.handler.HttpHandler - 

Request DefaultHttpRequest(decodeResult: success, version: HTTP/1.1)
POST /session/09d6cbfc1090c469d64b69d80468291c/element HTTP/1.1
User-Agent: selenium/4.1.2 (java windows)
Content-Length: 101
Content-Type: application/json; charset=utf-8
host: localhost:52412
accept: */*

Response DefaultHttpResponse(decodeResult: success, version: HTTP/1.1)
HTTP/1.1 200 OK
Content-Type: application/json; charset=utf-8
cache-control: no-cache
content-length: 88

13:44:31.980 [AsyncHttpClient-1-2] DEBUG org.asynchttpclient.netty.channel.ChannelManager - Adding key: http://localhost:52412 for channel [id: 0x360e96da, L:/127.0.0.1:64368 - R:localhost/127.0.0.1:52412]
13:44:31.983 [Forwarding clickElement on session 09d6cbfc1090c469d64b69d80468291c to remote] DEBUG org.asynchttpclient.netty.request.NettyRequestSender - Using pooled Channel '[id: 0x360e96da, L:/127.0.0.1:64368 - R:localhost/127.0.0.1:52412]' for 'POST' to 'http://localhost:52412/session/09d6cbfc1090c469d64b69d80468291c/element/5fe7f234-f037-455f-bafa-a6b9937007f2/click'
13:44:31.983 [Forwarding clickElement on session 09d6cbfc1090c469d64b69d80468291c to remote] DEBUG org.asynchttpclient.netty.request.NettyRequestSender - Using open Channel [id: 0x360e96da, L:/127.0.0.1:64368 - R:localhost/127.0.0.1:52412] for POST '/session/09d6cbfc1090c469d64b69d80468291c/element/5fe7f234-f037-455f-bafa-a6b9937007f2/click'
13:44:32.028 [AsyncHttpClient-1-1] DEBUG org.asynchttpclient.netty.channel.DefaultChannelPool - Entry count for : http://localhost:64369 : 1
13:44:32.147 [AsyncHttpClient-1-2] DEBUG org.asynchttpclient.netty.handler.HttpHandler - 

Request DefaultHttpRequest(decodeResult: success, version: HTTP/1.1)
POST /session/09d6cbfc1090c469d64b69d80468291c/element/5fe7f234-f037-455f-bafa-a6b9937007f2/click HTTP/1.1
User-Agent: selenium/4.1.2 (java windows)
Content-Length: 50
Content-Type: application/json; charset=utf-8
host: localhost:52412
accept: */*

Response DefaultHttpResponse(decodeResult: success, version: HTTP/1.1)
HTTP/1.1 200 OK
Content-Type: application/json; charset=utf-8
cache-control: no-cache
content-length: 14

13:44:32.147 [AsyncHttpClient-1-2] DEBUG org.asynchttpclient.netty.channel.ChannelManager - Adding key: http://localhost:52412 for channel [id: 0x360e96da, L:/127.0.0.1:64368 - R:localhost/127.0.0.1:52412]
13:44:32.171 [Forwarding screenshot on session 09d6cbfc1090c469d64b69d80468291c to remote] DEBUG org.asynchttpclient.netty.request.NettyRequestSender - Using pooled Channel '[id: 0x360e96da, L:/127.0.0.1:64368 - R:localhost/127.0.0.1:52412]' for 'GET' to 'http://localhost:52412/session/09d6cbfc1090c469d64b69d80468291c/screenshot'
13:44:32.172 [Forwarding screenshot on session 09d6cbfc1090c469d64b69d80468291c to remote] DEBUG org.asynchttpclient.netty.request.NettyRequestSender - Using open Channel [id: 0x360e96da, L:/127.0.0.1:64368 - R:localhost/127.0.0.1:52412] for GET '/session/09d6cbfc1090c469d64b69d80468291c/screenshot'
13:44:32.440 [AsyncHttpClient-1-2] DEBUG org.asynchttpclient.netty.handler.HttpHandler - 

Request DefaultFullHttpRequest(decodeResult: success, version: HTTP/1.1, content: EmptyByteBufBE)
GET /session/09d6cbfc1090c469d64b69d80468291c/screenshot HTTP/1.1
User-Agent: selenium/4.1.2 (java windows)
Cache-Control: no-cache
Content-Type: application/json; charset=utf-8
host: localhost:52412
accept: */*

Response DefaultHttpResponse(decodeResult: success, version: HTTP/1.1)
HTTP/1.1 200 OK
Content-Type: application/json; charset=utf-8
cache-control: no-cache
content-length: 107044

13:44:32.442 [AsyncHttpClient-1-2] DEBUG org.asynchttpclient.netty.channel.ChannelManager - Adding key: http://localhost:52412 for channel [id: 0x360e96da, L:/127.0.0.1:64368 - R:localhost/127.0.0.1:52412]
13:44:32.454 [main] DEBUG net.serenitybdd.core.photography.Darkroom - Send negative for processing for target\site\serenity\efb9e207eba7600e512c4f2083fe46ea6110b91845a7461e066ae4ee85b7d0e2.png
13:44:32.455 [main] DEBUG net.thucydides.core.steps.StepInterceptor - STEP DONE: clickloginButton
13:44:32.456 [Darkroom Processing Line] DEBUG net.serenitybdd.core.photography.DarkroomProcessingLine - Processing screenshot image in /var/screenshots/screenshot-8056618962413924745
  &amp#27;[32mAnd &amp#27;[0m&amp#27;[32madmin click on masuk button&amp#27;[0m                  &amp#27;[90m# starter.definitions.login.LoginButton()&amp#27;[0m
13:44:32.457 [Darkroom Processing Line] DEBUG net.serenitybdd.core.photography.DarkroomProcessingLine - Saving screenshot to target\site\serenity\efb9e207eba7600e512c4f2083fe46ea6110b91845a7461e066ae4ee85b7d0e2.png
13:44:32.512 [Forwarding screenshot on session 09d6cbfc1090c469d64b69d80468291c to remote] DEBUG org.asynchttpclient.netty.request.NettyRequestSender - Using pooled Channel '[id: 0x360e96da, L:/127.0.0.1:64368 - R:localhost/127.0.0.1:52412]' for 'GET' to 'http://localhost:52412/session/09d6cbfc1090c469d64b69d80468291c/screenshot'
13:44:32.513 [Forwarding screenshot on session 09d6cbfc1090c469d64b69d80468291c to remote] DEBUG org.asynchttpclient.netty.request.NettyRequestSender - Using open Channel [id: 0x360e96da, L:/127.0.0.1:64368 - R:localhost/127.0.0.1:52412] for GET '/session/09d6cbfc1090c469d64b69d80468291c/screenshot'
13:44:32.719 [AsyncHttpClient-1-2] DEBUG org.asynchttpclient.netty.handler.HttpHandler - 

Request DefaultFullHttpRequest(decodeResult: success, version: HTTP/1.1, content: EmptyByteBufBE)
GET /session/09d6cbfc1090c469d64b69d80468291c/screenshot HTTP/1.1
User-Agent: selenium/4.1.2 (java windows)
Cache-Control: no-cache
Content-Type: application/json; charset=utf-8
host: localhost:52412
accept: */*

Response DefaultHttpResponse(decodeResult: success, version: HTTP/1.1)
HTTP/1.1 200 OK
Content-Type: application/json; charset=utf-8
cache-control: no-cache
content-length: 107020

13:44:32.721 [AsyncHttpClient-1-2] DEBUG org.asynchttpclient.netty.channel.ChannelManager - Adding key: http://localhost:52412 for channel [id: 0x360e96da, L:/127.0.0.1:64368 - R:localhost/127.0.0.1:52412]
13:44:32.738 [main] DEBUG net.serenitybdd.core.photography.Darkroom - Send negative for processing for target\site\serenity\6e87135eb408c9a25f1da8d72c055635acfae183c04ec5497751c71a818a061b.png
13:44:32.739 [Darkroom Processing Line] DEBUG net.serenitybdd.core.photography.DarkroomProcessingLine - Processing screenshot image in /var/screenshots/screenshot-7319189241099906003
13:44:32.740 [Darkroom Processing Line] DEBUG net.serenitybdd.core.photography.DarkroomProcessingLine - Saving screenshot to target\site\serenity\6e87135eb408c9a25f1da8d72c055635acfae183c04ec5497751c71a818a061b.png
13:44:32.740 [main] DEBUG net.thucydides.core.steps.StepInterceptor - STARTING STEP: login.HomePage - onHomePage
13:44:32.747 [Forwarding findElement on session 09d6cbfc1090c469d64b69d80468291c to remote] DEBUG org.asynchttpclient.netty.request.NettyRequestSender - Using pooled Channel '[id: 0x360e96da, L:/127.0.0.1:64368 - R:localhost/127.0.0.1:52412]' for 'POST' to 'http://localhost:52412/session/09d6cbfc1090c469d64b69d80468291c/element'
13:44:32.747 [Forwarding findElement on session 09d6cbfc1090c469d64b69d80468291c to remote] DEBUG org.asynchttpclient.netty.request.NettyRequestSender - Using open Channel [id: 0x360e96da, L:/127.0.0.1:64368 - R:localhost/127.0.0.1:52412] for POST '/session/09d6cbfc1090c469d64b69d80468291c/element'
13:44:33.129 [AsyncHttpClient-1-1] DEBUG org.asynchttpclient.netty.channel.DefaultChannelPool - Entry count for : http://localhost:64369 : 1
13:44:34.239 [AsyncHttpClient-1-1] DEBUG org.asynchttpclient.netty.channel.DefaultChannelPool - Entry count for : http://localhost:64369 : 1
13:44:34.804 [AsyncHttpClient-1-2] DEBUG org.asynchttpclient.netty.handler.HttpHandler - 

Request DefaultHttpRequest(decodeResult: success, version: HTTP/1.1)
POST /session/09d6cbfc1090c469d64b69d80468291c/element HTTP/1.1
User-Agent: selenium/4.1.2 (java windows)
Content-Length: 101
Content-Type: application/json; charset=utf-8
host: localhost:52412
accept: */*

Response DefaultHttpResponse(decodeResult: success, version: HTTP/1.1)
HTTP/1.1 404 Not Found
Content-Type: application/json; charset=utf-8
cache-control: no-cache
content-length: 1059

13:44:34.805 [AsyncHttpClient-1-2] DEBUG org.asynchttpclient.netty.channel.ChannelManager - Adding key: http://localhost:52412 for channel [id: 0x360e96da, L:/127.0.0.1:64368 - R:localhost/127.0.0.1:52412]
13:44:34.849 [Forwarding screenshot on session 09d6cbfc1090c469d64b69d80468291c to remote] DEBUG org.asynchttpclient.netty.request.NettyRequestSender - Using pooled Channel '[id: 0x360e96da, L:/127.0.0.1:64368 - R:localhost/127.0.0.1:52412]' for 'GET' to 'http://localhost:52412/session/09d6cbfc1090c469d64b69d80468291c/screenshot'
13:44:34.849 [Forwarding screenshot on session 09d6cbfc1090c469d64b69d80468291c to remote] DEBUG org.asynchttpclient.netty.request.NettyRequestSender - Using open Channel [id: 0x360e96da, L:/127.0.0.1:64368 - R:localhost/127.0.0.1:52412] for GET '/session/09d6cbfc1090c469d64b69d80468291c/screenshot'
13:44:35.047 [AsyncHttpClient-1-2] DEBUG org.asynchttpclient.netty.handler.HttpHandler - 

Request DefaultFullHttpRequest(decodeResult: success, version: HTTP/1.1, content: EmptyByteBufBE)
GET /session/09d6cbfc1090c469d64b69d80468291c/screenshot HTTP/1.1
User-Agent: selenium/4.1.2 (java windows)
Cache-Control: no-cache
Content-Type: application/json; charset=utf-8
host: localhost:52412
accept: */*

Response DefaultHttpResponse(decodeResult: success, version: HTTP/1.1)
HTTP/1.1 200 OK
Content-Type: application/json; charset=utf-8
cache-control: no-cache
content-length: 107020

13:44:35.049 [AsyncHttpClient-1-2] DEBUG org.asynchttpclient.netty.channel.ChannelManager - Adding key: http://localhost:52412 for channel [id: 0x360e96da, L:/127.0.0.1:64368 - R:localhost/127.0.0.1:52412]
13:44:35.061 [main] DEBUG net.serenitybdd.core.photography.Darkroom - Send negative for processing for target\site\serenity\6e87135eb408c9a25f1da8d72c055635acfae183c04ec5497751c71a818a061b.png
13:44:35.067 [Forwarding getPageSource on session 09d6cbfc1090c469d64b69d80468291c to remote] DEBUG org.asynchttpclient.netty.request.NettyRequestSender - Using pooled Channel '[id: 0x360e96da, L:/127.0.0.1:64368 - R:localhost/127.0.0.1:52412]' for 'POST' to 'http://localhost:52412/session/09d6cbfc1090c469d64b69d80468291c/execute/sync'
13:44:35.067 [Forwarding getPageSource on session 09d6cbfc1090c469d64b69d80468291c to remote] DEBUG org.asynchttpclient.netty.request.NettyRequestSender - Using open Channel [id: 0x360e96da, L:/127.0.0.1:64368 - R:localhost/127.0.0.1:52412] for POST '/session/09d6cbfc1090c469d64b69d80468291c/execute/sync'
13:44:35.329 [AsyncHttpClient-1-2] DEBUG org.asynchttpclient.netty.handler.HttpHandler - 

Request DefaultHttpRequest(decodeResult: success, version: HTTP/1.1)
POST /session/09d6cbfc1090c469d64b69d80468291c/execute/sync HTTP/1.1
User-Agent: selenium/4.1.2 (java windows)
Content-Length: 176
Content-Type: application/json; charset=utf-8
host: localhost:52412
accept: */*

Response DefaultHttpResponse(decodeResult: success, version: HTTP/1.1)
HTTP/1.1 200 OK
Content-Type: application/json; charset=utf-8
cache-control: no-cache
content-length: 149125

13:44:35.332 [AsyncHttpClient-1-2] DEBUG org.asynchttpclient.netty.channel.ChannelManager - Adding key: http://localhost:52412 for channel [id: 0x360e96da, L:/127.0.0.1:64368 - R:localhost/127.0.0.1:52412]
13:44:35.361 [AsyncHttpClient-1-1] DEBUG org.asynchttpclient.netty.channel.DefaultChannelPool - Entry count for : http://localhost:52412 : 1
13:44:35.361 [AsyncHttpClient-1-1] DEBUG org.asynchttpclient.netty.channel.DefaultChannelPool - Entry count for : http://localhost:64369 : 1
13:44:35.790 [Forwarding getCurrentUrl on session 09d6cbfc1090c469d64b69d80468291c to remote] DEBUG org.asynchttpclient.netty.request.NettyRequestSender - Using pooled Channel '[id: 0x360e96da, L:/127.0.0.1:64368 - R:localhost/127.0.0.1:52412]' for 'GET' to 'http://localhost:52412/session/09d6cbfc1090c469d64b69d80468291c/url'
13:44:35.791 [Forwarding getCurrentUrl on session 09d6cbfc1090c469d64b69d80468291c to remote] DEBUG org.asynchttpclient.netty.request.NettyRequestSender - Using open Channel [id: 0x360e96da, L:/127.0.0.1:64368 - R:localhost/127.0.0.1:52412] for GET '/session/09d6cbfc1090c469d64b69d80468291c/url'
13:44:35.827 [AsyncHttpClient-1-2] DEBUG org.asynchttpclient.netty.handler.HttpHandler - 

Request DefaultFullHttpRequest(decodeResult: success, version: HTTP/1.1, content: EmptyByteBufBE)
GET /session/09d6cbfc1090c469d64b69d80468291c/url HTTP/1.1
User-Agent: selenium/4.1.2 (java windows)
Cache-Control: no-cache
Content-Type: application/json; charset=utf-8
host: localhost:52412
accept: */*

Response DefaultHttpResponse(decodeResult: success, version: HTTP/1.1)
HTTP/1.1 200 OK
Content-Type: application/json; charset=utf-8
cache-control: no-cache
content-length: 83

13:44:35.828 [AsyncHttpClient-1-2] DEBUG org.asynchttpclient.netty.channel.ChannelManager - Adding key: http://localhost:52412 for channel [id: 0x360e96da, L:/127.0.0.1:64368 - R:localhost/127.0.0.1:52412]
  &amp#27;[31mThen &amp#27;[0m&amp#27;[31madmin on homepage&amp#27;[0m                           &amp#27;[90m# starter.definitions.login.HomePage()&amp#27;[0m
      &amp#27;[31morg.openqa.selenium.NoSuchElementException: no such element: Unable to locate element: {"method":"xpath","selector":"//h1[normalize-space()='Selamat Datang Admin Simars!']"}
  (Session info: chrome=103.0.5060.114)
For documentation on this error, please visit: https://selenium.dev/exceptions/#no_such_element
Build info: version: '4.1.2', revision: '9a5a329c5a'
System info: host: 'DESKTOP-KEF9BIM', ip: '192.168.56.1', os.name: 'Windows 10', os.arch: 'amd64', os.version: '10.0', java.version: '1.8.0_202'
Driver info: org.openqa.selenium.chrome.ChromeDriver
Command: [09d6cbfc1090c469d64b69d80468291c, findElement {using=xpath, value=//h1[normalize-space()='Selamat Datang Admin Simars!']}]
Capabilities {acceptInsecureCerts: false, browserName: chrome, browserVersion: 103.0.5060.114, chrome: {chromedriverVersion: 103.0.5060.53 (a1711811edd7..., userDataDir: C:\Users\Ocky\AppData\Local...}, goog:chromeOptions: {debuggerAddress: localhost:64369}, javascriptEnabled: true, networkConnectionEnabled: false, pageLoadStrategy: normal, platform: WINDOWS, platformName: WINDOWS, proxy: Proxy(), se:cdp: ws://localhost:64369/devtoo..., se:cdpVersion: 103.0.5060.114, setWindowRect: true, strictFileInteractability: false, timeouts: {implicit: 0, pageLoad: 300000, script: 30000}, unhandledPromptBehavior: dismiss and notify, webauthn:extension:credBlob: true, webauthn:extension:largeBlob: true, webauthn:virtualAuthenticators: true}
Session ID: 09d6cbfc1090c469d64b69d80468291c
	at sun.reflect.NativeConstructorAccessorImpl.newInstance0(Native Method)
	at sun.reflect.NativeConstructorAccessorImpl.newInstance(NativeConstructorAccessorImpl.java:62)
	at sun.reflect.DelegatingConstructorAccessorImpl.newInstance(DelegatingConstructorAccessorImpl.java:45)
	at java.lang.reflect.Constructor.newInstance(Constructor.java:423)
	at org.openqa.selenium.remote.codec.w3c.W3CHttpResponseCodec.createException(W3CHttpResponseCodec.java:200)
	at org.openqa.selenium.remote.codec.w3c.W3CHttpResponseCodec.decode(W3CHttpResponseCodec.java:133)
	at org.openqa.selenium.remote.codec.w3c.W3CHttpResponseCodec.decode(W3CHttpResponseCodec.java:53)
	at org.openqa.selenium.remote.HttpCommandExecutor.execute(HttpCommandExecutor.java:184)
	at org.openqa.selenium.remote.service.DriverCommandExecutor.invokeExecute(DriverCommandExecutor.java:167)
	at org.openqa.selenium.remote.service.DriverCommandExecutor.execute(DriverCommandExecutor.java:142)
	at org.openqa.selenium.remote.RemoteWebDriver.execute(RemoteWebDriver.java:558)
	at org.openqa.selenium.remote.ElementLocation$ElementFinder$2.findElement(ElementLocation.java:162)
	at org.openqa.selenium.remote.ElementLocation.findElement(ElementLocation.java:60)
	at org.openqa.selenium.remote.RemoteWebDriver.findElement(RemoteWebDriver.java:382)
	at org.openqa.selenium.remote.RemoteWebDriver.findElement(RemoteWebDriver.java:374)
	at net.thucydides.core.webdriver.WebDriverFacade.findElement(WebDriverFacade.java:224)
	at net.serenitybdd.core.pages.WebElementResolverByLocator.resolveForDriver(WebElementResolverByLocator.java:25)
	at net.serenitybdd.core.pages.WebElementFacadeImpl.getResolvedElement(WebElementFacadeImpl.java:191)
	at net.serenitybdd.core.pages.WebElementFacadeImpl.getElement(WebElementFacadeImpl.java:186)
	at net.serenitybdd.core.pages.WebElementFacadeImpl.isDisplayed(WebElementFacadeImpl.java:1289)
	at starter.pages.homepages.onHomePage(homepages.java:16)
	at starter.pages.homepages$ByteBuddy$mGBKFi8p.onHomePage$accessor$OUXwTWKQ(Unknown Source)
	at sun.reflect.NativeMethodAccessorImpl.invoke0(Native Method)
	at sun.reflect.NativeMethodAccessorImpl.invoke(NativeMethodAccessorImpl.java:62)
	at sun.reflect.DelegatingMethodAccessorImpl.invoke(DelegatingMethodAccessorImpl.java:43)
	at java.lang.reflect.Method.invoke(Method.java:498)
	at net.thucydides.core.steps.StepInterceptor.invokeMethod(StepInterceptor.java:503)
	at net.thucydides.core.steps.StepInterceptor.executeTestStepMethod(StepInterceptor.java:483)
	at net.thucydides.core.steps.StepInterceptor.runTestStep(StepInterceptor.java:457)
	at net.thucydides.core.steps.StepInterceptor.runOrSkipMethod(StepInterceptor.java:209)
	at net.thucydides.core.steps.StepInterceptor.testStepResult(StepInterceptor.java:196)
	at net.thucydides.core.steps.StepInterceptor.intercept(StepInterceptor.java:84)
	at net.thucydides.core.steps.ProxyConfiguration$InterceptorDispatcher.intercept(ProxyConfiguration.java:51)
	at starter.pages.homepages$ByteBuddy$mGBKFi8p.onHomePage(Unknown Source)
	at starter.definitions.login.HomePage(login.java:39)
	at âœ½.admin on homepage(file:///C:/Users/Ocky/Documents/final_project/web%20testing/src/test/resources/features/login.feature:8)
&amp#27;[0m
13:44:36.023 [main] ERROR  - 
  _____   ___   ___   _____     ___   ___   ___    ___    ___ 
 |_   _| | __| / __| |_   _|   | __| | _ \ | _ \  / _ \  | _ \
   | |   | _|  \__ \   | |     | _|  |   / |   / | (_) | |   /
   |_|   |___| |___/   |_|     |___| |_|_\ |_|_\  \___/  |_|_\

As admin I want to login with valid data
---------------------------------------------------------------
13:44:36.032 [main] DEBUG  - RELATED ISSUES: 
13:44:36.067 [main] ERROR  -     Test failed at step: On home page
13:44:36.068 [main] ERROR  -     no such element: Unable to locate element: {"method":"xpath","selector":"//h1[normalize-space()='Selamat Datang Admin Simars!']"}
13:44:36.434 [AsyncHttpClient-1-1] DEBUG org.asynchttpclient.netty.channel.DefaultChannelPool - Entry count for : http://localhost:52412 : 1
13:44:36.434 [AsyncHttpClient-1-1] DEBUG org.asynchttpclient.netty.channel.DefaultChannelPool - Entry count for : http://localhost:64369 : 1
13:44:36.650 [AsyncHttpClient-1-4] DEBUG org.asynchttpclient.netty.handler.WebSocketHandler - Channel Closed: [id: 0xb7d806a5, L:/127.0.0.1:64378 ! R:localhost/127.0.0.1:64369] with attribute NettyResponseFuture{currentRetry=5,
	isDone=1,
	isCancelled=0,
	asyncHandler=org.asynchttpclient.ws.WebSocketUpgradeHandler@1cc4f3d5,
	nettyRequest=org.asynchttpclient.netty.request.NettyRequest@3ca34448,
	future=java.util.concurrent.CompletableFuture@5447dd84[Completed normally],
	uri=ws://localhost:64369/devtools/browser/efe19508-f3c2-46fb-b28b-519d63362009,
	keepAlive=true,
	redirectCount=0,
	timeoutsHolder=null,
	inAuth=0,
	touch=1658213062359}
13:44:36.651 [AsyncHttpClient-1-4] DEBUG org.asynchttpclient.netty.channel.ChannelManager - Closing Channel [id: 0xb7d806a5, L:/127.0.0.1:64378 ! R:localhost/127.0.0.1:64369] 
13:44:36.653 [Driver Command Executor] DEBUG org.asynchttpclient.netty.request.NettyRequestSender - Using pooled Channel '[id: 0x360e96da, L:/127.0.0.1:64368 - R:localhost/127.0.0.1:52412]' for 'DELETE' to 'http://localhost:52412/session/09d6cbfc1090c469d64b69d80468291c'
13:44:36.653 [Driver Command Executor] DEBUG org.asynchttpclient.netty.request.NettyRequestSender - Using open Channel [id: 0x360e96da, L:/127.0.0.1:64368 - R:localhost/127.0.0.1:52412] for DELETE '/session/09d6cbfc1090c469d64b69d80468291c'
13:44:37.532 [AsyncHttpClient-1-1] DEBUG org.asynchttpclient.netty.channel.DefaultChannelPool - Entry count for : http://localhost:64369 : 1
13:44:37.668 [AsyncHttpClient-1-3] DEBUG org.asynchttpclient.netty.handler.HttpHandler - Unexpected I/O exception on channel [id: 0x867824c9, L:/127.0.0.1:64377 - R:localhost/127.0.0.1:64369]
java.io.IOException: An existing connection was forcibly closed by the remote host
	at sun.nio.ch.SocketDispatcher.read0(Native Method)
	at sun.nio.ch.SocketDispatcher.read(SocketDispatcher.java:43)
	at sun.nio.ch.IOUtil.readIntoNativeBuffer(IOUtil.java:223)
	at sun.nio.ch.IOUtil.read(IOUtil.java:192)
	at sun.nio.ch.SocketChannelImpl.read(SocketChannelImpl.java:380)
	at io.netty.buffer.PooledByteBuf.setBytes(PooledByteBuf.java:258)
	at io.netty.buffer.AbstractByteBuf.writeBytes(AbstractByteBuf.java:1132)
	at io.netty.channel.socket.nio.NioSocketChannel.doReadBytes(NioSocketChannel.java:350)
	at io.netty.channel.nio.AbstractNioByteChannel$NioByteUnsafe.read(AbstractNioByteChannel.java:151)
	at io.netty.channel.nio.NioEventLoop.processSelectedKey(NioEventLoop.java:722)
	at io.netty.channel.nio.NioEventLoop.processSelectedKeysOptimized(NioEventLoop.java:658)
	at io.netty.channel.nio.NioEventLoop.processSelectedKeys(NioEventLoop.java:584)
	at io.netty.channel.nio.NioEventLoop.run(NioEventLoop.java:496)
	at io.netty.util.concurrent.SingleThreadEventExecutor$4.run(SingleThreadEventExecutor.java:986)
	at io.netty.util.internal.ThreadExecutorMap$2.run(ThreadExecutorMap.java:74)
	at io.netty.util.concurrent.FastThreadLocalRunnable.run(FastThreadLocalRunnable.java:30)
	at java.lang.Thread.run(Thread.java:748)
13:44:37.669 [AsyncHttpClient-1-3] DEBUG org.asynchttpclient.netty.channel.ChannelManager - Closing Channel [id: 0x867824c9, L:/127.0.0.1:64377 - R:localhost/127.0.0.1:64369] 
13:44:37.674 [AsyncHttpClient-1-3] DEBUG org.asynchttpclient.netty.handler.HttpHandler - Channel Closed: [id: 0x867824c9, L:/127.0.0.1:64377 ! R:localhost/127.0.0.1:64369] with attribute DISCARD
13:44:37.743 [AsyncHttpClient-1-2] DEBUG org.asynchttpclient.netty.handler.HttpHandler - 

Request DefaultFullHttpRequest(decodeResult: success, version: HTTP/1.1, content: EmptyByteBufBE)
DELETE /session/09d6cbfc1090c469d64b69d80468291c HTTP/1.1
User-Agent: selenium/4.1.2 (java windows)
Content-Type: application/json; charset=utf-8
host: localhost:52412
accept: */*

Response DefaultHttpResponse(decodeResult: success, version: HTTP/1.1)
HTTP/1.1 200 OK
Content-Type: application/json; charset=utf-8
cache-control: no-cache
content-length: 14

13:44:37.743 [AsyncHttpClient-1-2] DEBUG org.asynchttpclient.netty.channel.ChannelManager - Adding key: http://localhost:52412 for channel [id: 0x360e96da, L:/127.0.0.1:64368 - R:localhost/127.0.0.1:52412]
13:44:38.168 [AsyncHttpClient-1-2] DEBUG org.asynchttpclient.netty.handler.HttpHandler - Channel Closed: [id: 0x360e96da, L:/127.0.0.1:64368 ! R:localhost/127.0.0.1:52412] with attribute DISCARD
13:44:38.628 [AsyncHttpClient-1-1] DEBUG org.asynchttpclient.netty.channel.DefaultChannelPool - Entry count for : http://localhost:52412 : 1
13:44:38.628 [AsyncHttpClient-1-1] DEBUG org.asynchttpclient.netty.channel.DefaultChannelPool - Entry count for : http://localhost:64369 : 1
13:44:38.628 [AsyncHttpClient-1-1] DEBUG org.asynchttpclient.netty.channel.DefaultChannelPool - Adding Candidate expired Channel [id: 0x360e96da, L:/127.0.0.1:64368 ! R:localhost/127.0.0.1:52412] isIdleTimeoutExpired=false isRemotelyClosed=true isTtlExpired=false
13:44:38.628 [AsyncHttpClient-1-1] DEBUG org.asynchttpclient.netty.channel.DefaultChannelPool - Closing Idle Channel [id: 0x360e96da, L:/127.0.0.1:64368 ! R:localhost/127.0.0.1:52412]
13:44:38.628 [AsyncHttpClient-1-1] DEBUG org.asynchttpclient.netty.channel.DefaultChannelPool - Adding Candidate expired Channel [id: 0x867824c9, L:/127.0.0.1:64377 ! R:localhost/127.0.0.1:64369] isIdleTimeoutExpired=false isRemotelyClosed=true isTtlExpired=false
13:44:38.628 [AsyncHttpClient-1-1] DEBUG org.asynchttpclient.netty.channel.DefaultChannelPool - Closing Idle Channel [id: 0x867824c9, L:/127.0.0.1:64377 ! R:localhost/127.0.0.1:64369]
13:44:38.629 [AsyncHttpClient-1-1] DEBUG org.asynchttpclient.netty.channel.DefaultChannelPool - Closed 2 connections out of 2 in 0 ms
]]></system-out>
    <system-err><![CDATA[Starting ChromeDriver 103.0.5060.53 (a1711811edd74ff1cf2150f36ffa3b0dae40b17f-refs/branch-heads/5060@{#853}) on port 52412
Only local connections are allowed.
Please see https://chromedriver.chromium.org/security-considerations for suggestions on keeping ChromeDriver safe.
ChromeDriver was started successfully.
Jul 19, 2022 1:44:22 PM org.openqa.selenium.remote.ProtocolHandshake createSession
INFO: Detected dialect: W3C
Jul 19, 2022 1:44:22 PM org.openqa.selenium.devtools.CdpVersionFinder findNearestMatch
WARNING: Unable to find an exact match for CDP version 103, so returning the closest version found: a no-op implementation
Jul 19, 2022 1:44:22 PM org.openqa.selenium.devtools.CdpVersionFinder findNearestMatch
INFO: Unable to find CDP implementation matching 103.
Jul 19, 2022 1:44:22 PM org.openqa.selenium.chromium.ChromiumDriver lambda$new$3
WARNING: Unable to find version of CDP to use for . You may need to include a dependency on a specific version of the CDP using something similar to `org.seleniumhq.selenium:selenium-devtools-v86:4.1.2` where the version ("v86") matches the version of the chromium-based browser you're using and the version number of the artifact is the same as Selenium's.
]]></system-err>
  </testcase>
  <testcase name="As admin I want to login with invalid id" classname="As admin I want to login, so I can register patient" time="17.057">
    <system-out><![CDATA[
Scenario: As admin I want to login with invalid id &amp#27;[90m# src/test/resources/features/login.feature:10&amp#27;[0m
13:44:38.846 [main] INFO io.cucumber.core.plugin.SerenityReporter - Running feature from file:///C:/Users/Ocky/Documents/final_project/web%20testing/src/test/resources/features/login.feature
13:44:38.858 [main] INFO  - 
  _____   ___   ___   _____     ___   _____     _     ___   _____   ___   ___  
 |_   _| | __| / __| |_   _|   / __| |_   _|   /_\   | _ \ |_   _| | __| |   \ 
   | |   | _|  \__ \   | |     \__ \   | |    / _ \  |   /   | |   | _|  | |) |
   |_|   |___| |___/   |_|     |___/   |_|   /_/ \_\ |_|_\   |_|   |___| |___/ 

As admin I want to login with invalid id(as-admin-i-want-to-login--so-i-can-register-patient;as-admin-i-want-to-login-with-invalid-id)
--------------------------------------------------------------------------------
13:44:39.007 [main] DEBUG net.thucydides.core.steps.StepInterceptor - STARTING STEP: login.ontheLoginPage - openPage
13:44:39.012 [main] INFO net.serenitybdd.core.webdriver.driverproviders.ChromeDriverProvider - Using automatically driver download
13:44:39.726 [main] DEBUG io.github.bonigarcia.wdm.cache.ResolutionCache - Resolution chrome=103 in cache (valid until 14:34:45 19/07/2022 ICT)
13:44:39.783 [main] DEBUG io.github.bonigarcia.wdm.cache.ResolutionCache - Resolution chrome103=103.0.5060.53 in cache (valid until 00:20:12 20/07/2022 ICT)
13:44:39.794 [main] INFO io.github.bonigarcia.wdm.WebDriverManager - Using chromedriver 103.0.5060.53 (resolved driver for Chrome 103)
13:44:39.840 [main] DEBUG io.github.bonigarcia.wdm.WebDriverManager - Driver chromedriver 103.0.5060.53 found in cache
13:44:39.844 [main] INFO io.github.bonigarcia.wdm.WebDriverManager - Exporting webdriver.chrome.driver as C:\Users\Ocky\.cache\selenium\chromedriver\win32\103.0.5060.53\chromedriver.exe
13:44:40.364 [main] DEBUG net.serenitybdd.core.webdriver.driverproviders.ProvideNewDriver - Instantiating driver
13:44:40.364 [main] DEBUG net.serenitybdd.core.webdriver.driverproviders.ProvideNewDriver - Driver capabilities: Capabilities {acceptInsecureCerts: false, base.url: https://development--capsto..., browserName: chrome, chrome.driver: webdriver/chromedriver.exe, driver: chrome, goog:chromeOptions: {args: [], extensions: []}}
13:44:40.959 [AsyncHttpClient-1-5] DEBUG org.asynchttpclient.netty.channel.NettyConnectListener - Using new Channel '[id: 0x8cb61b0c, L:/127.0.0.1:64398 - R:localhost/127.0.0.1:55328]' for 'POST' to '/session'
13:44:43.284 [AsyncHttpClient-1-5] DEBUG org.asynchttpclient.netty.handler.HttpHandler - 

Request DefaultHttpRequest(decodeResult: success, version: HTTP/1.1)
POST /session HTTP/1.1
User-Agent: selenium/4.1.2 (java windows)
Content-Length: 614
Content-Type: application/json; charset=utf-8
host: localhost:55328
accept: */*

Response DefaultHttpResponse(decodeResult: success, version: HTTP/1.1)
HTTP/1.1 200 OK
Content-Type: application/json; charset=utf-8
cache-control: no-cache
content-length: 790

13:44:43.285 [AsyncHttpClient-1-5] DEBUG org.asynchttpclient.netty.channel.ChannelManager - Adding key: http://localhost:55328 for channel [id: 0x8cb61b0c, L:/127.0.0.1:64398 - R:localhost/127.0.0.1:55328]
13:44:43.354 [AsyncHttpClient-1-6] DEBUG org.asynchttpclient.netty.channel.NettyConnectListener - Using new Channel '[id: 0x6577c373, L:/127.0.0.1:64406 - R:localhost/127.0.0.1:64399]' for 'GET' to '/json/version'
13:44:43.357 [AsyncHttpClient-1-6] DEBUG org.asynchttpclient.netty.handler.HttpHandler - 

Request DefaultFullHttpRequest(decodeResult: success, version: HTTP/1.1, content: EmptyByteBufBE)
GET /json/version HTTP/1.1
User-Agent: selenium/4.1.2 (java windows)
host: localhost:64399
accept: */*

Response DefaultHttpResponse(decodeResult: success, version: HTTP/1.1)
HTTP/1.1 200 OK
Content-Type: application/json; charset=UTF-8
content-length: 429

13:44:43.360 [AsyncHttpClient-1-6] DEBUG org.asynchttpclient.netty.channel.ChannelManager - Adding key: http://localhost:64399 for channel [id: 0x6577c373, L:/127.0.0.1:64406 - R:localhost/127.0.0.1:64399]
13:44:43.382 [AsyncHttpClient-1-7] DEBUG org.asynchttpclient.netty.channel.NettyConnectListener - Using new Channel '[id: 0x58013a0a, L:/127.0.0.1:64407 - R:localhost/127.0.0.1:64399]' for 'GET' to '/devtools/browser/95f083fb-6772-4b07-b33a-b3272d2be964'
13:44:43.386 [AsyncHttpClient-1-7] DEBUG org.asynchttpclient.netty.handler.WebSocketHandler - 

Request DefaultFullHttpRequest(decodeResult: success, version: HTTP/1.1, content: EmptyByteBufBE)
GET /devtools/browser/95f083fb-6772-4b07-b33a-b3272d2be964 HTTP/1.1
upgrade: websocket
connection: upgrade
sec-websocket-key: aAh7SyJji2LBnBMukLJPqw==
sec-websocket-version: 13
origin: http://localhost:64399
host: localhost:64399
accept: */*
user-agent: AHC/2.1

Response DefaultHttpResponse(decodeResult: success, version: HTTP/1.1)
HTTP/1.1 101 WebSocket Protocol Handshake
Upgrade: WebSocket
Connection: Upgrade
Sec-WebSocket-Accept: vSLV0vIWIbfsSVakiIOFqd0C0tU=

13:44:43.402 [Forwarding get on session ba53e80af0c8e037b4d3715f22f00342 to remote] DEBUG org.asynchttpclient.netty.request.NettyRequestSender - Using pooled Channel '[id: 0x8cb61b0c, L:/127.0.0.1:64398 - R:localhost/127.0.0.1:55328]' for 'POST' to 'http://localhost:55328/session/ba53e80af0c8e037b4d3715f22f00342/url'
13:44:43.402 [Forwarding get on session ba53e80af0c8e037b4d3715f22f00342 to remote] DEBUG org.asynchttpclient.netty.request.NettyRequestSender - Using open Channel [id: 0x8cb61b0c, L:/127.0.0.1:64398 - R:localhost/127.0.0.1:55328] for POST '/session/ba53e80af0c8e037b4d3715f22f00342/url'
13:44:44.129 [AsyncHttpClient-1-1] DEBUG org.asynchttpclient.netty.channel.DefaultChannelPool - Entry count for : http://localhost:64399 : 1
13:44:45.227 [AsyncHttpClient-1-1] DEBUG org.asynchttpclient.netty.channel.DefaultChannelPool - Entry count for : http://localhost:64399 : 1
13:44:46.328 [AsyncHttpClient-1-1] DEBUG org.asynchttpclient.netty.channel.DefaultChannelPool - Entry count for : http://localhost:64399 : 1
13:44:47.429 [AsyncHttpClient-1-1] DEBUG org.asynchttpclient.netty.channel.DefaultChannelPool - Entry count for : http://localhost:64399 : 1
13:44:48.541 [AsyncHttpClient-1-1] DEBUG org.asynchttpclient.netty.channel.DefaultChannelPool - Entry count for : http://localhost:64399 : 1
13:44:49.629 [AsyncHttpClient-1-1] DEBUG org.asynchttpclient.netty.channel.DefaultChannelPool - Entry count for : http://localhost:64399 : 1
13:44:50.242 [AsyncHttpClient-1-5] DEBUG org.asynchttpclient.netty.handler.HttpHandler - 

Request DefaultHttpRequest(decodeResult: success, version: HTTP/1.1)
POST /session/ba53e80af0c8e037b4d3715f22f00342/url HTTP/1.1
User-Agent: selenium/4.1.2 (java windows)
Content-Length: 92
Content-Type: application/json; charset=utf-8
host: localhost:55328
accept: */*

Response DefaultHttpResponse(decodeResult: success, version: HTTP/1.1)
HTTP/1.1 200 OK
Content-Type: application/json; charset=utf-8
cache-control: no-cache
content-length: 14

13:44:50.242 [AsyncHttpClient-1-5] DEBUG org.asynchttpclient.netty.channel.ChannelManager - Adding key: http://localhost:55328 for channel [id: 0x8cb61b0c, L:/127.0.0.1:64398 - R:localhost/127.0.0.1:55328]
13:44:50.252 [Forwarding setTimeout on session ba53e80af0c8e037b4d3715f22f00342 to remote] DEBUG org.asynchttpclient.netty.request.NettyRequestSender - Using pooled Channel '[id: 0x8cb61b0c, L:/127.0.0.1:64398 - R:localhost/127.0.0.1:55328]' for 'POST' to 'http://localhost:55328/session/ba53e80af0c8e037b4d3715f22f00342/timeouts'
13:44:50.252 [Forwarding setTimeout on session ba53e80af0c8e037b4d3715f22f00342 to remote] DEBUG org.asynchttpclient.netty.request.NettyRequestSender - Using open Channel [id: 0x8cb61b0c, L:/127.0.0.1:64398 - R:localhost/127.0.0.1:55328] for POST '/session/ba53e80af0c8e037b4d3715f22f00342/timeouts'
13:44:50.273 [AsyncHttpClient-1-5] DEBUG org.asynchttpclient.netty.handler.HttpHandler - 

Request DefaultHttpRequest(decodeResult: success, version: HTTP/1.1)
POST /session/ba53e80af0c8e037b4d3715f22f00342/timeouts HTTP/1.1
User-Agent: selenium/4.1.2 (java windows)
Content-Length: 22
Content-Type: application/json; charset=utf-8
host: localhost:55328
accept: */*

Response DefaultHttpResponse(decodeResult: success, version: HTTP/1.1)
HTTP/1.1 200 OK
Content-Type: application/json; charset=utf-8
cache-control: no-cache
content-length: 14

13:44:50.324 [AsyncHttpClient-1-5] DEBUG org.asynchttpclient.netty.channel.ChannelManager - Adding key: http://localhost:55328 for channel [id: 0x8cb61b0c, L:/127.0.0.1:64398 - R:localhost/127.0.0.1:55328]
13:44:50.347 [Forwarding getCurrentUrl on session ba53e80af0c8e037b4d3715f22f00342 to remote] DEBUG org.asynchttpclient.netty.request.NettyRequestSender - Using pooled Channel '[id: 0x8cb61b0c, L:/127.0.0.1:64398 - R:localhost/127.0.0.1:55328]' for 'GET' to 'http://localhost:55328/session/ba53e80af0c8e037b4d3715f22f00342/url'
13:44:50.347 [Forwarding getCurrentUrl on session ba53e80af0c8e037b4d3715f22f00342 to remote] DEBUG org.asynchttpclient.netty.request.NettyRequestSender - Using open Channel [id: 0x8cb61b0c, L:/127.0.0.1:64398 - R:localhost/127.0.0.1:55328] for GET '/session/ba53e80af0c8e037b4d3715f22f00342/url'
13:44:50.373 [AsyncHttpClient-1-5] DEBUG org.asynchttpclient.netty.handler.HttpHandler - 

Request DefaultFullHttpRequest(decodeResult: success, version: HTTP/1.1, content: EmptyByteBufBE)
GET /session/ba53e80af0c8e037b4d3715f22f00342/url HTTP/1.1
User-Agent: selenium/4.1.2 (java windows)
Cache-Control: no-cache
Content-Type: application/json; charset=utf-8
host: localhost:55328
accept: */*

Response DefaultHttpResponse(decodeResult: success, version: HTTP/1.1)
HTTP/1.1 200 OK
Content-Type: application/json; charset=utf-8
cache-control: no-cache
content-length: 74

13:44:50.374 [AsyncHttpClient-1-5] DEBUG org.asynchttpclient.netty.channel.ChannelManager - Adding key: http://localhost:55328 for channel [id: 0x8cb61b0c, L:/127.0.0.1:64398 - R:localhost/127.0.0.1:55328]
13:44:50.384 [Forwarding getCurrentUrl on session ba53e80af0c8e037b4d3715f22f00342 to remote] DEBUG org.asynchttpclient.netty.request.NettyRequestSender - Using pooled Channel '[id: 0x8cb61b0c, L:/127.0.0.1:64398 - R:localhost/127.0.0.1:55328]' for 'GET' to 'http://localhost:55328/session/ba53e80af0c8e037b4d3715f22f00342/url'
13:44:50.384 [Forwarding getCurrentUrl on session ba53e80af0c8e037b4d3715f22f00342 to remote] DEBUG org.asynchttpclient.netty.request.NettyRequestSender - Using open Channel [id: 0x8cb61b0c, L:/127.0.0.1:64398 - R:localhost/127.0.0.1:55328] for GET '/session/ba53e80af0c8e037b4d3715f22f00342/url'
13:44:50.394 [AsyncHttpClient-1-5] DEBUG org.asynchttpclient.netty.handler.HttpHandler - 

Request DefaultFullHttpRequest(decodeResult: success, version: HTTP/1.1, content: EmptyByteBufBE)
GET /session/ba53e80af0c8e037b4d3715f22f00342/url HTTP/1.1
User-Agent: selenium/4.1.2 (java windows)
Cache-Control: no-cache
Content-Type: application/json; charset=utf-8
host: localhost:55328
accept: */*

Response DefaultHttpResponse(decodeResult: success, version: HTTP/1.1)
HTTP/1.1 200 OK
Content-Type: application/json; charset=utf-8
cache-control: no-cache
content-length: 74

13:44:50.395 [AsyncHttpClient-1-5] DEBUG org.asynchttpclient.netty.channel.ChannelManager - Adding key: http://localhost:55328 for channel [id: 0x8cb61b0c, L:/127.0.0.1:64398 - R:localhost/127.0.0.1:55328]
13:44:50.410 [Forwarding screenshot on session ba53e80af0c8e037b4d3715f22f00342 to remote] DEBUG org.asynchttpclient.netty.request.NettyRequestSender - Using pooled Channel '[id: 0x8cb61b0c, L:/127.0.0.1:64398 - R:localhost/127.0.0.1:55328]' for 'GET' to 'http://localhost:55328/session/ba53e80af0c8e037b4d3715f22f00342/screenshot'
13:44:50.411 [Forwarding screenshot on session ba53e80af0c8e037b4d3715f22f00342 to remote] DEBUG org.asynchttpclient.netty.request.NettyRequestSender - Using open Channel [id: 0x8cb61b0c, L:/127.0.0.1:64398 - R:localhost/127.0.0.1:55328] for GET '/session/ba53e80af0c8e037b4d3715f22f00342/screenshot'
13:44:50.590 [AsyncHttpClient-1-5] DEBUG org.asynchttpclient.netty.handler.HttpHandler - 

Request DefaultFullHttpRequest(decodeResult: success, version: HTTP/1.1, content: EmptyByteBufBE)
GET /session/ba53e80af0c8e037b4d3715f22f00342/screenshot HTTP/1.1
User-Agent: selenium/4.1.2 (java windows)
Cache-Control: no-cache
Content-Type: application/json; charset=utf-8
host: localhost:55328
accept: */*

Response DefaultHttpResponse(decodeResult: success, version: HTTP/1.1)
HTTP/1.1 200 OK
Content-Type: application/json; charset=utf-8
cache-control: no-cache
content-length: 109728

13:44:50.592 [AsyncHttpClient-1-5] DEBUG org.asynchttpclient.netty.channel.ChannelManager - Adding key: http://localhost:55328 for channel [id: 0x8cb61b0c, L:/127.0.0.1:64398 - R:localhost/127.0.0.1:55328]
13:44:50.600 [main] DEBUG net.serenitybdd.core.photography.Darkroom - Send negative for processing for target\site\serenity\326760b024a2bafe5199b4136c4d7275acb72afc7df37f280ab5f6ac1dcc7641.png
13:44:50.600 [main] DEBUG net.thucydides.core.steps.StepInterceptor - STEP DONE: openPage
13:44:50.617 [main] DEBUG net.thucydides.core.steps.StepInterceptor - STARTING STEP: login.ontheLoginPage - validateonLoginPage
13:44:50.622 [Forwarding findElement on session ba53e80af0c8e037b4d3715f22f00342 to remote] DEBUG org.asynchttpclient.netty.request.NettyRequestSender - Using pooled Channel '[id: 0x8cb61b0c, L:/127.0.0.1:64398 - R:localhost/127.0.0.1:55328]' for 'POST' to 'http://localhost:55328/session/ba53e80af0c8e037b4d3715f22f00342/element'
13:44:50.622 [Forwarding findElement on session ba53e80af0c8e037b4d3715f22f00342 to remote] DEBUG org.asynchttpclient.netty.request.NettyRequestSender - Using open Channel [id: 0x8cb61b0c, L:/127.0.0.1:64398 - R:localhost/127.0.0.1:55328] for POST '/session/ba53e80af0c8e037b4d3715f22f00342/element'
13:44:50.678 [AsyncHttpClient-1-5] DEBUG org.asynchttpclient.netty.handler.HttpHandler - 

Request DefaultHttpRequest(decodeResult: success, version: HTTP/1.1)
POST /session/ba53e80af0c8e037b4d3715f22f00342/element HTTP/1.1
User-Agent: selenium/4.1.2 (java windows)
Content-Length: 101
Content-Type: application/json; charset=utf-8
host: localhost:55328
accept: */*

Response DefaultHttpResponse(decodeResult: success, version: HTTP/1.1)
HTTP/1.1 200 OK
Content-Type: application/json; charset=utf-8
cache-control: no-cache
content-length: 88

13:44:50.679 [AsyncHttpClient-1-5] DEBUG org.asynchttpclient.netty.channel.ChannelManager - Adding key: http://localhost:55328 for channel [id: 0x8cb61b0c, L:/127.0.0.1:64398 - R:localhost/127.0.0.1:55328]
13:44:50.689 [Forwarding isElementDisplayed on session ba53e80af0c8e037b4d3715f22f00342 to remote] DEBUG org.asynchttpclient.netty.request.NettyRequestSender - Using pooled Channel '[id: 0x8cb61b0c, L:/127.0.0.1:64398 - R:localhost/127.0.0.1:55328]' for 'POST' to 'http://localhost:55328/session/ba53e80af0c8e037b4d3715f22f00342/execute/sync'
13:44:50.689 [Forwarding isElementDisplayed on session ba53e80af0c8e037b4d3715f22f00342 to remote] DEBUG org.asynchttpclient.netty.request.NettyRequestSender - Using open Channel [id: 0x8cb61b0c, L:/127.0.0.1:64398 - R:localhost/127.0.0.1:55328] for POST '/session/ba53e80af0c8e037b4d3715f22f00342/execute/sync'
13:44:50.730 [AsyncHttpClient-1-1] DEBUG org.asynchttpclient.netty.channel.DefaultChannelPool - Entry count for : http://localhost:64399 : 1
13:44:50.740 [AsyncHttpClient-1-5] DEBUG org.asynchttpclient.netty.handler.HttpHandler - 

Request DefaultHttpRequest(decodeResult: success, version: HTTP/1.1)
POST /session/ba53e80af0c8e037b4d3715f22f00342/execute/sync HTTP/1.1
User-Agent: selenium/4.1.2 (java windows)
Content-Length: 48780
Content-Type: application/json; charset=utf-8
host: localhost:55328
accept: */*

Response DefaultHttpResponse(decodeResult: success, version: HTTP/1.1)
HTTP/1.1 200 OK
Content-Type: application/json; charset=utf-8
cache-control: no-cache
content-length: 14

13:44:50.741 [AsyncHttpClient-1-5] DEBUG org.asynchttpclient.netty.channel.ChannelManager - Adding key: http://localhost:55328 for channel [id: 0x8cb61b0c, L:/127.0.0.1:64398 - R:localhost/127.0.0.1:55328]
13:44:50.752 [Forwarding screenshot on session ba53e80af0c8e037b4d3715f22f00342 to remote] DEBUG org.asynchttpclient.netty.request.NettyRequestSender - Using pooled Channel '[id: 0x8cb61b0c, L:/127.0.0.1:64398 - R:localhost/127.0.0.1:55328]' for 'GET' to 'http://localhost:55328/session/ba53e80af0c8e037b4d3715f22f00342/screenshot'
13:44:50.752 [Forwarding screenshot on session ba53e80af0c8e037b4d3715f22f00342 to remote] DEBUG org.asynchttpclient.netty.request.NettyRequestSender - Using open Channel [id: 0x8cb61b0c, L:/127.0.0.1:64398 - R:localhost/127.0.0.1:55328] for GET '/session/ba53e80af0c8e037b4d3715f22f00342/screenshot'
13:44:50.951 [AsyncHttpClient-1-5] DEBUG org.asynchttpclient.netty.handler.HttpHandler - 

Request DefaultFullHttpRequest(decodeResult: success, version: HTTP/1.1, content: EmptyByteBufBE)
GET /session/ba53e80af0c8e037b4d3715f22f00342/screenshot HTTP/1.1
User-Agent: selenium/4.1.2 (java windows)
Cache-Control: no-cache
Content-Type: application/json; charset=utf-8
host: localhost:55328
accept: */*

Response DefaultHttpResponse(decodeResult: success, version: HTTP/1.1)
HTTP/1.1 200 OK
Content-Type: application/json; charset=utf-8
cache-control: no-cache
content-length: 109728

13:44:50.953 [AsyncHttpClient-1-5] DEBUG org.asynchttpclient.netty.channel.ChannelManager - Adding key: http://localhost:55328 for channel [id: 0x8cb61b0c, L:/127.0.0.1:64398 - R:localhost/127.0.0.1:55328]
13:44:50.968 [main] DEBUG net.serenitybdd.core.photography.Darkroom - Send negative for processing for target\site\serenity\326760b024a2bafe5199b4136c4d7275acb72afc7df37f280ab5f6ac1dcc7641.png
13:44:50.969 [main] DEBUG net.thucydides.core.steps.StepInterceptor - STEP DONE: validateonLoginPage
  &amp#27;[32mGiven &amp#27;[0m&amp#27;[32madmin on login page&amp#27;[0m                        &amp#27;[90m# starter.definitions.login.ontheLoginPage()&amp#27;[0m
13:44:51.051 [Forwarding screenshot on session ba53e80af0c8e037b4d3715f22f00342 to remote] DEBUG org.asynchttpclient.netty.request.NettyRequestSender - Using pooled Channel '[id: 0x8cb61b0c, L:/127.0.0.1:64398 - R:localhost/127.0.0.1:55328]' for 'GET' to 'http://localhost:55328/session/ba53e80af0c8e037b4d3715f22f00342/screenshot'
13:44:51.051 [Forwarding screenshot on session ba53e80af0c8e037b4d3715f22f00342 to remote] DEBUG org.asynchttpclient.netty.request.NettyRequestSender - Using open Channel [id: 0x8cb61b0c, L:/127.0.0.1:64398 - R:localhost/127.0.0.1:55328] for GET '/session/ba53e80af0c8e037b4d3715f22f00342/screenshot'
13:44:51.242 [AsyncHttpClient-1-5] DEBUG org.asynchttpclient.netty.handler.HttpHandler - 

Request DefaultFullHttpRequest(decodeResult: success, version: HTTP/1.1, content: EmptyByteBufBE)
GET /session/ba53e80af0c8e037b4d3715f22f00342/screenshot HTTP/1.1
User-Agent: selenium/4.1.2 (java windows)
Cache-Control: no-cache
Content-Type: application/json; charset=utf-8
host: localhost:55328
accept: */*

Response DefaultHttpResponse(decodeResult: success, version: HTTP/1.1)
HTTP/1.1 200 OK
Content-Type: application/json; charset=utf-8
cache-control: no-cache
content-length: 109728

13:44:51.245 [AsyncHttpClient-1-5] DEBUG org.asynchttpclient.netty.channel.ChannelManager - Adding key: http://localhost:55328 for channel [id: 0x8cb61b0c, L:/127.0.0.1:64398 - R:localhost/127.0.0.1:55328]
13:44:51.260 [main] DEBUG net.serenitybdd.core.photography.Darkroom - Send negative for processing for target\site\serenity\326760b024a2bafe5199b4136c4d7275acb72afc7df37f280ab5f6ac1dcc7641.png
13:44:51.261 [main] DEBUG net.thucydides.core.steps.StepInterceptor - STARTING STEP: login.invalidID - invalidID
13:44:51.271 [Forwarding findElement on session ba53e80af0c8e037b4d3715f22f00342 to remote] DEBUG org.asynchttpclient.netty.request.NettyRequestSender - Using pooled Channel '[id: 0x8cb61b0c, L:/127.0.0.1:64398 - R:localhost/127.0.0.1:55328]' for 'POST' to 'http://localhost:55328/session/ba53e80af0c8e037b4d3715f22f00342/element'
13:44:51.272 [Forwarding findElement on session ba53e80af0c8e037b4d3715f22f00342 to remote] DEBUG org.asynchttpclient.netty.request.NettyRequestSender - Using open Channel [id: 0x8cb61b0c, L:/127.0.0.1:64398 - R:localhost/127.0.0.1:55328] for POST '/session/ba53e80af0c8e037b4d3715f22f00342/element'
13:44:51.313 [AsyncHttpClient-1-5] DEBUG org.asynchttpclient.netty.handler.HttpHandler - 

Request DefaultHttpRequest(decodeResult: success, version: HTTP/1.1)
POST /session/ba53e80af0c8e037b4d3715f22f00342/element HTTP/1.1
User-Agent: selenium/4.1.2 (java windows)
Content-Length: 47
Content-Type: application/json; charset=utf-8
host: localhost:55328
accept: */*

Response DefaultHttpResponse(decodeResult: success, version: HTTP/1.1)
HTTP/1.1 200 OK
Content-Type: application/json; charset=utf-8
cache-control: no-cache
content-length: 88

13:44:51.314 [AsyncHttpClient-1-5] DEBUG org.asynchttpclient.netty.channel.ChannelManager - Adding key: http://localhost:55328 for channel [id: 0x8cb61b0c, L:/127.0.0.1:64398 - R:localhost/127.0.0.1:55328]
13:44:51.317 [Forwarding clearElement on session ba53e80af0c8e037b4d3715f22f00342 to remote] DEBUG org.asynchttpclient.netty.request.NettyRequestSender - Using pooled Channel '[id: 0x8cb61b0c, L:/127.0.0.1:64398 - R:localhost/127.0.0.1:55328]' for 'POST' to 'http://localhost:55328/session/ba53e80af0c8e037b4d3715f22f00342/element/89bad292-8385-426d-b4d9-f67de56b511d/clear'
13:44:51.318 [Forwarding clearElement on session ba53e80af0c8e037b4d3715f22f00342 to remote] DEBUG org.asynchttpclient.netty.request.NettyRequestSender - Using open Channel [id: 0x8cb61b0c, L:/127.0.0.1:64398 - R:localhost/127.0.0.1:55328] for POST '/session/ba53e80af0c8e037b4d3715f22f00342/element/89bad292-8385-426d-b4d9-f67de56b511d/clear'
13:44:51.446 [AsyncHttpClient-1-5] DEBUG org.asynchttpclient.netty.handler.HttpHandler - 

Request DefaultHttpRequest(decodeResult: success, version: HTTP/1.1)
POST /session/ba53e80af0c8e037b4d3715f22f00342/element/89bad292-8385-426d-b4d9-f67de56b511d/clear HTTP/1.1
User-Agent: selenium/4.1.2 (java windows)
Content-Length: 50
Content-Type: application/json; charset=utf-8
host: localhost:55328
accept: */*

Response DefaultHttpResponse(decodeResult: success, version: HTTP/1.1)
HTTP/1.1 200 OK
Content-Type: application/json; charset=utf-8
cache-control: no-cache
content-length: 14

13:44:51.448 [AsyncHttpClient-1-5] DEBUG org.asynchttpclient.netty.channel.ChannelManager - Adding key: http://localhost:55328 for channel [id: 0x8cb61b0c, L:/127.0.0.1:64398 - R:localhost/127.0.0.1:55328]
13:44:51.452 [Forwarding sendKeysToElement on session ba53e80af0c8e037b4d3715f22f00342 to remote] DEBUG org.asynchttpclient.netty.request.NettyRequestSender - Using pooled Channel '[id: 0x8cb61b0c, L:/127.0.0.1:64398 - R:localhost/127.0.0.1:55328]' for 'POST' to 'http://localhost:55328/session/ba53e80af0c8e037b4d3715f22f00342/element/89bad292-8385-426d-b4d9-f67de56b511d/value'
13:44:51.453 [Forwarding sendKeysToElement on session ba53e80af0c8e037b4d3715f22f00342 to remote] DEBUG org.asynchttpclient.netty.request.NettyRequestSender - Using open Channel [id: 0x8cb61b0c, L:/127.0.0.1:64398 - R:localhost/127.0.0.1:55328] for POST '/session/ba53e80af0c8e037b4d3715f22f00342/element/89bad292-8385-426d-b4d9-f67de56b511d/value'
13:44:51.707 [AsyncHttpClient-1-5] DEBUG org.asynchttpclient.netty.handler.HttpHandler - 

Request DefaultHttpRequest(decodeResult: success, version: HTTP/1.1)
POST /session/ba53e80af0c8e037b4d3715f22f00342/element/89bad292-8385-426d-b4d9-f67de56b511d/value HTTP/1.1
User-Agent: selenium/4.1.2 (java windows)
Content-Length: 131
Content-Type: application/json; charset=utf-8
host: localhost:55328
accept: */*

Response DefaultHttpResponse(decodeResult: success, version: HTTP/1.1)
HTTP/1.1 200 OK
Content-Type: application/json; charset=utf-8
cache-control: no-cache
content-length: 14

13:44:51.707 [AsyncHttpClient-1-5] DEBUG org.asynchttpclient.netty.channel.ChannelManager - Adding key: http://localhost:55328 for channel [id: 0x8cb61b0c, L:/127.0.0.1:64398 - R:localhost/127.0.0.1:55328]
13:44:51.727 [Forwarding screenshot on session ba53e80af0c8e037b4d3715f22f00342 to remote] DEBUG org.asynchttpclient.netty.request.NettyRequestSender - Using pooled Channel '[id: 0x8cb61b0c, L:/127.0.0.1:64398 - R:localhost/127.0.0.1:55328]' for 'GET' to 'http://localhost:55328/session/ba53e80af0c8e037b4d3715f22f00342/screenshot'
13:44:51.728 [Forwarding screenshot on session ba53e80af0c8e037b4d3715f22f00342 to remote] DEBUG org.asynchttpclient.netty.request.NettyRequestSender - Using open Channel [id: 0x8cb61b0c, L:/127.0.0.1:64398 - R:localhost/127.0.0.1:55328] for GET '/session/ba53e80af0c8e037b4d3715f22f00342/screenshot'
13:44:51.832 [AsyncHttpClient-1-1] DEBUG org.asynchttpclient.netty.channel.DefaultChannelPool - Entry count for : http://localhost:64399 : 1
13:44:51.949 [AsyncHttpClient-1-5] DEBUG org.asynchttpclient.netty.handler.HttpHandler - 

Request DefaultFullHttpRequest(decodeResult: success, version: HTTP/1.1, content: EmptyByteBufBE)
GET /session/ba53e80af0c8e037b4d3715f22f00342/screenshot HTTP/1.1
User-Agent: selenium/4.1.2 (java windows)
Cache-Control: no-cache
Content-Type: application/json; charset=utf-8
host: localhost:55328
accept: */*

Response DefaultHttpResponse(decodeResult: success, version: HTTP/1.1)
HTTP/1.1 200 OK
Content-Type: application/json; charset=utf-8
cache-control: no-cache
content-length: 108808

13:44:51.952 [AsyncHttpClient-1-5] DEBUG org.asynchttpclient.netty.channel.ChannelManager - Adding key: http://localhost:55328 for channel [id: 0x8cb61b0c, L:/127.0.0.1:64398 - R:localhost/127.0.0.1:55328]
13:44:51.963 [main] DEBUG net.serenitybdd.core.photography.Darkroom - Send negative for processing for target\site\serenity\e6b561f12d131451f87316a74a26ec1c9f965aae6c8187dbc83feb668c012755.png
13:44:51.964 [main] DEBUG net.thucydides.core.steps.StepInterceptor - STEP DONE: invalidID
  &amp#27;[32mWhen &amp#27;[0m&amp#27;[32madmin input invalid id&amp#27;[0m                      &amp#27;[90m# starter.definitions.login.invalidID()&amp#27;[0m
13:44:51.965 [Darkroom Processing Line] DEBUG net.serenitybdd.core.photography.DarkroomProcessingLine - Processing screenshot image in /var/screenshots/screenshot-4075374420412296926
13:44:51.965 [Darkroom Processing Line] DEBUG net.serenitybdd.core.photography.DarkroomProcessingLine - Saving screenshot to target\site\serenity\e6b561f12d131451f87316a74a26ec1c9f965aae6c8187dbc83feb668c012755.png
13:44:52.015 [Forwarding screenshot on session ba53e80af0c8e037b4d3715f22f00342 to remote] DEBUG org.asynchttpclient.netty.request.NettyRequestSender - Using pooled Channel '[id: 0x8cb61b0c, L:/127.0.0.1:64398 - R:localhost/127.0.0.1:55328]' for 'GET' to 'http://localhost:55328/session/ba53e80af0c8e037b4d3715f22f00342/screenshot'
13:44:52.016 [Forwarding screenshot on session ba53e80af0c8e037b4d3715f22f00342 to remote] DEBUG org.asynchttpclient.netty.request.NettyRequestSender - Using open Channel [id: 0x8cb61b0c, L:/127.0.0.1:64398 - R:localhost/127.0.0.1:55328] for GET '/session/ba53e80af0c8e037b4d3715f22f00342/screenshot'
13:44:52.255 [AsyncHttpClient-1-5] DEBUG org.asynchttpclient.netty.handler.HttpHandler - 

Request DefaultFullHttpRequest(decodeResult: success, version: HTTP/1.1, content: EmptyByteBufBE)
GET /session/ba53e80af0c8e037b4d3715f22f00342/screenshot HTTP/1.1
User-Agent: selenium/4.1.2 (java windows)
Cache-Control: no-cache
Content-Type: application/json; charset=utf-8
host: localhost:55328
accept: */*

Response DefaultHttpResponse(decodeResult: success, version: HTTP/1.1)
HTTP/1.1 200 OK
Content-Type: application/json; charset=utf-8
cache-control: no-cache
content-length: 108808

13:44:52.257 [AsyncHttpClient-1-5] DEBUG org.asynchttpclient.netty.channel.ChannelManager - Adding key: http://localhost:55328 for channel [id: 0x8cb61b0c, L:/127.0.0.1:64398 - R:localhost/127.0.0.1:55328]
13:44:52.269 [main] DEBUG net.serenitybdd.core.photography.Darkroom - Send negative for processing for target\site\serenity\e6b561f12d131451f87316a74a26ec1c9f965aae6c8187dbc83feb668c012755.png
13:44:52.270 [main] DEBUG net.thucydides.core.steps.StepInterceptor - STARTING STEP: login.ValidPassword - inputPassword
13:44:52.282 [Forwarding findElement on session ba53e80af0c8e037b4d3715f22f00342 to remote] DEBUG org.asynchttpclient.netty.request.NettyRequestSender - Using pooled Channel '[id: 0x8cb61b0c, L:/127.0.0.1:64398 - R:localhost/127.0.0.1:55328]' for 'POST' to 'http://localhost:55328/session/ba53e80af0c8e037b4d3715f22f00342/element'
13:44:52.282 [Forwarding findElement on session ba53e80af0c8e037b4d3715f22f00342 to remote] DEBUG org.asynchttpclient.netty.request.NettyRequestSender - Using open Channel [id: 0x8cb61b0c, L:/127.0.0.1:64398 - R:localhost/127.0.0.1:55328] for POST '/session/ba53e80af0c8e037b4d3715f22f00342/element'
13:44:52.322 [AsyncHttpClient-1-5] DEBUG org.asynchttpclient.netty.handler.HttpHandler - 

Request DefaultHttpRequest(decodeResult: success, version: HTTP/1.1)
POST /session/ba53e80af0c8e037b4d3715f22f00342/element HTTP/1.1
User-Agent: selenium/4.1.2 (java windows)
Content-Length: 53
Content-Type: application/json; charset=utf-8
host: localhost:55328
accept: */*

Response DefaultHttpResponse(decodeResult: success, version: HTTP/1.1)
HTTP/1.1 200 OK
Content-Type: application/json; charset=utf-8
cache-control: no-cache
content-length: 88

13:44:52.323 [AsyncHttpClient-1-5] DEBUG org.asynchttpclient.netty.channel.ChannelManager - Adding key: http://localhost:55328 for channel [id: 0x8cb61b0c, L:/127.0.0.1:64398 - R:localhost/127.0.0.1:55328]
13:44:52.326 [Forwarding clearElement on session ba53e80af0c8e037b4d3715f22f00342 to remote] DEBUG org.asynchttpclient.netty.request.NettyRequestSender - Using pooled Channel '[id: 0x8cb61b0c, L:/127.0.0.1:64398 - R:localhost/127.0.0.1:55328]' for 'POST' to 'http://localhost:55328/session/ba53e80af0c8e037b4d3715f22f00342/element/b52eaea0-c6cc-4324-a94a-2f8559ef3fe4/clear'
13:44:52.327 [Forwarding clearElement on session ba53e80af0c8e037b4d3715f22f00342 to remote] DEBUG org.asynchttpclient.netty.request.NettyRequestSender - Using open Channel [id: 0x8cb61b0c, L:/127.0.0.1:64398 - R:localhost/127.0.0.1:55328] for POST '/session/ba53e80af0c8e037b4d3715f22f00342/element/b52eaea0-c6cc-4324-a94a-2f8559ef3fe4/clear'
13:44:52.461 [AsyncHttpClient-1-5] DEBUG org.asynchttpclient.netty.handler.HttpHandler - 

Request DefaultHttpRequest(decodeResult: success, version: HTTP/1.1)
POST /session/ba53e80af0c8e037b4d3715f22f00342/element/b52eaea0-c6cc-4324-a94a-2f8559ef3fe4/clear HTTP/1.1
User-Agent: selenium/4.1.2 (java windows)
Content-Length: 50
Content-Type: application/json; charset=utf-8
host: localhost:55328
accept: */*

Response DefaultHttpResponse(decodeResult: success, version: HTTP/1.1)
HTTP/1.1 200 OK
Content-Type: application/json; charset=utf-8
cache-control: no-cache
content-length: 14

13:44:52.462 [AsyncHttpClient-1-5] DEBUG org.asynchttpclient.netty.channel.ChannelManager - Adding key: http://localhost:55328 for channel [id: 0x8cb61b0c, L:/127.0.0.1:64398 - R:localhost/127.0.0.1:55328]
13:44:52.468 [Forwarding sendKeysToElement on session ba53e80af0c8e037b4d3715f22f00342 to remote] DEBUG org.asynchttpclient.netty.request.NettyRequestSender - Using pooled Channel '[id: 0x8cb61b0c, L:/127.0.0.1:64398 - R:localhost/127.0.0.1:55328]' for 'POST' to 'http://localhost:55328/session/ba53e80af0c8e037b4d3715f22f00342/element/b52eaea0-c6cc-4324-a94a-2f8559ef3fe4/value'
13:44:52.468 [Forwarding sendKeysToElement on session ba53e80af0c8e037b4d3715f22f00342 to remote] DEBUG org.asynchttpclient.netty.request.NettyRequestSender - Using open Channel [id: 0x8cb61b0c, L:/127.0.0.1:64398 - R:localhost/127.0.0.1:55328] for POST '/session/ba53e80af0c8e037b4d3715f22f00342/element/b52eaea0-c6cc-4324-a94a-2f8559ef3fe4/value'
13:44:52.812 [AsyncHttpClient-1-5] DEBUG org.asynchttpclient.netty.handler.HttpHandler - 

Request DefaultHttpRequest(decodeResult: success, version: HTTP/1.1)
POST /session/ba53e80af0c8e037b4d3715f22f00342/element/b52eaea0-c6cc-4324-a94a-2f8559ef3fe4/value HTTP/1.1
User-Agent: selenium/4.1.2 (java windows)
Content-Length: 121
Content-Type: application/json; charset=utf-8
host: localhost:55328
accept: */*

Response DefaultHttpResponse(decodeResult: success, version: HTTP/1.1)
HTTP/1.1 200 OK
Content-Type: application/json; charset=utf-8
cache-control: no-cache
content-length: 14

13:44:52.812 [AsyncHttpClient-1-5] DEBUG org.asynchttpclient.netty.channel.ChannelManager - Adding key: http://localhost:55328 for channel [id: 0x8cb61b0c, L:/127.0.0.1:64398 - R:localhost/127.0.0.1:55328]
13:44:52.836 [Forwarding screenshot on session ba53e80af0c8e037b4d3715f22f00342 to remote] DEBUG org.asynchttpclient.netty.request.NettyRequestSender - Using pooled Channel '[id: 0x8cb61b0c, L:/127.0.0.1:64398 - R:localhost/127.0.0.1:55328]' for 'GET' to 'http://localhost:55328/session/ba53e80af0c8e037b4d3715f22f00342/screenshot'
13:44:52.836 [Forwarding screenshot on session ba53e80af0c8e037b4d3715f22f00342 to remote] DEBUG org.asynchttpclient.netty.request.NettyRequestSender - Using open Channel [id: 0x8cb61b0c, L:/127.0.0.1:64398 - R:localhost/127.0.0.1:55328] for GET '/session/ba53e80af0c8e037b4d3715f22f00342/screenshot'
13:44:52.953 [AsyncHttpClient-1-1] DEBUG org.asynchttpclient.netty.channel.DefaultChannelPool - Entry count for : http://localhost:64399 : 1
13:44:53.058 [AsyncHttpClient-1-5] DEBUG org.asynchttpclient.netty.handler.HttpHandler - 

Request DefaultFullHttpRequest(decodeResult: success, version: HTTP/1.1, content: EmptyByteBufBE)
GET /session/ba53e80af0c8e037b4d3715f22f00342/screenshot HTTP/1.1
User-Agent: selenium/4.1.2 (java windows)
Cache-Control: no-cache
Content-Type: application/json; charset=utf-8
host: localhost:55328
accept: */*

Response DefaultHttpResponse(decodeResult: success, version: HTTP/1.1)
HTTP/1.1 200 OK
Content-Type: application/json; charset=utf-8
cache-control: no-cache
content-length: 106968

13:44:53.060 [AsyncHttpClient-1-5] DEBUG org.asynchttpclient.netty.channel.ChannelManager - Adding key: http://localhost:55328 for channel [id: 0x8cb61b0c, L:/127.0.0.1:64398 - R:localhost/127.0.0.1:55328]
13:44:53.072 [main] DEBUG net.serenitybdd.core.photography.Darkroom - Send negative for processing for target\site\serenity\a3291c5302792c70224dd5c0ed4e413dbbd78a6a973ba0abce956bb00b1537a3.png
13:44:53.072 [main] DEBUG net.thucydides.core.steps.StepInterceptor - STEP DONE: inputPassword
  &amp#27;[32mAnd &amp#27;[0m&amp#27;[32madmin input valid password&amp#27;[0m                   &amp#27;[90m# starter.definitions.login.ValidPassword()&amp#27;[0m
13:44:53.073 [Darkroom Processing Line] DEBUG net.serenitybdd.core.photography.DarkroomProcessingLine - Processing screenshot image in /var/screenshots/screenshot-5334331055706830714
13:44:53.073 [Darkroom Processing Line] DEBUG net.serenitybdd.core.photography.DarkroomProcessingLine - Saving screenshot to target\site\serenity\a3291c5302792c70224dd5c0ed4e413dbbd78a6a973ba0abce956bb00b1537a3.png
13:44:53.134 [Forwarding screenshot on session ba53e80af0c8e037b4d3715f22f00342 to remote] DEBUG org.asynchttpclient.netty.request.NettyRequestSender - Using pooled Channel '[id: 0x8cb61b0c, L:/127.0.0.1:64398 - R:localhost/127.0.0.1:55328]' for 'GET' to 'http://localhost:55328/session/ba53e80af0c8e037b4d3715f22f00342/screenshot'
13:44:53.135 [Forwarding screenshot on session ba53e80af0c8e037b4d3715f22f00342 to remote] DEBUG org.asynchttpclient.netty.request.NettyRequestSender - Using open Channel [id: 0x8cb61b0c, L:/127.0.0.1:64398 - R:localhost/127.0.0.1:55328] for GET '/session/ba53e80af0c8e037b4d3715f22f00342/screenshot'
13:44:53.349 [AsyncHttpClient-1-5] DEBUG org.asynchttpclient.netty.handler.HttpHandler - 

Request DefaultFullHttpRequest(decodeResult: success, version: HTTP/1.1, content: EmptyByteBufBE)
GET /session/ba53e80af0c8e037b4d3715f22f00342/screenshot HTTP/1.1
User-Agent: selenium/4.1.2 (java windows)
Cache-Control: no-cache
Content-Type: application/json; charset=utf-8
host: localhost:55328
accept: */*

Response DefaultHttpResponse(decodeResult: success, version: HTTP/1.1)
HTTP/1.1 200 OK
Content-Type: application/json; charset=utf-8
cache-control: no-cache
content-length: 106968

13:44:53.350 [AsyncHttpClient-1-5] DEBUG org.asynchttpclient.netty.channel.ChannelManager - Adding key: http://localhost:55328 for channel [id: 0x8cb61b0c, L:/127.0.0.1:64398 - R:localhost/127.0.0.1:55328]
13:44:53.360 [main] DEBUG net.serenitybdd.core.photography.Darkroom - Send negative for processing for target\site\serenity\a3291c5302792c70224dd5c0ed4e413dbbd78a6a973ba0abce956bb00b1537a3.png
13:44:53.361 [main] DEBUG net.thucydides.core.steps.StepInterceptor - STARTING STEP: login.LoginButton - clickloginButton
13:44:53.370 [Forwarding findElement on session ba53e80af0c8e037b4d3715f22f00342 to remote] DEBUG org.asynchttpclient.netty.request.NettyRequestSender - Using pooled Channel '[id: 0x8cb61b0c, L:/127.0.0.1:64398 - R:localhost/127.0.0.1:55328]' for 'POST' to 'http://localhost:55328/session/ba53e80af0c8e037b4d3715f22f00342/element'
13:44:53.370 [Forwarding findElement on session ba53e80af0c8e037b4d3715f22f00342 to remote] DEBUG org.asynchttpclient.netty.request.NettyRequestSender - Using open Channel [id: 0x8cb61b0c, L:/127.0.0.1:64398 - R:localhost/127.0.0.1:55328] for POST '/session/ba53e80af0c8e037b4d3715f22f00342/element'
13:44:53.394 [AsyncHttpClient-1-5] DEBUG org.asynchttpclient.netty.handler.HttpHandler - 

Request DefaultHttpRequest(decodeResult: success, version: HTTP/1.1)
POST /session/ba53e80af0c8e037b4d3715f22f00342/element HTTP/1.1
User-Agent: selenium/4.1.2 (java windows)
Content-Length: 101
Content-Type: application/json; charset=utf-8
host: localhost:55328
accept: */*

Response DefaultHttpResponse(decodeResult: success, version: HTTP/1.1)
HTTP/1.1 200 OK
Content-Type: application/json; charset=utf-8
cache-control: no-cache
content-length: 88

13:44:53.395 [AsyncHttpClient-1-5] DEBUG org.asynchttpclient.netty.channel.ChannelManager - Adding key: http://localhost:55328 for channel [id: 0x8cb61b0c, L:/127.0.0.1:64398 - R:localhost/127.0.0.1:55328]
13:44:53.399 [Forwarding getElementTagName on session ba53e80af0c8e037b4d3715f22f00342 to remote] DEBUG org.asynchttpclient.netty.request.NettyRequestSender - Using pooled Channel '[id: 0x8cb61b0c, L:/127.0.0.1:64398 - R:localhost/127.0.0.1:55328]' for 'GET' to 'http://localhost:55328/session/ba53e80af0c8e037b4d3715f22f00342/element/5456be27-720a-4afa-b985-a47b0714e88d/name'
13:44:53.399 [Forwarding getElementTagName on session ba53e80af0c8e037b4d3715f22f00342 to remote] DEBUG org.asynchttpclient.netty.request.NettyRequestSender - Using open Channel [id: 0x8cb61b0c, L:/127.0.0.1:64398 - R:localhost/127.0.0.1:55328] for GET '/session/ba53e80af0c8e037b4d3715f22f00342/element/5456be27-720a-4afa-b985-a47b0714e88d/name'
13:44:53.417 [AsyncHttpClient-1-5] DEBUG org.asynchttpclient.netty.handler.HttpHandler - 

Request DefaultFullHttpRequest(decodeResult: success, version: HTTP/1.1, content: EmptyByteBufBE)
GET /session/ba53e80af0c8e037b4d3715f22f00342/element/5456be27-720a-4afa-b985-a47b0714e88d/name HTTP/1.1
User-Agent: selenium/4.1.2 (java windows)
Cache-Control: no-cache
Content-Type: application/json; charset=utf-8
host: localhost:55328
accept: */*

Response DefaultHttpResponse(decodeResult: success, version: HTTP/1.1)
HTTP/1.1 200 OK
Content-Type: application/json; charset=utf-8
cache-control: no-cache
content-length: 18

13:44:53.418 [AsyncHttpClient-1-5] DEBUG org.asynchttpclient.netty.channel.ChannelManager - Adding key: http://localhost:55328 for channel [id: 0x8cb61b0c, L:/127.0.0.1:64398 - R:localhost/127.0.0.1:55328]
13:44:53.422 [Forwarding getElementTagName on session ba53e80af0c8e037b4d3715f22f00342 to remote] DEBUG org.asynchttpclient.netty.request.NettyRequestSender - Using pooled Channel '[id: 0x8cb61b0c, L:/127.0.0.1:64398 - R:localhost/127.0.0.1:55328]' for 'GET' to 'http://localhost:55328/session/ba53e80af0c8e037b4d3715f22f00342/element/5456be27-720a-4afa-b985-a47b0714e88d/name'
13:44:53.422 [Forwarding getElementTagName on session ba53e80af0c8e037b4d3715f22f00342 to remote] DEBUG org.asynchttpclient.netty.request.NettyRequestSender - Using open Channel [id: 0x8cb61b0c, L:/127.0.0.1:64398 - R:localhost/127.0.0.1:55328] for GET '/session/ba53e80af0c8e037b4d3715f22f00342/element/5456be27-720a-4afa-b985-a47b0714e88d/name'
13:44:53.430 [AsyncHttpClient-1-5] DEBUG org.asynchttpclient.netty.handler.HttpHandler - 

Request DefaultFullHttpRequest(decodeResult: success, version: HTTP/1.1, content: EmptyByteBufBE)
GET /session/ba53e80af0c8e037b4d3715f22f00342/element/5456be27-720a-4afa-b985-a47b0714e88d/name HTTP/1.1
User-Agent: selenium/4.1.2 (java windows)
Cache-Control: no-cache
Content-Type: application/json; charset=utf-8
host: localhost:55328
accept: */*

Response DefaultHttpResponse(decodeResult: success, version: HTTP/1.1)
HTTP/1.1 200 OK
Content-Type: application/json; charset=utf-8
cache-control: no-cache
content-length: 18

13:44:53.430 [AsyncHttpClient-1-5] DEBUG org.asynchttpclient.netty.channel.ChannelManager - Adding key: http://localhost:55328 for channel [id: 0x8cb61b0c, L:/127.0.0.1:64398 - R:localhost/127.0.0.1:55328]
13:44:53.442 [Forwarding isElementEnabled on session ba53e80af0c8e037b4d3715f22f00342 to remote] DEBUG org.asynchttpclient.netty.request.NettyRequestSender - Using pooled Channel '[id: 0x8cb61b0c, L:/127.0.0.1:64398 - R:localhost/127.0.0.1:55328]' for 'GET' to 'http://localhost:55328/session/ba53e80af0c8e037b4d3715f22f00342/element/5456be27-720a-4afa-b985-a47b0714e88d/enabled'
13:44:53.443 [Forwarding isElementEnabled on session ba53e80af0c8e037b4d3715f22f00342 to remote] DEBUG org.asynchttpclient.netty.request.NettyRequestSender - Using open Channel [id: 0x8cb61b0c, L:/127.0.0.1:64398 - R:localhost/127.0.0.1:55328] for GET '/session/ba53e80af0c8e037b4d3715f22f00342/element/5456be27-720a-4afa-b985-a47b0714e88d/enabled'
13:44:53.468 [AsyncHttpClient-1-5] DEBUG org.asynchttpclient.netty.handler.HttpHandler - 

Request DefaultFullHttpRequest(decodeResult: success, version: HTTP/1.1, content: EmptyByteBufBE)
GET /session/ba53e80af0c8e037b4d3715f22f00342/element/5456be27-720a-4afa-b985-a47b0714e88d/enabled HTTP/1.1
User-Agent: selenium/4.1.2 (java windows)
Cache-Control: no-cache
Content-Type: application/json; charset=utf-8
host: localhost:55328
accept: */*

Response DefaultHttpResponse(decodeResult: success, version: HTTP/1.1)
HTTP/1.1 200 OK
Content-Type: application/json; charset=utf-8
cache-control: no-cache
content-length: 14

13:44:53.469 [AsyncHttpClient-1-5] DEBUG org.asynchttpclient.netty.channel.ChannelManager - Adding key: http://localhost:55328 for channel [id: 0x8cb61b0c, L:/127.0.0.1:64398 - R:localhost/127.0.0.1:55328]
13:44:53.471 [Forwarding isElementEnabled on session ba53e80af0c8e037b4d3715f22f00342 to remote] DEBUG org.asynchttpclient.netty.request.NettyRequestSender - Using pooled Channel '[id: 0x8cb61b0c, L:/127.0.0.1:64398 - R:localhost/127.0.0.1:55328]' for 'GET' to 'http://localhost:55328/session/ba53e80af0c8e037b4d3715f22f00342/element/5456be27-720a-4afa-b985-a47b0714e88d/enabled'
13:44:53.472 [Forwarding isElementEnabled on session ba53e80af0c8e037b4d3715f22f00342 to remote] DEBUG org.asynchttpclient.netty.request.NettyRequestSender - Using open Channel [id: 0x8cb61b0c, L:/127.0.0.1:64398 - R:localhost/127.0.0.1:55328] for GET '/session/ba53e80af0c8e037b4d3715f22f00342/element/5456be27-720a-4afa-b985-a47b0714e88d/enabled'
13:44:53.485 [AsyncHttpClient-1-5] DEBUG org.asynchttpclient.netty.handler.HttpHandler - 

Request DefaultFullHttpRequest(decodeResult: success, version: HTTP/1.1, content: EmptyByteBufBE)
GET /session/ba53e80af0c8e037b4d3715f22f00342/element/5456be27-720a-4afa-b985-a47b0714e88d/enabled HTTP/1.1
User-Agent: selenium/4.1.2 (java windows)
Cache-Control: no-cache
Content-Type: application/json; charset=utf-8
host: localhost:55328
accept: */*

Response DefaultHttpResponse(decodeResult: success, version: HTTP/1.1)
HTTP/1.1 200 OK
Content-Type: application/json; charset=utf-8
cache-control: no-cache
content-length: 14

13:44:53.485 [AsyncHttpClient-1-5] DEBUG org.asynchttpclient.netty.channel.ChannelManager - Adding key: http://localhost:55328 for channel [id: 0x8cb61b0c, L:/127.0.0.1:64398 - R:localhost/127.0.0.1:55328]
13:44:53.490 [Forwarding findElement on session ba53e80af0c8e037b4d3715f22f00342 to remote] DEBUG org.asynchttpclient.netty.request.NettyRequestSender - Using pooled Channel '[id: 0x8cb61b0c, L:/127.0.0.1:64398 - R:localhost/127.0.0.1:55328]' for 'POST' to 'http://localhost:55328/session/ba53e80af0c8e037b4d3715f22f00342/element'
13:44:53.490 [Forwarding findElement on session ba53e80af0c8e037b4d3715f22f00342 to remote] DEBUG org.asynchttpclient.netty.request.NettyRequestSender - Using open Channel [id: 0x8cb61b0c, L:/127.0.0.1:64398 - R:localhost/127.0.0.1:55328] for POST '/session/ba53e80af0c8e037b4d3715f22f00342/element'
13:44:53.509 [AsyncHttpClient-1-5] DEBUG org.asynchttpclient.netty.handler.HttpHandler - 

Request DefaultHttpRequest(decodeResult: success, version: HTTP/1.1)
POST /session/ba53e80af0c8e037b4d3715f22f00342/element HTTP/1.1
User-Agent: selenium/4.1.2 (java windows)
Content-Length: 101
Content-Type: application/json; charset=utf-8
host: localhost:55328
accept: */*

Response DefaultHttpResponse(decodeResult: success, version: HTTP/1.1)
HTTP/1.1 200 OK
Content-Type: application/json; charset=utf-8
cache-control: no-cache
content-length: 88

13:44:53.510 [AsyncHttpClient-1-5] DEBUG org.asynchttpclient.netty.channel.ChannelManager - Adding key: http://localhost:55328 for channel [id: 0x8cb61b0c, L:/127.0.0.1:64398 - R:localhost/127.0.0.1:55328]
13:44:53.512 [Forwarding clickElement on session ba53e80af0c8e037b4d3715f22f00342 to remote] DEBUG org.asynchttpclient.netty.request.NettyRequestSender - Using pooled Channel '[id: 0x8cb61b0c, L:/127.0.0.1:64398 - R:localhost/127.0.0.1:55328]' for 'POST' to 'http://localhost:55328/session/ba53e80af0c8e037b4d3715f22f00342/element/5456be27-720a-4afa-b985-a47b0714e88d/click'
13:44:53.513 [Forwarding clickElement on session ba53e80af0c8e037b4d3715f22f00342 to remote] DEBUG org.asynchttpclient.netty.request.NettyRequestSender - Using open Channel [id: 0x8cb61b0c, L:/127.0.0.1:64398 - R:localhost/127.0.0.1:55328] for POST '/session/ba53e80af0c8e037b4d3715f22f00342/element/5456be27-720a-4afa-b985-a47b0714e88d/click'
13:44:53.662 [AsyncHttpClient-1-5] DEBUG org.asynchttpclient.netty.handler.HttpHandler - 

Request DefaultHttpRequest(decodeResult: success, version: HTTP/1.1)
POST /session/ba53e80af0c8e037b4d3715f22f00342/element/5456be27-720a-4afa-b985-a47b0714e88d/click HTTP/1.1
User-Agent: selenium/4.1.2 (java windows)
Content-Length: 50
Content-Type: application/json; charset=utf-8
host: localhost:55328
accept: */*

Response DefaultHttpResponse(decodeResult: success, version: HTTP/1.1)
HTTP/1.1 200 OK
Content-Type: application/json; charset=utf-8
cache-control: no-cache
content-length: 14

13:44:53.662 [AsyncHttpClient-1-5] DEBUG org.asynchttpclient.netty.channel.ChannelManager - Adding key: http://localhost:55328 for channel [id: 0x8cb61b0c, L:/127.0.0.1:64398 - R:localhost/127.0.0.1:55328]
13:44:53.685 [Forwarding screenshot on session ba53e80af0c8e037b4d3715f22f00342 to remote] DEBUG org.asynchttpclient.netty.request.NettyRequestSender - Using pooled Channel '[id: 0x8cb61b0c, L:/127.0.0.1:64398 - R:localhost/127.0.0.1:55328]' for 'GET' to 'http://localhost:55328/session/ba53e80af0c8e037b4d3715f22f00342/screenshot'
13:44:53.685 [Forwarding screenshot on session ba53e80af0c8e037b4d3715f22f00342 to remote] DEBUG org.asynchttpclient.netty.request.NettyRequestSender - Using open Channel [id: 0x8cb61b0c, L:/127.0.0.1:64398 - R:localhost/127.0.0.1:55328] for GET '/session/ba53e80af0c8e037b4d3715f22f00342/screenshot'
13:44:53.937 [AsyncHttpClient-1-5] DEBUG org.asynchttpclient.netty.handler.HttpHandler - 

Request DefaultFullHttpRequest(decodeResult: success, version: HTTP/1.1, content: EmptyByteBufBE)
GET /session/ba53e80af0c8e037b4d3715f22f00342/screenshot HTTP/1.1
User-Agent: selenium/4.1.2 (java windows)
Cache-Control: no-cache
Content-Type: application/json; charset=utf-8
host: localhost:55328
accept: */*

Response DefaultHttpResponse(decodeResult: success, version: HTTP/1.1)
HTTP/1.1 200 OK
Content-Type: application/json; charset=utf-8
cache-control: no-cache
content-length: 112632

13:44:53.938 [AsyncHttpClient-1-5] DEBUG org.asynchttpclient.netty.channel.ChannelManager - Adding key: http://localhost:55328 for channel [id: 0x8cb61b0c, L:/127.0.0.1:64398 - R:localhost/127.0.0.1:55328]
13:44:53.951 [main] DEBUG net.serenitybdd.core.photography.Darkroom - Send negative for processing for target\site\serenity\1d2a86e9dcbda1b7c9fac948d22480f66ae32ffbe485364813d1c93419c5e9fa.png
13:44:53.951 [main] DEBUG net.thucydides.core.steps.StepInterceptor - STEP DONE: clickloginButton
  &amp#27;[32mAnd &amp#27;[0m&amp#27;[32madmin click on masuk button&amp#27;[0m                  &amp#27;[90m# starter.definitions.login.LoginButton()&amp#27;[0m
13:44:53.952 [Darkroom Processing Line] DEBUG net.serenitybdd.core.photography.DarkroomProcessingLine - Processing screenshot image in /var/screenshots/screenshot-4960668191542030527
13:44:53.952 [Darkroom Processing Line] DEBUG net.serenitybdd.core.photography.DarkroomProcessingLine - Saving screenshot to target\site\serenity\1d2a86e9dcbda1b7c9fac948d22480f66ae32ffbe485364813d1c93419c5e9fa.png
13:44:53.995 [main] DEBUG net.thucydides.core.steps.StepInterceptor - STARTING STEP: login.errorNotificationID - errornotificationID
13:44:54.002 [Forwarding findElement on session ba53e80af0c8e037b4d3715f22f00342 to remote] DEBUG org.asynchttpclient.netty.request.NettyRequestSender - Using pooled Channel '[id: 0x8cb61b0c, L:/127.0.0.1:64398 - R:localhost/127.0.0.1:55328]' for 'POST' to 'http://localhost:55328/session/ba53e80af0c8e037b4d3715f22f00342/element'
13:44:54.002 [Forwarding findElement on session ba53e80af0c8e037b4d3715f22f00342 to remote] DEBUG org.asynchttpclient.netty.request.NettyRequestSender - Using open Channel [id: 0x8cb61b0c, L:/127.0.0.1:64398 - R:localhost/127.0.0.1:55328] for POST '/session/ba53e80af0c8e037b4d3715f22f00342/element'
13:44:54.029 [AsyncHttpClient-1-1] DEBUG org.asynchttpclient.netty.channel.DefaultChannelPool - Entry count for : http://localhost:64399 : 1
13:44:54.042 [AsyncHttpClient-1-5] DEBUG org.asynchttpclient.netty.handler.HttpHandler - 

Request DefaultHttpRequest(decodeResult: success, version: HTTP/1.1)
POST /session/ba53e80af0c8e037b4d3715f22f00342/element HTTP/1.1
User-Agent: selenium/4.1.2 (java windows)
Content-Length: 116
Content-Type: application/json; charset=utf-8
host: localhost:55328
accept: */*

Response DefaultHttpResponse(decodeResult: success, version: HTTP/1.1)
HTTP/1.1 200 OK
Content-Type: application/json; charset=utf-8
cache-control: no-cache
content-length: 88

13:44:54.043 [AsyncHttpClient-1-5] DEBUG org.asynchttpclient.netty.channel.ChannelManager - Adding key: http://localhost:55328 for channel [id: 0x8cb61b0c, L:/127.0.0.1:64398 - R:localhost/127.0.0.1:55328]
13:44:54.051 [Forwarding isElementDisplayed on session ba53e80af0c8e037b4d3715f22f00342 to remote] DEBUG org.asynchttpclient.netty.request.NettyRequestSender - Using pooled Channel '[id: 0x8cb61b0c, L:/127.0.0.1:64398 - R:localhost/127.0.0.1:55328]' for 'POST' to 'http://localhost:55328/session/ba53e80af0c8e037b4d3715f22f00342/execute/sync'
13:44:54.052 [Forwarding isElementDisplayed on session ba53e80af0c8e037b4d3715f22f00342 to remote] DEBUG org.asynchttpclient.netty.request.NettyRequestSender - Using open Channel [id: 0x8cb61b0c, L:/127.0.0.1:64398 - R:localhost/127.0.0.1:55328] for POST '/session/ba53e80af0c8e037b4d3715f22f00342/execute/sync'
13:44:54.103 [AsyncHttpClient-1-5] DEBUG org.asynchttpclient.netty.handler.HttpHandler - 

Request DefaultHttpRequest(decodeResult: success, version: HTTP/1.1)
POST /session/ba53e80af0c8e037b4d3715f22f00342/execute/sync HTTP/1.1
User-Agent: selenium/4.1.2 (java windows)
Content-Length: 48780
Content-Type: application/json; charset=utf-8
host: localhost:55328
accept: */*

Response DefaultHttpResponse(decodeResult: success, version: HTTP/1.1)
HTTP/1.1 200 OK
Content-Type: application/json; charset=utf-8
cache-control: no-cache
content-length: 14

13:44:54.103 [AsyncHttpClient-1-5] DEBUG org.asynchttpclient.netty.channel.ChannelManager - Adding key: http://localhost:55328 for channel [id: 0x8cb61b0c, L:/127.0.0.1:64398 - R:localhost/127.0.0.1:55328]
13:44:54.113 [Forwarding screenshot on session ba53e80af0c8e037b4d3715f22f00342 to remote] DEBUG org.asynchttpclient.netty.request.NettyRequestSender - Using pooled Channel '[id: 0x8cb61b0c, L:/127.0.0.1:64398 - R:localhost/127.0.0.1:55328]' for 'GET' to 'http://localhost:55328/session/ba53e80af0c8e037b4d3715f22f00342/screenshot'
13:44:54.114 [Forwarding screenshot on session ba53e80af0c8e037b4d3715f22f00342 to remote] DEBUG org.asynchttpclient.netty.request.NettyRequestSender - Using open Channel [id: 0x8cb61b0c, L:/127.0.0.1:64398 - R:localhost/127.0.0.1:55328] for GET '/session/ba53e80af0c8e037b4d3715f22f00342/screenshot'
13:44:54.313 [AsyncHttpClient-1-5] DEBUG org.asynchttpclient.netty.handler.HttpHandler - 

Request DefaultFullHttpRequest(decodeResult: success, version: HTTP/1.1, content: EmptyByteBufBE)
GET /session/ba53e80af0c8e037b4d3715f22f00342/screenshot HTTP/1.1
User-Agent: selenium/4.1.2 (java windows)
Cache-Control: no-cache
Content-Type: application/json; charset=utf-8
host: localhost:55328
accept: */*

Response DefaultHttpResponse(decodeResult: success, version: HTTP/1.1)
HTTP/1.1 200 OK
Content-Type: application/json; charset=utf-8
cache-control: no-cache
content-length: 112628

13:44:54.314 [AsyncHttpClient-1-5] DEBUG org.asynchttpclient.netty.channel.ChannelManager - Adding key: http://localhost:55328 for channel [id: 0x8cb61b0c, L:/127.0.0.1:64398 - R:localhost/127.0.0.1:55328]
13:44:54.326 [main] DEBUG net.serenitybdd.core.photography.Darkroom - Send negative for processing for target\site\serenity\dfa728758bd2ca9ae2fb36771e97c23768898aaa7a3a44f732c0bda7397a4e8f.png
13:44:54.326 [main] DEBUG net.thucydides.core.steps.StepInterceptor - STEP DONE: errornotificationID
  &amp#27;[32mThen &amp#27;[0m&amp#27;[32merror notification appears&amp#27;[0m                  &amp#27;[90m# starter.definitions.login.errorNotificationID()&amp#27;[0m
13:44:54.326 [Darkroom Processing Line] DEBUG net.serenitybdd.core.photography.DarkroomProcessingLine - Processing screenshot image in /var/screenshots/screenshot-5626699303367071208
13:44:54.326 [Darkroom Processing Line] DEBUG net.serenitybdd.core.photography.DarkroomProcessingLine - Saving screenshot to target\site\serenity\dfa728758bd2ca9ae2fb36771e97c23768898aaa7a3a44f732c0bda7397a4e8f.png
13:44:54.341 [main] INFO  - 
  _____   ___   ___   _____     ___     _     ___   ___   ___   ___  
 |_   _| | __| / __| |_   _|   | _ \   /_\   / __| / __| | __| |   \ 
   | |   | _|  \__ \   | |     |  _/  / _ \  \__ \ \__ \ | _|  | |) |
   |_|   |___| |___/   |_|     |_|   /_/ \_\ |___/ |___/ |___| |___/ 

As admin I want to login with invalid id
----------------------------------------------------------------------
13:44:54.345 [AsyncHttpClient-1-7] DEBUG org.asynchttpclient.netty.handler.WebSocketHandler - Channel Closed: [id: 0x58013a0a, L:/127.0.0.1:64407 ! R:localhost/127.0.0.1:64399] with attribute NettyResponseFuture{currentRetry=5,
	isDone=1,
	isCancelled=0,
	asyncHandler=org.asynchttpclient.ws.WebSocketUpgradeHandler@3614eeae,
	nettyRequest=org.asynchttpclient.netty.request.NettyRequest@73167608,
	future=java.util.concurrent.CompletableFuture@2b8cdfc1[Completed normally],
	uri=ws://localhost:64399/devtools/browser/95f083fb-6772-4b07-b33a-b3272d2be964,
	keepAlive=true,
	redirectCount=0,
	timeoutsHolder=null,
	inAuth=0,
	touch=1658213083387}
13:44:54.346 [AsyncHttpClient-1-7] DEBUG org.asynchttpclient.netty.channel.ChannelManager - Closing Channel [id: 0x58013a0a, L:/127.0.0.1:64407 ! R:localhost/127.0.0.1:64399] 
13:44:54.349 [Driver Command Executor] DEBUG org.asynchttpclient.netty.request.NettyRequestSender - Using pooled Channel '[id: 0x8cb61b0c, L:/127.0.0.1:64398 - R:localhost/127.0.0.1:55328]' for 'DELETE' to 'http://localhost:55328/session/ba53e80af0c8e037b4d3715f22f00342'
13:44:54.350 [Driver Command Executor] DEBUG org.asynchttpclient.netty.request.NettyRequestSender - Using open Channel [id: 0x8cb61b0c, L:/127.0.0.1:64398 - R:localhost/127.0.0.1:55328] for DELETE '/session/ba53e80af0c8e037b4d3715f22f00342'
13:44:54.962 [AsyncHttpClient-1-6] DEBUG org.asynchttpclient.netty.handler.HttpHandler - Unexpected I/O exception on channel [id: 0x6577c373, L:/127.0.0.1:64406 - R:localhost/127.0.0.1:64399]
java.io.IOException: An existing connection was forcibly closed by the remote host
	at sun.nio.ch.SocketDispatcher.read0(Native Method)
	at sun.nio.ch.SocketDispatcher.read(SocketDispatcher.java:43)
	at sun.nio.ch.IOUtil.readIntoNativeBuffer(IOUtil.java:223)
	at sun.nio.ch.IOUtil.read(IOUtil.java:192)
	at sun.nio.ch.SocketChannelImpl.read(SocketChannelImpl.java:380)
	at io.netty.buffer.PooledByteBuf.setBytes(PooledByteBuf.java:258)
	at io.netty.buffer.AbstractByteBuf.writeBytes(AbstractByteBuf.java:1132)
	at io.netty.channel.socket.nio.NioSocketChannel.doReadBytes(NioSocketChannel.java:350)
	at io.netty.channel.nio.AbstractNioByteChannel$NioByteUnsafe.read(AbstractNioByteChannel.java:151)
	at io.netty.channel.nio.NioEventLoop.processSelectedKey(NioEventLoop.java:722)
	at io.netty.channel.nio.NioEventLoop.processSelectedKeysOptimized(NioEventLoop.java:658)
	at io.netty.channel.nio.NioEventLoop.processSelectedKeys(NioEventLoop.java:584)
	at io.netty.channel.nio.NioEventLoop.run(NioEventLoop.java:496)
	at io.netty.util.concurrent.SingleThreadEventExecutor$4.run(SingleThreadEventExecutor.java:986)
	at io.netty.util.internal.ThreadExecutorMap$2.run(ThreadExecutorMap.java:74)
	at io.netty.util.concurrent.FastThreadLocalRunnable.run(FastThreadLocalRunnable.java:30)
	at java.lang.Thread.run(Thread.java:748)
13:44:54.962 [AsyncHttpClient-1-6] DEBUG org.asynchttpclient.netty.channel.ChannelManager - Closing Channel [id: 0x6577c373, L:/127.0.0.1:64406 - R:localhost/127.0.0.1:64399] 
13:44:54.962 [AsyncHttpClient-1-6] DEBUG org.asynchttpclient.netty.handler.HttpHandler - Channel Closed: [id: 0x6577c373, L:/127.0.0.1:64406 ! R:localhost/127.0.0.1:64399] with attribute DISCARD
13:44:55.018 [AsyncHttpClient-1-5] DEBUG org.asynchttpclient.netty.handler.HttpHandler - 

Request DefaultFullHttpRequest(decodeResult: success, version: HTTP/1.1, content: EmptyByteBufBE)
DELETE /session/ba53e80af0c8e037b4d3715f22f00342 HTTP/1.1
User-Agent: selenium/4.1.2 (java windows)
Content-Type: application/json; charset=utf-8
host: localhost:55328
accept: */*

Response DefaultHttpResponse(decodeResult: success, version: HTTP/1.1)
HTTP/1.1 200 OK
Content-Type: application/json; charset=utf-8
cache-control: no-cache
content-length: 14

13:44:55.019 [AsyncHttpClient-1-5] DEBUG org.asynchttpclient.netty.channel.ChannelManager - Adding key: http://localhost:55328 for channel [id: 0x8cb61b0c, L:/127.0.0.1:64398 - R:localhost/127.0.0.1:55328]
13:44:55.142 [AsyncHttpClient-1-1] DEBUG org.asynchttpclient.netty.channel.DefaultChannelPool - Entry count for : http://localhost:55328 : 1
13:44:55.142 [AsyncHttpClient-1-1] DEBUG org.asynchttpclient.netty.channel.DefaultChannelPool - Entry count for : http://localhost:64399 : 1
13:44:55.142 [AsyncHttpClient-1-1] DEBUG org.asynchttpclient.netty.channel.DefaultChannelPool - Adding Candidate expired Channel [id: 0x6577c373, L:/127.0.0.1:64406 ! R:localhost/127.0.0.1:64399] isIdleTimeoutExpired=false isRemotelyClosed=true isTtlExpired=false
13:44:55.142 [AsyncHttpClient-1-1] DEBUG org.asynchttpclient.netty.channel.DefaultChannelPool - Closing Idle Channel [id: 0x6577c373, L:/127.0.0.1:64406 ! R:localhost/127.0.0.1:64399]
13:44:55.142 [AsyncHttpClient-1-1] DEBUG org.asynchttpclient.netty.channel.DefaultChannelPool - Closed 1 connections out of 2 in 0 ms
13:44:55.248 [AsyncHttpClient-1-5] DEBUG org.asynchttpclient.netty.handler.HttpHandler - Channel Closed: [id: 0x8cb61b0c, L:/127.0.0.1:64398 ! R:localhost/127.0.0.1:55328] with attribute DISCARD
]]></system-out>
    <system-err><![CDATA[Starting ChromeDriver 103.0.5060.53 (a1711811edd74ff1cf2150f36ffa3b0dae40b17f-refs/branch-heads/5060@{#853}) on port 55328
Only local connections are allowed.
Please see https://chromedriver.chromium.org/security-considerations for suggestions on keeping ChromeDriver safe.
ChromeDriver was started successfully.
Jul 19, 2022 1:44:43 PM org.openqa.selenium.remote.ProtocolHandshake createSession
INFO: Detected dialect: W3C
Jul 19, 2022 1:44:43 PM org.openqa.selenium.devtools.CdpVersionFinder findNearestMatch
WARNING: Unable to find an exact match for CDP version 103, so returning the closest version found: a no-op implementation
Jul 19, 2022 1:44:43 PM org.openqa.selenium.devtools.CdpVersionFinder findNearestMatch
INFO: Unable to find CDP implementation matching 103.
Jul 19, 2022 1:44:43 PM org.openqa.selenium.chromium.ChromiumDriver lambda$new$3
WARNING: Unable to find version of CDP to use for . You may need to include a dependency on a specific version of the CDP using something similar to `org.seleniumhq.selenium:selenium-devtools-v86:4.1.2` where the version ("v86") matches the version of the chromium-based browser you're using and the version number of the artifact is the same as Selenium's.
]]></system-err>
  </testcase>
  <testcase name="As admin I want to login with invalid password" classname="As admin I want to login, so I can register patient" time="12.236">
    <system-out><![CDATA[
Scenario: As admin I want to login with invalid password &amp#27;[90m# src/test/resources/features/login.feature:17&amp#27;[0m
13:44:55.792 [main] INFO io.cucumber.core.plugin.SerenityReporter - Running feature from file:///C:/Users/Ocky/Documents/final_project/web%20testing/src/test/resources/features/login.feature
13:44:55.796 [main] INFO  - 
  _____   ___   ___   _____     ___   _____     _     ___   _____   ___   ___  
 |_   _| | __| / __| |_   _|   / __| |_   _|   /_\   | _ \ |_   _| | __| |   \ 
   | |   | _|  \__ \   | |     \__ \   | |    / _ \  |   /   | |   | _|  | |) |
   |_|   |___| |___/   |_|     |___/   |_|   /_/ \_\ |_|_\   |_|   |___| |___/ 

As admin I want to login with invalid password(as-admin-i-want-to-login--so-i-can-register-patient;as-admin-i-want-to-login-with-invalid-password)
--------------------------------------------------------------------------------
13:44:55.901 [main] DEBUG net.thucydides.core.steps.StepInterceptor - STARTING STEP: login.ontheLoginPage - openPage
13:44:55.906 [main] INFO net.serenitybdd.core.webdriver.driverproviders.ChromeDriverProvider - Using automatically driver download
13:44:56.242 [AsyncHttpClient-1-1] DEBUG org.asynchttpclient.netty.channel.DefaultChannelPool - Entry count for : http://localhost:55328 : 1
13:44:56.242 [AsyncHttpClient-1-1] DEBUG org.asynchttpclient.netty.channel.DefaultChannelPool - Adding Candidate expired Channel [id: 0x8cb61b0c, L:/127.0.0.1:64398 ! R:localhost/127.0.0.1:55328] isIdleTimeoutExpired=false isRemotelyClosed=true isTtlExpired=false
13:44:56.242 [AsyncHttpClient-1-1] DEBUG org.asynchttpclient.netty.channel.DefaultChannelPool - Closing Idle Channel [id: 0x8cb61b0c, L:/127.0.0.1:64398 ! R:localhost/127.0.0.1:55328]
13:44:56.242 [AsyncHttpClient-1-1] DEBUG org.asynchttpclient.netty.channel.DefaultChannelPool - Closed 1 connections out of 1 in 0 ms
13:44:56.378 [main] DEBUG io.github.bonigarcia.wdm.cache.ResolutionCache - Resolution chrome=103 in cache (valid until 14:34:45 19/07/2022 ICT)
13:44:56.389 [main] DEBUG io.github.bonigarcia.wdm.cache.ResolutionCache - Resolution chrome103=103.0.5060.53 in cache (valid until 00:20:12 20/07/2022 ICT)
13:44:56.411 [main] INFO io.github.bonigarcia.wdm.WebDriverManager - Using chromedriver 103.0.5060.53 (resolved driver for Chrome 103)
13:44:56.463 [main] DEBUG io.github.bonigarcia.wdm.WebDriverManager - Driver chromedriver 103.0.5060.53 found in cache
13:44:56.469 [main] INFO io.github.bonigarcia.wdm.WebDriverManager - Exporting webdriver.chrome.driver as C:\Users\Ocky\.cache\selenium\chromedriver\win32\103.0.5060.53\chromedriver.exe
13:44:56.864 [main] DEBUG net.serenitybdd.core.webdriver.driverproviders.ProvideNewDriver - Instantiating driver
13:44:56.865 [main] DEBUG net.serenitybdd.core.webdriver.driverproviders.ProvideNewDriver - Driver capabilities: Capabilities {acceptInsecureCerts: false, base.url: https://development--capsto..., browserName: chrome, chrome.driver: webdriver/chromedriver.exe, driver: chrome, goog:chromeOptions: {args: [], extensions: []}}
13:44:57.434 [AsyncHttpClient-1-8] DEBUG org.asynchttpclient.netty.channel.NettyConnectListener - Using new Channel '[id: 0x325a578c, L:/127.0.0.1:64422 - R:localhost/127.0.0.1:53835]' for 'POST' to '/session'
13:44:59.537 [AsyncHttpClient-1-8] DEBUG org.asynchttpclient.netty.handler.HttpHandler - 

Request DefaultHttpRequest(decodeResult: success, version: HTTP/1.1)
POST /session HTTP/1.1
User-Agent: selenium/4.1.2 (java windows)
Content-Length: 614
Content-Type: application/json; charset=utf-8
host: localhost:53835
accept: */*

Response DefaultHttpResponse(decodeResult: success, version: HTTP/1.1)
HTTP/1.1 200 OK
Content-Type: application/json; charset=utf-8
cache-control: no-cache
content-length: 789

13:44:59.538 [AsyncHttpClient-1-8] DEBUG org.asynchttpclient.netty.channel.ChannelManager - Adding key: http://localhost:53835 for channel [id: 0x325a578c, L:/127.0.0.1:64422 - R:localhost/127.0.0.1:53835]
13:44:59.558 [AsyncHttpClient-1-1] DEBUG org.asynchttpclient.netty.channel.DefaultChannelPool - Entry count for : http://localhost:53835 : 1
13:44:59.585 [AsyncHttpClient-1-9] DEBUG org.asynchttpclient.netty.channel.NettyConnectListener - Using new Channel '[id: 0x5abb9e0a, L:/127.0.0.1:64429 - R:localhost/127.0.0.1:64423]' for 'GET' to '/json/version'
13:44:59.588 [AsyncHttpClient-1-9] DEBUG org.asynchttpclient.netty.handler.HttpHandler - 

Request DefaultFullHttpRequest(decodeResult: success, version: HTTP/1.1, content: EmptyByteBufBE)
GET /json/version HTTP/1.1
User-Agent: selenium/4.1.2 (java windows)
host: localhost:64423
accept: */*

Response DefaultHttpResponse(decodeResult: success, version: HTTP/1.1)
HTTP/1.1 200 OK
Content-Type: application/json; charset=UTF-8
content-length: 429

13:44:59.589 [AsyncHttpClient-1-9] DEBUG org.asynchttpclient.netty.channel.ChannelManager - Adding key: http://localhost:64423 for channel [id: 0x5abb9e0a, L:/127.0.0.1:64429 - R:localhost/127.0.0.1:64423]
13:44:59.596 [AsyncHttpClient-1-2] DEBUG org.asynchttpclient.netty.channel.NettyConnectListener - Using new Channel '[id: 0x9fbdc6e3, L:/127.0.0.1:64430 - R:localhost/127.0.0.1:64423]' for 'GET' to '/devtools/browser/3356265b-4eed-4a31-ae7c-c074640b1fa9'
13:44:59.597 [AsyncHttpClient-1-2] DEBUG org.asynchttpclient.netty.handler.WebSocketHandler - 

Request DefaultFullHttpRequest(decodeResult: success, version: HTTP/1.1, content: EmptyByteBufBE)
GET /devtools/browser/3356265b-4eed-4a31-ae7c-c074640b1fa9 HTTP/1.1
upgrade: websocket
connection: upgrade
sec-websocket-key: NCtCtyEeRQV6gPF7tVH9lw==
sec-websocket-version: 13
origin: http://localhost:64423
host: localhost:64423
accept: */*
user-agent: AHC/2.1

Response DefaultHttpResponse(decodeResult: success, version: HTTP/1.1)
HTTP/1.1 101 WebSocket Protocol Handshake
Upgrade: WebSocket
Connection: Upgrade
Sec-WebSocket-Accept: JofU0dqPHAwuZ+r8+BSupMyZM7I=

13:44:59.614 [Forwarding get on session 3d227bd5afc65aeff9fa2cf4dbeecc32 to remote] DEBUG org.asynchttpclient.netty.request.NettyRequestSender - Using pooled Channel '[id: 0x325a578c, L:/127.0.0.1:64422 - R:localhost/127.0.0.1:53835]' for 'POST' to 'http://localhost:53835/session/3d227bd5afc65aeff9fa2cf4dbeecc32/url'
13:44:59.614 [Forwarding get on session 3d227bd5afc65aeff9fa2cf4dbeecc32 to remote] DEBUG org.asynchttpclient.netty.request.NettyRequestSender - Using open Channel [id: 0x325a578c, L:/127.0.0.1:64422 - R:localhost/127.0.0.1:53835] for POST '/session/3d227bd5afc65aeff9fa2cf4dbeecc32/url'
13:45:00.630 [AsyncHttpClient-1-1] DEBUG org.asynchttpclient.netty.channel.DefaultChannelPool - Entry count for : http://localhost:64423 : 1
13:45:01.740 [AsyncHttpClient-1-1] DEBUG org.asynchttpclient.netty.channel.DefaultChannelPool - Entry count for : http://localhost:64423 : 1
13:45:02.830 [AsyncHttpClient-1-1] DEBUG org.asynchttpclient.netty.channel.DefaultChannelPool - Entry count for : http://localhost:64423 : 1
13:45:03.596 [AsyncHttpClient-1-8] DEBUG org.asynchttpclient.netty.handler.HttpHandler - 

Request DefaultHttpRequest(decodeResult: success, version: HTTP/1.1)
POST /session/3d227bd5afc65aeff9fa2cf4dbeecc32/url HTTP/1.1
User-Agent: selenium/4.1.2 (java windows)
Content-Length: 92
Content-Type: application/json; charset=utf-8
host: localhost:53835
accept: */*

Response DefaultHttpResponse(decodeResult: success, version: HTTP/1.1)
HTTP/1.1 200 OK
Content-Type: application/json; charset=utf-8
cache-control: no-cache
content-length: 14

13:45:03.596 [AsyncHttpClient-1-8] DEBUG org.asynchttpclient.netty.channel.ChannelManager - Adding key: http://localhost:53835 for channel [id: 0x325a578c, L:/127.0.0.1:64422 - R:localhost/127.0.0.1:53835]
13:45:03.601 [Forwarding setTimeout on session 3d227bd5afc65aeff9fa2cf4dbeecc32 to remote] DEBUG org.asynchttpclient.netty.request.NettyRequestSender - Using pooled Channel '[id: 0x325a578c, L:/127.0.0.1:64422 - R:localhost/127.0.0.1:53835]' for 'POST' to 'http://localhost:53835/session/3d227bd5afc65aeff9fa2cf4dbeecc32/timeouts'
13:45:03.601 [Forwarding setTimeout on session 3d227bd5afc65aeff9fa2cf4dbeecc32 to remote] DEBUG org.asynchttpclient.netty.request.NettyRequestSender - Using open Channel [id: 0x325a578c, L:/127.0.0.1:64422 - R:localhost/127.0.0.1:53835] for POST '/session/3d227bd5afc65aeff9fa2cf4dbeecc32/timeouts'
13:45:03.608 [AsyncHttpClient-1-8] DEBUG org.asynchttpclient.netty.handler.HttpHandler - 

Request DefaultHttpRequest(decodeResult: success, version: HTTP/1.1)
POST /session/3d227bd5afc65aeff9fa2cf4dbeecc32/timeouts HTTP/1.1
User-Agent: selenium/4.1.2 (java windows)
Content-Length: 22
Content-Type: application/json; charset=utf-8
host: localhost:53835
accept: */*

Response DefaultHttpResponse(decodeResult: success, version: HTTP/1.1)
HTTP/1.1 200 OK
Content-Type: application/json; charset=utf-8
cache-control: no-cache
content-length: 14

13:45:03.609 [AsyncHttpClient-1-8] DEBUG org.asynchttpclient.netty.channel.ChannelManager - Adding key: http://localhost:53835 for channel [id: 0x325a578c, L:/127.0.0.1:64422 - R:localhost/127.0.0.1:53835]
13:45:03.615 [Forwarding getCurrentUrl on session 3d227bd5afc65aeff9fa2cf4dbeecc32 to remote] DEBUG org.asynchttpclient.netty.request.NettyRequestSender - Using pooled Channel '[id: 0x325a578c, L:/127.0.0.1:64422 - R:localhost/127.0.0.1:53835]' for 'GET' to 'http://localhost:53835/session/3d227bd5afc65aeff9fa2cf4dbeecc32/url'
13:45:03.615 [Forwarding getCurrentUrl on session 3d227bd5afc65aeff9fa2cf4dbeecc32 to remote] DEBUG org.asynchttpclient.netty.request.NettyRequestSender - Using open Channel [id: 0x325a578c, L:/127.0.0.1:64422 - R:localhost/127.0.0.1:53835] for GET '/session/3d227bd5afc65aeff9fa2cf4dbeecc32/url'
13:45:03.631 [AsyncHttpClient-1-8] DEBUG org.asynchttpclient.netty.handler.HttpHandler - 

Request DefaultFullHttpRequest(decodeResult: success, version: HTTP/1.1, content: EmptyByteBufBE)
GET /session/3d227bd5afc65aeff9fa2cf4dbeecc32/url HTTP/1.1
User-Agent: selenium/4.1.2 (java windows)
Cache-Control: no-cache
Content-Type: application/json; charset=utf-8
host: localhost:53835
accept: */*

Response DefaultHttpResponse(decodeResult: success, version: HTTP/1.1)
HTTP/1.1 200 OK
Content-Type: application/json; charset=utf-8
cache-control: no-cache
content-length: 74

13:45:03.631 [AsyncHttpClient-1-8] DEBUG org.asynchttpclient.netty.channel.ChannelManager - Adding key: http://localhost:53835 for channel [id: 0x325a578c, L:/127.0.0.1:64422 - R:localhost/127.0.0.1:53835]
13:45:03.644 [Forwarding getCurrentUrl on session 3d227bd5afc65aeff9fa2cf4dbeecc32 to remote] DEBUG org.asynchttpclient.netty.request.NettyRequestSender - Using pooled Channel '[id: 0x325a578c, L:/127.0.0.1:64422 - R:localhost/127.0.0.1:53835]' for 'GET' to 'http://localhost:53835/session/3d227bd5afc65aeff9fa2cf4dbeecc32/url'
13:45:03.644 [Forwarding getCurrentUrl on session 3d227bd5afc65aeff9fa2cf4dbeecc32 to remote] DEBUG org.asynchttpclient.netty.request.NettyRequestSender - Using open Channel [id: 0x325a578c, L:/127.0.0.1:64422 - R:localhost/127.0.0.1:53835] for GET '/session/3d227bd5afc65aeff9fa2cf4dbeecc32/url'
13:45:03.655 [AsyncHttpClient-1-8] DEBUG org.asynchttpclient.netty.handler.HttpHandler - 

Request DefaultFullHttpRequest(decodeResult: success, version: HTTP/1.1, content: EmptyByteBufBE)
GET /session/3d227bd5afc65aeff9fa2cf4dbeecc32/url HTTP/1.1
User-Agent: selenium/4.1.2 (java windows)
Cache-Control: no-cache
Content-Type: application/json; charset=utf-8
host: localhost:53835
accept: */*

Response DefaultHttpResponse(decodeResult: success, version: HTTP/1.1)
HTTP/1.1 200 OK
Content-Type: application/json; charset=utf-8
cache-control: no-cache
content-length: 74

13:45:03.656 [AsyncHttpClient-1-8] DEBUG org.asynchttpclient.netty.channel.ChannelManager - Adding key: http://localhost:53835 for channel [id: 0x325a578c, L:/127.0.0.1:64422 - R:localhost/127.0.0.1:53835]
13:45:03.665 [Forwarding screenshot on session 3d227bd5afc65aeff9fa2cf4dbeecc32 to remote] DEBUG org.asynchttpclient.netty.request.NettyRequestSender - Using pooled Channel '[id: 0x325a578c, L:/127.0.0.1:64422 - R:localhost/127.0.0.1:53835]' for 'GET' to 'http://localhost:53835/session/3d227bd5afc65aeff9fa2cf4dbeecc32/screenshot'
13:45:03.665 [Forwarding screenshot on session 3d227bd5afc65aeff9fa2cf4dbeecc32 to remote] DEBUG org.asynchttpclient.netty.request.NettyRequestSender - Using open Channel [id: 0x325a578c, L:/127.0.0.1:64422 - R:localhost/127.0.0.1:53835] for GET '/session/3d227bd5afc65aeff9fa2cf4dbeecc32/screenshot'
13:45:03.821 [AsyncHttpClient-1-8] DEBUG org.asynchttpclient.netty.handler.HttpHandler - 

Request DefaultFullHttpRequest(decodeResult: success, version: HTTP/1.1, content: EmptyByteBufBE)
GET /session/3d227bd5afc65aeff9fa2cf4dbeecc32/screenshot HTTP/1.1
User-Agent: selenium/4.1.2 (java windows)
Cache-Control: no-cache
Content-Type: application/json; charset=utf-8
host: localhost:53835
accept: */*

Response DefaultHttpResponse(decodeResult: success, version: HTTP/1.1)
HTTP/1.1 200 OK
Content-Type: application/json; charset=utf-8
cache-control: no-cache
content-length: 109728

13:45:03.825 [AsyncHttpClient-1-8] DEBUG org.asynchttpclient.netty.channel.ChannelManager - Adding key: http://localhost:53835 for channel [id: 0x325a578c, L:/127.0.0.1:64422 - R:localhost/127.0.0.1:53835]
13:45:03.834 [main] DEBUG net.serenitybdd.core.photography.Darkroom - Send negative for processing for target\site\serenity\326760b024a2bafe5199b4136c4d7275acb72afc7df37f280ab5f6ac1dcc7641.png
13:45:03.834 [main] DEBUG net.thucydides.core.steps.StepInterceptor - STEP DONE: openPage
13:45:03.849 [main] DEBUG net.thucydides.core.steps.StepInterceptor - STARTING STEP: login.ontheLoginPage - validateonLoginPage
13:45:03.858 [Forwarding findElement on session 3d227bd5afc65aeff9fa2cf4dbeecc32 to remote] DEBUG org.asynchttpclient.netty.request.NettyRequestSender - Using pooled Channel '[id: 0x325a578c, L:/127.0.0.1:64422 - R:localhost/127.0.0.1:53835]' for 'POST' to 'http://localhost:53835/session/3d227bd5afc65aeff9fa2cf4dbeecc32/element'
13:45:03.858 [Forwarding findElement on session 3d227bd5afc65aeff9fa2cf4dbeecc32 to remote] DEBUG org.asynchttpclient.netty.request.NettyRequestSender - Using open Channel [id: 0x325a578c, L:/127.0.0.1:64422 - R:localhost/127.0.0.1:53835] for POST '/session/3d227bd5afc65aeff9fa2cf4dbeecc32/element'
13:45:03.899 [AsyncHttpClient-1-8] DEBUG org.asynchttpclient.netty.handler.HttpHandler - 

Request DefaultHttpRequest(decodeResult: success, version: HTTP/1.1)
POST /session/3d227bd5afc65aeff9fa2cf4dbeecc32/element HTTP/1.1
User-Agent: selenium/4.1.2 (java windows)
Content-Length: 101
Content-Type: application/json; charset=utf-8
host: localhost:53835
accept: */*

Response DefaultHttpResponse(decodeResult: success, version: HTTP/1.1)
HTTP/1.1 200 OK
Content-Type: application/json; charset=utf-8
cache-control: no-cache
content-length: 88

13:45:03.900 [AsyncHttpClient-1-8] DEBUG org.asynchttpclient.netty.channel.ChannelManager - Adding key: http://localhost:53835 for channel [id: 0x325a578c, L:/127.0.0.1:64422 - R:localhost/127.0.0.1:53835]
13:45:03.909 [Forwarding isElementDisplayed on session 3d227bd5afc65aeff9fa2cf4dbeecc32 to remote] DEBUG org.asynchttpclient.netty.request.NettyRequestSender - Using pooled Channel '[id: 0x325a578c, L:/127.0.0.1:64422 - R:localhost/127.0.0.1:53835]' for 'POST' to 'http://localhost:53835/session/3d227bd5afc65aeff9fa2cf4dbeecc32/execute/sync'
13:45:03.909 [Forwarding isElementDisplayed on session 3d227bd5afc65aeff9fa2cf4dbeecc32 to remote] DEBUG org.asynchttpclient.netty.request.NettyRequestSender - Using open Channel [id: 0x325a578c, L:/127.0.0.1:64422 - R:localhost/127.0.0.1:53835] for POST '/session/3d227bd5afc65aeff9fa2cf4dbeecc32/execute/sync'
13:45:03.935 [AsyncHttpClient-1-1] DEBUG org.asynchttpclient.netty.channel.DefaultChannelPool - Entry count for : http://localhost:64423 : 1
13:45:03.950 [AsyncHttpClient-1-8] DEBUG org.asynchttpclient.netty.handler.HttpHandler - 

Request DefaultHttpRequest(decodeResult: success, version: HTTP/1.1)
POST /session/3d227bd5afc65aeff9fa2cf4dbeecc32/execute/sync HTTP/1.1
User-Agent: selenium/4.1.2 (java windows)
Content-Length: 48780
Content-Type: application/json; charset=utf-8
host: localhost:53835
accept: */*

Response DefaultHttpResponse(decodeResult: success, version: HTTP/1.1)
HTTP/1.1 200 OK
Content-Type: application/json; charset=utf-8
cache-control: no-cache
content-length: 14

13:45:03.950 [AsyncHttpClient-1-8] DEBUG org.asynchttpclient.netty.channel.ChannelManager - Adding key: http://localhost:53835 for channel [id: 0x325a578c, L:/127.0.0.1:64422 - R:localhost/127.0.0.1:53835]
13:45:03.962 [Forwarding screenshot on session 3d227bd5afc65aeff9fa2cf4dbeecc32 to remote] DEBUG org.asynchttpclient.netty.request.NettyRequestSender - Using pooled Channel '[id: 0x325a578c, L:/127.0.0.1:64422 - R:localhost/127.0.0.1:53835]' for 'GET' to 'http://localhost:53835/session/3d227bd5afc65aeff9fa2cf4dbeecc32/screenshot'
13:45:03.962 [Forwarding screenshot on session 3d227bd5afc65aeff9fa2cf4dbeecc32 to remote] DEBUG org.asynchttpclient.netty.request.NettyRequestSender - Using open Channel [id: 0x325a578c, L:/127.0.0.1:64422 - R:localhost/127.0.0.1:53835] for GET '/session/3d227bd5afc65aeff9fa2cf4dbeecc32/screenshot'
13:45:04.136 [AsyncHttpClient-1-8] DEBUG org.asynchttpclient.netty.handler.HttpHandler - 

Request DefaultFullHttpRequest(decodeResult: success, version: HTTP/1.1, content: EmptyByteBufBE)
GET /session/3d227bd5afc65aeff9fa2cf4dbeecc32/screenshot HTTP/1.1
User-Agent: selenium/4.1.2 (java windows)
Cache-Control: no-cache
Content-Type: application/json; charset=utf-8
host: localhost:53835
accept: */*

Response DefaultHttpResponse(decodeResult: success, version: HTTP/1.1)
HTTP/1.1 200 OK
Content-Type: application/json; charset=utf-8
cache-control: no-cache
content-length: 109728

13:45:04.138 [AsyncHttpClient-1-8] DEBUG org.asynchttpclient.netty.channel.ChannelManager - Adding key: http://localhost:53835 for channel [id: 0x325a578c, L:/127.0.0.1:64422 - R:localhost/127.0.0.1:53835]
13:45:04.146 [main] DEBUG net.serenitybdd.core.photography.Darkroom - Send negative for processing for target\site\serenity\326760b024a2bafe5199b4136c4d7275acb72afc7df37f280ab5f6ac1dcc7641.png
13:45:04.146 [main] DEBUG net.thucydides.core.steps.StepInterceptor - STEP DONE: validateonLoginPage
  &amp#27;[32mGiven &amp#27;[0m&amp#27;[32madmin on login page&amp#27;[0m                              &amp#27;[90m# starter.definitions.login.ontheLoginPage()&amp#27;[0m
13:45:04.178 [main] DEBUG net.thucydides.core.steps.StepInterceptor - STARTING STEP: login.ValidID - inputID
13:45:04.184 [Forwarding findElement on session 3d227bd5afc65aeff9fa2cf4dbeecc32 to remote] DEBUG org.asynchttpclient.netty.request.NettyRequestSender - Using pooled Channel '[id: 0x325a578c, L:/127.0.0.1:64422 - R:localhost/127.0.0.1:53835]' for 'POST' to 'http://localhost:53835/session/3d227bd5afc65aeff9fa2cf4dbeecc32/element'
13:45:04.185 [Forwarding findElement on session 3d227bd5afc65aeff9fa2cf4dbeecc32 to remote] DEBUG org.asynchttpclient.netty.request.NettyRequestSender - Using open Channel [id: 0x325a578c, L:/127.0.0.1:64422 - R:localhost/127.0.0.1:53835] for POST '/session/3d227bd5afc65aeff9fa2cf4dbeecc32/element'
13:45:04.225 [AsyncHttpClient-1-8] DEBUG org.asynchttpclient.netty.handler.HttpHandler - 

Request DefaultHttpRequest(decodeResult: success, version: HTTP/1.1)
POST /session/3d227bd5afc65aeff9fa2cf4dbeecc32/element HTTP/1.1
User-Agent: selenium/4.1.2 (java windows)
Content-Length: 47
Content-Type: application/json; charset=utf-8
host: localhost:53835
accept: */*

Response DefaultHttpResponse(decodeResult: success, version: HTTP/1.1)
HTTP/1.1 200 OK
Content-Type: application/json; charset=utf-8
cache-control: no-cache
content-length: 88

13:45:04.225 [AsyncHttpClient-1-8] DEBUG org.asynchttpclient.netty.channel.ChannelManager - Adding key: http://localhost:53835 for channel [id: 0x325a578c, L:/127.0.0.1:64422 - R:localhost/127.0.0.1:53835]
13:45:04.228 [Forwarding clearElement on session 3d227bd5afc65aeff9fa2cf4dbeecc32 to remote] DEBUG org.asynchttpclient.netty.request.NettyRequestSender - Using pooled Channel '[id: 0x325a578c, L:/127.0.0.1:64422 - R:localhost/127.0.0.1:53835]' for 'POST' to 'http://localhost:53835/session/3d227bd5afc65aeff9fa2cf4dbeecc32/element/ee7ffada-570a-4ab9-881e-bdf99152b01a/clear'
13:45:04.228 [Forwarding clearElement on session 3d227bd5afc65aeff9fa2cf4dbeecc32 to remote] DEBUG org.asynchttpclient.netty.request.NettyRequestSender - Using open Channel [id: 0x325a578c, L:/127.0.0.1:64422 - R:localhost/127.0.0.1:53835] for POST '/session/3d227bd5afc65aeff9fa2cf4dbeecc32/element/ee7ffada-570a-4ab9-881e-bdf99152b01a/clear'
13:45:04.326 [AsyncHttpClient-1-8] DEBUG org.asynchttpclient.netty.handler.HttpHandler - 

Request DefaultHttpRequest(decodeResult: success, version: HTTP/1.1)
POST /session/3d227bd5afc65aeff9fa2cf4dbeecc32/element/ee7ffada-570a-4ab9-881e-bdf99152b01a/clear HTTP/1.1
User-Agent: selenium/4.1.2 (java windows)
Content-Length: 50
Content-Type: application/json; charset=utf-8
host: localhost:53835
accept: */*

Response DefaultHttpResponse(decodeResult: success, version: HTTP/1.1)
HTTP/1.1 200 OK
Content-Type: application/json; charset=utf-8
cache-control: no-cache
content-length: 14

13:45:04.326 [AsyncHttpClient-1-8] DEBUG org.asynchttpclient.netty.channel.ChannelManager - Adding key: http://localhost:53835 for channel [id: 0x325a578c, L:/127.0.0.1:64422 - R:localhost/127.0.0.1:53835]
13:45:04.331 [Forwarding sendKeysToElement on session 3d227bd5afc65aeff9fa2cf4dbeecc32 to remote] DEBUG org.asynchttpclient.netty.request.NettyRequestSender - Using pooled Channel '[id: 0x325a578c, L:/127.0.0.1:64422 - R:localhost/127.0.0.1:53835]' for 'POST' to 'http://localhost:53835/session/3d227bd5afc65aeff9fa2cf4dbeecc32/element/ee7ffada-570a-4ab9-881e-bdf99152b01a/value'
13:45:04.331 [Forwarding sendKeysToElement on session 3d227bd5afc65aeff9fa2cf4dbeecc32 to remote] DEBUG org.asynchttpclient.netty.request.NettyRequestSender - Using open Channel [id: 0x325a578c, L:/127.0.0.1:64422 - R:localhost/127.0.0.1:53835] for POST '/session/3d227bd5afc65aeff9fa2cf4dbeecc32/element/ee7ffada-570a-4ab9-881e-bdf99152b01a/value'
13:45:04.504 [AsyncHttpClient-1-8] DEBUG org.asynchttpclient.netty.handler.HttpHandler - 

Request DefaultHttpRequest(decodeResult: success, version: HTTP/1.1)
POST /session/3d227bd5afc65aeff9fa2cf4dbeecc32/element/ee7ffada-570a-4ab9-881e-bdf99152b01a/value HTTP/1.1
User-Agent: selenium/4.1.2 (java windows)
Content-Length: 151
Content-Type: application/json; charset=utf-8
host: localhost:53835
accept: */*

Response DefaultHttpResponse(decodeResult: success, version: HTTP/1.1)
HTTP/1.1 200 OK
Content-Type: application/json; charset=utf-8
cache-control: no-cache
content-length: 14

13:45:04.505 [AsyncHttpClient-1-8] DEBUG org.asynchttpclient.netty.channel.ChannelManager - Adding key: http://localhost:53835 for channel [id: 0x325a578c, L:/127.0.0.1:64422 - R:localhost/127.0.0.1:53835]
13:45:04.520 [Forwarding screenshot on session 3d227bd5afc65aeff9fa2cf4dbeecc32 to remote] DEBUG org.asynchttpclient.netty.request.NettyRequestSender - Using pooled Channel '[id: 0x325a578c, L:/127.0.0.1:64422 - R:localhost/127.0.0.1:53835]' for 'GET' to 'http://localhost:53835/session/3d227bd5afc65aeff9fa2cf4dbeecc32/screenshot'
13:45:04.520 [Forwarding screenshot on session 3d227bd5afc65aeff9fa2cf4dbeecc32 to remote] DEBUG org.asynchttpclient.netty.request.NettyRequestSender - Using open Channel [id: 0x325a578c, L:/127.0.0.1:64422 - R:localhost/127.0.0.1:53835] for GET '/session/3d227bd5afc65aeff9fa2cf4dbeecc32/screenshot'
13:45:04.769 [AsyncHttpClient-1-8] DEBUG org.asynchttpclient.netty.handler.HttpHandler - 

Request DefaultFullHttpRequest(decodeResult: success, version: HTTP/1.1, content: EmptyByteBufBE)
GET /session/3d227bd5afc65aeff9fa2cf4dbeecc32/screenshot HTTP/1.1
User-Agent: selenium/4.1.2 (java windows)
Cache-Control: no-cache
Content-Type: application/json; charset=utf-8
host: localhost:53835
accept: */*

Response DefaultHttpResponse(decodeResult: success, version: HTTP/1.1)
HTTP/1.1 200 OK
Content-Type: application/json; charset=utf-8
cache-control: no-cache
content-length: 108888

13:45:04.773 [AsyncHttpClient-1-8] DEBUG org.asynchttpclient.netty.channel.ChannelManager - Adding key: http://localhost:53835 for channel [id: 0x325a578c, L:/127.0.0.1:64422 - R:localhost/127.0.0.1:53835]
13:45:04.784 [main] DEBUG net.serenitybdd.core.photography.Darkroom - Send negative for processing for target\site\serenity\ac7634d7ca6454f33acf533e6b1ab917867792654c61cca383f5077c50df77e5.png
13:45:04.785 [main] DEBUG net.thucydides.core.steps.StepInterceptor - STEP DONE: inputID
  &amp#27;[32mWhen &amp#27;[0m&amp#27;[32madmin input valid id&amp#27;[0m                              &amp#27;[90m# starter.definitions.login.ValidID()&amp#27;[0m
13:45:04.830 [main] DEBUG net.thucydides.core.steps.StepInterceptor - STARTING STEP: login.invalidPassword - invalidPassword
13:45:04.838 [Forwarding findElement on session 3d227bd5afc65aeff9fa2cf4dbeecc32 to remote] DEBUG org.asynchttpclient.netty.request.NettyRequestSender - Using pooled Channel '[id: 0x325a578c, L:/127.0.0.1:64422 - R:localhost/127.0.0.1:53835]' for 'POST' to 'http://localhost:53835/session/3d227bd5afc65aeff9fa2cf4dbeecc32/element'
13:45:04.838 [Forwarding findElement on session 3d227bd5afc65aeff9fa2cf4dbeecc32 to remote] DEBUG org.asynchttpclient.netty.request.NettyRequestSender - Using open Channel [id: 0x325a578c, L:/127.0.0.1:64422 - R:localhost/127.0.0.1:53835] for POST '/session/3d227bd5afc65aeff9fa2cf4dbeecc32/element'
13:45:04.874 [AsyncHttpClient-1-8] DEBUG org.asynchttpclient.netty.handler.HttpHandler - 

Request DefaultHttpRequest(decodeResult: success, version: HTTP/1.1)
POST /session/3d227bd5afc65aeff9fa2cf4dbeecc32/element HTTP/1.1
User-Agent: selenium/4.1.2 (java windows)
Content-Length: 53
Content-Type: application/json; charset=utf-8
host: localhost:53835
accept: */*

Response DefaultHttpResponse(decodeResult: success, version: HTTP/1.1)
HTTP/1.1 200 OK
Content-Type: application/json; charset=utf-8
cache-control: no-cache
content-length: 88

13:45:04.875 [AsyncHttpClient-1-8] DEBUG org.asynchttpclient.netty.channel.ChannelManager - Adding key: http://localhost:53835 for channel [id: 0x325a578c, L:/127.0.0.1:64422 - R:localhost/127.0.0.1:53835]
13:45:04.877 [Forwarding clearElement on session 3d227bd5afc65aeff9fa2cf4dbeecc32 to remote] DEBUG org.asynchttpclient.netty.request.NettyRequestSender - Using pooled Channel '[id: 0x325a578c, L:/127.0.0.1:64422 - R:localhost/127.0.0.1:53835]' for 'POST' to 'http://localhost:53835/session/3d227bd5afc65aeff9fa2cf4dbeecc32/element/81cb41d2-c022-4524-93b0-b07df3cd0942/clear'
13:45:04.878 [Forwarding clearElement on session 3d227bd5afc65aeff9fa2cf4dbeecc32 to remote] DEBUG org.asynchttpclient.netty.request.NettyRequestSender - Using open Channel [id: 0x325a578c, L:/127.0.0.1:64422 - R:localhost/127.0.0.1:53835] for POST '/session/3d227bd5afc65aeff9fa2cf4dbeecc32/element/81cb41d2-c022-4524-93b0-b07df3cd0942/clear'
13:45:04.974 [AsyncHttpClient-1-8] DEBUG org.asynchttpclient.netty.handler.HttpHandler - 

Request DefaultHttpRequest(decodeResult: success, version: HTTP/1.1)
POST /session/3d227bd5afc65aeff9fa2cf4dbeecc32/element/81cb41d2-c022-4524-93b0-b07df3cd0942/clear HTTP/1.1
User-Agent: selenium/4.1.2 (java windows)
Content-Length: 50
Content-Type: application/json; charset=utf-8
host: localhost:53835
accept: */*

Response DefaultHttpResponse(decodeResult: success, version: HTTP/1.1)
HTTP/1.1 200 OK
Content-Type: application/json; charset=utf-8
cache-control: no-cache
content-length: 14

13:45:04.975 [AsyncHttpClient-1-8] DEBUG org.asynchttpclient.netty.channel.ChannelManager - Adding key: http://localhost:53835 for channel [id: 0x325a578c, L:/127.0.0.1:64422 - R:localhost/127.0.0.1:53835]
13:45:04.978 [Forwarding sendKeysToElement on session 3d227bd5afc65aeff9fa2cf4dbeecc32 to remote] DEBUG org.asynchttpclient.netty.request.NettyRequestSender - Using pooled Channel '[id: 0x325a578c, L:/127.0.0.1:64422 - R:localhost/127.0.0.1:53835]' for 'POST' to 'http://localhost:53835/session/3d227bd5afc65aeff9fa2cf4dbeecc32/element/81cb41d2-c022-4524-93b0-b07df3cd0942/value'
13:45:04.978 [Forwarding sendKeysToElement on session 3d227bd5afc65aeff9fa2cf4dbeecc32 to remote] DEBUG org.asynchttpclient.netty.request.NettyRequestSender - Using open Channel [id: 0x325a578c, L:/127.0.0.1:64422 - R:localhost/127.0.0.1:53835] for POST '/session/3d227bd5afc65aeff9fa2cf4dbeecc32/element/81cb41d2-c022-4524-93b0-b07df3cd0942/value'
13:45:05.030 [AsyncHttpClient-1-1] DEBUG org.asynchttpclient.netty.channel.DefaultChannelPool - Entry count for : http://localhost:64423 : 1
13:45:05.201 [AsyncHttpClient-1-8] DEBUG org.asynchttpclient.netty.handler.HttpHandler - 

Request DefaultHttpRequest(decodeResult: success, version: HTTP/1.1)
POST /session/3d227bd5afc65aeff9fa2cf4dbeecc32/element/81cb41d2-c022-4524-93b0-b07df3cd0942/value HTTP/1.1
User-Agent: selenium/4.1.2 (java windows)
Content-Length: 131
Content-Type: application/json; charset=utf-8
host: localhost:53835
accept: */*

Response DefaultHttpResponse(decodeResult: success, version: HTTP/1.1)
HTTP/1.1 200 OK
Content-Type: application/json; charset=utf-8
cache-control: no-cache
content-length: 14

13:45:05.201 [AsyncHttpClient-1-8] DEBUG org.asynchttpclient.netty.channel.ChannelManager - Adding key: http://localhost:53835 for channel [id: 0x325a578c, L:/127.0.0.1:64422 - R:localhost/127.0.0.1:53835]
13:45:05.226 [Forwarding screenshot on session 3d227bd5afc65aeff9fa2cf4dbeecc32 to remote] DEBUG org.asynchttpclient.netty.request.NettyRequestSender - Using pooled Channel '[id: 0x325a578c, L:/127.0.0.1:64422 - R:localhost/127.0.0.1:53835]' for 'GET' to 'http://localhost:53835/session/3d227bd5afc65aeff9fa2cf4dbeecc32/screenshot'
13:45:05.226 [Forwarding screenshot on session 3d227bd5afc65aeff9fa2cf4dbeecc32 to remote] DEBUG org.asynchttpclient.netty.request.NettyRequestSender - Using open Channel [id: 0x325a578c, L:/127.0.0.1:64422 - R:localhost/127.0.0.1:53835] for GET '/session/3d227bd5afc65aeff9fa2cf4dbeecc32/screenshot'
13:45:05.465 [AsyncHttpClient-1-8] DEBUG org.asynchttpclient.netty.handler.HttpHandler - 

Request DefaultFullHttpRequest(decodeResult: success, version: HTTP/1.1, content: EmptyByteBufBE)
GET /session/3d227bd5afc65aeff9fa2cf4dbeecc32/screenshot HTTP/1.1
User-Agent: selenium/4.1.2 (java windows)
Cache-Control: no-cache
Content-Type: application/json; charset=utf-8
host: localhost:53835
accept: */*

Response DefaultHttpResponse(decodeResult: success, version: HTTP/1.1)
HTTP/1.1 200 OK
Content-Type: application/json; charset=utf-8
cache-control: no-cache
content-length: 107164

13:45:05.467 [AsyncHttpClient-1-8] DEBUG org.asynchttpclient.netty.channel.ChannelManager - Adding key: http://localhost:53835 for channel [id: 0x325a578c, L:/127.0.0.1:64422 - R:localhost/127.0.0.1:53835]
13:45:05.477 [main] DEBUG net.serenitybdd.core.photography.Darkroom - Send negative for processing for target\site\serenity\1161eded1fc91066eacb8ee1ed912aeb4bd6b3e96f0a72b50d292b887f72db78.png
13:45:05.478 [main] DEBUG net.thucydides.core.steps.StepInterceptor - STEP DONE: invalidPassword
  &amp#27;[32mAnd &amp#27;[0m&amp#27;[32madmin input invalid password&amp#27;[0m                       &amp#27;[90m# starter.definitions.login.invalidPassword()&amp#27;[0m
13:45:05.479 [Darkroom Processing Line] DEBUG net.serenitybdd.core.photography.DarkroomProcessingLine - Processing screenshot image in /var/screenshots/screenshot-709451957276011647
13:45:05.479 [Darkroom Processing Line] DEBUG net.serenitybdd.core.photography.DarkroomProcessingLine - Saving screenshot to target\site\serenity\1161eded1fc91066eacb8ee1ed912aeb4bd6b3e96f0a72b50d292b887f72db78.png
13:45:05.547 [Forwarding screenshot on session 3d227bd5afc65aeff9fa2cf4dbeecc32 to remote] DEBUG org.asynchttpclient.netty.request.NettyRequestSender - Using pooled Channel '[id: 0x325a578c, L:/127.0.0.1:64422 - R:localhost/127.0.0.1:53835]' for 'GET' to 'http://localhost:53835/session/3d227bd5afc65aeff9fa2cf4dbeecc32/screenshot'
13:45:05.547 [Forwarding screenshot on session 3d227bd5afc65aeff9fa2cf4dbeecc32 to remote] DEBUG org.asynchttpclient.netty.request.NettyRequestSender - Using open Channel [id: 0x325a578c, L:/127.0.0.1:64422 - R:localhost/127.0.0.1:53835] for GET '/session/3d227bd5afc65aeff9fa2cf4dbeecc32/screenshot'
13:45:05.757 [AsyncHttpClient-1-8] DEBUG org.asynchttpclient.netty.handler.HttpHandler - 

Request DefaultFullHttpRequest(decodeResult: success, version: HTTP/1.1, content: EmptyByteBufBE)
GET /session/3d227bd5afc65aeff9fa2cf4dbeecc32/screenshot HTTP/1.1
User-Agent: selenium/4.1.2 (java windows)
Cache-Control: no-cache
Content-Type: application/json; charset=utf-8
host: localhost:53835
accept: */*

Response DefaultHttpResponse(decodeResult: success, version: HTTP/1.1)
HTTP/1.1 200 OK
Content-Type: application/json; charset=utf-8
cache-control: no-cache
content-length: 107164

13:45:05.760 [AsyncHttpClient-1-8] DEBUG org.asynchttpclient.netty.channel.ChannelManager - Adding key: http://localhost:53835 for channel [id: 0x325a578c, L:/127.0.0.1:64422 - R:localhost/127.0.0.1:53835]
13:45:05.772 [main] DEBUG net.serenitybdd.core.photography.Darkroom - Send negative for processing for target\site\serenity\1161eded1fc91066eacb8ee1ed912aeb4bd6b3e96f0a72b50d292b887f72db78.png
13:45:05.774 [main] DEBUG net.thucydides.core.steps.StepInterceptor - STARTING STEP: login.LoginButton - clickloginButton
13:45:05.782 [Forwarding findElement on session 3d227bd5afc65aeff9fa2cf4dbeecc32 to remote] DEBUG org.asynchttpclient.netty.request.NettyRequestSender - Using pooled Channel '[id: 0x325a578c, L:/127.0.0.1:64422 - R:localhost/127.0.0.1:53835]' for 'POST' to 'http://localhost:53835/session/3d227bd5afc65aeff9fa2cf4dbeecc32/element'
13:45:05.783 [Forwarding findElement on session 3d227bd5afc65aeff9fa2cf4dbeecc32 to remote] DEBUG org.asynchttpclient.netty.request.NettyRequestSender - Using open Channel [id: 0x325a578c, L:/127.0.0.1:64422 - R:localhost/127.0.0.1:53835] for POST '/session/3d227bd5afc65aeff9fa2cf4dbeecc32/element'
13:45:05.810 [AsyncHttpClient-1-8] DEBUG org.asynchttpclient.netty.handler.HttpHandler - 

Request DefaultHttpRequest(decodeResult: success, version: HTTP/1.1)
POST /session/3d227bd5afc65aeff9fa2cf4dbeecc32/element HTTP/1.1
User-Agent: selenium/4.1.2 (java windows)
Content-Length: 101
Content-Type: application/json; charset=utf-8
host: localhost:53835
accept: */*

Response DefaultHttpResponse(decodeResult: success, version: HTTP/1.1)
HTTP/1.1 200 OK
Content-Type: application/json; charset=utf-8
cache-control: no-cache
content-length: 88

13:45:05.810 [AsyncHttpClient-1-8] DEBUG org.asynchttpclient.netty.channel.ChannelManager - Adding key: http://localhost:53835 for channel [id: 0x325a578c, L:/127.0.0.1:64422 - R:localhost/127.0.0.1:53835]
13:45:05.813 [Forwarding getElementTagName on session 3d227bd5afc65aeff9fa2cf4dbeecc32 to remote] DEBUG org.asynchttpclient.netty.request.NettyRequestSender - Using pooled Channel '[id: 0x325a578c, L:/127.0.0.1:64422 - R:localhost/127.0.0.1:53835]' for 'GET' to 'http://localhost:53835/session/3d227bd5afc65aeff9fa2cf4dbeecc32/element/e244162d-317a-4e7f-9b2b-1929567e4fea/name'
13:45:05.814 [Forwarding getElementTagName on session 3d227bd5afc65aeff9fa2cf4dbeecc32 to remote] DEBUG org.asynchttpclient.netty.request.NettyRequestSender - Using open Channel [id: 0x325a578c, L:/127.0.0.1:64422 - R:localhost/127.0.0.1:53835] for GET '/session/3d227bd5afc65aeff9fa2cf4dbeecc32/element/e244162d-317a-4e7f-9b2b-1929567e4fea/name'
13:45:05.830 [AsyncHttpClient-1-8] DEBUG org.asynchttpclient.netty.handler.HttpHandler - 

Request DefaultFullHttpRequest(decodeResult: success, version: HTTP/1.1, content: EmptyByteBufBE)
GET /session/3d227bd5afc65aeff9fa2cf4dbeecc32/element/e244162d-317a-4e7f-9b2b-1929567e4fea/name HTTP/1.1
User-Agent: selenium/4.1.2 (java windows)
Cache-Control: no-cache
Content-Type: application/json; charset=utf-8
host: localhost:53835
accept: */*

Response DefaultHttpResponse(decodeResult: success, version: HTTP/1.1)
HTTP/1.1 200 OK
Content-Type: application/json; charset=utf-8
cache-control: no-cache
content-length: 18

13:45:05.831 [AsyncHttpClient-1-8] DEBUG org.asynchttpclient.netty.channel.ChannelManager - Adding key: http://localhost:53835 for channel [id: 0x325a578c, L:/127.0.0.1:64422 - R:localhost/127.0.0.1:53835]
13:45:05.833 [Forwarding getElementTagName on session 3d227bd5afc65aeff9fa2cf4dbeecc32 to remote] DEBUG org.asynchttpclient.netty.request.NettyRequestSender - Using pooled Channel '[id: 0x325a578c, L:/127.0.0.1:64422 - R:localhost/127.0.0.1:53835]' for 'GET' to 'http://localhost:53835/session/3d227bd5afc65aeff9fa2cf4dbeecc32/element/e244162d-317a-4e7f-9b2b-1929567e4fea/name'
13:45:05.833 [Forwarding getElementTagName on session 3d227bd5afc65aeff9fa2cf4dbeecc32 to remote] DEBUG org.asynchttpclient.netty.request.NettyRequestSender - Using open Channel [id: 0x325a578c, L:/127.0.0.1:64422 - R:localhost/127.0.0.1:53835] for GET '/session/3d227bd5afc65aeff9fa2cf4dbeecc32/element/e244162d-317a-4e7f-9b2b-1929567e4fea/name'
13:45:05.847 [AsyncHttpClient-1-8] DEBUG org.asynchttpclient.netty.handler.HttpHandler - 

Request DefaultFullHttpRequest(decodeResult: success, version: HTTP/1.1, content: EmptyByteBufBE)
GET /session/3d227bd5afc65aeff9fa2cf4dbeecc32/element/e244162d-317a-4e7f-9b2b-1929567e4fea/name HTTP/1.1
User-Agent: selenium/4.1.2 (java windows)
Cache-Control: no-cache
Content-Type: application/json; charset=utf-8
host: localhost:53835
accept: */*

Response DefaultHttpResponse(decodeResult: success, version: HTTP/1.1)
HTTP/1.1 200 OK
Content-Type: application/json; charset=utf-8
cache-control: no-cache
content-length: 18

13:45:05.847 [AsyncHttpClient-1-8] DEBUG org.asynchttpclient.netty.channel.ChannelManager - Adding key: http://localhost:53835 for channel [id: 0x325a578c, L:/127.0.0.1:64422 - R:localhost/127.0.0.1:53835]
13:45:05.853 [Forwarding isElementEnabled on session 3d227bd5afc65aeff9fa2cf4dbeecc32 to remote] DEBUG org.asynchttpclient.netty.request.NettyRequestSender - Using pooled Channel '[id: 0x325a578c, L:/127.0.0.1:64422 - R:localhost/127.0.0.1:53835]' for 'GET' to 'http://localhost:53835/session/3d227bd5afc65aeff9fa2cf4dbeecc32/element/e244162d-317a-4e7f-9b2b-1929567e4fea/enabled'
13:45:05.853 [Forwarding isElementEnabled on session 3d227bd5afc65aeff9fa2cf4dbeecc32 to remote] DEBUG org.asynchttpclient.netty.request.NettyRequestSender - Using open Channel [id: 0x325a578c, L:/127.0.0.1:64422 - R:localhost/127.0.0.1:53835] for GET '/session/3d227bd5afc65aeff9fa2cf4dbeecc32/element/e244162d-317a-4e7f-9b2b-1929567e4fea/enabled'
13:45:05.895 [AsyncHttpClient-1-8] DEBUG org.asynchttpclient.netty.handler.HttpHandler - 

Request DefaultFullHttpRequest(decodeResult: success, version: HTTP/1.1, content: EmptyByteBufBE)
GET /session/3d227bd5afc65aeff9fa2cf4dbeecc32/element/e244162d-317a-4e7f-9b2b-1929567e4fea/enabled HTTP/1.1
User-Agent: selenium/4.1.2 (java windows)
Cache-Control: no-cache
Content-Type: application/json; charset=utf-8
host: localhost:53835
accept: */*

Response DefaultHttpResponse(decodeResult: success, version: HTTP/1.1)
HTTP/1.1 200 OK
Content-Type: application/json; charset=utf-8
cache-control: no-cache
content-length: 14

13:45:05.895 [AsyncHttpClient-1-8] DEBUG org.asynchttpclient.netty.channel.ChannelManager - Adding key: http://localhost:53835 for channel [id: 0x325a578c, L:/127.0.0.1:64422 - R:localhost/127.0.0.1:53835]
13:45:05.898 [Forwarding isElementEnabled on session 3d227bd5afc65aeff9fa2cf4dbeecc32 to remote] DEBUG org.asynchttpclient.netty.request.NettyRequestSender - Using pooled Channel '[id: 0x325a578c, L:/127.0.0.1:64422 - R:localhost/127.0.0.1:53835]' for 'GET' to 'http://localhost:53835/session/3d227bd5afc65aeff9fa2cf4dbeecc32/element/e244162d-317a-4e7f-9b2b-1929567e4fea/enabled'
13:45:05.898 [Forwarding isElementEnabled on session 3d227bd5afc65aeff9fa2cf4dbeecc32 to remote] DEBUG org.asynchttpclient.netty.request.NettyRequestSender - Using open Channel [id: 0x325a578c, L:/127.0.0.1:64422 - R:localhost/127.0.0.1:53835] for GET '/session/3d227bd5afc65aeff9fa2cf4dbeecc32/element/e244162d-317a-4e7f-9b2b-1929567e4fea/enabled'
13:45:05.913 [AsyncHttpClient-1-8] DEBUG org.asynchttpclient.netty.handler.HttpHandler - 

Request DefaultFullHttpRequest(decodeResult: success, version: HTTP/1.1, content: EmptyByteBufBE)
GET /session/3d227bd5afc65aeff9fa2cf4dbeecc32/element/e244162d-317a-4e7f-9b2b-1929567e4fea/enabled HTTP/1.1
User-Agent: selenium/4.1.2 (java windows)
Cache-Control: no-cache
Content-Type: application/json; charset=utf-8
host: localhost:53835
accept: */*

Response DefaultHttpResponse(decodeResult: success, version: HTTP/1.1)
HTTP/1.1 200 OK
Content-Type: application/json; charset=utf-8
cache-control: no-cache
content-length: 14

13:45:05.914 [AsyncHttpClient-1-8] DEBUG org.asynchttpclient.netty.channel.ChannelManager - Adding key: http://localhost:53835 for channel [id: 0x325a578c, L:/127.0.0.1:64422 - R:localhost/127.0.0.1:53835]
13:45:05.917 [Forwarding findElement on session 3d227bd5afc65aeff9fa2cf4dbeecc32 to remote] DEBUG org.asynchttpclient.netty.request.NettyRequestSender - Using pooled Channel '[id: 0x325a578c, L:/127.0.0.1:64422 - R:localhost/127.0.0.1:53835]' for 'POST' to 'http://localhost:53835/session/3d227bd5afc65aeff9fa2cf4dbeecc32/element'
13:45:05.918 [Forwarding findElement on session 3d227bd5afc65aeff9fa2cf4dbeecc32 to remote] DEBUG org.asynchttpclient.netty.request.NettyRequestSender - Using open Channel [id: 0x325a578c, L:/127.0.0.1:64422 - R:localhost/127.0.0.1:53835] for POST '/session/3d227bd5afc65aeff9fa2cf4dbeecc32/element'
13:45:05.939 [AsyncHttpClient-1-8] DEBUG org.asynchttpclient.netty.handler.HttpHandler - 

Request DefaultHttpRequest(decodeResult: success, version: HTTP/1.1)
POST /session/3d227bd5afc65aeff9fa2cf4dbeecc32/element HTTP/1.1
User-Agent: selenium/4.1.2 (java windows)
Content-Length: 101
Content-Type: application/json; charset=utf-8
host: localhost:53835
accept: */*

Response DefaultHttpResponse(decodeResult: success, version: HTTP/1.1)
HTTP/1.1 200 OK
Content-Type: application/json; charset=utf-8
cache-control: no-cache
content-length: 88

13:45:05.940 [AsyncHttpClient-1-8] DEBUG org.asynchttpclient.netty.channel.ChannelManager - Adding key: http://localhost:53835 for channel [id: 0x325a578c, L:/127.0.0.1:64422 - R:localhost/127.0.0.1:53835]
13:45:05.944 [Forwarding clickElement on session 3d227bd5afc65aeff9fa2cf4dbeecc32 to remote] DEBUG org.asynchttpclient.netty.request.NettyRequestSender - Using pooled Channel '[id: 0x325a578c, L:/127.0.0.1:64422 - R:localhost/127.0.0.1:53835]' for 'POST' to 'http://localhost:53835/session/3d227bd5afc65aeff9fa2cf4dbeecc32/element/e244162d-317a-4e7f-9b2b-1929567e4fea/click'
13:45:05.944 [Forwarding clickElement on session 3d227bd5afc65aeff9fa2cf4dbeecc32 to remote] DEBUG org.asynchttpclient.netty.request.NettyRequestSender - Using open Channel [id: 0x325a578c, L:/127.0.0.1:64422 - R:localhost/127.0.0.1:53835] for POST '/session/3d227bd5afc65aeff9fa2cf4dbeecc32/element/e244162d-317a-4e7f-9b2b-1929567e4fea/click'
13:45:06.115 [AsyncHttpClient-1-8] DEBUG org.asynchttpclient.netty.handler.HttpHandler - 

Request DefaultHttpRequest(decodeResult: success, version: HTTP/1.1)
POST /session/3d227bd5afc65aeff9fa2cf4dbeecc32/element/e244162d-317a-4e7f-9b2b-1929567e4fea/click HTTP/1.1
User-Agent: selenium/4.1.2 (java windows)
Content-Length: 50
Content-Type: application/json; charset=utf-8
host: localhost:53835
accept: */*

Response DefaultHttpResponse(decodeResult: success, version: HTTP/1.1)
HTTP/1.1 200 OK
Content-Type: application/json; charset=utf-8
cache-control: no-cache
content-length: 14

13:45:06.115 [AsyncHttpClient-1-8] DEBUG org.asynchttpclient.netty.channel.ChannelManager - Adding key: http://localhost:53835 for channel [id: 0x325a578c, L:/127.0.0.1:64422 - R:localhost/127.0.0.1:53835]
13:45:06.137 [Forwarding screenshot on session 3d227bd5afc65aeff9fa2cf4dbeecc32 to remote] DEBUG org.asynchttpclient.netty.request.NettyRequestSender - Using pooled Channel '[id: 0x325a578c, L:/127.0.0.1:64422 - R:localhost/127.0.0.1:53835]' for 'GET' to 'http://localhost:53835/session/3d227bd5afc65aeff9fa2cf4dbeecc32/screenshot'
13:45:06.137 [Forwarding screenshot on session 3d227bd5afc65aeff9fa2cf4dbeecc32 to remote] DEBUG org.asynchttpclient.netty.request.NettyRequestSender - Using open Channel [id: 0x325a578c, L:/127.0.0.1:64422 - R:localhost/127.0.0.1:53835] for GET '/session/3d227bd5afc65aeff9fa2cf4dbeecc32/screenshot'
13:45:06.160 [AsyncHttpClient-1-1] DEBUG org.asynchttpclient.netty.channel.DefaultChannelPool - Entry count for : http://localhost:64423 : 1
13:45:06.440 [AsyncHttpClient-1-8] DEBUG org.asynchttpclient.netty.handler.HttpHandler - 

Request DefaultFullHttpRequest(decodeResult: success, version: HTTP/1.1, content: EmptyByteBufBE)
GET /session/3d227bd5afc65aeff9fa2cf4dbeecc32/screenshot HTTP/1.1
User-Agent: selenium/4.1.2 (java windows)
Cache-Control: no-cache
Content-Type: application/json; charset=utf-8
host: localhost:53835
accept: */*

Response DefaultHttpResponse(decodeResult: success, version: HTTP/1.1)
HTTP/1.1 200 OK
Content-Type: application/json; charset=utf-8
cache-control: no-cache
content-length: 107020

13:45:06.443 [AsyncHttpClient-1-8] DEBUG org.asynchttpclient.netty.channel.ChannelManager - Adding key: http://localhost:53835 for channel [id: 0x325a578c, L:/127.0.0.1:64422 - R:localhost/127.0.0.1:53835]
13:45:06.456 [main] DEBUG net.serenitybdd.core.photography.Darkroom - Send negative for processing for target\site\serenity\b81ca77bbff51c05d88e72c08bac83f62eb788ad46b57c9a42fbb6898e9396b3.png
13:45:06.457 [main] DEBUG net.thucydides.core.steps.StepInterceptor - STEP DONE: clickloginButton
13:45:06.457 [Darkroom Processing Line] DEBUG net.serenitybdd.core.photography.DarkroomProcessingLine - Processing screenshot image in /var/screenshots/screenshot-4378532882177141874
  &amp#27;[32mAnd &amp#27;[0m&amp#27;[32madmin click on masuk button&amp#27;[0m                        &amp#27;[90m# starter.definitions.login.LoginButton()&amp#27;[0m
13:45:06.457 [Darkroom Processing Line] DEBUG net.serenitybdd.core.photography.DarkroomProcessingLine - Saving screenshot to target\site\serenity\b81ca77bbff51c05d88e72c08bac83f62eb788ad46b57c9a42fbb6898e9396b3.png
13:45:06.503 [main] DEBUG net.thucydides.core.steps.StepInterceptor - STARTING STEP: login.errorPasswordNotificationAppears - errorNotificationpassword
13:45:06.508 [Forwarding findElement on session 3d227bd5afc65aeff9fa2cf4dbeecc32 to remote] DEBUG org.asynchttpclient.netty.request.NettyRequestSender - Using pooled Channel '[id: 0x325a578c, L:/127.0.0.1:64422 - R:localhost/127.0.0.1:53835]' for 'POST' to 'http://localhost:53835/session/3d227bd5afc65aeff9fa2cf4dbeecc32/element'
13:45:06.508 [Forwarding findElement on session 3d227bd5afc65aeff9fa2cf4dbeecc32 to remote] DEBUG org.asynchttpclient.netty.request.NettyRequestSender - Using open Channel [id: 0x325a578c, L:/127.0.0.1:64422 - R:localhost/127.0.0.1:53835] for POST '/session/3d227bd5afc65aeff9fa2cf4dbeecc32/element'
13:45:06.562 [AsyncHttpClient-1-8] DEBUG org.asynchttpclient.netty.handler.HttpHandler - 

Request DefaultHttpRequest(decodeResult: success, version: HTTP/1.1)
POST /session/3d227bd5afc65aeff9fa2cf4dbeecc32/element HTTP/1.1
User-Agent: selenium/4.1.2 (java windows)
Content-Length: 125
Content-Type: application/json; charset=utf-8
host: localhost:53835
accept: */*

Response DefaultHttpResponse(decodeResult: success, version: HTTP/1.1)
HTTP/1.1 200 OK
Content-Type: application/json; charset=utf-8
cache-control: no-cache
content-length: 88

13:45:06.563 [AsyncHttpClient-1-8] DEBUG org.asynchttpclient.netty.channel.ChannelManager - Adding key: http://localhost:53835 for channel [id: 0x325a578c, L:/127.0.0.1:64422 - R:localhost/127.0.0.1:53835]
13:45:06.572 [Forwarding isElementDisplayed on session 3d227bd5afc65aeff9fa2cf4dbeecc32 to remote] DEBUG org.asynchttpclient.netty.request.NettyRequestSender - Using pooled Channel '[id: 0x325a578c, L:/127.0.0.1:64422 - R:localhost/127.0.0.1:53835]' for 'POST' to 'http://localhost:53835/session/3d227bd5afc65aeff9fa2cf4dbeecc32/execute/sync'
13:45:06.572 [Forwarding isElementDisplayed on session 3d227bd5afc65aeff9fa2cf4dbeecc32 to remote] DEBUG org.asynchttpclient.netty.request.NettyRequestSender - Using open Channel [id: 0x325a578c, L:/127.0.0.1:64422 - R:localhost/127.0.0.1:53835] for POST '/session/3d227bd5afc65aeff9fa2cf4dbeecc32/execute/sync'
13:45:06.624 [AsyncHttpClient-1-8] DEBUG org.asynchttpclient.netty.handler.HttpHandler - 

Request DefaultHttpRequest(decodeResult: success, version: HTTP/1.1)
POST /session/3d227bd5afc65aeff9fa2cf4dbeecc32/execute/sync HTTP/1.1
User-Agent: selenium/4.1.2 (java windows)
Content-Length: 48780
Content-Type: application/json; charset=utf-8
host: localhost:53835
accept: */*

Response DefaultHttpResponse(decodeResult: success, version: HTTP/1.1)
HTTP/1.1 200 OK
Content-Type: application/json; charset=utf-8
cache-control: no-cache
content-length: 14

13:45:06.625 [AsyncHttpClient-1-8] DEBUG org.asynchttpclient.netty.channel.ChannelManager - Adding key: http://localhost:53835 for channel [id: 0x325a578c, L:/127.0.0.1:64422 - R:localhost/127.0.0.1:53835]
13:45:06.634 [Forwarding screenshot on session 3d227bd5afc65aeff9fa2cf4dbeecc32 to remote] DEBUG org.asynchttpclient.netty.request.NettyRequestSender - Using pooled Channel '[id: 0x325a578c, L:/127.0.0.1:64422 - R:localhost/127.0.0.1:53835]' for 'GET' to 'http://localhost:53835/session/3d227bd5afc65aeff9fa2cf4dbeecc32/screenshot'
13:45:06.634 [Forwarding screenshot on session 3d227bd5afc65aeff9fa2cf4dbeecc32 to remote] DEBUG org.asynchttpclient.netty.request.NettyRequestSender - Using open Channel [id: 0x325a578c, L:/127.0.0.1:64422 - R:localhost/127.0.0.1:53835] for GET '/session/3d227bd5afc65aeff9fa2cf4dbeecc32/screenshot'
13:45:06.813 [AsyncHttpClient-1-8] DEBUG org.asynchttpclient.netty.handler.HttpHandler - 

Request DefaultFullHttpRequest(decodeResult: success, version: HTTP/1.1, content: EmptyByteBufBE)
GET /session/3d227bd5afc65aeff9fa2cf4dbeecc32/screenshot HTTP/1.1
User-Agent: selenium/4.1.2 (java windows)
Cache-Control: no-cache
Content-Type: application/json; charset=utf-8
host: localhost:53835
accept: */*

Response DefaultHttpResponse(decodeResult: success, version: HTTP/1.1)
HTTP/1.1 200 OK
Content-Type: application/json; charset=utf-8
cache-control: no-cache
content-length: 113624

13:45:06.814 [AsyncHttpClient-1-8] DEBUG org.asynchttpclient.netty.channel.ChannelManager - Adding key: http://localhost:53835 for channel [id: 0x325a578c, L:/127.0.0.1:64422 - R:localhost/127.0.0.1:53835]
13:45:06.824 [main] DEBUG net.serenitybdd.core.photography.Darkroom - Send negative for processing for target\site\serenity\1369e7abaff6fdbe4e1e3c3caa46e6ddd77426657991da88393c0c2bf5ad331c.png
13:45:06.825 [main] DEBUG net.thucydides.core.steps.StepInterceptor - STEP DONE: errorNotificationpassword
  &amp#27;[32mThen &amp#27;[0m&amp#27;[32merror password notification appears&amp#27;[0m               &amp#27;[90m# starter.definitions.login.errorPasswordNotificationAppears()&amp#27;[0m
13:45:06.826 [Darkroom Processing Line] DEBUG net.serenitybdd.core.photography.DarkroomProcessingLine - Processing screenshot image in /var/screenshots/screenshot-3794127574723694381
13:45:06.826 [Darkroom Processing Line] DEBUG net.serenitybdd.core.photography.DarkroomProcessingLine - Saving screenshot to target\site\serenity\1369e7abaff6fdbe4e1e3c3caa46e6ddd77426657991da88393c0c2bf5ad331c.png
13:45:06.839 [main] INFO  - 
  _____   ___   ___   _____     ___     _     ___   ___   ___   ___  
 |_   _| | __| / __| |_   _|   | _ \   /_\   / __| / __| | __| |   \ 
   | |   | _|  \__ \   | |     |  _/  / _ \  \__ \ \__ \ | _|  | |) |
   |_|   |___| |___/   |_|     |_|   /_/ \_\ |___/ |___/ |___| |___/ 

As admin I want to login with invalid password
----------------------------------------------------------------------
13:45:06.841 [AsyncHttpClient-1-2] DEBUG org.asynchttpclient.netty.handler.WebSocketHandler - Channel Closed: [id: 0x9fbdc6e3, L:/127.0.0.1:64430 ! R:localhost/127.0.0.1:64423] with attribute NettyResponseFuture{currentRetry=5,
	isDone=1,
	isCancelled=0,
	asyncHandler=org.asynchttpclient.ws.WebSocketUpgradeHandler@862f6ff,
	nettyRequest=org.asynchttpclient.netty.request.NettyRequest@67acc907,
	future=java.util.concurrent.CompletableFuture@30a6d6c1[Completed normally],
	uri=ws://localhost:64423/devtools/browser/3356265b-4eed-4a31-ae7c-c074640b1fa9,
	keepAlive=true,
	redirectCount=0,
	timeoutsHolder=null,
	inAuth=0,
	touch=1658213099598}
13:45:06.841 [AsyncHttpClient-1-2] DEBUG org.asynchttpclient.netty.channel.ChannelManager - Closing Channel [id: 0x9fbdc6e3, L:/127.0.0.1:64430 ! R:localhost/127.0.0.1:64423] 
13:45:06.847 [Driver Command Executor] DEBUG org.asynchttpclient.netty.request.NettyRequestSender - Using pooled Channel '[id: 0x325a578c, L:/127.0.0.1:64422 - R:localhost/127.0.0.1:53835]' for 'DELETE' to 'http://localhost:53835/session/3d227bd5afc65aeff9fa2cf4dbeecc32'
13:45:06.847 [Driver Command Executor] DEBUG org.asynchttpclient.netty.request.NettyRequestSender - Using open Channel [id: 0x325a578c, L:/127.0.0.1:64422 - R:localhost/127.0.0.1:53835] for DELETE '/session/3d227bd5afc65aeff9fa2cf4dbeecc32'
13:45:07.146 [AsyncHttpClient-1-9] DEBUG org.asynchttpclient.netty.handler.HttpHandler - Unexpected I/O exception on channel [id: 0x5abb9e0a, L:/127.0.0.1:64429 - R:localhost/127.0.0.1:64423]
java.io.IOException: An existing connection was forcibly closed by the remote host
	at sun.nio.ch.SocketDispatcher.read0(Native Method)
	at sun.nio.ch.SocketDispatcher.read(SocketDispatcher.java:43)
	at sun.nio.ch.IOUtil.readIntoNativeBuffer(IOUtil.java:223)
	at sun.nio.ch.IOUtil.read(IOUtil.java:192)
	at sun.nio.ch.SocketChannelImpl.read(SocketChannelImpl.java:380)
	at io.netty.buffer.PooledByteBuf.setBytes(PooledByteBuf.java:258)
	at io.netty.buffer.AbstractByteBuf.writeBytes(AbstractByteBuf.java:1132)
	at io.netty.channel.socket.nio.NioSocketChannel.doReadBytes(NioSocketChannel.java:350)
	at io.netty.channel.nio.AbstractNioByteChannel$NioByteUnsafe.read(AbstractNioByteChannel.java:151)
	at io.netty.channel.nio.NioEventLoop.processSelectedKey(NioEventLoop.java:722)
	at io.netty.channel.nio.NioEventLoop.processSelectedKeysOptimized(NioEventLoop.java:658)
	at io.netty.channel.nio.NioEventLoop.processSelectedKeys(NioEventLoop.java:584)
	at io.netty.channel.nio.NioEventLoop.run(NioEventLoop.java:496)
	at io.netty.util.concurrent.SingleThreadEventExecutor$4.run(SingleThreadEventExecutor.java:986)
	at io.netty.util.internal.ThreadExecutorMap$2.run(ThreadExecutorMap.java:74)
	at io.netty.util.concurrent.FastThreadLocalRunnable.run(FastThreadLocalRunnable.java:30)
	at java.lang.Thread.run(Thread.java:748)
13:45:07.146 [AsyncHttpClient-1-9] DEBUG org.asynchttpclient.netty.channel.ChannelManager - Closing Channel [id: 0x5abb9e0a, L:/127.0.0.1:64429 - R:localhost/127.0.0.1:64423] 
13:45:07.147 [AsyncHttpClient-1-9] DEBUG org.asynchttpclient.netty.handler.HttpHandler - Channel Closed: [id: 0x5abb9e0a, L:/127.0.0.1:64429 ! R:localhost/127.0.0.1:64423] with attribute DISCARD
13:45:07.229 [AsyncHttpClient-1-1] DEBUG org.asynchttpclient.netty.channel.DefaultChannelPool - Entry count for : http://localhost:64423 : 1
13:45:07.229 [AsyncHttpClient-1-1] DEBUG org.asynchttpclient.netty.channel.DefaultChannelPool - Adding Candidate expired Channel [id: 0x5abb9e0a, L:/127.0.0.1:64429 ! R:localhost/127.0.0.1:64423] isIdleTimeoutExpired=false isRemotelyClosed=true isTtlExpired=false
13:45:07.229 [AsyncHttpClient-1-1] DEBUG org.asynchttpclient.netty.channel.DefaultChannelPool - Closing Idle Channel [id: 0x5abb9e0a, L:/127.0.0.1:64429 ! R:localhost/127.0.0.1:64423]
13:45:07.229 [AsyncHttpClient-1-1] DEBUG org.asynchttpclient.netty.channel.DefaultChannelPool - Closed 1 connections out of 1 in 0 ms
13:45:07.275 [AsyncHttpClient-1-8] DEBUG org.asynchttpclient.netty.handler.HttpHandler - 

Request DefaultFullHttpRequest(decodeResult: success, version: HTTP/1.1, content: EmptyByteBufBE)
DELETE /session/3d227bd5afc65aeff9fa2cf4dbeecc32 HTTP/1.1
User-Agent: selenium/4.1.2 (java windows)
Content-Type: application/json; charset=utf-8
host: localhost:53835
accept: */*

Response DefaultHttpResponse(decodeResult: success, version: HTTP/1.1)
HTTP/1.1 200 OK
Content-Type: application/json; charset=utf-8
cache-control: no-cache
content-length: 14

13:45:07.275 [AsyncHttpClient-1-8] DEBUG org.asynchttpclient.netty.channel.ChannelManager - Adding key: http://localhost:53835 for channel [id: 0x325a578c, L:/127.0.0.1:64422 - R:localhost/127.0.0.1:53835]
13:45:07.485 [AsyncHttpClient-1-8] DEBUG org.asynchttpclient.netty.handler.HttpHandler - Channel Closed: [id: 0x325a578c, L:/127.0.0.1:64422 ! R:localhost/127.0.0.1:53835] with attribute DISCARD
]]></system-out>
    <system-err><![CDATA[Starting ChromeDriver 103.0.5060.53 (a1711811edd74ff1cf2150f36ffa3b0dae40b17f-refs/branch-heads/5060@{#853}) on port 53835
Only local connections are allowed.
Please see https://chromedriver.chromium.org/security-considerations for suggestions on keeping ChromeDriver safe.
ChromeDriver was started successfully.
Jul 19, 2022 1:44:59 PM org.openqa.selenium.remote.ProtocolHandshake createSession
INFO: Detected dialect: W3C
Jul 19, 2022 1:44:59 PM org.openqa.selenium.devtools.CdpVersionFinder findNearestMatch
WARNING: Unable to find an exact match for CDP version 103, so returning the closest version found: a no-op implementation
Jul 19, 2022 1:44:59 PM org.openqa.selenium.devtools.CdpVersionFinder findNearestMatch
INFO: Unable to find CDP implementation matching 103.
Jul 19, 2022 1:44:59 PM org.openqa.selenium.chromium.ChromiumDriver lambda$new$3
WARNING: Unable to find version of CDP to use for . You may need to include a dependency on a specific version of the CDP using something similar to `org.seleniumhq.selenium:selenium-devtools-v86:4.1.2` where the version ("v86") matches the version of the chromium-based browser you're using and the version number of the artifact is the same as Selenium's.
]]></system-err>
  </testcase>
  <testcase name="As admin I want to login with invalid id and invalid password" classname="As admin I want to login, so I can register patient" time="12.527">
    <system-out><![CDATA[
Scenario: As admin I want to login with invalid id and invalid password &amp#27;[90m# src/test/resources/features/login.feature:24&amp#27;[0m
13:45:08.028 [main] INFO io.cucumber.core.plugin.SerenityReporter - Running feature from file:///C:/Users/Ocky/Documents/final_project/web%20testing/src/test/resources/features/login.feature
13:45:08.031 [main] INFO  - 
  _____   ___   ___   _____     ___   _____     _     ___   _____   ___   ___  
 |_   _| | __| / __| |_   _|   / __| |_   _|   /_\   | _ \ |_   _| | __| |   \ 
   | |   | _|  \__ \   | |     \__ \   | |    / _ \  |   /   | |   | _|  | |) |
   |_|   |___| |___/   |_|     |___/   |_|   /_/ \_\ |_|_\   |_|   |___| |___/ 

As admin I want to login with invalid id and invalid password(as-admin-i-want-to-login--so-i-can-register-patient;as-admin-i-want-to-login-with-invalid-id-and-invalid-password)
--------------------------------------------------------------------------------
13:45:08.097 [main] DEBUG net.thucydides.core.steps.StepInterceptor - STARTING STEP: login.ontheLoginPage - openPage
13:45:08.100 [main] INFO net.serenitybdd.core.webdriver.driverproviders.ChromeDriverProvider - Using automatically driver download
13:45:08.362 [AsyncHttpClient-1-1] DEBUG org.asynchttpclient.netty.channel.DefaultChannelPool - Entry count for : http://localhost:53835 : 1
13:45:08.363 [AsyncHttpClient-1-1] DEBUG org.asynchttpclient.netty.channel.DefaultChannelPool - Adding Candidate expired Channel [id: 0x325a578c, L:/127.0.0.1:64422 ! R:localhost/127.0.0.1:53835] isIdleTimeoutExpired=false isRemotelyClosed=true isTtlExpired=false
13:45:08.363 [AsyncHttpClient-1-1] DEBUG org.asynchttpclient.netty.channel.DefaultChannelPool - Closing Idle Channel [id: 0x325a578c, L:/127.0.0.1:64422 ! R:localhost/127.0.0.1:53835]
13:45:08.363 [AsyncHttpClient-1-1] DEBUG org.asynchttpclient.netty.channel.DefaultChannelPool - Closed 1 connections out of 1 in 0 ms
13:45:08.532 [main] DEBUG io.github.bonigarcia.wdm.cache.ResolutionCache - Resolution chrome=103 in cache (valid until 14:34:45 19/07/2022 ICT)
13:45:08.556 [main] DEBUG io.github.bonigarcia.wdm.cache.ResolutionCache - Resolution chrome103=103.0.5060.53 in cache (valid until 00:20:12 20/07/2022 ICT)
13:45:08.564 [main] INFO io.github.bonigarcia.wdm.WebDriverManager - Using chromedriver 103.0.5060.53 (resolved driver for Chrome 103)
13:45:08.616 [main] DEBUG io.github.bonigarcia.wdm.WebDriverManager - Driver chromedriver 103.0.5060.53 found in cache
13:45:08.618 [main] INFO io.github.bonigarcia.wdm.WebDriverManager - Exporting webdriver.chrome.driver as C:\Users\Ocky\.cache\selenium\chromedriver\win32\103.0.5060.53\chromedriver.exe
13:45:09.086 [main] DEBUG net.serenitybdd.core.webdriver.driverproviders.ProvideNewDriver - Instantiating driver
13:45:09.086 [main] DEBUG net.serenitybdd.core.webdriver.driverproviders.ProvideNewDriver - Driver capabilities: Capabilities {acceptInsecureCerts: false, base.url: https://development--capsto..., browserName: chrome, chrome.driver: webdriver/chromedriver.exe, driver: chrome, goog:chromeOptions: {args: [], extensions: []}}
13:45:09.663 [AsyncHttpClient-1-3] DEBUG org.asynchttpclient.netty.channel.NettyConnectListener - Using new Channel '[id: 0x446360a1, L:/127.0.0.1:64443 - R:localhost/127.0.0.1:62476]' for 'POST' to '/session'
13:45:11.658 [AsyncHttpClient-1-3] DEBUG org.asynchttpclient.netty.handler.HttpHandler - 

Request DefaultHttpRequest(decodeResult: success, version: HTTP/1.1)
POST /session HTTP/1.1
User-Agent: selenium/4.1.2 (java windows)
Content-Length: 614
Content-Type: application/json; charset=utf-8
host: localhost:62476
accept: */*

Response DefaultHttpResponse(decodeResult: success, version: HTTP/1.1)
HTTP/1.1 200 OK
Content-Type: application/json; charset=utf-8
cache-control: no-cache
content-length: 790

13:45:11.659 [AsyncHttpClient-1-3] DEBUG org.asynchttpclient.netty.channel.ChannelManager - Adding key: http://localhost:62476 for channel [id: 0x446360a1, L:/127.0.0.1:64443 - R:localhost/127.0.0.1:62476]
13:45:11.669 [AsyncHttpClient-1-4] DEBUG org.asynchttpclient.netty.channel.NettyConnectListener - Using new Channel '[id: 0x7b6694c9, L:/127.0.0.1:64451 - R:localhost/127.0.0.1:64444]' for 'GET' to '/json/version'
13:45:11.671 [AsyncHttpClient-1-4] DEBUG org.asynchttpclient.netty.handler.HttpHandler - 

Request DefaultFullHttpRequest(decodeResult: success, version: HTTP/1.1, content: EmptyByteBufBE)
GET /json/version HTTP/1.1
User-Agent: selenium/4.1.2 (java windows)
host: localhost:64444
accept: */*

Response DefaultHttpResponse(decodeResult: success, version: HTTP/1.1)
HTTP/1.1 200 OK
Content-Type: application/json; charset=UTF-8
content-length: 429

13:45:11.671 [AsyncHttpClient-1-4] DEBUG org.asynchttpclient.netty.channel.ChannelManager - Adding key: http://localhost:64444 for channel [id: 0x7b6694c9, L:/127.0.0.1:64451 - R:localhost/127.0.0.1:64444]
13:45:11.677 [AsyncHttpClient-1-5] DEBUG org.asynchttpclient.netty.channel.NettyConnectListener - Using new Channel '[id: 0x5dfabb90, L:/127.0.0.1:64452 - R:localhost/127.0.0.1:64444]' for 'GET' to '/devtools/browser/f654e607-82f7-4153-8865-d99c7f0f0905'
13:45:11.678 [AsyncHttpClient-1-5] DEBUG org.asynchttpclient.netty.handler.WebSocketHandler - 

Request DefaultFullHttpRequest(decodeResult: success, version: HTTP/1.1, content: EmptyByteBufBE)
GET /devtools/browser/f654e607-82f7-4153-8865-d99c7f0f0905 HTTP/1.1
upgrade: websocket
connection: upgrade
sec-websocket-key: xrzf+ohxA90YOGtN4XaKEg==
sec-websocket-version: 13
origin: http://localhost:64444
host: localhost:64444
accept: */*
user-agent: AHC/2.1

Response DefaultHttpResponse(decodeResult: success, version: HTTP/1.1)
HTTP/1.1 101 WebSocket Protocol Handshake
Upgrade: WebSocket
Connection: Upgrade
Sec-WebSocket-Accept: sIwdT9l7m2RByEEfq8LAR490y00=

13:45:11.692 [Forwarding get on session 68cf9fa0af2c34f384f1234b76311a8d to remote] DEBUG org.asynchttpclient.netty.request.NettyRequestSender - Using pooled Channel '[id: 0x446360a1, L:/127.0.0.1:64443 - R:localhost/127.0.0.1:62476]' for 'POST' to 'http://localhost:62476/session/68cf9fa0af2c34f384f1234b76311a8d/url'
13:45:11.692 [Forwarding get on session 68cf9fa0af2c34f384f1234b76311a8d to remote] DEBUG org.asynchttpclient.netty.request.NettyRequestSender - Using open Channel [id: 0x446360a1, L:/127.0.0.1:64443 - R:localhost/127.0.0.1:62476] for POST '/session/68cf9fa0af2c34f384f1234b76311a8d/url'
13:45:12.732 [AsyncHttpClient-1-1] DEBUG org.asynchttpclient.netty.channel.DefaultChannelPool - Entry count for : http://localhost:64444 : 1
13:45:13.836 [AsyncHttpClient-1-1] DEBUG org.asynchttpclient.netty.channel.DefaultChannelPool - Entry count for : http://localhost:64444 : 1
13:45:14.930 [AsyncHttpClient-1-1] DEBUG org.asynchttpclient.netty.channel.DefaultChannelPool - Entry count for : http://localhost:64444 : 1
13:45:15.464 [AsyncHttpClient-1-3] DEBUG org.asynchttpclient.netty.handler.HttpHandler - 

Request DefaultHttpRequest(decodeResult: success, version: HTTP/1.1)
POST /session/68cf9fa0af2c34f384f1234b76311a8d/url HTTP/1.1
User-Agent: selenium/4.1.2 (java windows)
Content-Length: 92
Content-Type: application/json; charset=utf-8
host: localhost:62476
accept: */*

Response DefaultHttpResponse(decodeResult: success, version: HTTP/1.1)
HTTP/1.1 200 OK
Content-Type: application/json; charset=utf-8
cache-control: no-cache
content-length: 14

13:45:15.465 [AsyncHttpClient-1-3] DEBUG org.asynchttpclient.netty.channel.ChannelManager - Adding key: http://localhost:62476 for channel [id: 0x446360a1, L:/127.0.0.1:64443 - R:localhost/127.0.0.1:62476]
13:45:15.468 [Forwarding setTimeout on session 68cf9fa0af2c34f384f1234b76311a8d to remote] DEBUG org.asynchttpclient.netty.request.NettyRequestSender - Using pooled Channel '[id: 0x446360a1, L:/127.0.0.1:64443 - R:localhost/127.0.0.1:62476]' for 'POST' to 'http://localhost:62476/session/68cf9fa0af2c34f384f1234b76311a8d/timeouts'
13:45:15.469 [Forwarding setTimeout on session 68cf9fa0af2c34f384f1234b76311a8d to remote] DEBUG org.asynchttpclient.netty.request.NettyRequestSender - Using open Channel [id: 0x446360a1, L:/127.0.0.1:64443 - R:localhost/127.0.0.1:62476] for POST '/session/68cf9fa0af2c34f384f1234b76311a8d/timeouts'
13:45:15.478 [AsyncHttpClient-1-3] DEBUG org.asynchttpclient.netty.handler.HttpHandler - 

Request DefaultHttpRequest(decodeResult: success, version: HTTP/1.1)
POST /session/68cf9fa0af2c34f384f1234b76311a8d/timeouts HTTP/1.1
User-Agent: selenium/4.1.2 (java windows)
Content-Length: 22
Content-Type: application/json; charset=utf-8
host: localhost:62476
accept: */*

Response DefaultHttpResponse(decodeResult: success, version: HTTP/1.1)
HTTP/1.1 200 OK
Content-Type: application/json; charset=utf-8
cache-control: no-cache
content-length: 14

13:45:15.479 [AsyncHttpClient-1-3] DEBUG org.asynchttpclient.netty.channel.ChannelManager - Adding key: http://localhost:62476 for channel [id: 0x446360a1, L:/127.0.0.1:64443 - R:localhost/127.0.0.1:62476]
13:45:15.490 [Forwarding getCurrentUrl on session 68cf9fa0af2c34f384f1234b76311a8d to remote] DEBUG org.asynchttpclient.netty.request.NettyRequestSender - Using pooled Channel '[id: 0x446360a1, L:/127.0.0.1:64443 - R:localhost/127.0.0.1:62476]' for 'GET' to 'http://localhost:62476/session/68cf9fa0af2c34f384f1234b76311a8d/url'
13:45:15.490 [Forwarding getCurrentUrl on session 68cf9fa0af2c34f384f1234b76311a8d to remote] DEBUG org.asynchttpclient.netty.request.NettyRequestSender - Using open Channel [id: 0x446360a1, L:/127.0.0.1:64443 - R:localhost/127.0.0.1:62476] for GET '/session/68cf9fa0af2c34f384f1234b76311a8d/url'
13:45:15.517 [AsyncHttpClient-1-3] DEBUG org.asynchttpclient.netty.handler.HttpHandler - 

Request DefaultFullHttpRequest(decodeResult: success, version: HTTP/1.1, content: EmptyByteBufBE)
GET /session/68cf9fa0af2c34f384f1234b76311a8d/url HTTP/1.1
User-Agent: selenium/4.1.2 (java windows)
Cache-Control: no-cache
Content-Type: application/json; charset=utf-8
host: localhost:62476
accept: */*

Response DefaultHttpResponse(decodeResult: success, version: HTTP/1.1)
HTTP/1.1 200 OK
Content-Type: application/json; charset=utf-8
cache-control: no-cache
content-length: 74

13:45:15.517 [AsyncHttpClient-1-3] DEBUG org.asynchttpclient.netty.channel.ChannelManager - Adding key: http://localhost:62476 for channel [id: 0x446360a1, L:/127.0.0.1:64443 - R:localhost/127.0.0.1:62476]
13:45:15.527 [Forwarding getCurrentUrl on session 68cf9fa0af2c34f384f1234b76311a8d to remote] DEBUG org.asynchttpclient.netty.request.NettyRequestSender - Using pooled Channel '[id: 0x446360a1, L:/127.0.0.1:64443 - R:localhost/127.0.0.1:62476]' for 'GET' to 'http://localhost:62476/session/68cf9fa0af2c34f384f1234b76311a8d/url'
13:45:15.527 [Forwarding getCurrentUrl on session 68cf9fa0af2c34f384f1234b76311a8d to remote] DEBUG org.asynchttpclient.netty.request.NettyRequestSender - Using open Channel [id: 0x446360a1, L:/127.0.0.1:64443 - R:localhost/127.0.0.1:62476] for GET '/session/68cf9fa0af2c34f384f1234b76311a8d/url'
13:45:15.534 [AsyncHttpClient-1-3] DEBUG org.asynchttpclient.netty.handler.HttpHandler - 

Request DefaultFullHttpRequest(decodeResult: success, version: HTTP/1.1, content: EmptyByteBufBE)
GET /session/68cf9fa0af2c34f384f1234b76311a8d/url HTTP/1.1
User-Agent: selenium/4.1.2 (java windows)
Cache-Control: no-cache
Content-Type: application/json; charset=utf-8
host: localhost:62476
accept: */*

Response DefaultHttpResponse(decodeResult: success, version: HTTP/1.1)
HTTP/1.1 200 OK
Content-Type: application/json; charset=utf-8
cache-control: no-cache
content-length: 74

13:45:15.534 [AsyncHttpClient-1-3] DEBUG org.asynchttpclient.netty.channel.ChannelManager - Adding key: http://localhost:62476 for channel [id: 0x446360a1, L:/127.0.0.1:64443 - R:localhost/127.0.0.1:62476]
13:45:15.547 [Forwarding screenshot on session 68cf9fa0af2c34f384f1234b76311a8d to remote] DEBUG org.asynchttpclient.netty.request.NettyRequestSender - Using pooled Channel '[id: 0x446360a1, L:/127.0.0.1:64443 - R:localhost/127.0.0.1:62476]' for 'GET' to 'http://localhost:62476/session/68cf9fa0af2c34f384f1234b76311a8d/screenshot'
13:45:15.547 [Forwarding screenshot on session 68cf9fa0af2c34f384f1234b76311a8d to remote] DEBUG org.asynchttpclient.netty.request.NettyRequestSender - Using open Channel [id: 0x446360a1, L:/127.0.0.1:64443 - R:localhost/127.0.0.1:62476] for GET '/session/68cf9fa0af2c34f384f1234b76311a8d/screenshot'
13:45:15.714 [AsyncHttpClient-1-3] DEBUG org.asynchttpclient.netty.handler.HttpHandler - 

Request DefaultFullHttpRequest(decodeResult: success, version: HTTP/1.1, content: EmptyByteBufBE)
GET /session/68cf9fa0af2c34f384f1234b76311a8d/screenshot HTTP/1.1
User-Agent: selenium/4.1.2 (java windows)
Cache-Control: no-cache
Content-Type: application/json; charset=utf-8
host: localhost:62476
accept: */*

Response DefaultHttpResponse(decodeResult: success, version: HTTP/1.1)
HTTP/1.1 200 OK
Content-Type: application/json; charset=utf-8
cache-control: no-cache
content-length: 109728

13:45:15.715 [AsyncHttpClient-1-3] DEBUG org.asynchttpclient.netty.channel.ChannelManager - Adding key: http://localhost:62476 for channel [id: 0x446360a1, L:/127.0.0.1:64443 - R:localhost/127.0.0.1:62476]
13:45:15.725 [main] DEBUG net.serenitybdd.core.photography.Darkroom - Send negative for processing for target\site\serenity\326760b024a2bafe5199b4136c4d7275acb72afc7df37f280ab5f6ac1dcc7641.png
13:45:15.725 [main] DEBUG net.thucydides.core.steps.StepInterceptor - STEP DONE: openPage
13:45:15.734 [main] DEBUG net.thucydides.core.steps.StepInterceptor - STARTING STEP: login.ontheLoginPage - validateonLoginPage
13:45:15.740 [Forwarding findElement on session 68cf9fa0af2c34f384f1234b76311a8d to remote] DEBUG org.asynchttpclient.netty.request.NettyRequestSender - Using pooled Channel '[id: 0x446360a1, L:/127.0.0.1:64443 - R:localhost/127.0.0.1:62476]' for 'POST' to 'http://localhost:62476/session/68cf9fa0af2c34f384f1234b76311a8d/element'
13:45:15.740 [Forwarding findElement on session 68cf9fa0af2c34f384f1234b76311a8d to remote] DEBUG org.asynchttpclient.netty.request.NettyRequestSender - Using open Channel [id: 0x446360a1, L:/127.0.0.1:64443 - R:localhost/127.0.0.1:62476] for POST '/session/68cf9fa0af2c34f384f1234b76311a8d/element'
13:45:15.775 [AsyncHttpClient-1-3] DEBUG org.asynchttpclient.netty.handler.HttpHandler - 

Request DefaultHttpRequest(decodeResult: success, version: HTTP/1.1)
POST /session/68cf9fa0af2c34f384f1234b76311a8d/element HTTP/1.1
User-Agent: selenium/4.1.2 (java windows)
Content-Length: 101
Content-Type: application/json; charset=utf-8
host: localhost:62476
accept: */*

Response DefaultHttpResponse(decodeResult: success, version: HTTP/1.1)
HTTP/1.1 200 OK
Content-Type: application/json; charset=utf-8
cache-control: no-cache
content-length: 88

13:45:15.776 [AsyncHttpClient-1-3] DEBUG org.asynchttpclient.netty.channel.ChannelManager - Adding key: http://localhost:62476 for channel [id: 0x446360a1, L:/127.0.0.1:64443 - R:localhost/127.0.0.1:62476]
13:45:15.784 [Forwarding isElementDisplayed on session 68cf9fa0af2c34f384f1234b76311a8d to remote] DEBUG org.asynchttpclient.netty.request.NettyRequestSender - Using pooled Channel '[id: 0x446360a1, L:/127.0.0.1:64443 - R:localhost/127.0.0.1:62476]' for 'POST' to 'http://localhost:62476/session/68cf9fa0af2c34f384f1234b76311a8d/execute/sync'
13:45:15.784 [Forwarding isElementDisplayed on session 68cf9fa0af2c34f384f1234b76311a8d to remote] DEBUG org.asynchttpclient.netty.request.NettyRequestSender - Using open Channel [id: 0x446360a1, L:/127.0.0.1:64443 - R:localhost/127.0.0.1:62476] for POST '/session/68cf9fa0af2c34f384f1234b76311a8d/execute/sync'
13:45:15.833 [AsyncHttpClient-1-3] DEBUG org.asynchttpclient.netty.handler.HttpHandler - 

Request DefaultHttpRequest(decodeResult: success, version: HTTP/1.1)
POST /session/68cf9fa0af2c34f384f1234b76311a8d/execute/sync HTTP/1.1
User-Agent: selenium/4.1.2 (java windows)
Content-Length: 48780
Content-Type: application/json; charset=utf-8
host: localhost:62476
accept: */*

Response DefaultHttpResponse(decodeResult: success, version: HTTP/1.1)
HTTP/1.1 200 OK
Content-Type: application/json; charset=utf-8
cache-control: no-cache
content-length: 14

13:45:15.833 [AsyncHttpClient-1-3] DEBUG org.asynchttpclient.netty.channel.ChannelManager - Adding key: http://localhost:62476 for channel [id: 0x446360a1, L:/127.0.0.1:64443 - R:localhost/127.0.0.1:62476]
13:45:15.845 [Forwarding screenshot on session 68cf9fa0af2c34f384f1234b76311a8d to remote] DEBUG org.asynchttpclient.netty.request.NettyRequestSender - Using pooled Channel '[id: 0x446360a1, L:/127.0.0.1:64443 - R:localhost/127.0.0.1:62476]' for 'GET' to 'http://localhost:62476/session/68cf9fa0af2c34f384f1234b76311a8d/screenshot'
13:45:15.845 [Forwarding screenshot on session 68cf9fa0af2c34f384f1234b76311a8d to remote] DEBUG org.asynchttpclient.netty.request.NettyRequestSender - Using open Channel [id: 0x446360a1, L:/127.0.0.1:64443 - R:localhost/127.0.0.1:62476] for GET '/session/68cf9fa0af2c34f384f1234b76311a8d/screenshot'
13:45:16.015 [AsyncHttpClient-1-3] DEBUG org.asynchttpclient.netty.handler.HttpHandler - 

Request DefaultFullHttpRequest(decodeResult: success, version: HTTP/1.1, content: EmptyByteBufBE)
GET /session/68cf9fa0af2c34f384f1234b76311a8d/screenshot HTTP/1.1
User-Agent: selenium/4.1.2 (java windows)
Cache-Control: no-cache
Content-Type: application/json; charset=utf-8
host: localhost:62476
accept: */*

Response DefaultHttpResponse(decodeResult: success, version: HTTP/1.1)
HTTP/1.1 200 OK
Content-Type: application/json; charset=utf-8
cache-control: no-cache
content-length: 109728

13:45:16.016 [AsyncHttpClient-1-3] DEBUG org.asynchttpclient.netty.channel.ChannelManager - Adding key: http://localhost:62476 for channel [id: 0x446360a1, L:/127.0.0.1:64443 - R:localhost/127.0.0.1:62476]
13:45:16.025 [main] DEBUG net.serenitybdd.core.photography.Darkroom - Send negative for processing for target\site\serenity\326760b024a2bafe5199b4136c4d7275acb72afc7df37f280ab5f6ac1dcc7641.png
13:45:16.025 [main] DEBUG net.thucydides.core.steps.StepInterceptor - STEP DONE: validateonLoginPage
  &amp#27;[32mGiven &amp#27;[0m&amp#27;[32madmin on login page&amp#27;[0m                                             &amp#27;[90m# starter.definitions.login.ontheLoginPage()&amp#27;[0m
13:45:16.036 [AsyncHttpClient-1-1] DEBUG org.asynchttpclient.netty.channel.DefaultChannelPool - Entry count for : http://localhost:62476 : 1
13:45:16.037 [AsyncHttpClient-1-1] DEBUG org.asynchttpclient.netty.channel.DefaultChannelPool - Entry count for : http://localhost:64444 : 1
13:45:16.058 [main] DEBUG net.thucydides.core.steps.StepInterceptor - STARTING STEP: login.invalidID - invalidID
13:45:16.067 [Forwarding findElement on session 68cf9fa0af2c34f384f1234b76311a8d to remote] DEBUG org.asynchttpclient.netty.request.NettyRequestSender - Using pooled Channel '[id: 0x446360a1, L:/127.0.0.1:64443 - R:localhost/127.0.0.1:62476]' for 'POST' to 'http://localhost:62476/session/68cf9fa0af2c34f384f1234b76311a8d/element'
13:45:16.067 [Forwarding findElement on session 68cf9fa0af2c34f384f1234b76311a8d to remote] DEBUG org.asynchttpclient.netty.request.NettyRequestSender - Using open Channel [id: 0x446360a1, L:/127.0.0.1:64443 - R:localhost/127.0.0.1:62476] for POST '/session/68cf9fa0af2c34f384f1234b76311a8d/element'
13:45:16.099 [AsyncHttpClient-1-3] DEBUG org.asynchttpclient.netty.handler.HttpHandler - 

Request DefaultHttpRequest(decodeResult: success, version: HTTP/1.1)
POST /session/68cf9fa0af2c34f384f1234b76311a8d/element HTTP/1.1
User-Agent: selenium/4.1.2 (java windows)
Content-Length: 47
Content-Type: application/json; charset=utf-8
host: localhost:62476
accept: */*

Response DefaultHttpResponse(decodeResult: success, version: HTTP/1.1)
HTTP/1.1 200 OK
Content-Type: application/json; charset=utf-8
cache-control: no-cache
content-length: 88

13:45:16.099 [AsyncHttpClient-1-3] DEBUG org.asynchttpclient.netty.channel.ChannelManager - Adding key: http://localhost:62476 for channel [id: 0x446360a1, L:/127.0.0.1:64443 - R:localhost/127.0.0.1:62476]
13:45:16.101 [Forwarding clearElement on session 68cf9fa0af2c34f384f1234b76311a8d to remote] DEBUG org.asynchttpclient.netty.request.NettyRequestSender - Using pooled Channel '[id: 0x446360a1, L:/127.0.0.1:64443 - R:localhost/127.0.0.1:62476]' for 'POST' to 'http://localhost:62476/session/68cf9fa0af2c34f384f1234b76311a8d/element/ca531952-3a5e-44ac-bee2-1a7fa26c6093/clear'
13:45:16.102 [Forwarding clearElement on session 68cf9fa0af2c34f384f1234b76311a8d to remote] DEBUG org.asynchttpclient.netty.request.NettyRequestSender - Using open Channel [id: 0x446360a1, L:/127.0.0.1:64443 - R:localhost/127.0.0.1:62476] for POST '/session/68cf9fa0af2c34f384f1234b76311a8d/element/ca531952-3a5e-44ac-bee2-1a7fa26c6093/clear'
13:45:16.211 [AsyncHttpClient-1-3] DEBUG org.asynchttpclient.netty.handler.HttpHandler - 

Request DefaultHttpRequest(decodeResult: success, version: HTTP/1.1)
POST /session/68cf9fa0af2c34f384f1234b76311a8d/element/ca531952-3a5e-44ac-bee2-1a7fa26c6093/clear HTTP/1.1
User-Agent: selenium/4.1.2 (java windows)
Content-Length: 50
Content-Type: application/json; charset=utf-8
host: localhost:62476
accept: */*

Response DefaultHttpResponse(decodeResult: success, version: HTTP/1.1)
HTTP/1.1 200 OK
Content-Type: application/json; charset=utf-8
cache-control: no-cache
content-length: 14

13:45:16.212 [AsyncHttpClient-1-3] DEBUG org.asynchttpclient.netty.channel.ChannelManager - Adding key: http://localhost:62476 for channel [id: 0x446360a1, L:/127.0.0.1:64443 - R:localhost/127.0.0.1:62476]
13:45:16.214 [Forwarding sendKeysToElement on session 68cf9fa0af2c34f384f1234b76311a8d to remote] DEBUG org.asynchttpclient.netty.request.NettyRequestSender - Using pooled Channel '[id: 0x446360a1, L:/127.0.0.1:64443 - R:localhost/127.0.0.1:62476]' for 'POST' to 'http://localhost:62476/session/68cf9fa0af2c34f384f1234b76311a8d/element/ca531952-3a5e-44ac-bee2-1a7fa26c6093/value'
13:45:16.215 [Forwarding sendKeysToElement on session 68cf9fa0af2c34f384f1234b76311a8d to remote] DEBUG org.asynchttpclient.netty.request.NettyRequestSender - Using open Channel [id: 0x446360a1, L:/127.0.0.1:64443 - R:localhost/127.0.0.1:62476] for POST '/session/68cf9fa0af2c34f384f1234b76311a8d/element/ca531952-3a5e-44ac-bee2-1a7fa26c6093/value'
13:45:16.401 [AsyncHttpClient-1-3] DEBUG org.asynchttpclient.netty.handler.HttpHandler - 

Request DefaultHttpRequest(decodeResult: success, version: HTTP/1.1)
POST /session/68cf9fa0af2c34f384f1234b76311a8d/element/ca531952-3a5e-44ac-bee2-1a7fa26c6093/value HTTP/1.1
User-Agent: selenium/4.1.2 (java windows)
Content-Length: 131
Content-Type: application/json; charset=utf-8
host: localhost:62476
accept: */*

Response DefaultHttpResponse(decodeResult: success, version: HTTP/1.1)
HTTP/1.1 200 OK
Content-Type: application/json; charset=utf-8
cache-control: no-cache
content-length: 14

13:45:16.401 [AsyncHttpClient-1-3] DEBUG org.asynchttpclient.netty.channel.ChannelManager - Adding key: http://localhost:62476 for channel [id: 0x446360a1, L:/127.0.0.1:64443 - R:localhost/127.0.0.1:62476]
13:45:16.424 [Forwarding screenshot on session 68cf9fa0af2c34f384f1234b76311a8d to remote] DEBUG org.asynchttpclient.netty.request.NettyRequestSender - Using pooled Channel '[id: 0x446360a1, L:/127.0.0.1:64443 - R:localhost/127.0.0.1:62476]' for 'GET' to 'http://localhost:62476/session/68cf9fa0af2c34f384f1234b76311a8d/screenshot'
13:45:16.424 [Forwarding screenshot on session 68cf9fa0af2c34f384f1234b76311a8d to remote] DEBUG org.asynchttpclient.netty.request.NettyRequestSender - Using open Channel [id: 0x446360a1, L:/127.0.0.1:64443 - R:localhost/127.0.0.1:62476] for GET '/session/68cf9fa0af2c34f384f1234b76311a8d/screenshot'
13:45:16.665 [AsyncHttpClient-1-3] DEBUG org.asynchttpclient.netty.handler.HttpHandler - 

Request DefaultFullHttpRequest(decodeResult: success, version: HTTP/1.1, content: EmptyByteBufBE)
GET /session/68cf9fa0af2c34f384f1234b76311a8d/screenshot HTTP/1.1
User-Agent: selenium/4.1.2 (java windows)
Cache-Control: no-cache
Content-Type: application/json; charset=utf-8
host: localhost:62476
accept: */*

Response DefaultHttpResponse(decodeResult: success, version: HTTP/1.1)
HTTP/1.1 200 OK
Content-Type: application/json; charset=utf-8
cache-control: no-cache
content-length: 108808

13:45:16.666 [AsyncHttpClient-1-3] DEBUG org.asynchttpclient.netty.channel.ChannelManager - Adding key: http://localhost:62476 for channel [id: 0x446360a1, L:/127.0.0.1:64443 - R:localhost/127.0.0.1:62476]
13:45:16.674 [main] DEBUG net.serenitybdd.core.photography.Darkroom - Send negative for processing for target\site\serenity\e6b561f12d131451f87316a74a26ec1c9f965aae6c8187dbc83feb668c012755.png
13:45:16.675 [main] DEBUG net.thucydides.core.steps.StepInterceptor - STEP DONE: invalidID
  &amp#27;[32mWhen &amp#27;[0m&amp#27;[32madmin input invalid id&amp#27;[0m                                           &amp#27;[90m# starter.definitions.login.invalidID()&amp#27;[0m
13:45:16.709 [main] DEBUG net.thucydides.core.steps.StepInterceptor - STARTING STEP: login.invalidPassword - invalidPassword
13:45:16.716 [Forwarding findElement on session 68cf9fa0af2c34f384f1234b76311a8d to remote] DEBUG org.asynchttpclient.netty.request.NettyRequestSender - Using pooled Channel '[id: 0x446360a1, L:/127.0.0.1:64443 - R:localhost/127.0.0.1:62476]' for 'POST' to 'http://localhost:62476/session/68cf9fa0af2c34f384f1234b76311a8d/element'
13:45:16.716 [Forwarding findElement on session 68cf9fa0af2c34f384f1234b76311a8d to remote] DEBUG org.asynchttpclient.netty.request.NettyRequestSender - Using open Channel [id: 0x446360a1, L:/127.0.0.1:64443 - R:localhost/127.0.0.1:62476] for POST '/session/68cf9fa0af2c34f384f1234b76311a8d/element'
13:45:16.749 [AsyncHttpClient-1-3] DEBUG org.asynchttpclient.netty.handler.HttpHandler - 

Request DefaultHttpRequest(decodeResult: success, version: HTTP/1.1)
POST /session/68cf9fa0af2c34f384f1234b76311a8d/element HTTP/1.1
User-Agent: selenium/4.1.2 (java windows)
Content-Length: 53
Content-Type: application/json; charset=utf-8
host: localhost:62476
accept: */*

Response DefaultHttpResponse(decodeResult: success, version: HTTP/1.1)
HTTP/1.1 200 OK
Content-Type: application/json; charset=utf-8
cache-control: no-cache
content-length: 88

13:45:16.790 [AsyncHttpClient-1-3] DEBUG org.asynchttpclient.netty.channel.ChannelManager - Adding key: http://localhost:62476 for channel [id: 0x446360a1, L:/127.0.0.1:64443 - R:localhost/127.0.0.1:62476]
13:45:16.802 [Forwarding clearElement on session 68cf9fa0af2c34f384f1234b76311a8d to remote] DEBUG org.asynchttpclient.netty.request.NettyRequestSender - Using pooled Channel '[id: 0x446360a1, L:/127.0.0.1:64443 - R:localhost/127.0.0.1:62476]' for 'POST' to 'http://localhost:62476/session/68cf9fa0af2c34f384f1234b76311a8d/element/439b01f7-fb10-4ad1-93e7-0261c482faf0/clear'
13:45:16.802 [Forwarding clearElement on session 68cf9fa0af2c34f384f1234b76311a8d to remote] DEBUG org.asynchttpclient.netty.request.NettyRequestSender - Using open Channel [id: 0x446360a1, L:/127.0.0.1:64443 - R:localhost/127.0.0.1:62476] for POST '/session/68cf9fa0af2c34f384f1234b76311a8d/element/439b01f7-fb10-4ad1-93e7-0261c482faf0/clear'
13:45:16.893 [AsyncHttpClient-1-3] DEBUG org.asynchttpclient.netty.handler.HttpHandler - 

Request DefaultHttpRequest(decodeResult: success, version: HTTP/1.1)
POST /session/68cf9fa0af2c34f384f1234b76311a8d/element/439b01f7-fb10-4ad1-93e7-0261c482faf0/clear HTTP/1.1
User-Agent: selenium/4.1.2 (java windows)
Content-Length: 50
Content-Type: application/json; charset=utf-8
host: localhost:62476
accept: */*

Response DefaultHttpResponse(decodeResult: success, version: HTTP/1.1)
HTTP/1.1 200 OK
Content-Type: application/json; charset=utf-8
cache-control: no-cache
content-length: 14

13:45:16.894 [AsyncHttpClient-1-3] DEBUG org.asynchttpclient.netty.channel.ChannelManager - Adding key: http://localhost:62476 for channel [id: 0x446360a1, L:/127.0.0.1:64443 - R:localhost/127.0.0.1:62476]
13:45:16.899 [Forwarding sendKeysToElement on session 68cf9fa0af2c34f384f1234b76311a8d to remote] DEBUG org.asynchttpclient.netty.request.NettyRequestSender - Using pooled Channel '[id: 0x446360a1, L:/127.0.0.1:64443 - R:localhost/127.0.0.1:62476]' for 'POST' to 'http://localhost:62476/session/68cf9fa0af2c34f384f1234b76311a8d/element/439b01f7-fb10-4ad1-93e7-0261c482faf0/value'
13:45:16.899 [Forwarding sendKeysToElement on session 68cf9fa0af2c34f384f1234b76311a8d to remote] DEBUG org.asynchttpclient.netty.request.NettyRequestSender - Using open Channel [id: 0x446360a1, L:/127.0.0.1:64443 - R:localhost/127.0.0.1:62476] for POST '/session/68cf9fa0af2c34f384f1234b76311a8d/element/439b01f7-fb10-4ad1-93e7-0261c482faf0/value'
13:45:17.069 [AsyncHttpClient-1-3] DEBUG org.asynchttpclient.netty.handler.HttpHandler - 

Request DefaultHttpRequest(decodeResult: success, version: HTTP/1.1)
POST /session/68cf9fa0af2c34f384f1234b76311a8d/element/439b01f7-fb10-4ad1-93e7-0261c482faf0/value HTTP/1.1
User-Agent: selenium/4.1.2 (java windows)
Content-Length: 131
Content-Type: application/json; charset=utf-8
host: localhost:62476
accept: */*

Response DefaultHttpResponse(decodeResult: success, version: HTTP/1.1)
HTTP/1.1 200 OK
Content-Type: application/json; charset=utf-8
cache-control: no-cache
content-length: 14

13:45:17.069 [AsyncHttpClient-1-3] DEBUG org.asynchttpclient.netty.channel.ChannelManager - Adding key: http://localhost:62476 for channel [id: 0x446360a1, L:/127.0.0.1:64443 - R:localhost/127.0.0.1:62476]
13:45:17.087 [Forwarding screenshot on session 68cf9fa0af2c34f384f1234b76311a8d to remote] DEBUG org.asynchttpclient.netty.request.NettyRequestSender - Using pooled Channel '[id: 0x446360a1, L:/127.0.0.1:64443 - R:localhost/127.0.0.1:62476]' for 'GET' to 'http://localhost:62476/session/68cf9fa0af2c34f384f1234b76311a8d/screenshot'
13:45:17.087 [Forwarding screenshot on session 68cf9fa0af2c34f384f1234b76311a8d to remote] DEBUG org.asynchttpclient.netty.request.NettyRequestSender - Using open Channel [id: 0x446360a1, L:/127.0.0.1:64443 - R:localhost/127.0.0.1:62476] for GET '/session/68cf9fa0af2c34f384f1234b76311a8d/screenshot'
13:45:17.136 [AsyncHttpClient-1-1] DEBUG org.asynchttpclient.netty.channel.DefaultChannelPool - Entry count for : http://localhost:64444 : 1
13:45:17.360 [AsyncHttpClient-1-3] DEBUG org.asynchttpclient.netty.handler.HttpHandler - 

Request DefaultFullHttpRequest(decodeResult: success, version: HTTP/1.1, content: EmptyByteBufBE)
GET /session/68cf9fa0af2c34f384f1234b76311a8d/screenshot HTTP/1.1
User-Agent: selenium/4.1.2 (java windows)
Cache-Control: no-cache
Content-Type: application/json; charset=utf-8
host: localhost:62476
accept: */*

Response DefaultHttpResponse(decodeResult: success, version: HTTP/1.1)
HTTP/1.1 200 OK
Content-Type: application/json; charset=utf-8
cache-control: no-cache
content-length: 106968

13:45:17.362 [AsyncHttpClient-1-3] DEBUG org.asynchttpclient.netty.channel.ChannelManager - Adding key: http://localhost:62476 for channel [id: 0x446360a1, L:/127.0.0.1:64443 - R:localhost/127.0.0.1:62476]
13:45:17.374 [main] DEBUG net.serenitybdd.core.photography.Darkroom - Send negative for processing for target\site\serenity\9a14bcb6d51087d8de709a3f43266d267acafb6d14c1b3c5d5656960ef51248a.png
13:45:17.374 [main] DEBUG net.thucydides.core.steps.StepInterceptor - STEP DONE: invalidPassword
  &amp#27;[32mAnd &amp#27;[0m&amp#27;[32madmin input invalid password&amp#27;[0m                                      &amp#27;[90m# starter.definitions.login.invalidPassword()&amp#27;[0m
13:45:17.375 [Darkroom Processing Line] DEBUG net.serenitybdd.core.photography.DarkroomProcessingLine - Processing screenshot image in /var/screenshots/screenshot-8950251463554333404
13:45:17.375 [Darkroom Processing Line] DEBUG net.serenitybdd.core.photography.DarkroomProcessingLine - Saving screenshot to target\site\serenity\9a14bcb6d51087d8de709a3f43266d267acafb6d14c1b3c5d5656960ef51248a.png
13:45:17.418 [main] DEBUG net.thucydides.core.steps.StepInterceptor - STARTING STEP: login.LoginButton - clickloginButton
13:45:17.430 [Forwarding findElement on session 68cf9fa0af2c34f384f1234b76311a8d to remote] DEBUG org.asynchttpclient.netty.request.NettyRequestSender - Using pooled Channel '[id: 0x446360a1, L:/127.0.0.1:64443 - R:localhost/127.0.0.1:62476]' for 'POST' to 'http://localhost:62476/session/68cf9fa0af2c34f384f1234b76311a8d/element'
13:45:17.430 [Forwarding findElement on session 68cf9fa0af2c34f384f1234b76311a8d to remote] DEBUG org.asynchttpclient.netty.request.NettyRequestSender - Using open Channel [id: 0x446360a1, L:/127.0.0.1:64443 - R:localhost/127.0.0.1:62476] for POST '/session/68cf9fa0af2c34f384f1234b76311a8d/element'
13:45:17.476 [AsyncHttpClient-1-3] DEBUG org.asynchttpclient.netty.handler.HttpHandler - 

Request DefaultHttpRequest(decodeResult: success, version: HTTP/1.1)
POST /session/68cf9fa0af2c34f384f1234b76311a8d/element HTTP/1.1
User-Agent: selenium/4.1.2 (java windows)
Content-Length: 101
Content-Type: application/json; charset=utf-8
host: localhost:62476
accept: */*

Response DefaultHttpResponse(decodeResult: success, version: HTTP/1.1)
HTTP/1.1 200 OK
Content-Type: application/json; charset=utf-8
cache-control: no-cache
content-length: 88

13:45:17.476 [AsyncHttpClient-1-3] DEBUG org.asynchttpclient.netty.channel.ChannelManager - Adding key: http://localhost:62476 for channel [id: 0x446360a1, L:/127.0.0.1:64443 - R:localhost/127.0.0.1:62476]
13:45:17.480 [Forwarding getElementTagName on session 68cf9fa0af2c34f384f1234b76311a8d to remote] DEBUG org.asynchttpclient.netty.request.NettyRequestSender - Using pooled Channel '[id: 0x446360a1, L:/127.0.0.1:64443 - R:localhost/127.0.0.1:62476]' for 'GET' to 'http://localhost:62476/session/68cf9fa0af2c34f384f1234b76311a8d/element/66a4a8b2-15c8-43fe-a5b8-bbe06eb281ca/name'
13:45:17.480 [Forwarding getElementTagName on session 68cf9fa0af2c34f384f1234b76311a8d to remote] DEBUG org.asynchttpclient.netty.request.NettyRequestSender - Using open Channel [id: 0x446360a1, L:/127.0.0.1:64443 - R:localhost/127.0.0.1:62476] for GET '/session/68cf9fa0af2c34f384f1234b76311a8d/element/66a4a8b2-15c8-43fe-a5b8-bbe06eb281ca/name'
13:45:17.497 [AsyncHttpClient-1-3] DEBUG org.asynchttpclient.netty.handler.HttpHandler - 

Request DefaultFullHttpRequest(decodeResult: success, version: HTTP/1.1, content: EmptyByteBufBE)
GET /session/68cf9fa0af2c34f384f1234b76311a8d/element/66a4a8b2-15c8-43fe-a5b8-bbe06eb281ca/name HTTP/1.1
User-Agent: selenium/4.1.2 (java windows)
Cache-Control: no-cache
Content-Type: application/json; charset=utf-8
host: localhost:62476
accept: */*

Response DefaultHttpResponse(decodeResult: success, version: HTTP/1.1)
HTTP/1.1 200 OK
Content-Type: application/json; charset=utf-8
cache-control: no-cache
content-length: 18

13:45:17.498 [AsyncHttpClient-1-3] DEBUG org.asynchttpclient.netty.channel.ChannelManager - Adding key: http://localhost:62476 for channel [id: 0x446360a1, L:/127.0.0.1:64443 - R:localhost/127.0.0.1:62476]
13:45:17.500 [Forwarding getElementTagName on session 68cf9fa0af2c34f384f1234b76311a8d to remote] DEBUG org.asynchttpclient.netty.request.NettyRequestSender - Using pooled Channel '[id: 0x446360a1, L:/127.0.0.1:64443 - R:localhost/127.0.0.1:62476]' for 'GET' to 'http://localhost:62476/session/68cf9fa0af2c34f384f1234b76311a8d/element/66a4a8b2-15c8-43fe-a5b8-bbe06eb281ca/name'
13:45:17.500 [Forwarding getElementTagName on session 68cf9fa0af2c34f384f1234b76311a8d to remote] DEBUG org.asynchttpclient.netty.request.NettyRequestSender - Using open Channel [id: 0x446360a1, L:/127.0.0.1:64443 - R:localhost/127.0.0.1:62476] for GET '/session/68cf9fa0af2c34f384f1234b76311a8d/element/66a4a8b2-15c8-43fe-a5b8-bbe06eb281ca/name'
13:45:17.512 [AsyncHttpClient-1-3] DEBUG org.asynchttpclient.netty.handler.HttpHandler - 

Request DefaultFullHttpRequest(decodeResult: success, version: HTTP/1.1, content: EmptyByteBufBE)
GET /session/68cf9fa0af2c34f384f1234b76311a8d/element/66a4a8b2-15c8-43fe-a5b8-bbe06eb281ca/name HTTP/1.1
User-Agent: selenium/4.1.2 (java windows)
Cache-Control: no-cache
Content-Type: application/json; charset=utf-8
host: localhost:62476
accept: */*

Response DefaultHttpResponse(decodeResult: success, version: HTTP/1.1)
HTTP/1.1 200 OK
Content-Type: application/json; charset=utf-8
cache-control: no-cache
content-length: 18

13:45:17.512 [AsyncHttpClient-1-3] DEBUG org.asynchttpclient.netty.channel.ChannelManager - Adding key: http://localhost:62476 for channel [id: 0x446360a1, L:/127.0.0.1:64443 - R:localhost/127.0.0.1:62476]
13:45:17.517 [Forwarding isElementEnabled on session 68cf9fa0af2c34f384f1234b76311a8d to remote] DEBUG org.asynchttpclient.netty.request.NettyRequestSender - Using pooled Channel '[id: 0x446360a1, L:/127.0.0.1:64443 - R:localhost/127.0.0.1:62476]' for 'GET' to 'http://localhost:62476/session/68cf9fa0af2c34f384f1234b76311a8d/element/66a4a8b2-15c8-43fe-a5b8-bbe06eb281ca/enabled'
13:45:17.517 [Forwarding isElementEnabled on session 68cf9fa0af2c34f384f1234b76311a8d to remote] DEBUG org.asynchttpclient.netty.request.NettyRequestSender - Using open Channel [id: 0x446360a1, L:/127.0.0.1:64443 - R:localhost/127.0.0.1:62476] for GET '/session/68cf9fa0af2c34f384f1234b76311a8d/element/66a4a8b2-15c8-43fe-a5b8-bbe06eb281ca/enabled'
13:45:17.554 [AsyncHttpClient-1-3] DEBUG org.asynchttpclient.netty.handler.HttpHandler - 

Request DefaultFullHttpRequest(decodeResult: success, version: HTTP/1.1, content: EmptyByteBufBE)
GET /session/68cf9fa0af2c34f384f1234b76311a8d/element/66a4a8b2-15c8-43fe-a5b8-bbe06eb281ca/enabled HTTP/1.1
User-Agent: selenium/4.1.2 (java windows)
Cache-Control: no-cache
Content-Type: application/json; charset=utf-8
host: localhost:62476
accept: */*

Response DefaultHttpResponse(decodeResult: success, version: HTTP/1.1)
HTTP/1.1 200 OK
Content-Type: application/json; charset=utf-8
cache-control: no-cache
content-length: 14

13:45:17.555 [AsyncHttpClient-1-3] DEBUG org.asynchttpclient.netty.channel.ChannelManager - Adding key: http://localhost:62476 for channel [id: 0x446360a1, L:/127.0.0.1:64443 - R:localhost/127.0.0.1:62476]
13:45:17.559 [Forwarding isElementEnabled on session 68cf9fa0af2c34f384f1234b76311a8d to remote] DEBUG org.asynchttpclient.netty.request.NettyRequestSender - Using pooled Channel '[id: 0x446360a1, L:/127.0.0.1:64443 - R:localhost/127.0.0.1:62476]' for 'GET' to 'http://localhost:62476/session/68cf9fa0af2c34f384f1234b76311a8d/element/66a4a8b2-15c8-43fe-a5b8-bbe06eb281ca/enabled'
13:45:17.560 [Forwarding isElementEnabled on session 68cf9fa0af2c34f384f1234b76311a8d to remote] DEBUG org.asynchttpclient.netty.request.NettyRequestSender - Using open Channel [id: 0x446360a1, L:/127.0.0.1:64443 - R:localhost/127.0.0.1:62476] for GET '/session/68cf9fa0af2c34f384f1234b76311a8d/element/66a4a8b2-15c8-43fe-a5b8-bbe06eb281ca/enabled'
13:45:17.587 [AsyncHttpClient-1-3] DEBUG org.asynchttpclient.netty.handler.HttpHandler - 

Request DefaultFullHttpRequest(decodeResult: success, version: HTTP/1.1, content: EmptyByteBufBE)
GET /session/68cf9fa0af2c34f384f1234b76311a8d/element/66a4a8b2-15c8-43fe-a5b8-bbe06eb281ca/enabled HTTP/1.1
User-Agent: selenium/4.1.2 (java windows)
Cache-Control: no-cache
Content-Type: application/json; charset=utf-8
host: localhost:62476
accept: */*

Response DefaultHttpResponse(decodeResult: success, version: HTTP/1.1)
HTTP/1.1 200 OK
Content-Type: application/json; charset=utf-8
cache-control: no-cache
content-length: 14

13:45:17.587 [AsyncHttpClient-1-3] DEBUG org.asynchttpclient.netty.channel.ChannelManager - Adding key: http://localhost:62476 for channel [id: 0x446360a1, L:/127.0.0.1:64443 - R:localhost/127.0.0.1:62476]
13:45:17.592 [Forwarding findElement on session 68cf9fa0af2c34f384f1234b76311a8d to remote] DEBUG org.asynchttpclient.netty.request.NettyRequestSender - Using pooled Channel '[id: 0x446360a1, L:/127.0.0.1:64443 - R:localhost/127.0.0.1:62476]' for 'POST' to 'http://localhost:62476/session/68cf9fa0af2c34f384f1234b76311a8d/element'
13:45:17.593 [Forwarding findElement on session 68cf9fa0af2c34f384f1234b76311a8d to remote] DEBUG org.asynchttpclient.netty.request.NettyRequestSender - Using open Channel [id: 0x446360a1, L:/127.0.0.1:64443 - R:localhost/127.0.0.1:62476] for POST '/session/68cf9fa0af2c34f384f1234b76311a8d/element'
13:45:17.650 [AsyncHttpClient-1-3] DEBUG org.asynchttpclient.netty.handler.HttpHandler - 

Request DefaultHttpRequest(decodeResult: success, version: HTTP/1.1)
POST /session/68cf9fa0af2c34f384f1234b76311a8d/element HTTP/1.1
User-Agent: selenium/4.1.2 (java windows)
Content-Length: 101
Content-Type: application/json; charset=utf-8
host: localhost:62476
accept: */*

Response DefaultHttpResponse(decodeResult: success, version: HTTP/1.1)
HTTP/1.1 200 OK
Content-Type: application/json; charset=utf-8
cache-control: no-cache
content-length: 88

13:45:17.650 [AsyncHttpClient-1-3] DEBUG org.asynchttpclient.netty.channel.ChannelManager - Adding key: http://localhost:62476 for channel [id: 0x446360a1, L:/127.0.0.1:64443 - R:localhost/127.0.0.1:62476]
13:45:17.654 [Forwarding clickElement on session 68cf9fa0af2c34f384f1234b76311a8d to remote] DEBUG org.asynchttpclient.netty.request.NettyRequestSender - Using pooled Channel '[id: 0x446360a1, L:/127.0.0.1:64443 - R:localhost/127.0.0.1:62476]' for 'POST' to 'http://localhost:62476/session/68cf9fa0af2c34f384f1234b76311a8d/element/66a4a8b2-15c8-43fe-a5b8-bbe06eb281ca/click'
13:45:17.654 [Forwarding clickElement on session 68cf9fa0af2c34f384f1234b76311a8d to remote] DEBUG org.asynchttpclient.netty.request.NettyRequestSender - Using open Channel [id: 0x446360a1, L:/127.0.0.1:64443 - R:localhost/127.0.0.1:62476] for POST '/session/68cf9fa0af2c34f384f1234b76311a8d/element/66a4a8b2-15c8-43fe-a5b8-bbe06eb281ca/click'
13:45:17.845 [AsyncHttpClient-1-3] DEBUG org.asynchttpclient.netty.handler.HttpHandler - 

Request DefaultHttpRequest(decodeResult: success, version: HTTP/1.1)
POST /session/68cf9fa0af2c34f384f1234b76311a8d/element/66a4a8b2-15c8-43fe-a5b8-bbe06eb281ca/click HTTP/1.1
User-Agent: selenium/4.1.2 (java windows)
Content-Length: 50
Content-Type: application/json; charset=utf-8
host: localhost:62476
accept: */*

Response DefaultHttpResponse(decodeResult: success, version: HTTP/1.1)
HTTP/1.1 200 OK
Content-Type: application/json; charset=utf-8
cache-control: no-cache
content-length: 14

13:45:17.845 [AsyncHttpClient-1-3] DEBUG org.asynchttpclient.netty.channel.ChannelManager - Adding key: http://localhost:62476 for channel [id: 0x446360a1, L:/127.0.0.1:64443 - R:localhost/127.0.0.1:62476]
13:45:17.865 [Forwarding screenshot on session 68cf9fa0af2c34f384f1234b76311a8d to remote] DEBUG org.asynchttpclient.netty.request.NettyRequestSender - Using pooled Channel '[id: 0x446360a1, L:/127.0.0.1:64443 - R:localhost/127.0.0.1:62476]' for 'GET' to 'http://localhost:62476/session/68cf9fa0af2c34f384f1234b76311a8d/screenshot'
13:45:17.865 [Forwarding screenshot on session 68cf9fa0af2c34f384f1234b76311a8d to remote] DEBUG org.asynchttpclient.netty.request.NettyRequestSender - Using open Channel [id: 0x446360a1, L:/127.0.0.1:64443 - R:localhost/127.0.0.1:62476] for GET '/session/68cf9fa0af2c34f384f1234b76311a8d/screenshot'
13:45:18.173 [AsyncHttpClient-1-3] DEBUG org.asynchttpclient.netty.handler.HttpHandler - 

Request DefaultFullHttpRequest(decodeResult: success, version: HTTP/1.1, content: EmptyByteBufBE)
GET /session/68cf9fa0af2c34f384f1234b76311a8d/screenshot HTTP/1.1
User-Agent: selenium/4.1.2 (java windows)
Cache-Control: no-cache
Content-Type: application/json; charset=utf-8
host: localhost:62476
accept: */*

Response DefaultHttpResponse(decodeResult: success, version: HTTP/1.1)
HTTP/1.1 200 OK
Content-Type: application/json; charset=utf-8
cache-control: no-cache
content-length: 112628

13:45:18.175 [AsyncHttpClient-1-3] DEBUG org.asynchttpclient.netty.channel.ChannelManager - Adding key: http://localhost:62476 for channel [id: 0x446360a1, L:/127.0.0.1:64443 - R:localhost/127.0.0.1:62476]
13:45:18.186 [main] DEBUG net.serenitybdd.core.photography.Darkroom - Send negative for processing for target\site\serenity\4043dae091dddd9ccd59e054a769a2c5f873c242d7be353963fe090440741535.png
13:45:18.187 [main] DEBUG net.thucydides.core.steps.StepInterceptor - STEP DONE: clickloginButton
  &amp#27;[32mAnd &amp#27;[0m&amp#27;[32madmin click on masuk button&amp#27;[0m                                       &amp#27;[90m# starter.definitions.login.LoginButton()&amp#27;[0m
13:45:18.187 [Darkroom Processing Line] DEBUG net.serenitybdd.core.photography.DarkroomProcessingLine - Processing screenshot image in /var/screenshots/screenshot-4165247725416905234
13:45:18.187 [Darkroom Processing Line] DEBUG net.serenitybdd.core.photography.DarkroomProcessingLine - Saving screenshot to target\site\serenity\4043dae091dddd9ccd59e054a769a2c5f873c242d7be353963fe090440741535.png
13:45:18.236 [main] DEBUG net.thucydides.core.steps.StepInterceptor - STARTING STEP: login.errorNotificationID - errornotificationID
13:45:18.241 [Forwarding findElement on session 68cf9fa0af2c34f384f1234b76311a8d to remote] DEBUG org.asynchttpclient.netty.request.NettyRequestSender - Using pooled Channel '[id: 0x446360a1, L:/127.0.0.1:64443 - R:localhost/127.0.0.1:62476]' for 'POST' to 'http://localhost:62476/session/68cf9fa0af2c34f384f1234b76311a8d/element'
13:45:18.241 [Forwarding findElement on session 68cf9fa0af2c34f384f1234b76311a8d to remote] DEBUG org.asynchttpclient.netty.request.NettyRequestSender - Using open Channel [id: 0x446360a1, L:/127.0.0.1:64443 - R:localhost/127.0.0.1:62476] for POST '/session/68cf9fa0af2c34f384f1234b76311a8d/element'
13:45:18.249 [AsyncHttpClient-1-1] DEBUG org.asynchttpclient.netty.channel.DefaultChannelPool - Entry count for : http://localhost:64444 : 1
13:45:18.384 [AsyncHttpClient-1-3] DEBUG org.asynchttpclient.netty.handler.HttpHandler - 

Request DefaultHttpRequest(decodeResult: success, version: HTTP/1.1)
POST /session/68cf9fa0af2c34f384f1234b76311a8d/element HTTP/1.1
User-Agent: selenium/4.1.2 (java windows)
Content-Length: 116
Content-Type: application/json; charset=utf-8
host: localhost:62476
accept: */*

Response DefaultHttpResponse(decodeResult: success, version: HTTP/1.1)
HTTP/1.1 200 OK
Content-Type: application/json; charset=utf-8
cache-control: no-cache
content-length: 88

13:45:18.384 [AsyncHttpClient-1-3] DEBUG org.asynchttpclient.netty.channel.ChannelManager - Adding key: http://localhost:62476 for channel [id: 0x446360a1, L:/127.0.0.1:64443 - R:localhost/127.0.0.1:62476]
13:45:18.393 [Forwarding isElementDisplayed on session 68cf9fa0af2c34f384f1234b76311a8d to remote] DEBUG org.asynchttpclient.netty.request.NettyRequestSender - Using pooled Channel '[id: 0x446360a1, L:/127.0.0.1:64443 - R:localhost/127.0.0.1:62476]' for 'POST' to 'http://localhost:62476/session/68cf9fa0af2c34f384f1234b76311a8d/execute/sync'
13:45:18.394 [Forwarding isElementDisplayed on session 68cf9fa0af2c34f384f1234b76311a8d to remote] DEBUG org.asynchttpclient.netty.request.NettyRequestSender - Using open Channel [id: 0x446360a1, L:/127.0.0.1:64443 - R:localhost/127.0.0.1:62476] for POST '/session/68cf9fa0af2c34f384f1234b76311a8d/execute/sync'
13:45:18.513 [AsyncHttpClient-1-3] DEBUG org.asynchttpclient.netty.handler.HttpHandler - 

Request DefaultHttpRequest(decodeResult: success, version: HTTP/1.1)
POST /session/68cf9fa0af2c34f384f1234b76311a8d/execute/sync HTTP/1.1
User-Agent: selenium/4.1.2 (java windows)
Content-Length: 48780
Content-Type: application/json; charset=utf-8
host: localhost:62476
accept: */*

Response DefaultHttpResponse(decodeResult: success, version: HTTP/1.1)
HTTP/1.1 200 OK
Content-Type: application/json; charset=utf-8
cache-control: no-cache
content-length: 14

13:45:18.514 [AsyncHttpClient-1-3] DEBUG org.asynchttpclient.netty.channel.ChannelManager - Adding key: http://localhost:62476 for channel [id: 0x446360a1, L:/127.0.0.1:64443 - R:localhost/127.0.0.1:62476]
13:45:18.526 [Forwarding screenshot on session 68cf9fa0af2c34f384f1234b76311a8d to remote] DEBUG org.asynchttpclient.netty.request.NettyRequestSender - Using pooled Channel '[id: 0x446360a1, L:/127.0.0.1:64443 - R:localhost/127.0.0.1:62476]' for 'GET' to 'http://localhost:62476/session/68cf9fa0af2c34f384f1234b76311a8d/screenshot'
13:45:18.526 [Forwarding screenshot on session 68cf9fa0af2c34f384f1234b76311a8d to remote] DEBUG org.asynchttpclient.netty.request.NettyRequestSender - Using open Channel [id: 0x446360a1, L:/127.0.0.1:64443 - R:localhost/127.0.0.1:62476] for GET '/session/68cf9fa0af2c34f384f1234b76311a8d/screenshot'
13:45:18.755 [AsyncHttpClient-1-3] DEBUG org.asynchttpclient.netty.handler.HttpHandler - 

Request DefaultFullHttpRequest(decodeResult: success, version: HTTP/1.1, content: EmptyByteBufBE)
GET /session/68cf9fa0af2c34f384f1234b76311a8d/screenshot HTTP/1.1
User-Agent: selenium/4.1.2 (java windows)
Cache-Control: no-cache
Content-Type: application/json; charset=utf-8
host: localhost:62476
accept: */*

Response DefaultHttpResponse(decodeResult: success, version: HTTP/1.1)
HTTP/1.1 200 OK
Content-Type: application/json; charset=utf-8
cache-control: no-cache
content-length: 112628

13:45:18.756 [AsyncHttpClient-1-3] DEBUG org.asynchttpclient.netty.channel.ChannelManager - Adding key: http://localhost:62476 for channel [id: 0x446360a1, L:/127.0.0.1:64443 - R:localhost/127.0.0.1:62476]
13:45:18.767 [main] DEBUG net.serenitybdd.core.photography.Darkroom - Send negative for processing for target\site\serenity\4043dae091dddd9ccd59e054a769a2c5f873c242d7be353963fe090440741535.png
13:45:18.767 [main] DEBUG net.thucydides.core.steps.StepInterceptor - STEP DONE: errornotificationID
  &amp#27;[32mThen &amp#27;[0m&amp#27;[32merror notification appears&amp#27;[0m                                       &amp#27;[90m# starter.definitions.login.errorNotificationID()&amp#27;[0m
13:45:18.778 [main] INFO  - 
  _____   ___   ___   _____     ___     _     ___   ___   ___   ___  
 |_   _| | __| / __| |_   _|   | _ \   /_\   / __| / __| | __| |   \ 
   | |   | _|  \__ \   | |     |  _/  / _ \  \__ \ \__ \ | _|  | |) |
   |_|   |___| |___/   |_|     |_|   /_/ \_\ |___/ |___/ |___| |___/ 

As admin I want to login with invalid id and invalid password
----------------------------------------------------------------------
13:45:18.783 [AsyncHttpClient-1-5] DEBUG org.asynchttpclient.netty.handler.WebSocketHandler - Channel Closed: [id: 0x5dfabb90, L:/127.0.0.1:64452 ! R:localhost/127.0.0.1:64444] with attribute NettyResponseFuture{currentRetry=5,
	isDone=1,
	isCancelled=0,
	asyncHandler=org.asynchttpclient.ws.WebSocketUpgradeHandler@7dd91b42,
	nettyRequest=org.asynchttpclient.netty.request.NettyRequest@7b3c414e,
	future=java.util.concurrent.CompletableFuture@6b9ca4bf[Completed normally],
	uri=ws://localhost:64444/devtools/browser/f654e607-82f7-4153-8865-d99c7f0f0905,
	keepAlive=true,
	redirectCount=0,
	timeoutsHolder=null,
	inAuth=0,
	touch=1658213111679}
13:45:18.783 [AsyncHttpClient-1-5] DEBUG org.asynchttpclient.netty.channel.ChannelManager - Closing Channel [id: 0x5dfabb90, L:/127.0.0.1:64452 ! R:localhost/127.0.0.1:64444] 
13:45:18.840 [Driver Command Executor] DEBUG org.asynchttpclient.netty.request.NettyRequestSender - Using pooled Channel '[id: 0x446360a1, L:/127.0.0.1:64443 - R:localhost/127.0.0.1:62476]' for 'DELETE' to 'http://localhost:62476/session/68cf9fa0af2c34f384f1234b76311a8d'
13:45:18.840 [Driver Command Executor] DEBUG org.asynchttpclient.netty.request.NettyRequestSender - Using open Channel [id: 0x446360a1, L:/127.0.0.1:64443 - R:localhost/127.0.0.1:62476] for DELETE '/session/68cf9fa0af2c34f384f1234b76311a8d'
13:45:19.330 [AsyncHttpClient-1-1] DEBUG org.asynchttpclient.netty.channel.DefaultChannelPool - Entry count for : http://localhost:64444 : 1
13:45:19.517 [AsyncHttpClient-1-4] DEBUG org.asynchttpclient.netty.handler.HttpHandler - Unexpected I/O exception on channel [id: 0x7b6694c9, L:/127.0.0.1:64451 - R:localhost/127.0.0.1:64444]
java.io.IOException: An existing connection was forcibly closed by the remote host
	at sun.nio.ch.SocketDispatcher.read0(Native Method)
	at sun.nio.ch.SocketDispatcher.read(SocketDispatcher.java:43)
	at sun.nio.ch.IOUtil.readIntoNativeBuffer(IOUtil.java:223)
	at sun.nio.ch.IOUtil.read(IOUtil.java:192)
	at sun.nio.ch.SocketChannelImpl.read(SocketChannelImpl.java:380)
	at io.netty.buffer.PooledByteBuf.setBytes(PooledByteBuf.java:258)
	at io.netty.buffer.AbstractByteBuf.writeBytes(AbstractByteBuf.java:1132)
	at io.netty.channel.socket.nio.NioSocketChannel.doReadBytes(NioSocketChannel.java:350)
	at io.netty.channel.nio.AbstractNioByteChannel$NioByteUnsafe.read(AbstractNioByteChannel.java:151)
	at io.netty.channel.nio.NioEventLoop.processSelectedKey(NioEventLoop.java:722)
	at io.netty.channel.nio.NioEventLoop.processSelectedKeysOptimized(NioEventLoop.java:658)
	at io.netty.channel.nio.NioEventLoop.processSelectedKeys(NioEventLoop.java:584)
	at io.netty.channel.nio.NioEventLoop.run(NioEventLoop.java:496)
	at io.netty.util.concurrent.SingleThreadEventExecutor$4.run(SingleThreadEventExecutor.java:986)
	at io.netty.util.internal.ThreadExecutorMap$2.run(ThreadExecutorMap.java:74)
	at io.netty.util.concurrent.FastThreadLocalRunnable.run(FastThreadLocalRunnable.java:30)
	at java.lang.Thread.run(Thread.java:748)
13:45:19.517 [AsyncHttpClient-1-4] DEBUG org.asynchttpclient.netty.channel.ChannelManager - Closing Channel [id: 0x7b6694c9, L:/127.0.0.1:64451 - R:localhost/127.0.0.1:64444] 
13:45:19.518 [AsyncHttpClient-1-4] DEBUG org.asynchttpclient.netty.handler.HttpHandler - Channel Closed: [id: 0x7b6694c9, L:/127.0.0.1:64451 ! R:localhost/127.0.0.1:64444] with attribute DISCARD
13:45:19.647 [AsyncHttpClient-1-3] DEBUG org.asynchttpclient.netty.handler.HttpHandler - 

Request DefaultFullHttpRequest(decodeResult: success, version: HTTP/1.1, content: EmptyByteBufBE)
DELETE /session/68cf9fa0af2c34f384f1234b76311a8d HTTP/1.1
User-Agent: selenium/4.1.2 (java windows)
Content-Type: application/json; charset=utf-8
host: localhost:62476
accept: */*

Response DefaultHttpResponse(decodeResult: success, version: HTTP/1.1)
HTTP/1.1 200 OK
Content-Type: application/json; charset=utf-8
cache-control: no-cache
content-length: 14

13:45:19.647 [AsyncHttpClient-1-3] DEBUG org.asynchttpclient.netty.channel.ChannelManager - Adding key: http://localhost:62476 for channel [id: 0x446360a1, L:/127.0.0.1:64443 - R:localhost/127.0.0.1:62476]
13:45:20.014 [AsyncHttpClient-1-3] DEBUG org.asynchttpclient.netty.handler.HttpHandler - Channel Closed: [id: 0x446360a1, L:/127.0.0.1:64443 ! R:localhost/127.0.0.1:62476] with attribute DISCARD
13:45:20.428 [AsyncHttpClient-1-1] DEBUG org.asynchttpclient.netty.channel.DefaultChannelPool - Entry count for : http://localhost:62476 : 1
13:45:20.428 [AsyncHttpClient-1-1] DEBUG org.asynchttpclient.netty.channel.DefaultChannelPool - Entry count for : http://localhost:64444 : 1
13:45:20.428 [AsyncHttpClient-1-1] DEBUG org.asynchttpclient.netty.channel.DefaultChannelPool - Adding Candidate expired Channel [id: 0x446360a1, L:/127.0.0.1:64443 ! R:localhost/127.0.0.1:62476] isIdleTimeoutExpired=false isRemotelyClosed=true isTtlExpired=false
13:45:20.428 [AsyncHttpClient-1-1] DEBUG org.asynchttpclient.netty.channel.DefaultChannelPool - Closing Idle Channel [id: 0x446360a1, L:/127.0.0.1:64443 ! R:localhost/127.0.0.1:62476]
13:45:20.428 [AsyncHttpClient-1-1] DEBUG org.asynchttpclient.netty.channel.DefaultChannelPool - Adding Candidate expired Channel [id: 0x7b6694c9, L:/127.0.0.1:64451 ! R:localhost/127.0.0.1:64444] isIdleTimeoutExpired=false isRemotelyClosed=true isTtlExpired=false
13:45:20.428 [AsyncHttpClient-1-1] DEBUG org.asynchttpclient.netty.channel.DefaultChannelPool - Closing Idle Channel [id: 0x7b6694c9, L:/127.0.0.1:64451 ! R:localhost/127.0.0.1:64444]
13:45:20.428 [AsyncHttpClient-1-1] DEBUG org.asynchttpclient.netty.channel.DefaultChannelPool - Closed 2 connections out of 2 in 0 ms
]]></system-out>
    <system-err><![CDATA[Starting ChromeDriver 103.0.5060.53 (a1711811edd74ff1cf2150f36ffa3b0dae40b17f-refs/branch-heads/5060@{#853}) on port 62476
Only local connections are allowed.
Please see https://chromedriver.chromium.org/security-considerations for suggestions on keeping ChromeDriver safe.
ChromeDriver was started successfully.
Jul 19, 2022 1:45:11 PM org.openqa.selenium.remote.ProtocolHandshake createSession
INFO: Detected dialect: W3C
Jul 19, 2022 1:45:11 PM org.openqa.selenium.devtools.CdpVersionFinder findNearestMatch
WARNING: Unable to find an exact match for CDP version 103, so returning the closest version found: a no-op implementation
Jul 19, 2022 1:45:11 PM org.openqa.selenium.devtools.CdpVersionFinder findNearestMatch
INFO: Unable to find CDP implementation matching 103.
Jul 19, 2022 1:45:11 PM org.openqa.selenium.chromium.ChromiumDriver lambda$new$3
WARNING: Unable to find version of CDP to use for . You may need to include a dependency on a specific version of the CDP using something similar to `org.seleniumhq.selenium:selenium-devtools-v86:4.1.2` where the version ("v86") matches the version of the chromium-based browser you're using and the version number of the artifact is the same as Selenium's.
]]></system-err>
  </testcase>
  <testcase name="As admin I want to register a patient" classname="As admin I want to register a patient so that she/he can get treatment" time="23.776">
    <system-out><![CDATA[13:45:20.544 [main] INFO io.cucumber.core.plugin.SerenityReporter - Running feature from file:///C:/Users/Ocky/Documents/final_project/web%20testing/src/test/resources/features/pasienlama.feature
13:45:20.549 [main] DEBUG net.thucydides.core.steps.StepEventBus - Test suite started for story net.thucydides.core.model.Story@7bbb2d2d
13:45:20.549 [main] INFO  - Test Suite Started: As admin I want to register a patient so that she/he can get treatment

Scenario: As admin I want to register a patient   &amp#27;[90m# src/test/resources/features/pasienlama.feature:11&amp#27;[0m
13:45:20.584 [main] INFO io.cucumber.core.plugin.SerenityReporter - Running feature from file:///C:/Users/Ocky/Documents/final_project/web%20testing/src/test/resources/features/pasienlama.feature
13:45:20.587 [main] INFO  - 
  _____   ___   ___   _____     ___   _____     _     ___   _____   ___   ___  
 |_   _| | __| / __| |_   _|   / __| |_   _|   /_\   | _ \ |_   _| | __| |   \ 
   | |   | _|  \__ \   | |     \__ \   | |    / _ \  |   /   | |   | _|  | |) |
   |_|   |___| |___/   |_|     |___/   |_|   /_/ \_\ |_|_\   |_|   |___| |___/ 

As admin I want to register a patient(as-admin-i-want-to-register-a-patient-so-that-she/he-can-get-treatment;as-admin-i-want-to-register-a-patient)
--------------------------------------------------------------------------------
13:45:20.677 [main] DEBUG net.thucydides.core.steps.StepInterceptor - STARTING STEP: login.ontheLoginPage - openPage
13:45:20.681 [main] INFO net.serenitybdd.core.webdriver.driverproviders.ChromeDriverProvider - Using automatically driver download
13:45:21.000 [main] DEBUG io.github.bonigarcia.wdm.cache.ResolutionCache - Resolution chrome=103 in cache (valid until 14:34:45 19/07/2022 ICT)
13:45:21.011 [main] DEBUG io.github.bonigarcia.wdm.cache.ResolutionCache - Resolution chrome103=103.0.5060.53 in cache (valid until 00:20:12 20/07/2022 ICT)
13:45:21.015 [main] INFO io.github.bonigarcia.wdm.WebDriverManager - Using chromedriver 103.0.5060.53 (resolved driver for Chrome 103)
13:45:21.042 [main] DEBUG io.github.bonigarcia.wdm.WebDriverManager - Driver chromedriver 103.0.5060.53 found in cache
13:45:21.044 [main] INFO io.github.bonigarcia.wdm.WebDriverManager - Exporting webdriver.chrome.driver as C:\Users\Ocky\.cache\selenium\chromedriver\win32\103.0.5060.53\chromedriver.exe
13:45:21.371 [main] DEBUG net.serenitybdd.core.webdriver.driverproviders.ProvideNewDriver - Instantiating driver
13:45:21.371 [main] DEBUG net.serenitybdd.core.webdriver.driverproviders.ProvideNewDriver - Driver capabilities: Capabilities {acceptInsecureCerts: false, base.url: https://development--capsto..., browserName: chrome, chrome.driver: webdriver/chromedriver.exe, driver: chrome, goog:chromeOptions: {args: [], extensions: []}}
13:45:21.937 [AsyncHttpClient-1-6] DEBUG org.asynchttpclient.netty.channel.NettyConnectListener - Using new Channel '[id: 0x553d5924, L:/127.0.0.1:64464 - R:localhost/127.0.0.1:51266]' for 'POST' to '/session'
13:45:23.983 [AsyncHttpClient-1-6] DEBUG org.asynchttpclient.netty.handler.HttpHandler - 

Request DefaultHttpRequest(decodeResult: success, version: HTTP/1.1)
POST /session HTTP/1.1
User-Agent: selenium/4.1.2 (java windows)
Content-Length: 614
Content-Type: application/json; charset=utf-8
host: localhost:51266
accept: */*

Response DefaultHttpResponse(decodeResult: success, version: HTTP/1.1)
HTTP/1.1 200 OK
Content-Type: application/json; charset=utf-8
cache-control: no-cache
content-length: 788

13:45:23.984 [AsyncHttpClient-1-6] DEBUG org.asynchttpclient.netty.channel.ChannelManager - Adding key: http://localhost:51266 for channel [id: 0x553d5924, L:/127.0.0.1:64464 - R:localhost/127.0.0.1:51266]
13:45:24.016 [AsyncHttpClient-1-7] DEBUG org.asynchttpclient.netty.channel.NettyConnectListener - Using new Channel '[id: 0xae9c3be3, L:/127.0.0.1:64472 - R:localhost/127.0.0.1:64465]' for 'GET' to '/json/version'
13:45:24.017 [AsyncHttpClient-1-7] DEBUG org.asynchttpclient.netty.handler.HttpHandler - 

Request DefaultFullHttpRequest(decodeResult: success, version: HTTP/1.1, content: EmptyByteBufBE)
GET /json/version HTTP/1.1
User-Agent: selenium/4.1.2 (java windows)
host: localhost:64465
accept: */*

Response DefaultHttpResponse(decodeResult: success, version: HTTP/1.1)
HTTP/1.1 200 OK
Content-Type: application/json; charset=UTF-8
content-length: 429

13:45:24.018 [AsyncHttpClient-1-7] DEBUG org.asynchttpclient.netty.channel.ChannelManager - Adding key: http://localhost:64465 for channel [id: 0xae9c3be3, L:/127.0.0.1:64472 - R:localhost/127.0.0.1:64465]
13:45:24.022 [AsyncHttpClient-1-8] DEBUG org.asynchttpclient.netty.channel.NettyConnectListener - Using new Channel '[id: 0x043f4397, L:/127.0.0.1:64473 - R:localhost/127.0.0.1:64465]' for 'GET' to '/devtools/browser/1cd6ba20-e962-481c-9921-441377a5d8c1'
13:45:24.023 [AsyncHttpClient-1-8] DEBUG org.asynchttpclient.netty.handler.WebSocketHandler - 

Request DefaultFullHttpRequest(decodeResult: success, version: HTTP/1.1, content: EmptyByteBufBE)
GET /devtools/browser/1cd6ba20-e962-481c-9921-441377a5d8c1 HTTP/1.1
upgrade: websocket
connection: upgrade
sec-websocket-key: ucz+vC0HfpfIxevpYgvs4w==
sec-websocket-version: 13
origin: http://localhost:64465
host: localhost:64465
accept: */*
user-agent: AHC/2.1

Response DefaultHttpResponse(decodeResult: success, version: HTTP/1.1)
HTTP/1.1 101 WebSocket Protocol Handshake
Upgrade: WebSocket
Connection: Upgrade
Sec-WebSocket-Accept: 72+XWeWEZJ3owpUittosErwD9s4=

13:45:24.033 [Forwarding get on session fa900112756f9d610766ee225c959cfa to remote] DEBUG org.asynchttpclient.netty.request.NettyRequestSender - Using pooled Channel '[id: 0x553d5924, L:/127.0.0.1:64464 - R:localhost/127.0.0.1:51266]' for 'POST' to 'http://localhost:51266/session/fa900112756f9d610766ee225c959cfa/url'
13:45:24.033 [Forwarding get on session fa900112756f9d610766ee225c959cfa to remote] DEBUG org.asynchttpclient.netty.request.NettyRequestSender - Using open Channel [id: 0x553d5924, L:/127.0.0.1:64464 - R:localhost/127.0.0.1:51266] for POST '/session/fa900112756f9d610766ee225c959cfa/url'
13:45:24.851 [AsyncHttpClient-1-1] DEBUG org.asynchttpclient.netty.channel.DefaultChannelPool - Entry count for : http://localhost:64465 : 1
13:45:25.929 [AsyncHttpClient-1-1] DEBUG org.asynchttpclient.netty.channel.DefaultChannelPool - Entry count for : http://localhost:64465 : 1
13:45:27.031 [AsyncHttpClient-1-1] DEBUG org.asynchttpclient.netty.channel.DefaultChannelPool - Entry count for : http://localhost:64465 : 1
13:45:27.856 [AsyncHttpClient-1-6] DEBUG org.asynchttpclient.netty.handler.HttpHandler - 

Request DefaultHttpRequest(decodeResult: success, version: HTTP/1.1)
POST /session/fa900112756f9d610766ee225c959cfa/url HTTP/1.1
User-Agent: selenium/4.1.2 (java windows)
Content-Length: 92
Content-Type: application/json; charset=utf-8
host: localhost:51266
accept: */*

Response DefaultHttpResponse(decodeResult: success, version: HTTP/1.1)
HTTP/1.1 200 OK
Content-Type: application/json; charset=utf-8
cache-control: no-cache
content-length: 14

13:45:27.857 [AsyncHttpClient-1-6] DEBUG org.asynchttpclient.netty.channel.ChannelManager - Adding key: http://localhost:51266 for channel [id: 0x553d5924, L:/127.0.0.1:64464 - R:localhost/127.0.0.1:51266]
13:45:27.860 [Forwarding setTimeout on session fa900112756f9d610766ee225c959cfa to remote] DEBUG org.asynchttpclient.netty.request.NettyRequestSender - Using pooled Channel '[id: 0x553d5924, L:/127.0.0.1:64464 - R:localhost/127.0.0.1:51266]' for 'POST' to 'http://localhost:51266/session/fa900112756f9d610766ee225c959cfa/timeouts'
13:45:27.862 [Forwarding setTimeout on session fa900112756f9d610766ee225c959cfa to remote] DEBUG org.asynchttpclient.netty.request.NettyRequestSender - Using open Channel [id: 0x553d5924, L:/127.0.0.1:64464 - R:localhost/127.0.0.1:51266] for POST '/session/fa900112756f9d610766ee225c959cfa/timeouts'
13:45:27.867 [AsyncHttpClient-1-6] DEBUG org.asynchttpclient.netty.handler.HttpHandler - 

Request DefaultHttpRequest(decodeResult: success, version: HTTP/1.1)
POST /session/fa900112756f9d610766ee225c959cfa/timeouts HTTP/1.1
User-Agent: selenium/4.1.2 (java windows)
Content-Length: 22
Content-Type: application/json; charset=utf-8
host: localhost:51266
accept: */*

Response DefaultHttpResponse(decodeResult: success, version: HTTP/1.1)
HTTP/1.1 200 OK
Content-Type: application/json; charset=utf-8
cache-control: no-cache
content-length: 14

13:45:27.868 [AsyncHttpClient-1-6] DEBUG org.asynchttpclient.netty.channel.ChannelManager - Adding key: http://localhost:51266 for channel [id: 0x553d5924, L:/127.0.0.1:64464 - R:localhost/127.0.0.1:51266]
13:45:27.879 [Forwarding getCurrentUrl on session fa900112756f9d610766ee225c959cfa to remote] DEBUG org.asynchttpclient.netty.request.NettyRequestSender - Using pooled Channel '[id: 0x553d5924, L:/127.0.0.1:64464 - R:localhost/127.0.0.1:51266]' for 'GET' to 'http://localhost:51266/session/fa900112756f9d610766ee225c959cfa/url'
13:45:27.879 [Forwarding getCurrentUrl on session fa900112756f9d610766ee225c959cfa to remote] DEBUG org.asynchttpclient.netty.request.NettyRequestSender - Using open Channel [id: 0x553d5924, L:/127.0.0.1:64464 - R:localhost/127.0.0.1:51266] for GET '/session/fa900112756f9d610766ee225c959cfa/url'
13:45:27.895 [AsyncHttpClient-1-6] DEBUG org.asynchttpclient.netty.handler.HttpHandler - 

Request DefaultFullHttpRequest(decodeResult: success, version: HTTP/1.1, content: EmptyByteBufBE)
GET /session/fa900112756f9d610766ee225c959cfa/url HTTP/1.1
User-Agent: selenium/4.1.2 (java windows)
Cache-Control: no-cache
Content-Type: application/json; charset=utf-8
host: localhost:51266
accept: */*

Response DefaultHttpResponse(decodeResult: success, version: HTTP/1.1)
HTTP/1.1 200 OK
Content-Type: application/json; charset=utf-8
cache-control: no-cache
content-length: 74

13:45:27.896 [AsyncHttpClient-1-6] DEBUG org.asynchttpclient.netty.channel.ChannelManager - Adding key: http://localhost:51266 for channel [id: 0x553d5924, L:/127.0.0.1:64464 - R:localhost/127.0.0.1:51266]
13:45:27.903 [Forwarding getCurrentUrl on session fa900112756f9d610766ee225c959cfa to remote] DEBUG org.asynchttpclient.netty.request.NettyRequestSender - Using pooled Channel '[id: 0x553d5924, L:/127.0.0.1:64464 - R:localhost/127.0.0.1:51266]' for 'GET' to 'http://localhost:51266/session/fa900112756f9d610766ee225c959cfa/url'
13:45:27.903 [Forwarding getCurrentUrl on session fa900112756f9d610766ee225c959cfa to remote] DEBUG org.asynchttpclient.netty.request.NettyRequestSender - Using open Channel [id: 0x553d5924, L:/127.0.0.1:64464 - R:localhost/127.0.0.1:51266] for GET '/session/fa900112756f9d610766ee225c959cfa/url'
13:45:27.918 [AsyncHttpClient-1-6] DEBUG org.asynchttpclient.netty.handler.HttpHandler - 

Request DefaultFullHttpRequest(decodeResult: success, version: HTTP/1.1, content: EmptyByteBufBE)
GET /session/fa900112756f9d610766ee225c959cfa/url HTTP/1.1
User-Agent: selenium/4.1.2 (java windows)
Cache-Control: no-cache
Content-Type: application/json; charset=utf-8
host: localhost:51266
accept: */*

Response DefaultHttpResponse(decodeResult: success, version: HTTP/1.1)
HTTP/1.1 200 OK
Content-Type: application/json; charset=utf-8
cache-control: no-cache
content-length: 74

13:45:27.918 [AsyncHttpClient-1-6] DEBUG org.asynchttpclient.netty.channel.ChannelManager - Adding key: http://localhost:51266 for channel [id: 0x553d5924, L:/127.0.0.1:64464 - R:localhost/127.0.0.1:51266]
13:45:27.931 [main] DEBUG net.serenitybdd.core.photography.Darkroom - Opening darkroom
13:45:27.933 [Darkroom Processing Line] DEBUG net.serenitybdd.core.photography.DarkroomProcessingLine - Darkroom processing line starting up
13:45:27.933 [Forwarding screenshot on session fa900112756f9d610766ee225c959cfa to remote] DEBUG org.asynchttpclient.netty.request.NettyRequestSender - Using pooled Channel '[id: 0x553d5924, L:/127.0.0.1:64464 - R:localhost/127.0.0.1:51266]' for 'GET' to 'http://localhost:51266/session/fa900112756f9d610766ee225c959cfa/screenshot'
13:45:27.933 [Forwarding screenshot on session fa900112756f9d610766ee225c959cfa to remote] DEBUG org.asynchttpclient.netty.request.NettyRequestSender - Using open Channel [id: 0x553d5924, L:/127.0.0.1:64464 - R:localhost/127.0.0.1:51266] for GET '/session/fa900112756f9d610766ee225c959cfa/screenshot'
13:45:28.131 [AsyncHttpClient-1-6] DEBUG org.asynchttpclient.netty.handler.HttpHandler - 

Request DefaultFullHttpRequest(decodeResult: success, version: HTTP/1.1, content: EmptyByteBufBE)
GET /session/fa900112756f9d610766ee225c959cfa/screenshot HTTP/1.1
User-Agent: selenium/4.1.2 (java windows)
Cache-Control: no-cache
Content-Type: application/json; charset=utf-8
host: localhost:51266
accept: */*

Response DefaultHttpResponse(decodeResult: success, version: HTTP/1.1)
HTTP/1.1 200 OK
Content-Type: application/json; charset=utf-8
cache-control: no-cache
content-length: 109728

13:45:28.133 [AsyncHttpClient-1-6] DEBUG org.asynchttpclient.netty.channel.ChannelManager - Adding key: http://localhost:51266 for channel [id: 0x553d5924, L:/127.0.0.1:64464 - R:localhost/127.0.0.1:51266]
13:45:28.140 [AsyncHttpClient-1-1] DEBUG org.asynchttpclient.netty.channel.DefaultChannelPool - Entry count for : http://localhost:64465 : 1
13:45:28.142 [AsyncHttpClient-1-1] DEBUG org.asynchttpclient.netty.channel.DefaultChannelPool - Entry count for : http://localhost:51266 : 1
13:45:28.144 [main] DEBUG net.serenitybdd.core.photography.Darkroom - Send negative for processing for target\site\serenity\326760b024a2bafe5199b4136c4d7275acb72afc7df37f280ab5f6ac1dcc7641.png
13:45:28.146 [main] DEBUG net.thucydides.core.steps.StepInterceptor - STEP DONE: openPage
13:45:28.162 [main] DEBUG net.thucydides.core.steps.StepInterceptor - STARTING STEP: login.ontheLoginPage - validateonLoginPage
13:45:28.166 [Forwarding findElement on session fa900112756f9d610766ee225c959cfa to remote] DEBUG org.asynchttpclient.netty.request.NettyRequestSender - Using pooled Channel '[id: 0x553d5924, L:/127.0.0.1:64464 - R:localhost/127.0.0.1:51266]' for 'POST' to 'http://localhost:51266/session/fa900112756f9d610766ee225c959cfa/element'
13:45:28.166 [Forwarding findElement on session fa900112756f9d610766ee225c959cfa to remote] DEBUG org.asynchttpclient.netty.request.NettyRequestSender - Using open Channel [id: 0x553d5924, L:/127.0.0.1:64464 - R:localhost/127.0.0.1:51266] for POST '/session/fa900112756f9d610766ee225c959cfa/element'
13:45:28.205 [AsyncHttpClient-1-6] DEBUG org.asynchttpclient.netty.handler.HttpHandler - 

Request DefaultHttpRequest(decodeResult: success, version: HTTP/1.1)
POST /session/fa900112756f9d610766ee225c959cfa/element HTTP/1.1
User-Agent: selenium/4.1.2 (java windows)
Content-Length: 101
Content-Type: application/json; charset=utf-8
host: localhost:51266
accept: */*

Response DefaultHttpResponse(decodeResult: success, version: HTTP/1.1)
HTTP/1.1 200 OK
Content-Type: application/json; charset=utf-8
cache-control: no-cache
content-length: 88

13:45:28.206 [AsyncHttpClient-1-6] DEBUG org.asynchttpclient.netty.channel.ChannelManager - Adding key: http://localhost:51266 for channel [id: 0x553d5924, L:/127.0.0.1:64464 - R:localhost/127.0.0.1:51266]
13:45:28.211 [Forwarding isElementDisplayed on session fa900112756f9d610766ee225c959cfa to remote] DEBUG org.asynchttpclient.netty.request.NettyRequestSender - Using pooled Channel '[id: 0x553d5924, L:/127.0.0.1:64464 - R:localhost/127.0.0.1:51266]' for 'POST' to 'http://localhost:51266/session/fa900112756f9d610766ee225c959cfa/execute/sync'
13:45:28.211 [Forwarding isElementDisplayed on session fa900112756f9d610766ee225c959cfa to remote] DEBUG org.asynchttpclient.netty.request.NettyRequestSender - Using open Channel [id: 0x553d5924, L:/127.0.0.1:64464 - R:localhost/127.0.0.1:51266] for POST '/session/fa900112756f9d610766ee225c959cfa/execute/sync'
13:45:28.254 [AsyncHttpClient-1-6] DEBUG org.asynchttpclient.netty.handler.HttpHandler - 

Request DefaultHttpRequest(decodeResult: success, version: HTTP/1.1)
POST /session/fa900112756f9d610766ee225c959cfa/execute/sync HTTP/1.1
User-Agent: selenium/4.1.2 (java windows)
Content-Length: 48780
Content-Type: application/json; charset=utf-8
host: localhost:51266
accept: */*

Response DefaultHttpResponse(decodeResult: success, version: HTTP/1.1)
HTTP/1.1 200 OK
Content-Type: application/json; charset=utf-8
cache-control: no-cache
content-length: 14

13:45:28.255 [AsyncHttpClient-1-6] DEBUG org.asynchttpclient.netty.channel.ChannelManager - Adding key: http://localhost:51266 for channel [id: 0x553d5924, L:/127.0.0.1:64464 - R:localhost/127.0.0.1:51266]
13:45:28.262 [Forwarding screenshot on session fa900112756f9d610766ee225c959cfa to remote] DEBUG org.asynchttpclient.netty.request.NettyRequestSender - Using pooled Channel '[id: 0x553d5924, L:/127.0.0.1:64464 - R:localhost/127.0.0.1:51266]' for 'GET' to 'http://localhost:51266/session/fa900112756f9d610766ee225c959cfa/screenshot'
13:45:28.263 [Forwarding screenshot on session fa900112756f9d610766ee225c959cfa to remote] DEBUG org.asynchttpclient.netty.request.NettyRequestSender - Using open Channel [id: 0x553d5924, L:/127.0.0.1:64464 - R:localhost/127.0.0.1:51266] for GET '/session/fa900112756f9d610766ee225c959cfa/screenshot'
13:45:28.415 [AsyncHttpClient-1-6] DEBUG org.asynchttpclient.netty.handler.HttpHandler - 

Request DefaultFullHttpRequest(decodeResult: success, version: HTTP/1.1, content: EmptyByteBufBE)
GET /session/fa900112756f9d610766ee225c959cfa/screenshot HTTP/1.1
User-Agent: selenium/4.1.2 (java windows)
Cache-Control: no-cache
Content-Type: application/json; charset=utf-8
host: localhost:51266
accept: */*

Response DefaultHttpResponse(decodeResult: success, version: HTTP/1.1)
HTTP/1.1 200 OK
Content-Type: application/json; charset=utf-8
cache-control: no-cache
content-length: 109728

13:45:28.416 [AsyncHttpClient-1-6] DEBUG org.asynchttpclient.netty.channel.ChannelManager - Adding key: http://localhost:51266 for channel [id: 0x553d5924, L:/127.0.0.1:64464 - R:localhost/127.0.0.1:51266]
13:45:28.424 [main] DEBUG net.serenitybdd.core.photography.Darkroom - Send negative for processing for target\site\serenity\326760b024a2bafe5199b4136c4d7275acb72afc7df37f280ab5f6ac1dcc7641.png
13:45:28.424 [main] DEBUG net.thucydides.core.steps.StepInterceptor - STEP DONE: validateonLoginPage
  &amp#27;[32mGiven &amp#27;[0m&amp#27;[32madmin on login page&amp#27;[0m                       &amp#27;[90m# starter.definitions.login.ontheLoginPage()&amp#27;[0m
13:45:28.449 [main] DEBUG net.thucydides.core.steps.StepInterceptor - STARTING STEP: login.ValidID - inputID
13:45:28.453 [Forwarding findElement on session fa900112756f9d610766ee225c959cfa to remote] DEBUG org.asynchttpclient.netty.request.NettyRequestSender - Using pooled Channel '[id: 0x553d5924, L:/127.0.0.1:64464 - R:localhost/127.0.0.1:51266]' for 'POST' to 'http://localhost:51266/session/fa900112756f9d610766ee225c959cfa/element'
13:45:28.453 [Forwarding findElement on session fa900112756f9d610766ee225c959cfa to remote] DEBUG org.asynchttpclient.netty.request.NettyRequestSender - Using open Channel [id: 0x553d5924, L:/127.0.0.1:64464 - R:localhost/127.0.0.1:51266] for POST '/session/fa900112756f9d610766ee225c959cfa/element'
13:45:28.478 [AsyncHttpClient-1-6] DEBUG org.asynchttpclient.netty.handler.HttpHandler - 

Request DefaultHttpRequest(decodeResult: success, version: HTTP/1.1)
POST /session/fa900112756f9d610766ee225c959cfa/element HTTP/1.1
User-Agent: selenium/4.1.2 (java windows)
Content-Length: 47
Content-Type: application/json; charset=utf-8
host: localhost:51266
accept: */*

Response DefaultHttpResponse(decodeResult: success, version: HTTP/1.1)
HTTP/1.1 200 OK
Content-Type: application/json; charset=utf-8
cache-control: no-cache
content-length: 88

13:45:28.479 [AsyncHttpClient-1-6] DEBUG org.asynchttpclient.netty.channel.ChannelManager - Adding key: http://localhost:51266 for channel [id: 0x553d5924, L:/127.0.0.1:64464 - R:localhost/127.0.0.1:51266]
13:45:28.482 [Forwarding clearElement on session fa900112756f9d610766ee225c959cfa to remote] DEBUG org.asynchttpclient.netty.request.NettyRequestSender - Using pooled Channel '[id: 0x553d5924, L:/127.0.0.1:64464 - R:localhost/127.0.0.1:51266]' for 'POST' to 'http://localhost:51266/session/fa900112756f9d610766ee225c959cfa/element/310286f9-c94a-4494-8ab3-dc15b554dda9/clear'
13:45:28.482 [Forwarding clearElement on session fa900112756f9d610766ee225c959cfa to remote] DEBUG org.asynchttpclient.netty.request.NettyRequestSender - Using open Channel [id: 0x553d5924, L:/127.0.0.1:64464 - R:localhost/127.0.0.1:51266] for POST '/session/fa900112756f9d610766ee225c959cfa/element/310286f9-c94a-4494-8ab3-dc15b554dda9/clear'
13:45:28.585 [AsyncHttpClient-1-6] DEBUG org.asynchttpclient.netty.handler.HttpHandler - 

Request DefaultHttpRequest(decodeResult: success, version: HTTP/1.1)
POST /session/fa900112756f9d610766ee225c959cfa/element/310286f9-c94a-4494-8ab3-dc15b554dda9/clear HTTP/1.1
User-Agent: selenium/4.1.2 (java windows)
Content-Length: 50
Content-Type: application/json; charset=utf-8
host: localhost:51266
accept: */*

Response DefaultHttpResponse(decodeResult: success, version: HTTP/1.1)
HTTP/1.1 200 OK
Content-Type: application/json; charset=utf-8
cache-control: no-cache
content-length: 14

13:45:28.585 [AsyncHttpClient-1-6] DEBUG org.asynchttpclient.netty.channel.ChannelManager - Adding key: http://localhost:51266 for channel [id: 0x553d5924, L:/127.0.0.1:64464 - R:localhost/127.0.0.1:51266]
13:45:28.588 [Forwarding sendKeysToElement on session fa900112756f9d610766ee225c959cfa to remote] DEBUG org.asynchttpclient.netty.request.NettyRequestSender - Using pooled Channel '[id: 0x553d5924, L:/127.0.0.1:64464 - R:localhost/127.0.0.1:51266]' for 'POST' to 'http://localhost:51266/session/fa900112756f9d610766ee225c959cfa/element/310286f9-c94a-4494-8ab3-dc15b554dda9/value'
13:45:28.588 [Forwarding sendKeysToElement on session fa900112756f9d610766ee225c959cfa to remote] DEBUG org.asynchttpclient.netty.request.NettyRequestSender - Using open Channel [id: 0x553d5924, L:/127.0.0.1:64464 - R:localhost/127.0.0.1:51266] for POST '/session/fa900112756f9d610766ee225c959cfa/element/310286f9-c94a-4494-8ab3-dc15b554dda9/value'
13:45:28.798 [AsyncHttpClient-1-6] DEBUG org.asynchttpclient.netty.handler.HttpHandler - 

Request DefaultHttpRequest(decodeResult: success, version: HTTP/1.1)
POST /session/fa900112756f9d610766ee225c959cfa/element/310286f9-c94a-4494-8ab3-dc15b554dda9/value HTTP/1.1
User-Agent: selenium/4.1.2 (java windows)
Content-Length: 151
Content-Type: application/json; charset=utf-8
host: localhost:51266
accept: */*

Response DefaultHttpResponse(decodeResult: success, version: HTTP/1.1)
HTTP/1.1 200 OK
Content-Type: application/json; charset=utf-8
cache-control: no-cache
content-length: 14

13:45:28.798 [AsyncHttpClient-1-6] DEBUG org.asynchttpclient.netty.channel.ChannelManager - Adding key: http://localhost:51266 for channel [id: 0x553d5924, L:/127.0.0.1:64464 - R:localhost/127.0.0.1:51266]
13:45:28.818 [Forwarding screenshot on session fa900112756f9d610766ee225c959cfa to remote] DEBUG org.asynchttpclient.netty.request.NettyRequestSender - Using pooled Channel '[id: 0x553d5924, L:/127.0.0.1:64464 - R:localhost/127.0.0.1:51266]' for 'GET' to 'http://localhost:51266/session/fa900112756f9d610766ee225c959cfa/screenshot'
13:45:28.818 [Forwarding screenshot on session fa900112756f9d610766ee225c959cfa to remote] DEBUG org.asynchttpclient.netty.request.NettyRequestSender - Using open Channel [id: 0x553d5924, L:/127.0.0.1:64464 - R:localhost/127.0.0.1:51266] for GET '/session/fa900112756f9d610766ee225c959cfa/screenshot'
13:45:29.066 [AsyncHttpClient-1-6] DEBUG org.asynchttpclient.netty.handler.HttpHandler - 

Request DefaultFullHttpRequest(decodeResult: success, version: HTTP/1.1, content: EmptyByteBufBE)
GET /session/fa900112756f9d610766ee225c959cfa/screenshot HTTP/1.1
User-Agent: selenium/4.1.2 (java windows)
Cache-Control: no-cache
Content-Type: application/json; charset=utf-8
host: localhost:51266
accept: */*

Response DefaultHttpResponse(decodeResult: success, version: HTTP/1.1)
HTTP/1.1 200 OK
Content-Type: application/json; charset=utf-8
cache-control: no-cache
content-length: 108888

13:45:29.067 [AsyncHttpClient-1-6] DEBUG org.asynchttpclient.netty.channel.ChannelManager - Adding key: http://localhost:51266 for channel [id: 0x553d5924, L:/127.0.0.1:64464 - R:localhost/127.0.0.1:51266]
13:45:29.075 [main] DEBUG net.serenitybdd.core.photography.Darkroom - Send negative for processing for target\site\serenity\ac7634d7ca6454f33acf533e6b1ab917867792654c61cca383f5077c50df77e5.png
13:45:29.076 [main] DEBUG net.thucydides.core.steps.StepInterceptor - STEP DONE: inputID
  &amp#27;[32mWhen &amp#27;[0m&amp#27;[32madmin input valid id&amp#27;[0m                       &amp#27;[90m# starter.definitions.login.ValidID()&amp#27;[0m
13:45:29.111 [main] DEBUG net.thucydides.core.steps.StepInterceptor - STARTING STEP: login.ValidPassword - inputPassword
13:45:29.118 [Forwarding findElement on session fa900112756f9d610766ee225c959cfa to remote] DEBUG org.asynchttpclient.netty.request.NettyRequestSender - Using pooled Channel '[id: 0x553d5924, L:/127.0.0.1:64464 - R:localhost/127.0.0.1:51266]' for 'POST' to 'http://localhost:51266/session/fa900112756f9d610766ee225c959cfa/element'
13:45:29.118 [Forwarding findElement on session fa900112756f9d610766ee225c959cfa to remote] DEBUG org.asynchttpclient.netty.request.NettyRequestSender - Using open Channel [id: 0x553d5924, L:/127.0.0.1:64464 - R:localhost/127.0.0.1:51266] for POST '/session/fa900112756f9d610766ee225c959cfa/element'
13:45:29.163 [AsyncHttpClient-1-6] DEBUG org.asynchttpclient.netty.handler.HttpHandler - 

Request DefaultHttpRequest(decodeResult: success, version: HTTP/1.1)
POST /session/fa900112756f9d610766ee225c959cfa/element HTTP/1.1
User-Agent: selenium/4.1.2 (java windows)
Content-Length: 53
Content-Type: application/json; charset=utf-8
host: localhost:51266
accept: */*

Response DefaultHttpResponse(decodeResult: success, version: HTTP/1.1)
HTTP/1.1 200 OK
Content-Type: application/json; charset=utf-8
cache-control: no-cache
content-length: 88

13:45:29.163 [AsyncHttpClient-1-6] DEBUG org.asynchttpclient.netty.channel.ChannelManager - Adding key: http://localhost:51266 for channel [id: 0x553d5924, L:/127.0.0.1:64464 - R:localhost/127.0.0.1:51266]
13:45:29.166 [Forwarding clearElement on session fa900112756f9d610766ee225c959cfa to remote] DEBUG org.asynchttpclient.netty.request.NettyRequestSender - Using pooled Channel '[id: 0x553d5924, L:/127.0.0.1:64464 - R:localhost/127.0.0.1:51266]' for 'POST' to 'http://localhost:51266/session/fa900112756f9d610766ee225c959cfa/element/c2d31995-40fc-4a76-bb02-f26083191ead/clear'
13:45:29.167 [Forwarding clearElement on session fa900112756f9d610766ee225c959cfa to remote] DEBUG org.asynchttpclient.netty.request.NettyRequestSender - Using open Channel [id: 0x553d5924, L:/127.0.0.1:64464 - R:localhost/127.0.0.1:51266] for POST '/session/fa900112756f9d610766ee225c959cfa/element/c2d31995-40fc-4a76-bb02-f26083191ead/clear'
13:45:29.233 [AsyncHttpClient-1-1] DEBUG org.asynchttpclient.netty.channel.DefaultChannelPool - Entry count for : http://localhost:64465 : 1
13:45:29.272 [AsyncHttpClient-1-6] DEBUG org.asynchttpclient.netty.handler.HttpHandler - 

Request DefaultHttpRequest(decodeResult: success, version: HTTP/1.1)
POST /session/fa900112756f9d610766ee225c959cfa/element/c2d31995-40fc-4a76-bb02-f26083191ead/clear HTTP/1.1
User-Agent: selenium/4.1.2 (java windows)
Content-Length: 50
Content-Type: application/json; charset=utf-8
host: localhost:51266
accept: */*

Response DefaultHttpResponse(decodeResult: success, version: HTTP/1.1)
HTTP/1.1 200 OK
Content-Type: application/json; charset=utf-8
cache-control: no-cache
content-length: 14

13:45:29.273 [AsyncHttpClient-1-6] DEBUG org.asynchttpclient.netty.channel.ChannelManager - Adding key: http://localhost:51266 for channel [id: 0x553d5924, L:/127.0.0.1:64464 - R:localhost/127.0.0.1:51266]
13:45:29.276 [Forwarding sendKeysToElement on session fa900112756f9d610766ee225c959cfa to remote] DEBUG org.asynchttpclient.netty.request.NettyRequestSender - Using pooled Channel '[id: 0x553d5924, L:/127.0.0.1:64464 - R:localhost/127.0.0.1:51266]' for 'POST' to 'http://localhost:51266/session/fa900112756f9d610766ee225c959cfa/element/c2d31995-40fc-4a76-bb02-f26083191ead/value'
13:45:29.276 [Forwarding sendKeysToElement on session fa900112756f9d610766ee225c959cfa to remote] DEBUG org.asynchttpclient.netty.request.NettyRequestSender - Using open Channel [id: 0x553d5924, L:/127.0.0.1:64464 - R:localhost/127.0.0.1:51266] for POST '/session/fa900112756f9d610766ee225c959cfa/element/c2d31995-40fc-4a76-bb02-f26083191ead/value'
13:45:29.437 [AsyncHttpClient-1-6] DEBUG org.asynchttpclient.netty.handler.HttpHandler - 

Request DefaultHttpRequest(decodeResult: success, version: HTTP/1.1)
POST /session/fa900112756f9d610766ee225c959cfa/element/c2d31995-40fc-4a76-bb02-f26083191ead/value HTTP/1.1
User-Agent: selenium/4.1.2 (java windows)
Content-Length: 121
Content-Type: application/json; charset=utf-8
host: localhost:51266
accept: */*

Response DefaultHttpResponse(decodeResult: success, version: HTTP/1.1)
HTTP/1.1 200 OK
Content-Type: application/json; charset=utf-8
cache-control: no-cache
content-length: 14

13:45:29.437 [AsyncHttpClient-1-6] DEBUG org.asynchttpclient.netty.channel.ChannelManager - Adding key: http://localhost:51266 for channel [id: 0x553d5924, L:/127.0.0.1:64464 - R:localhost/127.0.0.1:51266]
13:45:29.456 [Forwarding screenshot on session fa900112756f9d610766ee225c959cfa to remote] DEBUG org.asynchttpclient.netty.request.NettyRequestSender - Using pooled Channel '[id: 0x553d5924, L:/127.0.0.1:64464 - R:localhost/127.0.0.1:51266]' for 'GET' to 'http://localhost:51266/session/fa900112756f9d610766ee225c959cfa/screenshot'
13:45:29.456 [Forwarding screenshot on session fa900112756f9d610766ee225c959cfa to remote] DEBUG org.asynchttpclient.netty.request.NettyRequestSender - Using open Channel [id: 0x553d5924, L:/127.0.0.1:64464 - R:localhost/127.0.0.1:51266] for GET '/session/fa900112756f9d610766ee225c959cfa/screenshot'
13:45:29.722 [AsyncHttpClient-1-6] DEBUG org.asynchttpclient.netty.handler.HttpHandler - 

Request DefaultFullHttpRequest(decodeResult: success, version: HTTP/1.1, content: EmptyByteBufBE)
GET /session/fa900112756f9d610766ee225c959cfa/screenshot HTTP/1.1
User-Agent: selenium/4.1.2 (java windows)
Cache-Control: no-cache
Content-Type: application/json; charset=utf-8
host: localhost:51266
accept: */*

Response DefaultHttpResponse(decodeResult: success, version: HTTP/1.1)
HTTP/1.1 200 OK
Content-Type: application/json; charset=utf-8
cache-control: no-cache
content-length: 107164

13:45:29.724 [AsyncHttpClient-1-6] DEBUG org.asynchttpclient.netty.channel.ChannelManager - Adding key: http://localhost:51266 for channel [id: 0x553d5924, L:/127.0.0.1:64464 - R:localhost/127.0.0.1:51266]
13:45:29.733 [main] DEBUG net.serenitybdd.core.photography.Darkroom - Send negative for processing for target\site\serenity\d874a8400219331461e8bfe481a6f4cce54b81ddc9b9e796b0e9e20a97e4d143.png
13:45:29.734 [main] DEBUG net.thucydides.core.steps.StepInterceptor - STEP DONE: inputPassword
  &amp#27;[32mAnd &amp#27;[0m&amp#27;[32madmin input valid password&amp#27;[0m                  &amp#27;[90m# starter.definitions.login.ValidPassword()&amp#27;[0m
13:45:29.780 [main] DEBUG net.thucydides.core.steps.StepInterceptor - STARTING STEP: login.LoginButton - clickloginButton
13:45:29.792 [Forwarding findElement on session fa900112756f9d610766ee225c959cfa to remote] DEBUG org.asynchttpclient.netty.request.NettyRequestSender - Using pooled Channel '[id: 0x553d5924, L:/127.0.0.1:64464 - R:localhost/127.0.0.1:51266]' for 'POST' to 'http://localhost:51266/session/fa900112756f9d610766ee225c959cfa/element'
13:45:29.792 [Forwarding findElement on session fa900112756f9d610766ee225c959cfa to remote] DEBUG org.asynchttpclient.netty.request.NettyRequestSender - Using open Channel [id: 0x553d5924, L:/127.0.0.1:64464 - R:localhost/127.0.0.1:51266] for POST '/session/fa900112756f9d610766ee225c959cfa/element'
13:45:29.816 [AsyncHttpClient-1-6] DEBUG org.asynchttpclient.netty.handler.HttpHandler - 

Request DefaultHttpRequest(decodeResult: success, version: HTTP/1.1)
POST /session/fa900112756f9d610766ee225c959cfa/element HTTP/1.1
User-Agent: selenium/4.1.2 (java windows)
Content-Length: 101
Content-Type: application/json; charset=utf-8
host: localhost:51266
accept: */*

Response DefaultHttpResponse(decodeResult: success, version: HTTP/1.1)
HTTP/1.1 200 OK
Content-Type: application/json; charset=utf-8
cache-control: no-cache
content-length: 88

13:45:29.817 [AsyncHttpClient-1-6] DEBUG org.asynchttpclient.netty.channel.ChannelManager - Adding key: http://localhost:51266 for channel [id: 0x553d5924, L:/127.0.0.1:64464 - R:localhost/127.0.0.1:51266]
13:45:29.819 [Forwarding getElementTagName on session fa900112756f9d610766ee225c959cfa to remote] DEBUG org.asynchttpclient.netty.request.NettyRequestSender - Using pooled Channel '[id: 0x553d5924, L:/127.0.0.1:64464 - R:localhost/127.0.0.1:51266]' for 'GET' to 'http://localhost:51266/session/fa900112756f9d610766ee225c959cfa/element/3794a352-fdc7-4cc4-bc86-58e92c45cd1c/name'
13:45:29.819 [Forwarding getElementTagName on session fa900112756f9d610766ee225c959cfa to remote] DEBUG org.asynchttpclient.netty.request.NettyRequestSender - Using open Channel [id: 0x553d5924, L:/127.0.0.1:64464 - R:localhost/127.0.0.1:51266] for GET '/session/fa900112756f9d610766ee225c959cfa/element/3794a352-fdc7-4cc4-bc86-58e92c45cd1c/name'
13:45:29.843 [AsyncHttpClient-1-6] DEBUG org.asynchttpclient.netty.handler.HttpHandler - 

Request DefaultFullHttpRequest(decodeResult: success, version: HTTP/1.1, content: EmptyByteBufBE)
GET /session/fa900112756f9d610766ee225c959cfa/element/3794a352-fdc7-4cc4-bc86-58e92c45cd1c/name HTTP/1.1
User-Agent: selenium/4.1.2 (java windows)
Cache-Control: no-cache
Content-Type: application/json; charset=utf-8
host: localhost:51266
accept: */*

Response DefaultHttpResponse(decodeResult: success, version: HTTP/1.1)
HTTP/1.1 200 OK
Content-Type: application/json; charset=utf-8
cache-control: no-cache
content-length: 18

13:45:29.844 [AsyncHttpClient-1-6] DEBUG org.asynchttpclient.netty.channel.ChannelManager - Adding key: http://localhost:51266 for channel [id: 0x553d5924, L:/127.0.0.1:64464 - R:localhost/127.0.0.1:51266]
13:45:29.846 [Forwarding getElementTagName on session fa900112756f9d610766ee225c959cfa to remote] DEBUG org.asynchttpclient.netty.request.NettyRequestSender - Using pooled Channel '[id: 0x553d5924, L:/127.0.0.1:64464 - R:localhost/127.0.0.1:51266]' for 'GET' to 'http://localhost:51266/session/fa900112756f9d610766ee225c959cfa/element/3794a352-fdc7-4cc4-bc86-58e92c45cd1c/name'
13:45:29.846 [Forwarding getElementTagName on session fa900112756f9d610766ee225c959cfa to remote] DEBUG org.asynchttpclient.netty.request.NettyRequestSender - Using open Channel [id: 0x553d5924, L:/127.0.0.1:64464 - R:localhost/127.0.0.1:51266] for GET '/session/fa900112756f9d610766ee225c959cfa/element/3794a352-fdc7-4cc4-bc86-58e92c45cd1c/name'
13:45:29.855 [AsyncHttpClient-1-6] DEBUG org.asynchttpclient.netty.handler.HttpHandler - 

Request DefaultFullHttpRequest(decodeResult: success, version: HTTP/1.1, content: EmptyByteBufBE)
GET /session/fa900112756f9d610766ee225c959cfa/element/3794a352-fdc7-4cc4-bc86-58e92c45cd1c/name HTTP/1.1
User-Agent: selenium/4.1.2 (java windows)
Cache-Control: no-cache
Content-Type: application/json; charset=utf-8
host: localhost:51266
accept: */*

Response DefaultHttpResponse(decodeResult: success, version: HTTP/1.1)
HTTP/1.1 200 OK
Content-Type: application/json; charset=utf-8
cache-control: no-cache
content-length: 18

13:45:29.855 [AsyncHttpClient-1-6] DEBUG org.asynchttpclient.netty.channel.ChannelManager - Adding key: http://localhost:51266 for channel [id: 0x553d5924, L:/127.0.0.1:64464 - R:localhost/127.0.0.1:51266]
13:45:29.861 [Forwarding isElementEnabled on session fa900112756f9d610766ee225c959cfa to remote] DEBUG org.asynchttpclient.netty.request.NettyRequestSender - Using pooled Channel '[id: 0x553d5924, L:/127.0.0.1:64464 - R:localhost/127.0.0.1:51266]' for 'GET' to 'http://localhost:51266/session/fa900112756f9d610766ee225c959cfa/element/3794a352-fdc7-4cc4-bc86-58e92c45cd1c/enabled'
13:45:29.861 [Forwarding isElementEnabled on session fa900112756f9d610766ee225c959cfa to remote] DEBUG org.asynchttpclient.netty.request.NettyRequestSender - Using open Channel [id: 0x553d5924, L:/127.0.0.1:64464 - R:localhost/127.0.0.1:51266] for GET '/session/fa900112756f9d610766ee225c959cfa/element/3794a352-fdc7-4cc4-bc86-58e92c45cd1c/enabled'
13:45:29.890 [AsyncHttpClient-1-6] DEBUG org.asynchttpclient.netty.handler.HttpHandler - 

Request DefaultFullHttpRequest(decodeResult: success, version: HTTP/1.1, content: EmptyByteBufBE)
GET /session/fa900112756f9d610766ee225c959cfa/element/3794a352-fdc7-4cc4-bc86-58e92c45cd1c/enabled HTTP/1.1
User-Agent: selenium/4.1.2 (java windows)
Cache-Control: no-cache
Content-Type: application/json; charset=utf-8
host: localhost:51266
accept: */*

Response DefaultHttpResponse(decodeResult: success, version: HTTP/1.1)
HTTP/1.1 200 OK
Content-Type: application/json; charset=utf-8
cache-control: no-cache
content-length: 14

13:45:29.890 [AsyncHttpClient-1-6] DEBUG org.asynchttpclient.netty.channel.ChannelManager - Adding key: http://localhost:51266 for channel [id: 0x553d5924, L:/127.0.0.1:64464 - R:localhost/127.0.0.1:51266]
13:45:29.893 [Forwarding isElementEnabled on session fa900112756f9d610766ee225c959cfa to remote] DEBUG org.asynchttpclient.netty.request.NettyRequestSender - Using pooled Channel '[id: 0x553d5924, L:/127.0.0.1:64464 - R:localhost/127.0.0.1:51266]' for 'GET' to 'http://localhost:51266/session/fa900112756f9d610766ee225c959cfa/element/3794a352-fdc7-4cc4-bc86-58e92c45cd1c/enabled'
13:45:29.893 [Forwarding isElementEnabled on session fa900112756f9d610766ee225c959cfa to remote] DEBUG org.asynchttpclient.netty.request.NettyRequestSender - Using open Channel [id: 0x553d5924, L:/127.0.0.1:64464 - R:localhost/127.0.0.1:51266] for GET '/session/fa900112756f9d610766ee225c959cfa/element/3794a352-fdc7-4cc4-bc86-58e92c45cd1c/enabled'
13:45:29.906 [AsyncHttpClient-1-6] DEBUG org.asynchttpclient.netty.handler.HttpHandler - 

Request DefaultFullHttpRequest(decodeResult: success, version: HTTP/1.1, content: EmptyByteBufBE)
GET /session/fa900112756f9d610766ee225c959cfa/element/3794a352-fdc7-4cc4-bc86-58e92c45cd1c/enabled HTTP/1.1
User-Agent: selenium/4.1.2 (java windows)
Cache-Control: no-cache
Content-Type: application/json; charset=utf-8
host: localhost:51266
accept: */*

Response DefaultHttpResponse(decodeResult: success, version: HTTP/1.1)
HTTP/1.1 200 OK
Content-Type: application/json; charset=utf-8
cache-control: no-cache
content-length: 14

13:45:29.907 [AsyncHttpClient-1-6] DEBUG org.asynchttpclient.netty.channel.ChannelManager - Adding key: http://localhost:51266 for channel [id: 0x553d5924, L:/127.0.0.1:64464 - R:localhost/127.0.0.1:51266]
13:45:29.910 [Forwarding findElement on session fa900112756f9d610766ee225c959cfa to remote] DEBUG org.asynchttpclient.netty.request.NettyRequestSender - Using pooled Channel '[id: 0x553d5924, L:/127.0.0.1:64464 - R:localhost/127.0.0.1:51266]' for 'POST' to 'http://localhost:51266/session/fa900112756f9d610766ee225c959cfa/element'
13:45:29.910 [Forwarding findElement on session fa900112756f9d610766ee225c959cfa to remote] DEBUG org.asynchttpclient.netty.request.NettyRequestSender - Using open Channel [id: 0x553d5924, L:/127.0.0.1:64464 - R:localhost/127.0.0.1:51266] for POST '/session/fa900112756f9d610766ee225c959cfa/element'
13:45:29.926 [AsyncHttpClient-1-6] DEBUG org.asynchttpclient.netty.handler.HttpHandler - 

Request DefaultHttpRequest(decodeResult: success, version: HTTP/1.1)
POST /session/fa900112756f9d610766ee225c959cfa/element HTTP/1.1
User-Agent: selenium/4.1.2 (java windows)
Content-Length: 101
Content-Type: application/json; charset=utf-8
host: localhost:51266
accept: */*

Response DefaultHttpResponse(decodeResult: success, version: HTTP/1.1)
HTTP/1.1 200 OK
Content-Type: application/json; charset=utf-8
cache-control: no-cache
content-length: 88

13:45:29.926 [AsyncHttpClient-1-6] DEBUG org.asynchttpclient.netty.channel.ChannelManager - Adding key: http://localhost:51266 for channel [id: 0x553d5924, L:/127.0.0.1:64464 - R:localhost/127.0.0.1:51266]
13:45:29.928 [Forwarding clickElement on session fa900112756f9d610766ee225c959cfa to remote] DEBUG org.asynchttpclient.netty.request.NettyRequestSender - Using pooled Channel '[id: 0x553d5924, L:/127.0.0.1:64464 - R:localhost/127.0.0.1:51266]' for 'POST' to 'http://localhost:51266/session/fa900112756f9d610766ee225c959cfa/element/3794a352-fdc7-4cc4-bc86-58e92c45cd1c/click'
13:45:29.928 [Forwarding clickElement on session fa900112756f9d610766ee225c959cfa to remote] DEBUG org.asynchttpclient.netty.request.NettyRequestSender - Using open Channel [id: 0x553d5924, L:/127.0.0.1:64464 - R:localhost/127.0.0.1:51266] for POST '/session/fa900112756f9d610766ee225c959cfa/element/3794a352-fdc7-4cc4-bc86-58e92c45cd1c/click'
13:45:30.103 [AsyncHttpClient-1-6] DEBUG org.asynchttpclient.netty.handler.HttpHandler - 

Request DefaultHttpRequest(decodeResult: success, version: HTTP/1.1)
POST /session/fa900112756f9d610766ee225c959cfa/element/3794a352-fdc7-4cc4-bc86-58e92c45cd1c/click HTTP/1.1
User-Agent: selenium/4.1.2 (java windows)
Content-Length: 50
Content-Type: application/json; charset=utf-8
host: localhost:51266
accept: */*

Response DefaultHttpResponse(decodeResult: success, version: HTTP/1.1)
HTTP/1.1 200 OK
Content-Type: application/json; charset=utf-8
cache-control: no-cache
content-length: 14

13:45:30.104 [AsyncHttpClient-1-6] DEBUG org.asynchttpclient.netty.channel.ChannelManager - Adding key: http://localhost:51266 for channel [id: 0x553d5924, L:/127.0.0.1:64464 - R:localhost/127.0.0.1:51266]
13:45:30.123 [Forwarding screenshot on session fa900112756f9d610766ee225c959cfa to remote] DEBUG org.asynchttpclient.netty.request.NettyRequestSender - Using pooled Channel '[id: 0x553d5924, L:/127.0.0.1:64464 - R:localhost/127.0.0.1:51266]' for 'GET' to 'http://localhost:51266/session/fa900112756f9d610766ee225c959cfa/screenshot'
13:45:30.123 [Forwarding screenshot on session fa900112756f9d610766ee225c959cfa to remote] DEBUG org.asynchttpclient.netty.request.NettyRequestSender - Using open Channel [id: 0x553d5924, L:/127.0.0.1:64464 - R:localhost/127.0.0.1:51266] for GET '/session/fa900112756f9d610766ee225c959cfa/screenshot'
13:45:30.339 [AsyncHttpClient-1-1] DEBUG org.asynchttpclient.netty.channel.DefaultChannelPool - Entry count for : http://localhost:64465 : 1
13:45:30.384 [AsyncHttpClient-1-6] DEBUG org.asynchttpclient.netty.handler.HttpHandler - 

Request DefaultFullHttpRequest(decodeResult: success, version: HTTP/1.1, content: EmptyByteBufBE)
GET /session/fa900112756f9d610766ee225c959cfa/screenshot HTTP/1.1
User-Agent: selenium/4.1.2 (java windows)
Cache-Control: no-cache
Content-Type: application/json; charset=utf-8
host: localhost:51266
accept: */*

Response DefaultHttpResponse(decodeResult: success, version: HTTP/1.1)
HTTP/1.1 200 OK
Content-Type: application/json; charset=utf-8
cache-control: no-cache
content-length: 107020

13:45:30.385 [AsyncHttpClient-1-6] DEBUG org.asynchttpclient.netty.channel.ChannelManager - Adding key: http://localhost:51266 for channel [id: 0x553d5924, L:/127.0.0.1:64464 - R:localhost/127.0.0.1:51266]
13:45:30.396 [main] DEBUG net.serenitybdd.core.photography.Darkroom - Send negative for processing for target\site\serenity\fb7c76b89f560772e5d34e5d53dbc6b447771b07ff8dc4a55dfc021278f027fd.png
13:45:30.397 [main] DEBUG net.thucydides.core.steps.StepInterceptor - STEP DONE: clickloginButton
  &amp#27;[32mAnd &amp#27;[0m&amp#27;[32madmin click on masuk button&amp#27;[0m                 &amp#27;[90m# starter.definitions.login.LoginButton()&amp#27;[0m
13:45:30.399 [Darkroom Processing Line] DEBUG net.serenitybdd.core.photography.DarkroomProcessingLine - Processing screenshot image in /var/screenshots/screenshot-4714619356458357961
13:45:30.399 [Darkroom Processing Line] DEBUG net.serenitybdd.core.photography.DarkroomProcessingLine - Saving screenshot to target\site\serenity\fb7c76b89f560772e5d34e5d53dbc6b447771b07ff8dc4a55dfc021278f027fd.png
13:45:30.451 [Forwarding screenshot on session fa900112756f9d610766ee225c959cfa to remote] DEBUG org.asynchttpclient.netty.request.NettyRequestSender - Using pooled Channel '[id: 0x553d5924, L:/127.0.0.1:64464 - R:localhost/127.0.0.1:51266]' for 'GET' to 'http://localhost:51266/session/fa900112756f9d610766ee225c959cfa/screenshot'
13:45:30.451 [Forwarding screenshot on session fa900112756f9d610766ee225c959cfa to remote] DEBUG org.asynchttpclient.netty.request.NettyRequestSender - Using open Channel [id: 0x553d5924, L:/127.0.0.1:64464 - R:localhost/127.0.0.1:51266] for GET '/session/fa900112756f9d610766ee225c959cfa/screenshot'
13:45:30.708 [AsyncHttpClient-1-6] DEBUG org.asynchttpclient.netty.handler.HttpHandler - 

Request DefaultFullHttpRequest(decodeResult: success, version: HTTP/1.1, content: EmptyByteBufBE)
GET /session/fa900112756f9d610766ee225c959cfa/screenshot HTTP/1.1
User-Agent: selenium/4.1.2 (java windows)
Cache-Control: no-cache
Content-Type: application/json; charset=utf-8
host: localhost:51266
accept: */*

Response DefaultHttpResponse(decodeResult: success, version: HTTP/1.1)
HTTP/1.1 200 OK
Content-Type: application/json; charset=utf-8
cache-control: no-cache
content-length: 107028

13:45:30.709 [AsyncHttpClient-1-6] DEBUG org.asynchttpclient.netty.channel.ChannelManager - Adding key: http://localhost:51266 for channel [id: 0x553d5924, L:/127.0.0.1:64464 - R:localhost/127.0.0.1:51266]
13:45:30.719 [main] DEBUG net.serenitybdd.core.photography.Darkroom - Send negative for processing for target\site\serenity\68fbde01850925b9ef11047d65bc42de33d04343e0b89cbf32ff27c6a2e0c5d2.png
13:45:30.720 [main] DEBUG net.thucydides.core.steps.StepInterceptor - STARTING STEP: login.HomePage - onHomePage
13:45:30.720 [Darkroom Processing Line] DEBUG net.serenitybdd.core.photography.DarkroomProcessingLine - Processing screenshot image in /var/screenshots/screenshot-1521746486916788827
13:45:30.720 [Darkroom Processing Line] DEBUG net.serenitybdd.core.photography.DarkroomProcessingLine - Saving screenshot to target\site\serenity\68fbde01850925b9ef11047d65bc42de33d04343e0b89cbf32ff27c6a2e0c5d2.png
13:45:30.725 [Forwarding findElement on session fa900112756f9d610766ee225c959cfa to remote] DEBUG org.asynchttpclient.netty.request.NettyRequestSender - Using pooled Channel '[id: 0x553d5924, L:/127.0.0.1:64464 - R:localhost/127.0.0.1:51266]' for 'POST' to 'http://localhost:51266/session/fa900112756f9d610766ee225c959cfa/element'
13:45:30.725 [Forwarding findElement on session fa900112756f9d610766ee225c959cfa to remote] DEBUG org.asynchttpclient.netty.request.NettyRequestSender - Using open Channel [id: 0x553d5924, L:/127.0.0.1:64464 - R:localhost/127.0.0.1:51266] for POST '/session/fa900112756f9d610766ee225c959cfa/element'
13:45:30.878 [AsyncHttpClient-1-6] DEBUG org.asynchttpclient.netty.handler.HttpHandler - 

Request DefaultHttpRequest(decodeResult: success, version: HTTP/1.1)
POST /session/fa900112756f9d610766ee225c959cfa/element HTTP/1.1
User-Agent: selenium/4.1.2 (java windows)
Content-Length: 101
Content-Type: application/json; charset=utf-8
host: localhost:51266
accept: */*

Response DefaultHttpResponse(decodeResult: success, version: HTTP/1.1)
HTTP/1.1 200 OK
Content-Type: application/json; charset=utf-8
cache-control: no-cache
content-length: 88

13:45:30.878 [AsyncHttpClient-1-6] DEBUG org.asynchttpclient.netty.channel.ChannelManager - Adding key: http://localhost:51266 for channel [id: 0x553d5924, L:/127.0.0.1:64464 - R:localhost/127.0.0.1:51266]
13:45:30.890 [Forwarding isElementDisplayed on session fa900112756f9d610766ee225c959cfa to remote] DEBUG org.asynchttpclient.netty.request.NettyRequestSender - Using pooled Channel '[id: 0x553d5924, L:/127.0.0.1:64464 - R:localhost/127.0.0.1:51266]' for 'POST' to 'http://localhost:51266/session/fa900112756f9d610766ee225c959cfa/execute/sync'
13:45:30.890 [Forwarding isElementDisplayed on session fa900112756f9d610766ee225c959cfa to remote] DEBUG org.asynchttpclient.netty.request.NettyRequestSender - Using open Channel [id: 0x553d5924, L:/127.0.0.1:64464 - R:localhost/127.0.0.1:51266] for POST '/session/fa900112756f9d610766ee225c959cfa/execute/sync'
13:45:30.948 [AsyncHttpClient-1-6] DEBUG org.asynchttpclient.netty.handler.HttpHandler - 

Request DefaultHttpRequest(decodeResult: success, version: HTTP/1.1)
POST /session/fa900112756f9d610766ee225c959cfa/execute/sync HTTP/1.1
User-Agent: selenium/4.1.2 (java windows)
Content-Length: 48780
Content-Type: application/json; charset=utf-8
host: localhost:51266
accept: */*

Response DefaultHttpResponse(decodeResult: success, version: HTTP/1.1)
HTTP/1.1 200 OK
Content-Type: application/json; charset=utf-8
cache-control: no-cache
content-length: 14

13:45:30.948 [AsyncHttpClient-1-6] DEBUG org.asynchttpclient.netty.channel.ChannelManager - Adding key: http://localhost:51266 for channel [id: 0x553d5924, L:/127.0.0.1:64464 - R:localhost/127.0.0.1:51266]
13:45:30.964 [Forwarding screenshot on session fa900112756f9d610766ee225c959cfa to remote] DEBUG org.asynchttpclient.netty.request.NettyRequestSender - Using pooled Channel '[id: 0x553d5924, L:/127.0.0.1:64464 - R:localhost/127.0.0.1:51266]' for 'GET' to 'http://localhost:51266/session/fa900112756f9d610766ee225c959cfa/screenshot'
13:45:30.964 [Forwarding screenshot on session fa900112756f9d610766ee225c959cfa to remote] DEBUG org.asynchttpclient.netty.request.NettyRequestSender - Using open Channel [id: 0x553d5924, L:/127.0.0.1:64464 - R:localhost/127.0.0.1:51266] for GET '/session/fa900112756f9d610766ee225c959cfa/screenshot'
13:45:31.141 [AsyncHttpClient-1-6] DEBUG org.asynchttpclient.netty.handler.HttpHandler - 

Request DefaultFullHttpRequest(decodeResult: success, version: HTTP/1.1, content: EmptyByteBufBE)
GET /session/fa900112756f9d610766ee225c959cfa/screenshot HTTP/1.1
User-Agent: selenium/4.1.2 (java windows)
Cache-Control: no-cache
Content-Type: application/json; charset=utf-8
host: localhost:51266
accept: */*

Response DefaultHttpResponse(decodeResult: success, version: HTTP/1.1)
HTTP/1.1 200 OK
Content-Type: application/json; charset=utf-8
cache-control: no-cache
content-length: 44176

13:45:31.142 [AsyncHttpClient-1-6] DEBUG org.asynchttpclient.netty.channel.ChannelManager - Adding key: http://localhost:51266 for channel [id: 0x553d5924, L:/127.0.0.1:64464 - R:localhost/127.0.0.1:51266]
13:45:31.148 [main] DEBUG net.serenitybdd.core.photography.Darkroom - Send negative for processing for target\site\serenity\e20da7608ef96852a55aa5b7f26220346572ab90a877bf9a4d2e070fcff72939.png
13:45:31.148 [main] DEBUG net.thucydides.core.steps.StepInterceptor - STEP DONE: onHomePage
  &amp#27;[32mThen &amp#27;[0m&amp#27;[32madmin on homepage&amp#27;[0m                          &amp#27;[90m# starter.definitions.login.HomePage()&amp#27;[0m
13:45:31.149 [Darkroom Processing Line] DEBUG net.serenitybdd.core.photography.DarkroomProcessingLine - Processing screenshot image in /var/screenshots/screenshot-1645738494949436201
13:45:31.149 [Darkroom Processing Line] DEBUG net.serenitybdd.core.photography.DarkroomProcessingLine - Saving screenshot to target\site\serenity\e20da7608ef96852a55aa5b7f26220346572ab90a877bf9a4d2e070fcff72939.png
13:45:31.199 [Forwarding screenshot on session fa900112756f9d610766ee225c959cfa to remote] DEBUG org.asynchttpclient.netty.request.NettyRequestSender - Using pooled Channel '[id: 0x553d5924, L:/127.0.0.1:64464 - R:localhost/127.0.0.1:51266]' for 'GET' to 'http://localhost:51266/session/fa900112756f9d610766ee225c959cfa/screenshot'
13:45:31.200 [Forwarding screenshot on session fa900112756f9d610766ee225c959cfa to remote] DEBUG org.asynchttpclient.netty.request.NettyRequestSender - Using open Channel [id: 0x553d5924, L:/127.0.0.1:64464 - R:localhost/127.0.0.1:51266] for GET '/session/fa900112756f9d610766ee225c959cfa/screenshot'
13:45:31.385 [AsyncHttpClient-1-6] DEBUG org.asynchttpclient.netty.handler.HttpHandler - 

Request DefaultFullHttpRequest(decodeResult: success, version: HTTP/1.1, content: EmptyByteBufBE)
GET /session/fa900112756f9d610766ee225c959cfa/screenshot HTTP/1.1
User-Agent: selenium/4.1.2 (java windows)
Cache-Control: no-cache
Content-Type: application/json; charset=utf-8
host: localhost:51266
accept: */*

Response DefaultHttpResponse(decodeResult: success, version: HTTP/1.1)
HTTP/1.1 200 OK
Content-Type: application/json; charset=utf-8
cache-control: no-cache
content-length: 127488

13:45:31.386 [AsyncHttpClient-1-6] DEBUG org.asynchttpclient.netty.channel.ChannelManager - Adding key: http://localhost:51266 for channel [id: 0x553d5924, L:/127.0.0.1:64464 - R:localhost/127.0.0.1:51266]
13:45:31.399 [main] DEBUG net.serenitybdd.core.photography.Darkroom - Send negative for processing for target\site\serenity\331e35a3c6a96c56f2d53374f8dc5a2ce550980f215d8dbe0279cbeeee07585b.png
13:45:31.400 [Darkroom Processing Line] DEBUG net.serenitybdd.core.photography.DarkroomProcessingLine - Processing screenshot image in /var/screenshots/screenshot-7217132944528952925
13:45:31.400 [Darkroom Processing Line] DEBUG net.serenitybdd.core.photography.DarkroomProcessingLine - Saving screenshot to target\site\serenity\331e35a3c6a96c56f2d53374f8dc5a2ce550980f215d8dbe0279cbeeee07585b.png
13:45:31.430 [main] DEBUG net.thucydides.core.steps.StepInterceptor - STARTING STEP: login.clickoldPationRegistButton - clickOldPatientRegist
13:45:31.436 [AsyncHttpClient-1-1] DEBUG org.asynchttpclient.netty.channel.DefaultChannelPool - Entry count for : http://localhost:64465 : 1
13:45:31.436 [AsyncHttpClient-1-1] DEBUG org.asynchttpclient.netty.channel.DefaultChannelPool - Entry count for : http://localhost:51266 : 1
13:45:31.440 [Forwarding findElement on session fa900112756f9d610766ee225c959cfa to remote] DEBUG org.asynchttpclient.netty.request.NettyRequestSender - Using pooled Channel '[id: 0x553d5924, L:/127.0.0.1:64464 - R:localhost/127.0.0.1:51266]' for 'POST' to 'http://localhost:51266/session/fa900112756f9d610766ee225c959cfa/element'
13:45:31.440 [Forwarding findElement on session fa900112756f9d610766ee225c959cfa to remote] DEBUG org.asynchttpclient.netty.request.NettyRequestSender - Using open Channel [id: 0x553d5924, L:/127.0.0.1:64464 - R:localhost/127.0.0.1:51266] for POST '/session/fa900112756f9d610766ee225c959cfa/element'
13:45:31.478 [AsyncHttpClient-1-6] DEBUG org.asynchttpclient.netty.handler.HttpHandler - 

Request DefaultHttpRequest(decodeResult: success, version: HTTP/1.1)
POST /session/fa900112756f9d610766ee225c959cfa/element HTTP/1.1
User-Agent: selenium/4.1.2 (java windows)
Content-Length: 97
Content-Type: application/json; charset=utf-8
host: localhost:51266
accept: */*

Response DefaultHttpResponse(decodeResult: success, version: HTTP/1.1)
HTTP/1.1 200 OK
Content-Type: application/json; charset=utf-8
cache-control: no-cache
content-length: 88

13:45:31.478 [AsyncHttpClient-1-6] DEBUG org.asynchttpclient.netty.channel.ChannelManager - Adding key: http://localhost:51266 for channel [id: 0x553d5924, L:/127.0.0.1:64464 - R:localhost/127.0.0.1:51266]
13:45:31.481 [Forwarding getElementTagName on session fa900112756f9d610766ee225c959cfa to remote] DEBUG org.asynchttpclient.netty.request.NettyRequestSender - Using pooled Channel '[id: 0x553d5924, L:/127.0.0.1:64464 - R:localhost/127.0.0.1:51266]' for 'GET' to 'http://localhost:51266/session/fa900112756f9d610766ee225c959cfa/element/71df531e-f6b4-43e1-8d8d-792b1fa3971a/name'
13:45:31.482 [Forwarding getElementTagName on session fa900112756f9d610766ee225c959cfa to remote] DEBUG org.asynchttpclient.netty.request.NettyRequestSender - Using open Channel [id: 0x553d5924, L:/127.0.0.1:64464 - R:localhost/127.0.0.1:51266] for GET '/session/fa900112756f9d610766ee225c959cfa/element/71df531e-f6b4-43e1-8d8d-792b1fa3971a/name'
13:45:31.494 [AsyncHttpClient-1-6] DEBUG org.asynchttpclient.netty.handler.HttpHandler - 

Request DefaultFullHttpRequest(decodeResult: success, version: HTTP/1.1, content: EmptyByteBufBE)
GET /session/fa900112756f9d610766ee225c959cfa/element/71df531e-f6b4-43e1-8d8d-792b1fa3971a/name HTTP/1.1
User-Agent: selenium/4.1.2 (java windows)
Cache-Control: no-cache
Content-Type: application/json; charset=utf-8
host: localhost:51266
accept: */*

Response DefaultHttpResponse(decodeResult: success, version: HTTP/1.1)
HTTP/1.1 200 OK
Content-Type: application/json; charset=utf-8
cache-control: no-cache
content-length: 13

13:45:31.495 [AsyncHttpClient-1-6] DEBUG org.asynchttpclient.netty.channel.ChannelManager - Adding key: http://localhost:51266 for channel [id: 0x553d5924, L:/127.0.0.1:64464 - R:localhost/127.0.0.1:51266]
13:45:31.497 [Forwarding getElementTagName on session fa900112756f9d610766ee225c959cfa to remote] DEBUG org.asynchttpclient.netty.request.NettyRequestSender - Using pooled Channel '[id: 0x553d5924, L:/127.0.0.1:64464 - R:localhost/127.0.0.1:51266]' for 'GET' to 'http://localhost:51266/session/fa900112756f9d610766ee225c959cfa/element/71df531e-f6b4-43e1-8d8d-792b1fa3971a/name'
13:45:31.497 [Forwarding getElementTagName on session fa900112756f9d610766ee225c959cfa to remote] DEBUG org.asynchttpclient.netty.request.NettyRequestSender - Using open Channel [id: 0x553d5924, L:/127.0.0.1:64464 - R:localhost/127.0.0.1:51266] for GET '/session/fa900112756f9d610766ee225c959cfa/element/71df531e-f6b4-43e1-8d8d-792b1fa3971a/name'
13:45:31.507 [AsyncHttpClient-1-6] DEBUG org.asynchttpclient.netty.handler.HttpHandler - 

Request DefaultFullHttpRequest(decodeResult: success, version: HTTP/1.1, content: EmptyByteBufBE)
GET /session/fa900112756f9d610766ee225c959cfa/element/71df531e-f6b4-43e1-8d8d-792b1fa3971a/name HTTP/1.1
User-Agent: selenium/4.1.2 (java windows)
Cache-Control: no-cache
Content-Type: application/json; charset=utf-8
host: localhost:51266
accept: */*

Response DefaultHttpResponse(decodeResult: success, version: HTTP/1.1)
HTTP/1.1 200 OK
Content-Type: application/json; charset=utf-8
cache-control: no-cache
content-length: 13

13:45:31.507 [AsyncHttpClient-1-6] DEBUG org.asynchttpclient.netty.channel.ChannelManager - Adding key: http://localhost:51266 for channel [id: 0x553d5924, L:/127.0.0.1:64464 - R:localhost/127.0.0.1:51266]
13:45:31.511 [Forwarding findElement on session fa900112756f9d610766ee225c959cfa to remote] DEBUG org.asynchttpclient.netty.request.NettyRequestSender - Using pooled Channel '[id: 0x553d5924, L:/127.0.0.1:64464 - R:localhost/127.0.0.1:51266]' for 'POST' to 'http://localhost:51266/session/fa900112756f9d610766ee225c959cfa/element'
13:45:31.511 [Forwarding findElement on session fa900112756f9d610766ee225c959cfa to remote] DEBUG org.asynchttpclient.netty.request.NettyRequestSender - Using open Channel [id: 0x553d5924, L:/127.0.0.1:64464 - R:localhost/127.0.0.1:51266] for POST '/session/fa900112756f9d610766ee225c959cfa/element'
13:45:31.530 [AsyncHttpClient-1-6] DEBUG org.asynchttpclient.netty.handler.HttpHandler - 

Request DefaultHttpRequest(decodeResult: success, version: HTTP/1.1)
POST /session/fa900112756f9d610766ee225c959cfa/element HTTP/1.1
User-Agent: selenium/4.1.2 (java windows)
Content-Length: 97
Content-Type: application/json; charset=utf-8
host: localhost:51266
accept: */*

Response DefaultHttpResponse(decodeResult: success, version: HTTP/1.1)
HTTP/1.1 200 OK
Content-Type: application/json; charset=utf-8
cache-control: no-cache
content-length: 88

13:45:31.530 [AsyncHttpClient-1-6] DEBUG org.asynchttpclient.netty.channel.ChannelManager - Adding key: http://localhost:51266 for channel [id: 0x553d5924, L:/127.0.0.1:64464 - R:localhost/127.0.0.1:51266]
13:45:31.533 [Forwarding clickElement on session fa900112756f9d610766ee225c959cfa to remote] DEBUG org.asynchttpclient.netty.request.NettyRequestSender - Using pooled Channel '[id: 0x553d5924, L:/127.0.0.1:64464 - R:localhost/127.0.0.1:51266]' for 'POST' to 'http://localhost:51266/session/fa900112756f9d610766ee225c959cfa/element/71df531e-f6b4-43e1-8d8d-792b1fa3971a/click'
13:45:31.533 [Forwarding clickElement on session fa900112756f9d610766ee225c959cfa to remote] DEBUG org.asynchttpclient.netty.request.NettyRequestSender - Using open Channel [id: 0x553d5924, L:/127.0.0.1:64464 - R:localhost/127.0.0.1:51266] for POST '/session/fa900112756f9d610766ee225c959cfa/element/71df531e-f6b4-43e1-8d8d-792b1fa3971a/click'
13:45:32.535 [AsyncHttpClient-1-1] DEBUG org.asynchttpclient.netty.channel.DefaultChannelPool - Entry count for : http://localhost:64465 : 1
13:45:33.522 [AsyncHttpClient-1-6] DEBUG org.asynchttpclient.netty.handler.HttpHandler - 

Request DefaultHttpRequest(decodeResult: success, version: HTTP/1.1)
POST /session/fa900112756f9d610766ee225c959cfa/element/71df531e-f6b4-43e1-8d8d-792b1fa3971a/click HTTP/1.1
User-Agent: selenium/4.1.2 (java windows)
Content-Length: 50
Content-Type: application/json; charset=utf-8
host: localhost:51266
accept: */*

Response DefaultHttpResponse(decodeResult: success, version: HTTP/1.1)
HTTP/1.1 200 OK
Content-Type: application/json; charset=utf-8
cache-control: no-cache
content-length: 14

13:45:33.522 [AsyncHttpClient-1-6] DEBUG org.asynchttpclient.netty.channel.ChannelManager - Adding key: http://localhost:51266 for channel [id: 0x553d5924, L:/127.0.0.1:64464 - R:localhost/127.0.0.1:51266]
13:45:33.541 [Forwarding screenshot on session fa900112756f9d610766ee225c959cfa to remote] DEBUG org.asynchttpclient.netty.request.NettyRequestSender - Using pooled Channel '[id: 0x553d5924, L:/127.0.0.1:64464 - R:localhost/127.0.0.1:51266]' for 'GET' to 'http://localhost:51266/session/fa900112756f9d610766ee225c959cfa/screenshot'
13:45:33.541 [Forwarding screenshot on session fa900112756f9d610766ee225c959cfa to remote] DEBUG org.asynchttpclient.netty.request.NettyRequestSender - Using open Channel [id: 0x553d5924, L:/127.0.0.1:64464 - R:localhost/127.0.0.1:51266] for GET '/session/fa900112756f9d610766ee225c959cfa/screenshot'
13:45:33.639 [AsyncHttpClient-1-1] DEBUG org.asynchttpclient.netty.channel.DefaultChannelPool - Entry count for : http://localhost:64465 : 1
13:45:34.075 [AsyncHttpClient-1-6] DEBUG org.asynchttpclient.netty.handler.HttpHandler - 

Request DefaultFullHttpRequest(decodeResult: success, version: HTTP/1.1, content: EmptyByteBufBE)
GET /session/fa900112756f9d610766ee225c959cfa/screenshot HTTP/1.1
User-Agent: selenium/4.1.2 (java windows)
Cache-Control: no-cache
Content-Type: application/json; charset=utf-8
host: localhost:51266
accept: */*

Response DefaultHttpResponse(decodeResult: success, version: HTTP/1.1)
HTTP/1.1 200 OK
Content-Type: application/json; charset=utf-8
cache-control: no-cache
content-length: 47356

13:45:34.076 [AsyncHttpClient-1-6] DEBUG org.asynchttpclient.netty.channel.ChannelManager - Adding key: http://localhost:51266 for channel [id: 0x553d5924, L:/127.0.0.1:64464 - R:localhost/127.0.0.1:51266]
13:45:34.081 [main] DEBUG net.serenitybdd.core.photography.Darkroom - Send negative for processing for target\site\serenity\2f19e0fbc26c4160745b1cfd96435ad196f9ae3433f77e3da28930eb5a81a5a0.png
13:45:34.081 [main] DEBUG net.thucydides.core.steps.StepInterceptor - STEP DONE: clickOldPatientRegist
13:45:34.081 [Darkroom Processing Line] DEBUG net.serenitybdd.core.photography.DarkroomProcessingLine - Processing screenshot image in /var/screenshots/screenshot-5419482596925017619
13:45:34.081 [Darkroom Processing Line] DEBUG net.serenitybdd.core.photography.DarkroomProcessingLine - Saving screenshot to target\site\serenity\2f19e0fbc26c4160745b1cfd96435ad196f9ae3433f77e3da28930eb5a81a5a0.png
  &amp#27;[32mAnd &amp#27;[0m&amp#27;[32madmin click old patient registration button&amp#27;[0m &amp#27;[90m# starter.definitions.login.clickoldPationRegistButton()&amp#27;[0m
13:45:34.400 [Forwarding screenshot on session fa900112756f9d610766ee225c959cfa to remote] DEBUG org.asynchttpclient.netty.request.NettyRequestSender - Using pooled Channel '[id: 0x553d5924, L:/127.0.0.1:64464 - R:localhost/127.0.0.1:51266]' for 'GET' to 'http://localhost:51266/session/fa900112756f9d610766ee225c959cfa/screenshot'
13:45:34.400 [Forwarding screenshot on session fa900112756f9d610766ee225c959cfa to remote] DEBUG org.asynchttpclient.netty.request.NettyRequestSender - Using open Channel [id: 0x553d5924, L:/127.0.0.1:64464 - R:localhost/127.0.0.1:51266] for GET '/session/fa900112756f9d610766ee225c959cfa/screenshot'
13:45:34.575 [AsyncHttpClient-1-6] DEBUG org.asynchttpclient.netty.handler.HttpHandler - 

Request DefaultFullHttpRequest(decodeResult: success, version: HTTP/1.1, content: EmptyByteBufBE)
GET /session/fa900112756f9d610766ee225c959cfa/screenshot HTTP/1.1
User-Agent: selenium/4.1.2 (java windows)
Cache-Control: no-cache
Content-Type: application/json; charset=utf-8
host: localhost:51266
accept: */*

Response DefaultHttpResponse(decodeResult: success, version: HTTP/1.1)
HTTP/1.1 200 OK
Content-Type: application/json; charset=utf-8
cache-control: no-cache
content-length: 47356

13:45:34.575 [AsyncHttpClient-1-6] DEBUG org.asynchttpclient.netty.channel.ChannelManager - Adding key: http://localhost:51266 for channel [id: 0x553d5924, L:/127.0.0.1:64464 - R:localhost/127.0.0.1:51266]
13:45:34.580 [main] DEBUG net.serenitybdd.core.photography.Darkroom - Send negative for processing for target\site\serenity\2f19e0fbc26c4160745b1cfd96435ad196f9ae3433f77e3da28930eb5a81a5a0.png
13:45:34.581 [main] DEBUG net.thucydides.core.steps.StepInterceptor - STARTING STEP: pasienlama.onpatientregistpage - onoldregist
13:45:34.588 [Forwarding findElement on session fa900112756f9d610766ee225c959cfa to remote] DEBUG org.asynchttpclient.netty.request.NettyRequestSender - Using pooled Channel '[id: 0x553d5924, L:/127.0.0.1:64464 - R:localhost/127.0.0.1:51266]' for 'POST' to 'http://localhost:51266/session/fa900112756f9d610766ee225c959cfa/element'
13:45:34.588 [Forwarding findElement on session fa900112756f9d610766ee225c959cfa to remote] DEBUG org.asynchttpclient.netty.request.NettyRequestSender - Using open Channel [id: 0x553d5924, L:/127.0.0.1:64464 - R:localhost/127.0.0.1:51266] for POST '/session/fa900112756f9d610766ee225c959cfa/element'
13:45:34.641 [AsyncHttpClient-1-6] DEBUG org.asynchttpclient.netty.handler.HttpHandler - 

Request DefaultHttpRequest(decodeResult: success, version: HTTP/1.1)
POST /session/fa900112756f9d610766ee225c959cfa/element HTTP/1.1
User-Agent: selenium/4.1.2 (java windows)
Content-Length: 78
Content-Type: application/json; charset=utf-8
host: localhost:51266
accept: */*

Response DefaultHttpResponse(decodeResult: success, version: HTTP/1.1)
HTTP/1.1 200 OK
Content-Type: application/json; charset=utf-8
cache-control: no-cache
content-length: 88

13:45:34.642 [AsyncHttpClient-1-6] DEBUG org.asynchttpclient.netty.channel.ChannelManager - Adding key: http://localhost:51266 for channel [id: 0x553d5924, L:/127.0.0.1:64464 - R:localhost/127.0.0.1:51266]
13:45:34.649 [Forwarding isElementDisplayed on session fa900112756f9d610766ee225c959cfa to remote] DEBUG org.asynchttpclient.netty.request.NettyRequestSender - Using pooled Channel '[id: 0x553d5924, L:/127.0.0.1:64464 - R:localhost/127.0.0.1:51266]' for 'POST' to 'http://localhost:51266/session/fa900112756f9d610766ee225c959cfa/execute/sync'
13:45:34.649 [Forwarding isElementDisplayed on session fa900112756f9d610766ee225c959cfa to remote] DEBUG org.asynchttpclient.netty.request.NettyRequestSender - Using open Channel [id: 0x553d5924, L:/127.0.0.1:64464 - R:localhost/127.0.0.1:51266] for POST '/session/fa900112756f9d610766ee225c959cfa/execute/sync'
13:45:34.691 [AsyncHttpClient-1-6] DEBUG org.asynchttpclient.netty.handler.HttpHandler - 

Request DefaultHttpRequest(decodeResult: success, version: HTTP/1.1)
POST /session/fa900112756f9d610766ee225c959cfa/execute/sync HTTP/1.1
User-Agent: selenium/4.1.2 (java windows)
Content-Length: 48780
Content-Type: application/json; charset=utf-8
host: localhost:51266
accept: */*

Response DefaultHttpResponse(decodeResult: success, version: HTTP/1.1)
HTTP/1.1 200 OK
Content-Type: application/json; charset=utf-8
cache-control: no-cache
content-length: 14

13:45:34.691 [AsyncHttpClient-1-6] DEBUG org.asynchttpclient.netty.channel.ChannelManager - Adding key: http://localhost:51266 for channel [id: 0x553d5924, L:/127.0.0.1:64464 - R:localhost/127.0.0.1:51266]
13:45:34.704 [Forwarding screenshot on session fa900112756f9d610766ee225c959cfa to remote] DEBUG org.asynchttpclient.netty.request.NettyRequestSender - Using pooled Channel '[id: 0x553d5924, L:/127.0.0.1:64464 - R:localhost/127.0.0.1:51266]' for 'GET' to 'http://localhost:51266/session/fa900112756f9d610766ee225c959cfa/screenshot'
13:45:34.705 [Forwarding screenshot on session fa900112756f9d610766ee225c959cfa to remote] DEBUG org.asynchttpclient.netty.request.NettyRequestSender - Using open Channel [id: 0x553d5924, L:/127.0.0.1:64464 - R:localhost/127.0.0.1:51266] for GET '/session/fa900112756f9d610766ee225c959cfa/screenshot'
13:45:34.728 [AsyncHttpClient-1-1] DEBUG org.asynchttpclient.netty.channel.DefaultChannelPool - Entry count for : http://localhost:64465 : 1
13:45:34.870 [AsyncHttpClient-1-6] DEBUG org.asynchttpclient.netty.handler.HttpHandler - 

Request DefaultFullHttpRequest(decodeResult: success, version: HTTP/1.1, content: EmptyByteBufBE)
GET /session/fa900112756f9d610766ee225c959cfa/screenshot HTTP/1.1
User-Agent: selenium/4.1.2 (java windows)
Cache-Control: no-cache
Content-Type: application/json; charset=utf-8
host: localhost:51266
accept: */*

Response DefaultHttpResponse(decodeResult: success, version: HTTP/1.1)
HTTP/1.1 200 OK
Content-Type: application/json; charset=utf-8
cache-control: no-cache
content-length: 47356

13:45:34.871 [AsyncHttpClient-1-6] DEBUG org.asynchttpclient.netty.channel.ChannelManager - Adding key: http://localhost:51266 for channel [id: 0x553d5924, L:/127.0.0.1:64464 - R:localhost/127.0.0.1:51266]
13:45:34.876 [main] DEBUG net.serenitybdd.core.photography.Darkroom - Send negative for processing for target\site\serenity\2f19e0fbc26c4160745b1cfd96435ad196f9ae3433f77e3da28930eb5a81a5a0.png
13:45:34.876 [main] DEBUG net.thucydides.core.steps.StepInterceptor - STEP DONE: onoldregist
  &amp#27;[32mGiven &amp#27;[0m&amp#27;[32madmin on patient registration page&amp#27;[0m        &amp#27;[90m# starter.definitions.pasienlama.onpatientregistpage()&amp#27;[0m
13:45:34.918 [main] DEBUG net.thucydides.core.steps.StepInterceptor - STARTING STEP: pasienlama.inputvalididpatient - inputvalididpatient
13:45:34.927 [Forwarding findElement on session fa900112756f9d610766ee225c959cfa to remote] DEBUG org.asynchttpclient.netty.request.NettyRequestSender - Using pooled Channel '[id: 0x553d5924, L:/127.0.0.1:64464 - R:localhost/127.0.0.1:51266]' for 'POST' to 'http://localhost:51266/session/fa900112756f9d610766ee225c959cfa/element'
13:45:34.927 [Forwarding findElement on session fa900112756f9d610766ee225c959cfa to remote] DEBUG org.asynchttpclient.netty.request.NettyRequestSender - Using open Channel [id: 0x553d5924, L:/127.0.0.1:64464 - R:localhost/127.0.0.1:51266] for POST '/session/fa900112756f9d610766ee225c959cfa/element'
13:45:34.943 [AsyncHttpClient-1-6] DEBUG org.asynchttpclient.netty.handler.HttpHandler - 

Request DefaultHttpRequest(decodeResult: success, version: HTTP/1.1)
POST /session/fa900112756f9d610766ee225c959cfa/element HTTP/1.1
User-Agent: selenium/4.1.2 (java windows)
Content-Length: 47
Content-Type: application/json; charset=utf-8
host: localhost:51266
accept: */*

Response DefaultHttpResponse(decodeResult: success, version: HTTP/1.1)
HTTP/1.1 200 OK
Content-Type: application/json; charset=utf-8
cache-control: no-cache
content-length: 88

13:45:34.944 [AsyncHttpClient-1-6] DEBUG org.asynchttpclient.netty.channel.ChannelManager - Adding key: http://localhost:51266 for channel [id: 0x553d5924, L:/127.0.0.1:64464 - R:localhost/127.0.0.1:51266]
13:45:34.945 [Forwarding clearElement on session fa900112756f9d610766ee225c959cfa to remote] DEBUG org.asynchttpclient.netty.request.NettyRequestSender - Using pooled Channel '[id: 0x553d5924, L:/127.0.0.1:64464 - R:localhost/127.0.0.1:51266]' for 'POST' to 'http://localhost:51266/session/fa900112756f9d610766ee225c959cfa/element/fa02abf2-aeb7-4b3a-b725-3d2772a506aa/clear'
13:45:34.946 [Forwarding clearElement on session fa900112756f9d610766ee225c959cfa to remote] DEBUG org.asynchttpclient.netty.request.NettyRequestSender - Using open Channel [id: 0x553d5924, L:/127.0.0.1:64464 - R:localhost/127.0.0.1:51266] for POST '/session/fa900112756f9d610766ee225c959cfa/element/fa02abf2-aeb7-4b3a-b725-3d2772a506aa/clear'
13:45:35.091 [AsyncHttpClient-1-6] DEBUG org.asynchttpclient.netty.handler.HttpHandler - 

Request DefaultHttpRequest(decodeResult: success, version: HTTP/1.1)
POST /session/fa900112756f9d610766ee225c959cfa/element/fa02abf2-aeb7-4b3a-b725-3d2772a506aa/clear HTTP/1.1
User-Agent: selenium/4.1.2 (java windows)
Content-Length: 50
Content-Type: application/json; charset=utf-8
host: localhost:51266
accept: */*

Response DefaultHttpResponse(decodeResult: success, version: HTTP/1.1)
HTTP/1.1 200 OK
Content-Type: application/json; charset=utf-8
cache-control: no-cache
content-length: 14

13:45:35.092 [AsyncHttpClient-1-6] DEBUG org.asynchttpclient.netty.channel.ChannelManager - Adding key: http://localhost:51266 for channel [id: 0x553d5924, L:/127.0.0.1:64464 - R:localhost/127.0.0.1:51266]
13:45:35.096 [Forwarding sendKeysToElement on session fa900112756f9d610766ee225c959cfa to remote] DEBUG org.asynchttpclient.netty.request.NettyRequestSender - Using pooled Channel '[id: 0x553d5924, L:/127.0.0.1:64464 - R:localhost/127.0.0.1:51266]' for 'POST' to 'http://localhost:51266/session/fa900112756f9d610766ee225c959cfa/element/fa02abf2-aeb7-4b3a-b725-3d2772a506aa/value'
13:45:35.096 [Forwarding sendKeysToElement on session fa900112756f9d610766ee225c959cfa to remote] DEBUG org.asynchttpclient.netty.request.NettyRequestSender - Using open Channel [id: 0x553d5924, L:/127.0.0.1:64464 - R:localhost/127.0.0.1:51266] for POST '/session/fa900112756f9d610766ee225c959cfa/element/fa02abf2-aeb7-4b3a-b725-3d2772a506aa/value'
13:45:35.338 [AsyncHttpClient-1-6] DEBUG org.asynchttpclient.netty.handler.HttpHandler - 

Request DefaultHttpRequest(decodeResult: success, version: HTTP/1.1)
POST /session/fa900112756f9d610766ee225c959cfa/element/fa02abf2-aeb7-4b3a-b725-3d2772a506aa/value HTTP/1.1
User-Agent: selenium/4.1.2 (java windows)
Content-Length: 211
Content-Type: application/json; charset=utf-8
host: localhost:51266
accept: */*

Response DefaultHttpResponse(decodeResult: success, version: HTTP/1.1)
HTTP/1.1 200 OK
Content-Type: application/json; charset=utf-8
cache-control: no-cache
content-length: 14

13:45:35.339 [AsyncHttpClient-1-6] DEBUG org.asynchttpclient.netty.channel.ChannelManager - Adding key: http://localhost:51266 for channel [id: 0x553d5924, L:/127.0.0.1:64464 - R:localhost/127.0.0.1:51266]
13:45:35.361 [Forwarding screenshot on session fa900112756f9d610766ee225c959cfa to remote] DEBUG org.asynchttpclient.netty.request.NettyRequestSender - Using pooled Channel '[id: 0x553d5924, L:/127.0.0.1:64464 - R:localhost/127.0.0.1:51266]' for 'GET' to 'http://localhost:51266/session/fa900112756f9d610766ee225c959cfa/screenshot'
13:45:35.361 [Forwarding screenshot on session fa900112756f9d610766ee225c959cfa to remote] DEBUG org.asynchttpclient.netty.request.NettyRequestSender - Using open Channel [id: 0x553d5924, L:/127.0.0.1:64464 - R:localhost/127.0.0.1:51266] for GET '/session/fa900112756f9d610766ee225c959cfa/screenshot'
13:45:35.558 [AsyncHttpClient-1-6] DEBUG org.asynchttpclient.netty.handler.HttpHandler - 

Request DefaultFullHttpRequest(decodeResult: success, version: HTTP/1.1, content: EmptyByteBufBE)
GET /session/fa900112756f9d610766ee225c959cfa/screenshot HTTP/1.1
User-Agent: selenium/4.1.2 (java windows)
Cache-Control: no-cache
Content-Type: application/json; charset=utf-8
host: localhost:51266
accept: */*

Response DefaultHttpResponse(decodeResult: success, version: HTTP/1.1)
HTTP/1.1 200 OK
Content-Type: application/json; charset=utf-8
cache-control: no-cache
content-length: 46920

13:45:35.559 [AsyncHttpClient-1-6] DEBUG org.asynchttpclient.netty.channel.ChannelManager - Adding key: http://localhost:51266 for channel [id: 0x553d5924, L:/127.0.0.1:64464 - R:localhost/127.0.0.1:51266]
13:45:35.563 [main] DEBUG net.serenitybdd.core.photography.Darkroom - Send negative for processing for target\site\serenity\fff721119611ecaa4b252bf96057097f98ce49febc0565be9e20283bbe7ceab6.png
13:45:35.564 [main] DEBUG net.thucydides.core.steps.StepInterceptor - STEP DONE: inputvalididpatient
  &amp#27;[32mWhen &amp#27;[0m&amp#27;[32madmin input valid id patient&amp#27;[0m               &amp#27;[90m# starter.definitions.pasienlama.inputvalididpatient()&amp#27;[0m
13:45:35.564 [Darkroom Processing Line] DEBUG net.serenitybdd.core.photography.DarkroomProcessingLine - Processing screenshot image in /var/screenshots/screenshot-1580537424436070809
13:45:35.564 [Darkroom Processing Line] DEBUG net.serenitybdd.core.photography.DarkroomProcessingLine - Saving screenshot to target\site\serenity\fff721119611ecaa4b252bf96057097f98ce49febc0565be9e20283bbe7ceab6.png
13:45:35.605 [main] DEBUG net.thucydides.core.steps.StepInterceptor - STARTING STEP: pasienlama.patientdataautofilled - norekfield
13:45:35.610 [Forwarding findElement on session fa900112756f9d610766ee225c959cfa to remote] DEBUG org.asynchttpclient.netty.request.NettyRequestSender - Using pooled Channel '[id: 0x553d5924, L:/127.0.0.1:64464 - R:localhost/127.0.0.1:51266]' for 'POST' to 'http://localhost:51266/session/fa900112756f9d610766ee225c959cfa/element'
13:45:35.610 [Forwarding findElement on session fa900112756f9d610766ee225c959cfa to remote] DEBUG org.asynchttpclient.netty.request.NettyRequestSender - Using open Channel [id: 0x553d5924, L:/127.0.0.1:64464 - R:localhost/127.0.0.1:51266] for POST '/session/fa900112756f9d610766ee225c959cfa/element'
13:45:35.671 [AsyncHttpClient-1-6] DEBUG org.asynchttpclient.netty.handler.HttpHandler - 

Request DefaultHttpRequest(decodeResult: success, version: HTTP/1.1)
POST /session/fa900112756f9d610766ee225c959cfa/element HTTP/1.1
User-Agent: selenium/4.1.2 (java windows)
Content-Length: 50
Content-Type: application/json; charset=utf-8
host: localhost:51266
accept: */*

Response DefaultHttpResponse(decodeResult: success, version: HTTP/1.1)
HTTP/1.1 200 OK
Content-Type: application/json; charset=utf-8
cache-control: no-cache
content-length: 88

13:45:35.672 [AsyncHttpClient-1-6] DEBUG org.asynchttpclient.netty.channel.ChannelManager - Adding key: http://localhost:51266 for channel [id: 0x553d5924, L:/127.0.0.1:64464 - R:localhost/127.0.0.1:51266]
13:45:35.679 [Forwarding getElementAttribute on session fa900112756f9d610766ee225c959cfa to remote] DEBUG org.asynchttpclient.netty.request.NettyRequestSender - Using pooled Channel '[id: 0x553d5924, L:/127.0.0.1:64464 - R:localhost/127.0.0.1:51266]' for 'POST' to 'http://localhost:51266/session/fa900112756f9d610766ee225c959cfa/execute/sync'
13:45:35.679 [Forwarding getElementAttribute on session fa900112756f9d610766ee225c959cfa to remote] DEBUG org.asynchttpclient.netty.request.NettyRequestSender - Using open Channel [id: 0x553d5924, L:/127.0.0.1:64464 - R:localhost/127.0.0.1:51266] for POST '/session/fa900112756f9d610766ee225c959cfa/execute/sync'
13:45:35.745 [AsyncHttpClient-1-6] DEBUG org.asynchttpclient.netty.handler.HttpHandler - 

Request DefaultHttpRequest(decodeResult: success, version: HTTP/1.1)
POST /session/fa900112756f9d610766ee225c959cfa/execute/sync HTTP/1.1
User-Agent: selenium/4.1.2 (java windows)
Content-Length: 47340
Content-Type: application/json; charset=utf-8
host: localhost:51266
accept: */*

Response DefaultHttpResponse(decodeResult: success, version: HTTP/1.1)
HTTP/1.1 200 OK
Content-Type: application/json; charset=utf-8
cache-control: no-cache
content-length: 41

13:45:35.745 [AsyncHttpClient-1-6] DEBUG org.asynchttpclient.netty.channel.ChannelManager - Adding key: http://localhost:51266 for channel [id: 0x553d5924, L:/127.0.0.1:64464 - R:localhost/127.0.0.1:51266]
13:45:35.757 [Forwarding screenshot on session fa900112756f9d610766ee225c959cfa to remote] DEBUG org.asynchttpclient.netty.request.NettyRequestSender - Using pooled Channel '[id: 0x553d5924, L:/127.0.0.1:64464 - R:localhost/127.0.0.1:51266]' for 'GET' to 'http://localhost:51266/session/fa900112756f9d610766ee225c959cfa/screenshot'
13:45:35.757 [Forwarding screenshot on session fa900112756f9d610766ee225c959cfa to remote] DEBUG org.asynchttpclient.netty.request.NettyRequestSender - Using open Channel [id: 0x553d5924, L:/127.0.0.1:64464 - R:localhost/127.0.0.1:51266] for GET '/session/fa900112756f9d610766ee225c959cfa/screenshot'
13:45:35.834 [AsyncHttpClient-1-1] DEBUG org.asynchttpclient.netty.channel.DefaultChannelPool - Entry count for : http://localhost:64465 : 1
13:45:35.993 [AsyncHttpClient-1-6] DEBUG org.asynchttpclient.netty.handler.HttpHandler - 

Request DefaultFullHttpRequest(decodeResult: success, version: HTTP/1.1, content: EmptyByteBufBE)
GET /session/fa900112756f9d610766ee225c959cfa/screenshot HTTP/1.1
User-Agent: selenium/4.1.2 (java windows)
Cache-Control: no-cache
Content-Type: application/json; charset=utf-8
host: localhost:51266
accept: */*

Response DefaultHttpResponse(decodeResult: success, version: HTTP/1.1)
HTTP/1.1 200 OK
Content-Type: application/json; charset=utf-8
cache-control: no-cache
content-length: 48488

13:45:35.994 [AsyncHttpClient-1-6] DEBUG org.asynchttpclient.netty.channel.ChannelManager - Adding key: http://localhost:51266 for channel [id: 0x553d5924, L:/127.0.0.1:64464 - R:localhost/127.0.0.1:51266]
13:45:36.000 [main] DEBUG net.serenitybdd.core.photography.Darkroom - Send negative for processing for target\site\serenity\6918d8cae4c4ae91d470d4b516bb1707262b3af37f293e0e994f47c2534c0b21.png
13:45:36.001 [main] DEBUG net.thucydides.core.steps.StepInterceptor - STEP DONE: norekfield
  &amp#27;[32mAnd &amp#27;[0m&amp#27;[32mpatient's data autofilled&amp#27;[0m                   &amp#27;[90m# starter.definitions.pasienlama.patientdataautofilled()&amp#27;[0m
13:45:36.001 [Darkroom Processing Line] DEBUG net.serenitybdd.core.photography.DarkroomProcessingLine - Processing screenshot image in /var/screenshots/screenshot-7829548180916714559
13:45:36.001 [Darkroom Processing Line] DEBUG net.serenitybdd.core.photography.DarkroomProcessingLine - Saving screenshot to target\site\serenity\6918d8cae4c4ae91d470d4b516bb1707262b3af37f293e0e994f47c2534c0b21.png
13:45:36.316 [Forwarding screenshot on session fa900112756f9d610766ee225c959cfa to remote] DEBUG org.asynchttpclient.netty.request.NettyRequestSender - Using pooled Channel '[id: 0x553d5924, L:/127.0.0.1:64464 - R:localhost/127.0.0.1:51266]' for 'GET' to 'http://localhost:51266/session/fa900112756f9d610766ee225c959cfa/screenshot'
13:45:36.316 [Forwarding screenshot on session fa900112756f9d610766ee225c959cfa to remote] DEBUG org.asynchttpclient.netty.request.NettyRequestSender - Using open Channel [id: 0x553d5924, L:/127.0.0.1:64464 - R:localhost/127.0.0.1:51266] for GET '/session/fa900112756f9d610766ee225c959cfa/screenshot'
13:45:36.515 [AsyncHttpClient-1-6] DEBUG org.asynchttpclient.netty.handler.HttpHandler - 

Request DefaultFullHttpRequest(decodeResult: success, version: HTTP/1.1, content: EmptyByteBufBE)
GET /session/fa900112756f9d610766ee225c959cfa/screenshot HTTP/1.1
User-Agent: selenium/4.1.2 (java windows)
Cache-Control: no-cache
Content-Type: application/json; charset=utf-8
host: localhost:51266
accept: */*

Response DefaultHttpResponse(decodeResult: success, version: HTTP/1.1)
HTTP/1.1 200 OK
Content-Type: application/json; charset=utf-8
cache-control: no-cache
content-length: 48524

13:45:36.516 [AsyncHttpClient-1-6] DEBUG org.asynchttpclient.netty.channel.ChannelManager - Adding key: http://localhost:51266 for channel [id: 0x553d5924, L:/127.0.0.1:64464 - R:localhost/127.0.0.1:51266]
13:45:36.522 [main] DEBUG net.serenitybdd.core.photography.Darkroom - Send negative for processing for target\site\serenity\f3973b32fb14663546110423c3f00b515c43ead700ec303e844bb987e453eedd.png
13:45:36.523 [main] DEBUG net.thucydides.core.steps.StepInterceptor - STARTING STEP: pendaftaranbaru.choosepoli - choosePoli
13:45:36.523 [Darkroom Processing Line] DEBUG net.serenitybdd.core.photography.DarkroomProcessingLine - Processing screenshot image in /var/screenshots/screenshot-1057876008623330849
13:45:36.524 [Darkroom Processing Line] DEBUG net.serenitybdd.core.photography.DarkroomProcessingLine - Saving screenshot to target\site\serenity\f3973b32fb14663546110423c3f00b515c43ead700ec303e844bb987e453eedd.png
13:45:36.531 [Forwarding findElement on session fa900112756f9d610766ee225c959cfa to remote] DEBUG org.asynchttpclient.netty.request.NettyRequestSender - Using pooled Channel '[id: 0x553d5924, L:/127.0.0.1:64464 - R:localhost/127.0.0.1:51266]' for 'POST' to 'http://localhost:51266/session/fa900112756f9d610766ee225c959cfa/element'
13:45:36.531 [Forwarding findElement on session fa900112756f9d610766ee225c959cfa to remote] DEBUG org.asynchttpclient.netty.request.NettyRequestSender - Using open Channel [id: 0x553d5924, L:/127.0.0.1:64464 - R:localhost/127.0.0.1:51266] for POST '/session/fa900112756f9d610766ee225c959cfa/element'
13:45:36.580 [AsyncHttpClient-1-6] DEBUG org.asynchttpclient.netty.handler.HttpHandler - 

Request DefaultHttpRequest(decodeResult: success, version: HTTP/1.1)
POST /session/fa900112756f9d610766ee225c959cfa/element HTTP/1.1
User-Agent: selenium/4.1.2 (java windows)
Content-Length: 67
Content-Type: application/json; charset=utf-8
host: localhost:51266
accept: */*

Response DefaultHttpResponse(decodeResult: success, version: HTTP/1.1)
HTTP/1.1 200 OK
Content-Type: application/json; charset=utf-8
cache-control: no-cache
content-length: 88

13:45:36.580 [AsyncHttpClient-1-6] DEBUG org.asynchttpclient.netty.channel.ChannelManager - Adding key: http://localhost:51266 for channel [id: 0x553d5924, L:/127.0.0.1:64464 - R:localhost/127.0.0.1:51266]
13:45:36.583 [Forwarding getElementTagName on session fa900112756f9d610766ee225c959cfa to remote] DEBUG org.asynchttpclient.netty.request.NettyRequestSender - Using pooled Channel '[id: 0x553d5924, L:/127.0.0.1:64464 - R:localhost/127.0.0.1:51266]' for 'GET' to 'http://localhost:51266/session/fa900112756f9d610766ee225c959cfa/element/a506d82d-6b39-47ba-8fe5-77bb858c387b/name'
13:45:36.583 [Forwarding getElementTagName on session fa900112756f9d610766ee225c959cfa to remote] DEBUG org.asynchttpclient.netty.request.NettyRequestSender - Using open Channel [id: 0x553d5924, L:/127.0.0.1:64464 - R:localhost/127.0.0.1:51266] for GET '/session/fa900112756f9d610766ee225c959cfa/element/a506d82d-6b39-47ba-8fe5-77bb858c387b/name'
13:45:36.613 [AsyncHttpClient-1-6] DEBUG org.asynchttpclient.netty.handler.HttpHandler - 

Request DefaultFullHttpRequest(decodeResult: success, version: HTTP/1.1, content: EmptyByteBufBE)
GET /session/fa900112756f9d610766ee225c959cfa/element/a506d82d-6b39-47ba-8fe5-77bb858c387b/name HTTP/1.1
User-Agent: selenium/4.1.2 (java windows)
Cache-Control: no-cache
Content-Type: application/json; charset=utf-8
host: localhost:51266
accept: */*

Response DefaultHttpResponse(decodeResult: success, version: HTTP/1.1)
HTTP/1.1 200 OK
Content-Type: application/json; charset=utf-8
cache-control: no-cache
content-length: 18

13:45:36.614 [AsyncHttpClient-1-6] DEBUG org.asynchttpclient.netty.channel.ChannelManager - Adding key: http://localhost:51266 for channel [id: 0x553d5924, L:/127.0.0.1:64464 - R:localhost/127.0.0.1:51266]
13:45:36.615 [Forwarding getElementTagName on session fa900112756f9d610766ee225c959cfa to remote] DEBUG org.asynchttpclient.netty.request.NettyRequestSender - Using pooled Channel '[id: 0x553d5924, L:/127.0.0.1:64464 - R:localhost/127.0.0.1:51266]' for 'GET' to 'http://localhost:51266/session/fa900112756f9d610766ee225c959cfa/element/a506d82d-6b39-47ba-8fe5-77bb858c387b/name'
13:45:36.616 [Forwarding getElementTagName on session fa900112756f9d610766ee225c959cfa to remote] DEBUG org.asynchttpclient.netty.request.NettyRequestSender - Using open Channel [id: 0x553d5924, L:/127.0.0.1:64464 - R:localhost/127.0.0.1:51266] for GET '/session/fa900112756f9d610766ee225c959cfa/element/a506d82d-6b39-47ba-8fe5-77bb858c387b/name'
13:45:36.629 [AsyncHttpClient-1-6] DEBUG org.asynchttpclient.netty.handler.HttpHandler - 

Request DefaultFullHttpRequest(decodeResult: success, version: HTTP/1.1, content: EmptyByteBufBE)
GET /session/fa900112756f9d610766ee225c959cfa/element/a506d82d-6b39-47ba-8fe5-77bb858c387b/name HTTP/1.1
User-Agent: selenium/4.1.2 (java windows)
Cache-Control: no-cache
Content-Type: application/json; charset=utf-8
host: localhost:51266
accept: */*

Response DefaultHttpResponse(decodeResult: success, version: HTTP/1.1)
HTTP/1.1 200 OK
Content-Type: application/json; charset=utf-8
cache-control: no-cache
content-length: 18

13:45:36.629 [AsyncHttpClient-1-6] DEBUG org.asynchttpclient.netty.channel.ChannelManager - Adding key: http://localhost:51266 for channel [id: 0x553d5924, L:/127.0.0.1:64464 - R:localhost/127.0.0.1:51266]
13:45:36.634 [Forwarding isElementEnabled on session fa900112756f9d610766ee225c959cfa to remote] DEBUG org.asynchttpclient.netty.request.NettyRequestSender - Using pooled Channel '[id: 0x553d5924, L:/127.0.0.1:64464 - R:localhost/127.0.0.1:51266]' for 'GET' to 'http://localhost:51266/session/fa900112756f9d610766ee225c959cfa/element/a506d82d-6b39-47ba-8fe5-77bb858c387b/enabled'
13:45:36.634 [Forwarding isElementEnabled on session fa900112756f9d610766ee225c959cfa to remote] DEBUG org.asynchttpclient.netty.request.NettyRequestSender - Using open Channel [id: 0x553d5924, L:/127.0.0.1:64464 - R:localhost/127.0.0.1:51266] for GET '/session/fa900112756f9d610766ee225c959cfa/element/a506d82d-6b39-47ba-8fe5-77bb858c387b/enabled'
13:45:36.668 [AsyncHttpClient-1-6] DEBUG org.asynchttpclient.netty.handler.HttpHandler - 

Request DefaultFullHttpRequest(decodeResult: success, version: HTTP/1.1, content: EmptyByteBufBE)
GET /session/fa900112756f9d610766ee225c959cfa/element/a506d82d-6b39-47ba-8fe5-77bb858c387b/enabled HTTP/1.1
User-Agent: selenium/4.1.2 (java windows)
Cache-Control: no-cache
Content-Type: application/json; charset=utf-8
host: localhost:51266
accept: */*

Response DefaultHttpResponse(decodeResult: success, version: HTTP/1.1)
HTTP/1.1 200 OK
Content-Type: application/json; charset=utf-8
cache-control: no-cache
content-length: 14

13:45:36.668 [AsyncHttpClient-1-6] DEBUG org.asynchttpclient.netty.channel.ChannelManager - Adding key: http://localhost:51266 for channel [id: 0x553d5924, L:/127.0.0.1:64464 - R:localhost/127.0.0.1:51266]
13:45:36.672 [Forwarding isElementEnabled on session fa900112756f9d610766ee225c959cfa to remote] DEBUG org.asynchttpclient.netty.request.NettyRequestSender - Using pooled Channel '[id: 0x553d5924, L:/127.0.0.1:64464 - R:localhost/127.0.0.1:51266]' for 'GET' to 'http://localhost:51266/session/fa900112756f9d610766ee225c959cfa/element/a506d82d-6b39-47ba-8fe5-77bb858c387b/enabled'
13:45:36.672 [Forwarding isElementEnabled on session fa900112756f9d610766ee225c959cfa to remote] DEBUG org.asynchttpclient.netty.request.NettyRequestSender - Using open Channel [id: 0x553d5924, L:/127.0.0.1:64464 - R:localhost/127.0.0.1:51266] for GET '/session/fa900112756f9d610766ee225c959cfa/element/a506d82d-6b39-47ba-8fe5-77bb858c387b/enabled'
13:45:36.691 [AsyncHttpClient-1-6] DEBUG org.asynchttpclient.netty.handler.HttpHandler - 

Request DefaultFullHttpRequest(decodeResult: success, version: HTTP/1.1, content: EmptyByteBufBE)
GET /session/fa900112756f9d610766ee225c959cfa/element/a506d82d-6b39-47ba-8fe5-77bb858c387b/enabled HTTP/1.1
User-Agent: selenium/4.1.2 (java windows)
Cache-Control: no-cache
Content-Type: application/json; charset=utf-8
host: localhost:51266
accept: */*

Response DefaultHttpResponse(decodeResult: success, version: HTTP/1.1)
HTTP/1.1 200 OK
Content-Type: application/json; charset=utf-8
cache-control: no-cache
content-length: 14

13:45:36.691 [AsyncHttpClient-1-6] DEBUG org.asynchttpclient.netty.channel.ChannelManager - Adding key: http://localhost:51266 for channel [id: 0x553d5924, L:/127.0.0.1:64464 - R:localhost/127.0.0.1:51266]
13:45:36.698 [Forwarding findElement on session fa900112756f9d610766ee225c959cfa to remote] DEBUG org.asynchttpclient.netty.request.NettyRequestSender - Using pooled Channel '[id: 0x553d5924, L:/127.0.0.1:64464 - R:localhost/127.0.0.1:51266]' for 'POST' to 'http://localhost:51266/session/fa900112756f9d610766ee225c959cfa/element'
13:45:36.698 [Forwarding findElement on session fa900112756f9d610766ee225c959cfa to remote] DEBUG org.asynchttpclient.netty.request.NettyRequestSender - Using open Channel [id: 0x553d5924, L:/127.0.0.1:64464 - R:localhost/127.0.0.1:51266] for POST '/session/fa900112756f9d610766ee225c959cfa/element'
13:45:36.727 [AsyncHttpClient-1-6] DEBUG org.asynchttpclient.netty.handler.HttpHandler - 

Request DefaultHttpRequest(decodeResult: success, version: HTTP/1.1)
POST /session/fa900112756f9d610766ee225c959cfa/element HTTP/1.1
User-Agent: selenium/4.1.2 (java windows)
Content-Length: 67
Content-Type: application/json; charset=utf-8
host: localhost:51266
accept: */*

Response DefaultHttpResponse(decodeResult: success, version: HTTP/1.1)
HTTP/1.1 200 OK
Content-Type: application/json; charset=utf-8
cache-control: no-cache
content-length: 88

13:45:36.727 [AsyncHttpClient-1-6] DEBUG org.asynchttpclient.netty.channel.ChannelManager - Adding key: http://localhost:51266 for channel [id: 0x553d5924, L:/127.0.0.1:64464 - R:localhost/127.0.0.1:51266]
13:45:36.729 [Forwarding getElementTagName on session fa900112756f9d610766ee225c959cfa to remote] DEBUG org.asynchttpclient.netty.request.NettyRequestSender - Using pooled Channel '[id: 0x553d5924, L:/127.0.0.1:64464 - R:localhost/127.0.0.1:51266]' for 'GET' to 'http://localhost:51266/session/fa900112756f9d610766ee225c959cfa/element/a506d82d-6b39-47ba-8fe5-77bb858c387b/name'
13:45:36.729 [Forwarding getElementTagName on session fa900112756f9d610766ee225c959cfa to remote] DEBUG org.asynchttpclient.netty.request.NettyRequestSender - Using open Channel [id: 0x553d5924, L:/127.0.0.1:64464 - R:localhost/127.0.0.1:51266] for GET '/session/fa900112756f9d610766ee225c959cfa/element/a506d82d-6b39-47ba-8fe5-77bb858c387b/name'
13:45:36.759 [AsyncHttpClient-1-6] DEBUG org.asynchttpclient.netty.handler.HttpHandler - 

Request DefaultFullHttpRequest(decodeResult: success, version: HTTP/1.1, content: EmptyByteBufBE)
GET /session/fa900112756f9d610766ee225c959cfa/element/a506d82d-6b39-47ba-8fe5-77bb858c387b/name HTTP/1.1
User-Agent: selenium/4.1.2 (java windows)
Cache-Control: no-cache
Content-Type: application/json; charset=utf-8
host: localhost:51266
accept: */*

Response DefaultHttpResponse(decodeResult: success, version: HTTP/1.1)
HTTP/1.1 200 OK
Content-Type: application/json; charset=utf-8
cache-control: no-cache
content-length: 18

13:45:36.760 [AsyncHttpClient-1-6] DEBUG org.asynchttpclient.netty.channel.ChannelManager - Adding key: http://localhost:51266 for channel [id: 0x553d5924, L:/127.0.0.1:64464 - R:localhost/127.0.0.1:51266]
13:45:36.762 [Forwarding getElementDomAttribute on session fa900112756f9d610766ee225c959cfa to remote] DEBUG org.asynchttpclient.netty.request.NettyRequestSender - Using pooled Channel '[id: 0x553d5924, L:/127.0.0.1:64464 - R:localhost/127.0.0.1:51266]' for 'GET' to 'http://localhost:51266/session/fa900112756f9d610766ee225c959cfa/element/a506d82d-6b39-47ba-8fe5-77bb858c387b/attribute/multiple'
13:45:36.762 [Forwarding getElementDomAttribute on session fa900112756f9d610766ee225c959cfa to remote] DEBUG org.asynchttpclient.netty.request.NettyRequestSender - Using open Channel [id: 0x553d5924, L:/127.0.0.1:64464 - R:localhost/127.0.0.1:51266] for GET '/session/fa900112756f9d610766ee225c959cfa/element/a506d82d-6b39-47ba-8fe5-77bb858c387b/attribute/multiple'
13:45:36.776 [AsyncHttpClient-1-6] DEBUG org.asynchttpclient.netty.handler.HttpHandler - 

Request DefaultFullHttpRequest(decodeResult: success, version: HTTP/1.1, content: EmptyByteBufBE)
GET /session/fa900112756f9d610766ee225c959cfa/element/a506d82d-6b39-47ba-8fe5-77bb858c387b/attribute/multiple HTTP/1.1
User-Agent: selenium/4.1.2 (java windows)
Cache-Control: no-cache
Content-Type: application/json; charset=utf-8
host: localhost:51266
accept: */*

Response DefaultHttpResponse(decodeResult: success, version: HTTP/1.1)
HTTP/1.1 200 OK
Content-Type: application/json; charset=utf-8
cache-control: no-cache
content-length: 14

13:45:36.776 [AsyncHttpClient-1-6] DEBUG org.asynchttpclient.netty.channel.ChannelManager - Adding key: http://localhost:51266 for channel [id: 0x553d5924, L:/127.0.0.1:64464 - R:localhost/127.0.0.1:51266]
13:45:36.781 [Forwarding findChildElements on session fa900112756f9d610766ee225c959cfa to remote] DEBUG org.asynchttpclient.netty.request.NettyRequestSender - Using pooled Channel '[id: 0x553d5924, L:/127.0.0.1:64464 - R:localhost/127.0.0.1:51266]' for 'POST' to 'http://localhost:51266/session/fa900112756f9d610766ee225c959cfa/element/a506d82d-6b39-47ba-8fe5-77bb858c387b/elements'
13:45:36.781 [Forwarding findChildElements on session fa900112756f9d610766ee225c959cfa to remote] DEBUG org.asynchttpclient.netty.request.NettyRequestSender - Using open Channel [id: 0x553d5924, L:/127.0.0.1:64464 - R:localhost/127.0.0.1:51266] for POST '/session/fa900112756f9d610766ee225c959cfa/element/a506d82d-6b39-47ba-8fe5-77bb858c387b/elements'
13:45:36.827 [AsyncHttpClient-1-6] DEBUG org.asynchttpclient.netty.handler.HttpHandler - 

Request DefaultHttpRequest(decodeResult: success, version: HTTP/1.1)
POST /session/fa900112756f9d610766ee225c959cfa/element/a506d82d-6b39-47ba-8fe5-77bb858c387b/elements HTTP/1.1
User-Agent: selenium/4.1.2 (java windows)
Content-Length: 127
Content-Type: application/json; charset=utf-8
host: localhost:51266
accept: */*

Response DefaultHttpResponse(decodeResult: success, version: HTTP/1.1)
HTTP/1.1 200 OK
Content-Type: application/json; charset=utf-8
cache-control: no-cache
content-length: 90

13:45:36.828 [AsyncHttpClient-1-6] DEBUG org.asynchttpclient.netty.channel.ChannelManager - Adding key: http://localhost:51266 for channel [id: 0x553d5924, L:/127.0.0.1:64464 - R:localhost/127.0.0.1:51266]
13:45:36.830 [Forwarding isElementSelected on session fa900112756f9d610766ee225c959cfa to remote] DEBUG org.asynchttpclient.netty.request.NettyRequestSender - Using pooled Channel '[id: 0x553d5924, L:/127.0.0.1:64464 - R:localhost/127.0.0.1:51266]' for 'GET' to 'http://localhost:51266/session/fa900112756f9d610766ee225c959cfa/element/5785d596-0eb4-4b56-826c-c6910b0bb20c/selected'
13:45:36.831 [Forwarding isElementSelected on session fa900112756f9d610766ee225c959cfa to remote] DEBUG org.asynchttpclient.netty.request.NettyRequestSender - Using open Channel [id: 0x553d5924, L:/127.0.0.1:64464 - R:localhost/127.0.0.1:51266] for GET '/session/fa900112756f9d610766ee225c959cfa/element/5785d596-0eb4-4b56-826c-c6910b0bb20c/selected'
13:45:36.875 [AsyncHttpClient-1-6] DEBUG org.asynchttpclient.netty.handler.HttpHandler - 

Request DefaultFullHttpRequest(decodeResult: success, version: HTTP/1.1, content: EmptyByteBufBE)
GET /session/fa900112756f9d610766ee225c959cfa/element/5785d596-0eb4-4b56-826c-c6910b0bb20c/selected HTTP/1.1
User-Agent: selenium/4.1.2 (java windows)
Cache-Control: no-cache
Content-Type: application/json; charset=utf-8
host: localhost:51266
accept: */*

Response DefaultHttpResponse(decodeResult: success, version: HTTP/1.1)
HTTP/1.1 200 OK
Content-Type: application/json; charset=utf-8
cache-control: no-cache
content-length: 15

13:45:36.875 [AsyncHttpClient-1-6] DEBUG org.asynchttpclient.netty.channel.ChannelManager - Adding key: http://localhost:51266 for channel [id: 0x553d5924, L:/127.0.0.1:64464 - R:localhost/127.0.0.1:51266]
13:45:36.878 [Forwarding clickElement on session fa900112756f9d610766ee225c959cfa to remote] DEBUG org.asynchttpclient.netty.request.NettyRequestSender - Using pooled Channel '[id: 0x553d5924, L:/127.0.0.1:64464 - R:localhost/127.0.0.1:51266]' for 'POST' to 'http://localhost:51266/session/fa900112756f9d610766ee225c959cfa/element/5785d596-0eb4-4b56-826c-c6910b0bb20c/click'
13:45:36.878 [Forwarding clickElement on session fa900112756f9d610766ee225c959cfa to remote] DEBUG org.asynchttpclient.netty.request.NettyRequestSender - Using open Channel [id: 0x553d5924, L:/127.0.0.1:64464 - R:localhost/127.0.0.1:51266] for POST '/session/fa900112756f9d610766ee225c959cfa/element/5785d596-0eb4-4b56-826c-c6910b0bb20c/click'
13:45:36.940 [AsyncHttpClient-1-1] DEBUG org.asynchttpclient.netty.channel.DefaultChannelPool - Entry count for : http://localhost:64465 : 1
13:45:36.972 [AsyncHttpClient-1-6] DEBUG org.asynchttpclient.netty.handler.HttpHandler - 

Request DefaultHttpRequest(decodeResult: success, version: HTTP/1.1)
POST /session/fa900112756f9d610766ee225c959cfa/element/5785d596-0eb4-4b56-826c-c6910b0bb20c/click HTTP/1.1
User-Agent: selenium/4.1.2 (java windows)
Content-Length: 50
Content-Type: application/json; charset=utf-8
host: localhost:51266
accept: */*

Response DefaultHttpResponse(decodeResult: success, version: HTTP/1.1)
HTTP/1.1 200 OK
Content-Type: application/json; charset=utf-8
cache-control: no-cache
content-length: 14

13:45:36.973 [AsyncHttpClient-1-6] DEBUG org.asynchttpclient.netty.channel.ChannelManager - Adding key: http://localhost:51266 for channel [id: 0x553d5924, L:/127.0.0.1:64464 - R:localhost/127.0.0.1:51266]
13:45:36.995 [Forwarding screenshot on session fa900112756f9d610766ee225c959cfa to remote] DEBUG org.asynchttpclient.netty.request.NettyRequestSender - Using pooled Channel '[id: 0x553d5924, L:/127.0.0.1:64464 - R:localhost/127.0.0.1:51266]' for 'GET' to 'http://localhost:51266/session/fa900112756f9d610766ee225c959cfa/screenshot'
13:45:36.995 [Forwarding screenshot on session fa900112756f9d610766ee225c959cfa to remote] DEBUG org.asynchttpclient.netty.request.NettyRequestSender - Using open Channel [id: 0x553d5924, L:/127.0.0.1:64464 - R:localhost/127.0.0.1:51266] for GET '/session/fa900112756f9d610766ee225c959cfa/screenshot'
13:45:37.184 [AsyncHttpClient-1-6] DEBUG org.asynchttpclient.netty.handler.HttpHandler - 

Request DefaultFullHttpRequest(decodeResult: success, version: HTTP/1.1, content: EmptyByteBufBE)
GET /session/fa900112756f9d610766ee225c959cfa/screenshot HTTP/1.1
User-Agent: selenium/4.1.2 (java windows)
Cache-Control: no-cache
Content-Type: application/json; charset=utf-8
host: localhost:51266
accept: */*

Response DefaultHttpResponse(decodeResult: success, version: HTTP/1.1)
HTTP/1.1 200 OK
Content-Type: application/json; charset=utf-8
cache-control: no-cache
content-length: 49900

13:45:37.185 [AsyncHttpClient-1-6] DEBUG org.asynchttpclient.netty.channel.ChannelManager - Adding key: http://localhost:51266 for channel [id: 0x553d5924, L:/127.0.0.1:64464 - R:localhost/127.0.0.1:51266]
13:45:37.191 [main] DEBUG net.serenitybdd.core.photography.Darkroom - Send negative for processing for target\site\serenity\7624100dc18152d73005cb29b62bdc42169ba83a1cceee0d157b435778cab245.png
13:45:37.191 [main] DEBUG net.thucydides.core.steps.StepInterceptor - STEP DONE: choosePoli
  &amp#27;[32mAnd &amp#27;[0m&amp#27;[32madmin choose poli&amp#27;[0m                           &amp#27;[90m# starter.definitions.pendaftaranbaru.choosepoli()&amp#27;[0m
13:45:37.192 [Darkroom Processing Line] DEBUG net.serenitybdd.core.photography.DarkroomProcessingLine - Processing screenshot image in /var/screenshots/screenshot-1961744171283169089
13:45:37.192 [Darkroom Processing Line] DEBUG net.serenitybdd.core.photography.DarkroomProcessingLine - Saving screenshot to target\site\serenity\7624100dc18152d73005cb29b62bdc42169ba83a1cceee0d157b435778cab245.png
13:45:37.231 [main] DEBUG net.thucydides.core.steps.StepInterceptor - STARTING STEP: pendaftaranbaru.choosedoctor - chooseDoctor
13:45:37.241 [Forwarding findElement on session fa900112756f9d610766ee225c959cfa to remote] DEBUG org.asynchttpclient.netty.request.NettyRequestSender - Using pooled Channel '[id: 0x553d5924, L:/127.0.0.1:64464 - R:localhost/127.0.0.1:51266]' for 'POST' to 'http://localhost:51266/session/fa900112756f9d610766ee225c959cfa/element'
13:45:37.241 [Forwarding findElement on session fa900112756f9d610766ee225c959cfa to remote] DEBUG org.asynchttpclient.netty.request.NettyRequestSender - Using open Channel [id: 0x553d5924, L:/127.0.0.1:64464 - R:localhost/127.0.0.1:51266] for POST '/session/fa900112756f9d610766ee225c959cfa/element'
13:45:37.276 [AsyncHttpClient-1-6] DEBUG org.asynchttpclient.netty.handler.HttpHandler - 

Request DefaultHttpRequest(decodeResult: success, version: HTTP/1.1)
POST /session/fa900112756f9d610766ee225c959cfa/element HTTP/1.1
User-Agent: selenium/4.1.2 (java windows)
Content-Length: 69
Content-Type: application/json; charset=utf-8
host: localhost:51266
accept: */*

Response DefaultHttpResponse(decodeResult: success, version: HTTP/1.1)
HTTP/1.1 200 OK
Content-Type: application/json; charset=utf-8
cache-control: no-cache
content-length: 88

13:45:37.276 [AsyncHttpClient-1-6] DEBUG org.asynchttpclient.netty.channel.ChannelManager - Adding key: http://localhost:51266 for channel [id: 0x553d5924, L:/127.0.0.1:64464 - R:localhost/127.0.0.1:51266]
13:45:37.278 [Forwarding getElementTagName on session fa900112756f9d610766ee225c959cfa to remote] DEBUG org.asynchttpclient.netty.request.NettyRequestSender - Using pooled Channel '[id: 0x553d5924, L:/127.0.0.1:64464 - R:localhost/127.0.0.1:51266]' for 'GET' to 'http://localhost:51266/session/fa900112756f9d610766ee225c959cfa/element/a3c630db-28b3-4483-85a3-9a43a5566e59/name'
13:45:37.278 [Forwarding getElementTagName on session fa900112756f9d610766ee225c959cfa to remote] DEBUG org.asynchttpclient.netty.request.NettyRequestSender - Using open Channel [id: 0x553d5924, L:/127.0.0.1:64464 - R:localhost/127.0.0.1:51266] for GET '/session/fa900112756f9d610766ee225c959cfa/element/a3c630db-28b3-4483-85a3-9a43a5566e59/name'
13:45:37.306 [AsyncHttpClient-1-6] DEBUG org.asynchttpclient.netty.handler.HttpHandler - 

Request DefaultFullHttpRequest(decodeResult: success, version: HTTP/1.1, content: EmptyByteBufBE)
GET /session/fa900112756f9d610766ee225c959cfa/element/a3c630db-28b3-4483-85a3-9a43a5566e59/name HTTP/1.1
User-Agent: selenium/4.1.2 (java windows)
Cache-Control: no-cache
Content-Type: application/json; charset=utf-8
host: localhost:51266
accept: */*

Response DefaultHttpResponse(decodeResult: success, version: HTTP/1.1)
HTTP/1.1 200 OK
Content-Type: application/json; charset=utf-8
cache-control: no-cache
content-length: 18

13:45:37.307 [AsyncHttpClient-1-6] DEBUG org.asynchttpclient.netty.channel.ChannelManager - Adding key: http://localhost:51266 for channel [id: 0x553d5924, L:/127.0.0.1:64464 - R:localhost/127.0.0.1:51266]
13:45:37.312 [Forwarding getElementTagName on session fa900112756f9d610766ee225c959cfa to remote] DEBUG org.asynchttpclient.netty.request.NettyRequestSender - Using pooled Channel '[id: 0x553d5924, L:/127.0.0.1:64464 - R:localhost/127.0.0.1:51266]' for 'GET' to 'http://localhost:51266/session/fa900112756f9d610766ee225c959cfa/element/a3c630db-28b3-4483-85a3-9a43a5566e59/name'
13:45:37.312 [Forwarding getElementTagName on session fa900112756f9d610766ee225c959cfa to remote] DEBUG org.asynchttpclient.netty.request.NettyRequestSender - Using open Channel [id: 0x553d5924, L:/127.0.0.1:64464 - R:localhost/127.0.0.1:51266] for GET '/session/fa900112756f9d610766ee225c959cfa/element/a3c630db-28b3-4483-85a3-9a43a5566e59/name'
13:45:37.324 [AsyncHttpClient-1-6] DEBUG org.asynchttpclient.netty.handler.HttpHandler - 

Request DefaultFullHttpRequest(decodeResult: success, version: HTTP/1.1, content: EmptyByteBufBE)
GET /session/fa900112756f9d610766ee225c959cfa/element/a3c630db-28b3-4483-85a3-9a43a5566e59/name HTTP/1.1
User-Agent: selenium/4.1.2 (java windows)
Cache-Control: no-cache
Content-Type: application/json; charset=utf-8
host: localhost:51266
accept: */*

Response DefaultHttpResponse(decodeResult: success, version: HTTP/1.1)
HTTP/1.1 200 OK
Content-Type: application/json; charset=utf-8
cache-control: no-cache
content-length: 18

13:45:37.324 [AsyncHttpClient-1-6] DEBUG org.asynchttpclient.netty.channel.ChannelManager - Adding key: http://localhost:51266 for channel [id: 0x553d5924, L:/127.0.0.1:64464 - R:localhost/127.0.0.1:51266]
13:45:37.329 [Forwarding isElementEnabled on session fa900112756f9d610766ee225c959cfa to remote] DEBUG org.asynchttpclient.netty.request.NettyRequestSender - Using pooled Channel '[id: 0x553d5924, L:/127.0.0.1:64464 - R:localhost/127.0.0.1:51266]' for 'GET' to 'http://localhost:51266/session/fa900112756f9d610766ee225c959cfa/element/a3c630db-28b3-4483-85a3-9a43a5566e59/enabled'
13:45:37.329 [Forwarding isElementEnabled on session fa900112756f9d610766ee225c959cfa to remote] DEBUG org.asynchttpclient.netty.request.NettyRequestSender - Using open Channel [id: 0x553d5924, L:/127.0.0.1:64464 - R:localhost/127.0.0.1:51266] for GET '/session/fa900112756f9d610766ee225c959cfa/element/a3c630db-28b3-4483-85a3-9a43a5566e59/enabled'
13:45:37.366 [AsyncHttpClient-1-6] DEBUG org.asynchttpclient.netty.handler.HttpHandler - 

Request DefaultFullHttpRequest(decodeResult: success, version: HTTP/1.1, content: EmptyByteBufBE)
GET /session/fa900112756f9d610766ee225c959cfa/element/a3c630db-28b3-4483-85a3-9a43a5566e59/enabled HTTP/1.1
User-Agent: selenium/4.1.2 (java windows)
Cache-Control: no-cache
Content-Type: application/json; charset=utf-8
host: localhost:51266
accept: */*

Response DefaultHttpResponse(decodeResult: success, version: HTTP/1.1)
HTTP/1.1 200 OK
Content-Type: application/json; charset=utf-8
cache-control: no-cache
content-length: 14

13:45:37.366 [AsyncHttpClient-1-6] DEBUG org.asynchttpclient.netty.channel.ChannelManager - Adding key: http://localhost:51266 for channel [id: 0x553d5924, L:/127.0.0.1:64464 - R:localhost/127.0.0.1:51266]
13:45:37.369 [Forwarding isElementEnabled on session fa900112756f9d610766ee225c959cfa to remote] DEBUG org.asynchttpclient.netty.request.NettyRequestSender - Using pooled Channel '[id: 0x553d5924, L:/127.0.0.1:64464 - R:localhost/127.0.0.1:51266]' for 'GET' to 'http://localhost:51266/session/fa900112756f9d610766ee225c959cfa/element/a3c630db-28b3-4483-85a3-9a43a5566e59/enabled'
13:45:37.369 [Forwarding isElementEnabled on session fa900112756f9d610766ee225c959cfa to remote] DEBUG org.asynchttpclient.netty.request.NettyRequestSender - Using open Channel [id: 0x553d5924, L:/127.0.0.1:64464 - R:localhost/127.0.0.1:51266] for GET '/session/fa900112756f9d610766ee225c959cfa/element/a3c630db-28b3-4483-85a3-9a43a5566e59/enabled'
13:45:37.393 [AsyncHttpClient-1-6] DEBUG org.asynchttpclient.netty.handler.HttpHandler - 

Request DefaultFullHttpRequest(decodeResult: success, version: HTTP/1.1, content: EmptyByteBufBE)
GET /session/fa900112756f9d610766ee225c959cfa/element/a3c630db-28b3-4483-85a3-9a43a5566e59/enabled HTTP/1.1
User-Agent: selenium/4.1.2 (java windows)
Cache-Control: no-cache
Content-Type: application/json; charset=utf-8
host: localhost:51266
accept: */*

Response DefaultHttpResponse(decodeResult: success, version: HTTP/1.1)
HTTP/1.1 200 OK
Content-Type: application/json; charset=utf-8
cache-control: no-cache
content-length: 14

13:45:37.393 [AsyncHttpClient-1-6] DEBUG org.asynchttpclient.netty.channel.ChannelManager - Adding key: http://localhost:51266 for channel [id: 0x553d5924, L:/127.0.0.1:64464 - R:localhost/127.0.0.1:51266]
13:45:37.397 [Forwarding findElement on session fa900112756f9d610766ee225c959cfa to remote] DEBUG org.asynchttpclient.netty.request.NettyRequestSender - Using pooled Channel '[id: 0x553d5924, L:/127.0.0.1:64464 - R:localhost/127.0.0.1:51266]' for 'POST' to 'http://localhost:51266/session/fa900112756f9d610766ee225c959cfa/element'
13:45:37.397 [Forwarding findElement on session fa900112756f9d610766ee225c959cfa to remote] DEBUG org.asynchttpclient.netty.request.NettyRequestSender - Using open Channel [id: 0x553d5924, L:/127.0.0.1:64464 - R:localhost/127.0.0.1:51266] for POST '/session/fa900112756f9d610766ee225c959cfa/element'
13:45:37.411 [AsyncHttpClient-1-6] DEBUG org.asynchttpclient.netty.handler.HttpHandler - 

Request DefaultHttpRequest(decodeResult: success, version: HTTP/1.1)
POST /session/fa900112756f9d610766ee225c959cfa/element HTTP/1.1
User-Agent: selenium/4.1.2 (java windows)
Content-Length: 69
Content-Type: application/json; charset=utf-8
host: localhost:51266
accept: */*

Response DefaultHttpResponse(decodeResult: success, version: HTTP/1.1)
HTTP/1.1 200 OK
Content-Type: application/json; charset=utf-8
cache-control: no-cache
content-length: 88

13:45:37.411 [AsyncHttpClient-1-6] DEBUG org.asynchttpclient.netty.channel.ChannelManager - Adding key: http://localhost:51266 for channel [id: 0x553d5924, L:/127.0.0.1:64464 - R:localhost/127.0.0.1:51266]
13:45:37.412 [Forwarding getElementTagName on session fa900112756f9d610766ee225c959cfa to remote] DEBUG org.asynchttpclient.netty.request.NettyRequestSender - Using pooled Channel '[id: 0x553d5924, L:/127.0.0.1:64464 - R:localhost/127.0.0.1:51266]' for 'GET' to 'http://localhost:51266/session/fa900112756f9d610766ee225c959cfa/element/a3c630db-28b3-4483-85a3-9a43a5566e59/name'
13:45:37.413 [Forwarding getElementTagName on session fa900112756f9d610766ee225c959cfa to remote] DEBUG org.asynchttpclient.netty.request.NettyRequestSender - Using open Channel [id: 0x553d5924, L:/127.0.0.1:64464 - R:localhost/127.0.0.1:51266] for GET '/session/fa900112756f9d610766ee225c959cfa/element/a3c630db-28b3-4483-85a3-9a43a5566e59/name'
13:45:37.420 [AsyncHttpClient-1-6] DEBUG org.asynchttpclient.netty.handler.HttpHandler - 

Request DefaultFullHttpRequest(decodeResult: success, version: HTTP/1.1, content: EmptyByteBufBE)
GET /session/fa900112756f9d610766ee225c959cfa/element/a3c630db-28b3-4483-85a3-9a43a5566e59/name HTTP/1.1
User-Agent: selenium/4.1.2 (java windows)
Cache-Control: no-cache
Content-Type: application/json; charset=utf-8
host: localhost:51266
accept: */*

Response DefaultHttpResponse(decodeResult: success, version: HTTP/1.1)
HTTP/1.1 200 OK
Content-Type: application/json; charset=utf-8
cache-control: no-cache
content-length: 18

13:45:37.420 [AsyncHttpClient-1-6] DEBUG org.asynchttpclient.netty.channel.ChannelManager - Adding key: http://localhost:51266 for channel [id: 0x553d5924, L:/127.0.0.1:64464 - R:localhost/127.0.0.1:51266]
13:45:37.422 [Forwarding getElementDomAttribute on session fa900112756f9d610766ee225c959cfa to remote] DEBUG org.asynchttpclient.netty.request.NettyRequestSender - Using pooled Channel '[id: 0x553d5924, L:/127.0.0.1:64464 - R:localhost/127.0.0.1:51266]' for 'GET' to 'http://localhost:51266/session/fa900112756f9d610766ee225c959cfa/element/a3c630db-28b3-4483-85a3-9a43a5566e59/attribute/multiple'
13:45:37.422 [Forwarding getElementDomAttribute on session fa900112756f9d610766ee225c959cfa to remote] DEBUG org.asynchttpclient.netty.request.NettyRequestSender - Using open Channel [id: 0x553d5924, L:/127.0.0.1:64464 - R:localhost/127.0.0.1:51266] for GET '/session/fa900112756f9d610766ee225c959cfa/element/a3c630db-28b3-4483-85a3-9a43a5566e59/attribute/multiple'
13:45:37.436 [AsyncHttpClient-1-6] DEBUG org.asynchttpclient.netty.handler.HttpHandler - 

Request DefaultFullHttpRequest(decodeResult: success, version: HTTP/1.1, content: EmptyByteBufBE)
GET /session/fa900112756f9d610766ee225c959cfa/element/a3c630db-28b3-4483-85a3-9a43a5566e59/attribute/multiple HTTP/1.1
User-Agent: selenium/4.1.2 (java windows)
Cache-Control: no-cache
Content-Type: application/json; charset=utf-8
host: localhost:51266
accept: */*

Response DefaultHttpResponse(decodeResult: success, version: HTTP/1.1)
HTTP/1.1 200 OK
Content-Type: application/json; charset=utf-8
cache-control: no-cache
content-length: 14

13:45:37.437 [AsyncHttpClient-1-6] DEBUG org.asynchttpclient.netty.channel.ChannelManager - Adding key: http://localhost:51266 for channel [id: 0x553d5924, L:/127.0.0.1:64464 - R:localhost/127.0.0.1:51266]
13:45:37.441 [Forwarding findChildElements on session fa900112756f9d610766ee225c959cfa to remote] DEBUG org.asynchttpclient.netty.request.NettyRequestSender - Using pooled Channel '[id: 0x553d5924, L:/127.0.0.1:64464 - R:localhost/127.0.0.1:51266]' for 'POST' to 'http://localhost:51266/session/fa900112756f9d610766ee225c959cfa/element/a3c630db-28b3-4483-85a3-9a43a5566e59/elements'
13:45:37.441 [Forwarding findChildElements on session fa900112756f9d610766ee225c959cfa to remote] DEBUG org.asynchttpclient.netty.request.NettyRequestSender - Using open Channel [id: 0x553d5924, L:/127.0.0.1:64464 - R:localhost/127.0.0.1:51266] for POST '/session/fa900112756f9d610766ee225c959cfa/element/a3c630db-28b3-4483-85a3-9a43a5566e59/elements'
13:45:37.476 [AsyncHttpClient-1-6] DEBUG org.asynchttpclient.netty.handler.HttpHandler - 

Request DefaultHttpRequest(decodeResult: success, version: HTTP/1.1)
POST /session/fa900112756f9d610766ee225c959cfa/element/a3c630db-28b3-4483-85a3-9a43a5566e59/elements HTTP/1.1
User-Agent: selenium/4.1.2 (java windows)
Content-Length: 127
Content-Type: application/json; charset=utf-8
host: localhost:51266
accept: */*

Response DefaultHttpResponse(decodeResult: success, version: HTTP/1.1)
HTTP/1.1 200 OK
Content-Type: application/json; charset=utf-8
cache-control: no-cache
content-length: 90

13:45:37.476 [AsyncHttpClient-1-6] DEBUG org.asynchttpclient.netty.channel.ChannelManager - Adding key: http://localhost:51266 for channel [id: 0x553d5924, L:/127.0.0.1:64464 - R:localhost/127.0.0.1:51266]
13:45:37.477 [Forwarding isElementSelected on session fa900112756f9d610766ee225c959cfa to remote] DEBUG org.asynchttpclient.netty.request.NettyRequestSender - Using pooled Channel '[id: 0x553d5924, L:/127.0.0.1:64464 - R:localhost/127.0.0.1:51266]' for 'GET' to 'http://localhost:51266/session/fa900112756f9d610766ee225c959cfa/element/69952dec-f3ba-4032-a7d8-ad5e5c58f2db/selected'
13:45:37.478 [Forwarding isElementSelected on session fa900112756f9d610766ee225c959cfa to remote] DEBUG org.asynchttpclient.netty.request.NettyRequestSender - Using open Channel [id: 0x553d5924, L:/127.0.0.1:64464 - R:localhost/127.0.0.1:51266] for GET '/session/fa900112756f9d610766ee225c959cfa/element/69952dec-f3ba-4032-a7d8-ad5e5c58f2db/selected'
13:45:37.504 [AsyncHttpClient-1-6] DEBUG org.asynchttpclient.netty.handler.HttpHandler - 

Request DefaultFullHttpRequest(decodeResult: success, version: HTTP/1.1, content: EmptyByteBufBE)
GET /session/fa900112756f9d610766ee225c959cfa/element/69952dec-f3ba-4032-a7d8-ad5e5c58f2db/selected HTTP/1.1
User-Agent: selenium/4.1.2 (java windows)
Cache-Control: no-cache
Content-Type: application/json; charset=utf-8
host: localhost:51266
accept: */*

Response DefaultHttpResponse(decodeResult: success, version: HTTP/1.1)
HTTP/1.1 200 OK
Content-Type: application/json; charset=utf-8
cache-control: no-cache
content-length: 15

13:45:37.504 [AsyncHttpClient-1-6] DEBUG org.asynchttpclient.netty.channel.ChannelManager - Adding key: http://localhost:51266 for channel [id: 0x553d5924, L:/127.0.0.1:64464 - R:localhost/127.0.0.1:51266]
13:45:37.506 [Forwarding clickElement on session fa900112756f9d610766ee225c959cfa to remote] DEBUG org.asynchttpclient.netty.request.NettyRequestSender - Using pooled Channel '[id: 0x553d5924, L:/127.0.0.1:64464 - R:localhost/127.0.0.1:51266]' for 'POST' to 'http://localhost:51266/session/fa900112756f9d610766ee225c959cfa/element/69952dec-f3ba-4032-a7d8-ad5e5c58f2db/click'
13:45:37.506 [Forwarding clickElement on session fa900112756f9d610766ee225c959cfa to remote] DEBUG org.asynchttpclient.netty.request.NettyRequestSender - Using open Channel [id: 0x553d5924, L:/127.0.0.1:64464 - R:localhost/127.0.0.1:51266] for POST '/session/fa900112756f9d610766ee225c959cfa/element/69952dec-f3ba-4032-a7d8-ad5e5c58f2db/click'
13:45:37.615 [AsyncHttpClient-1-6] DEBUG org.asynchttpclient.netty.handler.HttpHandler - 

Request DefaultHttpRequest(decodeResult: success, version: HTTP/1.1)
POST /session/fa900112756f9d610766ee225c959cfa/element/69952dec-f3ba-4032-a7d8-ad5e5c58f2db/click HTTP/1.1
User-Agent: selenium/4.1.2 (java windows)
Content-Length: 50
Content-Type: application/json; charset=utf-8
host: localhost:51266
accept: */*

Response DefaultHttpResponse(decodeResult: success, version: HTTP/1.1)
HTTP/1.1 200 OK
Content-Type: application/json; charset=utf-8
cache-control: no-cache
content-length: 14

13:45:37.615 [AsyncHttpClient-1-6] DEBUG org.asynchttpclient.netty.channel.ChannelManager - Adding key: http://localhost:51266 for channel [id: 0x553d5924, L:/127.0.0.1:64464 - R:localhost/127.0.0.1:51266]
13:45:37.634 [Forwarding screenshot on session fa900112756f9d610766ee225c959cfa to remote] DEBUG org.asynchttpclient.netty.request.NettyRequestSender - Using pooled Channel '[id: 0x553d5924, L:/127.0.0.1:64464 - R:localhost/127.0.0.1:51266]' for 'GET' to 'http://localhost:51266/session/fa900112756f9d610766ee225c959cfa/screenshot'
13:45:37.634 [Forwarding screenshot on session fa900112756f9d610766ee225c959cfa to remote] DEBUG org.asynchttpclient.netty.request.NettyRequestSender - Using open Channel [id: 0x553d5924, L:/127.0.0.1:64464 - R:localhost/127.0.0.1:51266] for GET '/session/fa900112756f9d610766ee225c959cfa/screenshot'
13:45:37.851 [AsyncHttpClient-1-6] DEBUG org.asynchttpclient.netty.handler.HttpHandler - 

Request DefaultFullHttpRequest(decodeResult: success, version: HTTP/1.1, content: EmptyByteBufBE)
GET /session/fa900112756f9d610766ee225c959cfa/screenshot HTTP/1.1
User-Agent: selenium/4.1.2 (java windows)
Cache-Control: no-cache
Content-Type: application/json; charset=utf-8
host: localhost:51266
accept: */*

Response DefaultHttpResponse(decodeResult: success, version: HTTP/1.1)
HTTP/1.1 200 OK
Content-Type: application/json; charset=utf-8
cache-control: no-cache
content-length: 51392

13:45:37.853 [AsyncHttpClient-1-6] DEBUG org.asynchttpclient.netty.channel.ChannelManager - Adding key: http://localhost:51266 for channel [id: 0x553d5924, L:/127.0.0.1:64464 - R:localhost/127.0.0.1:51266]
13:45:37.859 [main] DEBUG net.serenitybdd.core.photography.Darkroom - Send negative for processing for target\site\serenity\0e41b3b39a15f51c8a37f9529d5c763b9548d18fded437efe2bd86041e5c665f.png
13:45:37.859 [main] DEBUG net.thucydides.core.steps.StepInterceptor - STEP DONE: chooseDoctor
  &amp#27;[32mAnd &amp#27;[0m&amp#27;[32madmin choose doctor&amp#27;[0m                         &amp#27;[90m# starter.definitions.pendaftaranbaru.choosedoctor()&amp#27;[0m
13:45:37.859 [Darkroom Processing Line] DEBUG net.serenitybdd.core.photography.DarkroomProcessingLine - Processing screenshot image in /var/screenshots/screenshot-4726602845107058293
13:45:37.859 [Darkroom Processing Line] DEBUG net.serenitybdd.core.photography.DarkroomProcessingLine - Saving screenshot to target\site\serenity\0e41b3b39a15f51c8a37f9529d5c763b9548d18fded437efe2bd86041e5c665f.png
13:45:37.897 [main] DEBUG net.thucydides.core.steps.StepInterceptor - STARTING STEP: pendaftaranbaru.choosetime - chooseTime
13:45:37.904 [Forwarding findElement on session fa900112756f9d610766ee225c959cfa to remote] DEBUG org.asynchttpclient.netty.request.NettyRequestSender - Using pooled Channel '[id: 0x553d5924, L:/127.0.0.1:64464 - R:localhost/127.0.0.1:51266]' for 'POST' to 'http://localhost:51266/session/fa900112756f9d610766ee225c959cfa/element'
13:45:37.904 [Forwarding findElement on session fa900112756f9d610766ee225c959cfa to remote] DEBUG org.asynchttpclient.netty.request.NettyRequestSender - Using open Channel [id: 0x553d5924, L:/127.0.0.1:64464 - R:localhost/127.0.0.1:51266] for POST '/session/fa900112756f9d610766ee225c959cfa/element'
13:45:37.967 [AsyncHttpClient-1-6] DEBUG org.asynchttpclient.netty.handler.HttpHandler - 

Request DefaultHttpRequest(decodeResult: success, version: HTTP/1.1)
POST /session/fa900112756f9d610766ee225c959cfa/element HTTP/1.1
User-Agent: selenium/4.1.2 (java windows)
Content-Length: 67
Content-Type: application/json; charset=utf-8
host: localhost:51266
accept: */*

Response DefaultHttpResponse(decodeResult: success, version: HTTP/1.1)
HTTP/1.1 200 OK
Content-Type: application/json; charset=utf-8
cache-control: no-cache
content-length: 88

13:45:37.967 [AsyncHttpClient-1-6] DEBUG org.asynchttpclient.netty.channel.ChannelManager - Adding key: http://localhost:51266 for channel [id: 0x553d5924, L:/127.0.0.1:64464 - R:localhost/127.0.0.1:51266]
13:45:37.970 [Forwarding getElementTagName on session fa900112756f9d610766ee225c959cfa to remote] DEBUG org.asynchttpclient.netty.request.NettyRequestSender - Using pooled Channel '[id: 0x553d5924, L:/127.0.0.1:64464 - R:localhost/127.0.0.1:51266]' for 'GET' to 'http://localhost:51266/session/fa900112756f9d610766ee225c959cfa/element/10a84375-442a-4a48-a40e-83f3b3b94c12/name'
13:45:37.970 [Forwarding getElementTagName on session fa900112756f9d610766ee225c959cfa to remote] DEBUG org.asynchttpclient.netty.request.NettyRequestSender - Using open Channel [id: 0x553d5924, L:/127.0.0.1:64464 - R:localhost/127.0.0.1:51266] for GET '/session/fa900112756f9d610766ee225c959cfa/element/10a84375-442a-4a48-a40e-83f3b3b94c12/name'
13:45:38.006 [AsyncHttpClient-1-6] DEBUG org.asynchttpclient.netty.handler.HttpHandler - 

Request DefaultFullHttpRequest(decodeResult: success, version: HTTP/1.1, content: EmptyByteBufBE)
GET /session/fa900112756f9d610766ee225c959cfa/element/10a84375-442a-4a48-a40e-83f3b3b94c12/name HTTP/1.1
User-Agent: selenium/4.1.2 (java windows)
Cache-Control: no-cache
Content-Type: application/json; charset=utf-8
host: localhost:51266
accept: */*

Response DefaultHttpResponse(decodeResult: success, version: HTTP/1.1)
HTTP/1.1 200 OK
Content-Type: application/json; charset=utf-8
cache-control: no-cache
content-length: 18

13:45:38.006 [AsyncHttpClient-1-6] DEBUG org.asynchttpclient.netty.channel.ChannelManager - Adding key: http://localhost:51266 for channel [id: 0x553d5924, L:/127.0.0.1:64464 - R:localhost/127.0.0.1:51266]
13:45:38.009 [Forwarding getElementTagName on session fa900112756f9d610766ee225c959cfa to remote] DEBUG org.asynchttpclient.netty.request.NettyRequestSender - Using pooled Channel '[id: 0x553d5924, L:/127.0.0.1:64464 - R:localhost/127.0.0.1:51266]' for 'GET' to 'http://localhost:51266/session/fa900112756f9d610766ee225c959cfa/element/10a84375-442a-4a48-a40e-83f3b3b94c12/name'
13:45:38.009 [Forwarding getElementTagName on session fa900112756f9d610766ee225c959cfa to remote] DEBUG org.asynchttpclient.netty.request.NettyRequestSender - Using open Channel [id: 0x553d5924, L:/127.0.0.1:64464 - R:localhost/127.0.0.1:51266] for GET '/session/fa900112756f9d610766ee225c959cfa/element/10a84375-442a-4a48-a40e-83f3b3b94c12/name'
13:45:38.031 [AsyncHttpClient-1-1] DEBUG org.asynchttpclient.netty.channel.DefaultChannelPool - Entry count for : http://localhost:64465 : 1
13:45:38.032 [AsyncHttpClient-1-6] DEBUG org.asynchttpclient.netty.handler.HttpHandler - 

Request DefaultFullHttpRequest(decodeResult: success, version: HTTP/1.1, content: EmptyByteBufBE)
GET /session/fa900112756f9d610766ee225c959cfa/element/10a84375-442a-4a48-a40e-83f3b3b94c12/name HTTP/1.1
User-Agent: selenium/4.1.2 (java windows)
Cache-Control: no-cache
Content-Type: application/json; charset=utf-8
host: localhost:51266
accept: */*

Response DefaultHttpResponse(decodeResult: success, version: HTTP/1.1)
HTTP/1.1 200 OK
Content-Type: application/json; charset=utf-8
cache-control: no-cache
content-length: 18

13:45:38.032 [AsyncHttpClient-1-6] DEBUG org.asynchttpclient.netty.channel.ChannelManager - Adding key: http://localhost:51266 for channel [id: 0x553d5924, L:/127.0.0.1:64464 - R:localhost/127.0.0.1:51266]
13:45:38.039 [Forwarding isElementEnabled on session fa900112756f9d610766ee225c959cfa to remote] DEBUG org.asynchttpclient.netty.request.NettyRequestSender - Using pooled Channel '[id: 0x553d5924, L:/127.0.0.1:64464 - R:localhost/127.0.0.1:51266]' for 'GET' to 'http://localhost:51266/session/fa900112756f9d610766ee225c959cfa/element/10a84375-442a-4a48-a40e-83f3b3b94c12/enabled'
13:45:38.039 [Forwarding isElementEnabled on session fa900112756f9d610766ee225c959cfa to remote] DEBUG org.asynchttpclient.netty.request.NettyRequestSender - Using open Channel [id: 0x553d5924, L:/127.0.0.1:64464 - R:localhost/127.0.0.1:51266] for GET '/session/fa900112756f9d610766ee225c959cfa/element/10a84375-442a-4a48-a40e-83f3b3b94c12/enabled'
13:45:38.105 [AsyncHttpClient-1-6] DEBUG org.asynchttpclient.netty.handler.HttpHandler - 

Request DefaultFullHttpRequest(decodeResult: success, version: HTTP/1.1, content: EmptyByteBufBE)
GET /session/fa900112756f9d610766ee225c959cfa/element/10a84375-442a-4a48-a40e-83f3b3b94c12/enabled HTTP/1.1
User-Agent: selenium/4.1.2 (java windows)
Cache-Control: no-cache
Content-Type: application/json; charset=utf-8
host: localhost:51266
accept: */*

Response DefaultHttpResponse(decodeResult: success, version: HTTP/1.1)
HTTP/1.1 200 OK
Content-Type: application/json; charset=utf-8
cache-control: no-cache
content-length: 14

13:45:38.106 [AsyncHttpClient-1-6] DEBUG org.asynchttpclient.netty.channel.ChannelManager - Adding key: http://localhost:51266 for channel [id: 0x553d5924, L:/127.0.0.1:64464 - R:localhost/127.0.0.1:51266]
13:45:38.108 [Forwarding isElementEnabled on session fa900112756f9d610766ee225c959cfa to remote] DEBUG org.asynchttpclient.netty.request.NettyRequestSender - Using pooled Channel '[id: 0x553d5924, L:/127.0.0.1:64464 - R:localhost/127.0.0.1:51266]' for 'GET' to 'http://localhost:51266/session/fa900112756f9d610766ee225c959cfa/element/10a84375-442a-4a48-a40e-83f3b3b94c12/enabled'
13:45:38.108 [Forwarding isElementEnabled on session fa900112756f9d610766ee225c959cfa to remote] DEBUG org.asynchttpclient.netty.request.NettyRequestSender - Using open Channel [id: 0x553d5924, L:/127.0.0.1:64464 - R:localhost/127.0.0.1:51266] for GET '/session/fa900112756f9d610766ee225c959cfa/element/10a84375-442a-4a48-a40e-83f3b3b94c12/enabled'
13:45:38.140 [AsyncHttpClient-1-6] DEBUG org.asynchttpclient.netty.handler.HttpHandler - 

Request DefaultFullHttpRequest(decodeResult: success, version: HTTP/1.1, content: EmptyByteBufBE)
GET /session/fa900112756f9d610766ee225c959cfa/element/10a84375-442a-4a48-a40e-83f3b3b94c12/enabled HTTP/1.1
User-Agent: selenium/4.1.2 (java windows)
Cache-Control: no-cache
Content-Type: application/json; charset=utf-8
host: localhost:51266
accept: */*

Response DefaultHttpResponse(decodeResult: success, version: HTTP/1.1)
HTTP/1.1 200 OK
Content-Type: application/json; charset=utf-8
cache-control: no-cache
content-length: 14

13:45:38.140 [AsyncHttpClient-1-6] DEBUG org.asynchttpclient.netty.channel.ChannelManager - Adding key: http://localhost:51266 for channel [id: 0x553d5924, L:/127.0.0.1:64464 - R:localhost/127.0.0.1:51266]
13:45:38.144 [Forwarding findElement on session fa900112756f9d610766ee225c959cfa to remote] DEBUG org.asynchttpclient.netty.request.NettyRequestSender - Using pooled Channel '[id: 0x553d5924, L:/127.0.0.1:64464 - R:localhost/127.0.0.1:51266]' for 'POST' to 'http://localhost:51266/session/fa900112756f9d610766ee225c959cfa/element'
13:45:38.144 [Forwarding findElement on session fa900112756f9d610766ee225c959cfa to remote] DEBUG org.asynchttpclient.netty.request.NettyRequestSender - Using open Channel [id: 0x553d5924, L:/127.0.0.1:64464 - R:localhost/127.0.0.1:51266] for POST '/session/fa900112756f9d610766ee225c959cfa/element'
13:45:38.170 [AsyncHttpClient-1-6] DEBUG org.asynchttpclient.netty.handler.HttpHandler - 

Request DefaultHttpRequest(decodeResult: success, version: HTTP/1.1)
POST /session/fa900112756f9d610766ee225c959cfa/element HTTP/1.1
User-Agent: selenium/4.1.2 (java windows)
Content-Length: 67
Content-Type: application/json; charset=utf-8
host: localhost:51266
accept: */*

Response DefaultHttpResponse(decodeResult: success, version: HTTP/1.1)
HTTP/1.1 200 OK
Content-Type: application/json; charset=utf-8
cache-control: no-cache
content-length: 88

13:45:38.171 [AsyncHttpClient-1-6] DEBUG org.asynchttpclient.netty.channel.ChannelManager - Adding key: http://localhost:51266 for channel [id: 0x553d5924, L:/127.0.0.1:64464 - R:localhost/127.0.0.1:51266]
13:45:38.173 [Forwarding getElementTagName on session fa900112756f9d610766ee225c959cfa to remote] DEBUG org.asynchttpclient.netty.request.NettyRequestSender - Using pooled Channel '[id: 0x553d5924, L:/127.0.0.1:64464 - R:localhost/127.0.0.1:51266]' for 'GET' to 'http://localhost:51266/session/fa900112756f9d610766ee225c959cfa/element/10a84375-442a-4a48-a40e-83f3b3b94c12/name'
13:45:38.174 [Forwarding getElementTagName on session fa900112756f9d610766ee225c959cfa to remote] DEBUG org.asynchttpclient.netty.request.NettyRequestSender - Using open Channel [id: 0x553d5924, L:/127.0.0.1:64464 - R:localhost/127.0.0.1:51266] for GET '/session/fa900112756f9d610766ee225c959cfa/element/10a84375-442a-4a48-a40e-83f3b3b94c12/name'
13:45:38.188 [AsyncHttpClient-1-6] DEBUG org.asynchttpclient.netty.handler.HttpHandler - 

Request DefaultFullHttpRequest(decodeResult: success, version: HTTP/1.1, content: EmptyByteBufBE)
GET /session/fa900112756f9d610766ee225c959cfa/element/10a84375-442a-4a48-a40e-83f3b3b94c12/name HTTP/1.1
User-Agent: selenium/4.1.2 (java windows)
Cache-Control: no-cache
Content-Type: application/json; charset=utf-8
host: localhost:51266
accept: */*

Response DefaultHttpResponse(decodeResult: success, version: HTTP/1.1)
HTTP/1.1 200 OK
Content-Type: application/json; charset=utf-8
cache-control: no-cache
content-length: 18

13:45:38.188 [AsyncHttpClient-1-6] DEBUG org.asynchttpclient.netty.channel.ChannelManager - Adding key: http://localhost:51266 for channel [id: 0x553d5924, L:/127.0.0.1:64464 - R:localhost/127.0.0.1:51266]
13:45:38.190 [Forwarding getElementDomAttribute on session fa900112756f9d610766ee225c959cfa to remote] DEBUG org.asynchttpclient.netty.request.NettyRequestSender - Using pooled Channel '[id: 0x553d5924, L:/127.0.0.1:64464 - R:localhost/127.0.0.1:51266]' for 'GET' to 'http://localhost:51266/session/fa900112756f9d610766ee225c959cfa/element/10a84375-442a-4a48-a40e-83f3b3b94c12/attribute/multiple'
13:45:38.190 [Forwarding getElementDomAttribute on session fa900112756f9d610766ee225c959cfa to remote] DEBUG org.asynchttpclient.netty.request.NettyRequestSender - Using open Channel [id: 0x553d5924, L:/127.0.0.1:64464 - R:localhost/127.0.0.1:51266] for GET '/session/fa900112756f9d610766ee225c959cfa/element/10a84375-442a-4a48-a40e-83f3b3b94c12/attribute/multiple'
13:45:38.209 [AsyncHttpClient-1-6] DEBUG org.asynchttpclient.netty.handler.HttpHandler - 

Request DefaultFullHttpRequest(decodeResult: success, version: HTTP/1.1, content: EmptyByteBufBE)
GET /session/fa900112756f9d610766ee225c959cfa/element/10a84375-442a-4a48-a40e-83f3b3b94c12/attribute/multiple HTTP/1.1
User-Agent: selenium/4.1.2 (java windows)
Cache-Control: no-cache
Content-Type: application/json; charset=utf-8
host: localhost:51266
accept: */*

Response DefaultHttpResponse(decodeResult: success, version: HTTP/1.1)
HTTP/1.1 200 OK
Content-Type: application/json; charset=utf-8
cache-control: no-cache
content-length: 14

13:45:38.209 [AsyncHttpClient-1-6] DEBUG org.asynchttpclient.netty.channel.ChannelManager - Adding key: http://localhost:51266 for channel [id: 0x553d5924, L:/127.0.0.1:64464 - R:localhost/127.0.0.1:51266]
13:45:38.211 [Forwarding findChildElements on session fa900112756f9d610766ee225c959cfa to remote] DEBUG org.asynchttpclient.netty.request.NettyRequestSender - Using pooled Channel '[id: 0x553d5924, L:/127.0.0.1:64464 - R:localhost/127.0.0.1:51266]' for 'POST' to 'http://localhost:51266/session/fa900112756f9d610766ee225c959cfa/element/10a84375-442a-4a48-a40e-83f3b3b94c12/elements'
13:45:38.211 [Forwarding findChildElements on session fa900112756f9d610766ee225c959cfa to remote] DEBUG org.asynchttpclient.netty.request.NettyRequestSender - Using open Channel [id: 0x553d5924, L:/127.0.0.1:64464 - R:localhost/127.0.0.1:51266] for POST '/session/fa900112756f9d610766ee225c959cfa/element/10a84375-442a-4a48-a40e-83f3b3b94c12/elements'
13:45:38.250 [AsyncHttpClient-1-6] DEBUG org.asynchttpclient.netty.handler.HttpHandler - 

Request DefaultHttpRequest(decodeResult: success, version: HTTP/1.1)
POST /session/fa900112756f9d610766ee225c959cfa/element/10a84375-442a-4a48-a40e-83f3b3b94c12/elements HTTP/1.1
User-Agent: selenium/4.1.2 (java windows)
Content-Length: 129
Content-Type: application/json; charset=utf-8
host: localhost:51266
accept: */*

Response DefaultHttpResponse(decodeResult: success, version: HTTP/1.1)
HTTP/1.1 200 OK
Content-Type: application/json; charset=utf-8
cache-control: no-cache
content-length: 90

13:45:38.251 [AsyncHttpClient-1-6] DEBUG org.asynchttpclient.netty.channel.ChannelManager - Adding key: http://localhost:51266 for channel [id: 0x553d5924, L:/127.0.0.1:64464 - R:localhost/127.0.0.1:51266]
13:45:38.254 [Forwarding isElementSelected on session fa900112756f9d610766ee225c959cfa to remote] DEBUG org.asynchttpclient.netty.request.NettyRequestSender - Using pooled Channel '[id: 0x553d5924, L:/127.0.0.1:64464 - R:localhost/127.0.0.1:51266]' for 'GET' to 'http://localhost:51266/session/fa900112756f9d610766ee225c959cfa/element/3b9d1000-67b1-4f20-9a6a-237002095143/selected'
13:45:38.254 [Forwarding isElementSelected on session fa900112756f9d610766ee225c959cfa to remote] DEBUG org.asynchttpclient.netty.request.NettyRequestSender - Using open Channel [id: 0x553d5924, L:/127.0.0.1:64464 - R:localhost/127.0.0.1:51266] for GET '/session/fa900112756f9d610766ee225c959cfa/element/3b9d1000-67b1-4f20-9a6a-237002095143/selected'
13:45:38.281 [AsyncHttpClient-1-6] DEBUG org.asynchttpclient.netty.handler.HttpHandler - 

Request DefaultFullHttpRequest(decodeResult: success, version: HTTP/1.1, content: EmptyByteBufBE)
GET /session/fa900112756f9d610766ee225c959cfa/element/3b9d1000-67b1-4f20-9a6a-237002095143/selected HTTP/1.1
User-Agent: selenium/4.1.2 (java windows)
Cache-Control: no-cache
Content-Type: application/json; charset=utf-8
host: localhost:51266
accept: */*

Response DefaultHttpResponse(decodeResult: success, version: HTTP/1.1)
HTTP/1.1 200 OK
Content-Type: application/json; charset=utf-8
cache-control: no-cache
content-length: 15

13:45:38.282 [AsyncHttpClient-1-6] DEBUG org.asynchttpclient.netty.channel.ChannelManager - Adding key: http://localhost:51266 for channel [id: 0x553d5924, L:/127.0.0.1:64464 - R:localhost/127.0.0.1:51266]
13:45:38.283 [Forwarding clickElement on session fa900112756f9d610766ee225c959cfa to remote] DEBUG org.asynchttpclient.netty.request.NettyRequestSender - Using pooled Channel '[id: 0x553d5924, L:/127.0.0.1:64464 - R:localhost/127.0.0.1:51266]' for 'POST' to 'http://localhost:51266/session/fa900112756f9d610766ee225c959cfa/element/3b9d1000-67b1-4f20-9a6a-237002095143/click'
13:45:38.283 [Forwarding clickElement on session fa900112756f9d610766ee225c959cfa to remote] DEBUG org.asynchttpclient.netty.request.NettyRequestSender - Using open Channel [id: 0x553d5924, L:/127.0.0.1:64464 - R:localhost/127.0.0.1:51266] for POST '/session/fa900112756f9d610766ee225c959cfa/element/3b9d1000-67b1-4f20-9a6a-237002095143/click'
13:45:38.365 [AsyncHttpClient-1-6] DEBUG org.asynchttpclient.netty.handler.HttpHandler - 

Request DefaultHttpRequest(decodeResult: success, version: HTTP/1.1)
POST /session/fa900112756f9d610766ee225c959cfa/element/3b9d1000-67b1-4f20-9a6a-237002095143/click HTTP/1.1
User-Agent: selenium/4.1.2 (java windows)
Content-Length: 50
Content-Type: application/json; charset=utf-8
host: localhost:51266
accept: */*

Response DefaultHttpResponse(decodeResult: success, version: HTTP/1.1)
HTTP/1.1 200 OK
Content-Type: application/json; charset=utf-8
cache-control: no-cache
content-length: 14

13:45:38.365 [AsyncHttpClient-1-6] DEBUG org.asynchttpclient.netty.channel.ChannelManager - Adding key: http://localhost:51266 for channel [id: 0x553d5924, L:/127.0.0.1:64464 - R:localhost/127.0.0.1:51266]
13:45:38.389 [Forwarding screenshot on session fa900112756f9d610766ee225c959cfa to remote] DEBUG org.asynchttpclient.netty.request.NettyRequestSender - Using pooled Channel '[id: 0x553d5924, L:/127.0.0.1:64464 - R:localhost/127.0.0.1:51266]' for 'GET' to 'http://localhost:51266/session/fa900112756f9d610766ee225c959cfa/screenshot'
13:45:38.389 [Forwarding screenshot on session fa900112756f9d610766ee225c959cfa to remote] DEBUG org.asynchttpclient.netty.request.NettyRequestSender - Using open Channel [id: 0x553d5924, L:/127.0.0.1:64464 - R:localhost/127.0.0.1:51266] for GET '/session/fa900112756f9d610766ee225c959cfa/screenshot'
13:45:38.619 [AsyncHttpClient-1-6] DEBUG org.asynchttpclient.netty.handler.HttpHandler - 

Request DefaultFullHttpRequest(decodeResult: success, version: HTTP/1.1, content: EmptyByteBufBE)
GET /session/fa900112756f9d610766ee225c959cfa/screenshot HTTP/1.1
User-Agent: selenium/4.1.2 (java windows)
Cache-Control: no-cache
Content-Type: application/json; charset=utf-8
host: localhost:51266
accept: */*

Response DefaultHttpResponse(decodeResult: success, version: HTTP/1.1)
HTTP/1.1 200 OK
Content-Type: application/json; charset=utf-8
cache-control: no-cache
content-length: 47692

13:45:38.620 [AsyncHttpClient-1-6] DEBUG org.asynchttpclient.netty.channel.ChannelManager - Adding key: http://localhost:51266 for channel [id: 0x553d5924, L:/127.0.0.1:64464 - R:localhost/127.0.0.1:51266]
13:45:38.626 [main] DEBUG net.serenitybdd.core.photography.Darkroom - Send negative for processing for target\site\serenity\933ce7190dbbaf02678fda78b540f663df563d7add044ad282facc2fa92e3155.png
13:45:38.626 [main] DEBUG net.thucydides.core.steps.StepInterceptor - STEP DONE: chooseTime
  &amp#27;[32mAnd &amp#27;[0m&amp#27;[32madmin choose time&amp#27;[0m                           &amp#27;[90m# starter.definitions.pendaftaranbaru.choosetime()&amp#27;[0m
13:45:38.627 [Darkroom Processing Line] DEBUG net.serenitybdd.core.photography.DarkroomProcessingLine - Processing screenshot image in /var/screenshots/screenshot-6693901200890882639
13:45:38.627 [Darkroom Processing Line] DEBUG net.serenitybdd.core.photography.DarkroomProcessingLine - Saving screenshot to target\site\serenity\933ce7190dbbaf02678fda78b540f663df563d7add044ad282facc2fa92e3155.png
13:45:38.686 [Forwarding screenshot on session fa900112756f9d610766ee225c959cfa to remote] DEBUG org.asynchttpclient.netty.request.NettyRequestSender - Using pooled Channel '[id: 0x553d5924, L:/127.0.0.1:64464 - R:localhost/127.0.0.1:51266]' for 'GET' to 'http://localhost:51266/session/fa900112756f9d610766ee225c959cfa/screenshot'
13:45:38.686 [Forwarding screenshot on session fa900112756f9d610766ee225c959cfa to remote] DEBUG org.asynchttpclient.netty.request.NettyRequestSender - Using open Channel [id: 0x553d5924, L:/127.0.0.1:64464 - R:localhost/127.0.0.1:51266] for GET '/session/fa900112756f9d610766ee225c959cfa/screenshot'
13:45:38.905 [AsyncHttpClient-1-6] DEBUG org.asynchttpclient.netty.handler.HttpHandler - 

Request DefaultFullHttpRequest(decodeResult: success, version: HTTP/1.1, content: EmptyByteBufBE)
GET /session/fa900112756f9d610766ee225c959cfa/screenshot HTTP/1.1
User-Agent: selenium/4.1.2 (java windows)
Cache-Control: no-cache
Content-Type: application/json; charset=utf-8
host: localhost:51266
accept: */*

Response DefaultHttpResponse(decodeResult: success, version: HTTP/1.1)
HTTP/1.1 200 OK
Content-Type: application/json; charset=utf-8
cache-control: no-cache
content-length: 47664

13:45:38.906 [AsyncHttpClient-1-6] DEBUG org.asynchttpclient.netty.channel.ChannelManager - Adding key: http://localhost:51266 for channel [id: 0x553d5924, L:/127.0.0.1:64464 - R:localhost/127.0.0.1:51266]
13:45:38.912 [main] DEBUG net.serenitybdd.core.photography.Darkroom - Send negative for processing for target\site\serenity\6dc58859d933a65f4f835160536472eb7c74cc8afac68af619e1b9d94e17f0b8.png
13:45:38.912 [main] DEBUG net.thucydides.core.steps.StepInterceptor - STARTING STEP: pendaftaranbaru.inputValidkeluhan - inputKeluhan
13:45:38.912 [Darkroom Processing Line] DEBUG net.serenitybdd.core.photography.DarkroomProcessingLine - Processing screenshot image in /var/screenshots/screenshot-6428202482981238212
13:45:38.912 [Darkroom Processing Line] DEBUG net.serenitybdd.core.photography.DarkroomProcessingLine - Saving screenshot to target\site\serenity\6dc58859d933a65f4f835160536472eb7c74cc8afac68af619e1b9d94e17f0b8.png
13:45:38.920 [Forwarding findElement on session fa900112756f9d610766ee225c959cfa to remote] DEBUG org.asynchttpclient.netty.request.NettyRequestSender - Using pooled Channel '[id: 0x553d5924, L:/127.0.0.1:64464 - R:localhost/127.0.0.1:51266]' for 'POST' to 'http://localhost:51266/session/fa900112756f9d610766ee225c959cfa/element'
13:45:38.920 [Forwarding findElement on session fa900112756f9d610766ee225c959cfa to remote] DEBUG org.asynchttpclient.netty.request.NettyRequestSender - Using open Channel [id: 0x553d5924, L:/127.0.0.1:64464 - R:localhost/127.0.0.1:51266] for POST '/session/fa900112756f9d610766ee225c959cfa/element'
13:45:38.958 [AsyncHttpClient-1-6] DEBUG org.asynchttpclient.netty.handler.HttpHandler - 

Request DefaultHttpRequest(decodeResult: success, version: HTTP/1.1)
POST /session/fa900112756f9d610766ee225c959cfa/element HTTP/1.1
User-Agent: selenium/4.1.2 (java windows)
Content-Length: 52
Content-Type: application/json; charset=utf-8
host: localhost:51266
accept: */*

Response DefaultHttpResponse(decodeResult: success, version: HTTP/1.1)
HTTP/1.1 200 OK
Content-Type: application/json; charset=utf-8
cache-control: no-cache
content-length: 88

13:45:38.958 [AsyncHttpClient-1-6] DEBUG org.asynchttpclient.netty.channel.ChannelManager - Adding key: http://localhost:51266 for channel [id: 0x553d5924, L:/127.0.0.1:64464 - R:localhost/127.0.0.1:51266]
13:45:38.960 [Forwarding clearElement on session fa900112756f9d610766ee225c959cfa to remote] DEBUG org.asynchttpclient.netty.request.NettyRequestSender - Using pooled Channel '[id: 0x553d5924, L:/127.0.0.1:64464 - R:localhost/127.0.0.1:51266]' for 'POST' to 'http://localhost:51266/session/fa900112756f9d610766ee225c959cfa/element/3f7b444a-042c-4251-b14e-7bd2cf94a726/clear'
13:45:38.960 [Forwarding clearElement on session fa900112756f9d610766ee225c959cfa to remote] DEBUG org.asynchttpclient.netty.request.NettyRequestSender - Using open Channel [id: 0x553d5924, L:/127.0.0.1:64464 - R:localhost/127.0.0.1:51266] for POST '/session/fa900112756f9d610766ee225c959cfa/element/3f7b444a-042c-4251-b14e-7bd2cf94a726/clear'
13:45:39.054 [AsyncHttpClient-1-6] DEBUG org.asynchttpclient.netty.handler.HttpHandler - 

Request DefaultHttpRequest(decodeResult: success, version: HTTP/1.1)
POST /session/fa900112756f9d610766ee225c959cfa/element/3f7b444a-042c-4251-b14e-7bd2cf94a726/clear HTTP/1.1
User-Agent: selenium/4.1.2 (java windows)
Content-Length: 50
Content-Type: application/json; charset=utf-8
host: localhost:51266
accept: */*

Response DefaultHttpResponse(decodeResult: success, version: HTTP/1.1)
HTTP/1.1 200 OK
Content-Type: application/json; charset=utf-8
cache-control: no-cache
content-length: 14

13:45:39.055 [AsyncHttpClient-1-6] DEBUG org.asynchttpclient.netty.channel.ChannelManager - Adding key: http://localhost:51266 for channel [id: 0x553d5924, L:/127.0.0.1:64464 - R:localhost/127.0.0.1:51266]
13:45:39.060 [Forwarding sendKeysToElement on session fa900112756f9d610766ee225c959cfa to remote] DEBUG org.asynchttpclient.netty.request.NettyRequestSender - Using pooled Channel '[id: 0x553d5924, L:/127.0.0.1:64464 - R:localhost/127.0.0.1:51266]' for 'POST' to 'http://localhost:51266/session/fa900112756f9d610766ee225c959cfa/element/3f7b444a-042c-4251-b14e-7bd2cf94a726/value'
13:45:39.060 [Forwarding sendKeysToElement on session fa900112756f9d610766ee225c959cfa to remote] DEBUG org.asynchttpclient.netty.request.NettyRequestSender - Using open Channel [id: 0x553d5924, L:/127.0.0.1:64464 - R:localhost/127.0.0.1:51266] for POST '/session/fa900112756f9d610766ee225c959cfa/element/3f7b444a-042c-4251-b14e-7bd2cf94a726/value'
13:45:39.140 [AsyncHttpClient-1-1] DEBUG org.asynchttpclient.netty.channel.DefaultChannelPool - Entry count for : http://localhost:64465 : 1
13:45:39.778 [AsyncHttpClient-1-6] DEBUG org.asynchttpclient.netty.handler.HttpHandler - 

Request DefaultHttpRequest(decodeResult: success, version: HTTP/1.1)
POST /session/fa900112756f9d610766ee225c959cfa/element/3f7b444a-042c-4251-b14e-7bd2cf94a726/value HTTP/1.1
User-Agent: selenium/4.1.2 (java windows)
Content-Length: 731
Content-Type: application/json; charset=utf-8
host: localhost:51266
accept: */*

Response DefaultHttpResponse(decodeResult: success, version: HTTP/1.1)
HTTP/1.1 200 OK
Content-Type: application/json; charset=utf-8
cache-control: no-cache
content-length: 14

13:45:39.779 [AsyncHttpClient-1-6] DEBUG org.asynchttpclient.netty.channel.ChannelManager - Adding key: http://localhost:51266 for channel [id: 0x553d5924, L:/127.0.0.1:64464 - R:localhost/127.0.0.1:51266]
13:45:39.797 [Forwarding screenshot on session fa900112756f9d610766ee225c959cfa to remote] DEBUG org.asynchttpclient.netty.request.NettyRequestSender - Using pooled Channel '[id: 0x553d5924, L:/127.0.0.1:64464 - R:localhost/127.0.0.1:51266]' for 'GET' to 'http://localhost:51266/session/fa900112756f9d610766ee225c959cfa/screenshot'
13:45:39.797 [Forwarding screenshot on session fa900112756f9d610766ee225c959cfa to remote] DEBUG org.asynchttpclient.netty.request.NettyRequestSender - Using open Channel [id: 0x553d5924, L:/127.0.0.1:64464 - R:localhost/127.0.0.1:51266] for GET '/session/fa900112756f9d610766ee225c959cfa/screenshot'
13:45:39.974 [AsyncHttpClient-1-6] DEBUG org.asynchttpclient.netty.handler.HttpHandler - 

Request DefaultFullHttpRequest(decodeResult: success, version: HTTP/1.1, content: EmptyByteBufBE)
GET /session/fa900112756f9d610766ee225c959cfa/screenshot HTTP/1.1
User-Agent: selenium/4.1.2 (java windows)
Cache-Control: no-cache
Content-Type: application/json; charset=utf-8
host: localhost:51266
accept: */*

Response DefaultHttpResponse(decodeResult: success, version: HTTP/1.1)
HTTP/1.1 200 OK
Content-Type: application/json; charset=utf-8
cache-control: no-cache
content-length: 52656

13:45:39.975 [AsyncHttpClient-1-6] DEBUG org.asynchttpclient.netty.channel.ChannelManager - Adding key: http://localhost:51266 for channel [id: 0x553d5924, L:/127.0.0.1:64464 - R:localhost/127.0.0.1:51266]
13:45:39.981 [main] DEBUG net.serenitybdd.core.photography.Darkroom - Send negative for processing for target\site\serenity\e8f785d648ce167543d26263d48f63d872572af24ee8712ebda63a31b9bf5e9b.png
13:45:39.981 [main] DEBUG net.thucydides.core.steps.StepInterceptor - STEP DONE: inputKeluhan
  &amp#27;[32mAnd &amp#27;[0m&amp#27;[32madmin input keluhan&amp#27;[0m                         &amp#27;[90m# starter.definitions.pendaftaranbaru.inputValidkeluhan()&amp#27;[0m
13:45:39.981 [Darkroom Processing Line] DEBUG net.serenitybdd.core.photography.DarkroomProcessingLine - Processing screenshot image in /var/screenshots/screenshot-6392051681755662169
13:45:39.981 [Darkroom Processing Line] DEBUG net.serenitybdd.core.photography.DarkroomProcessingLine - Saving screenshot to target\site\serenity\e8f785d648ce167543d26263d48f63d872572af24ee8712ebda63a31b9bf5e9b.png
13:45:40.029 [main] DEBUG net.thucydides.core.steps.StepInterceptor - STARTING STEP: pendaftaranbaru.clickConfirmButton - clickConfirm
13:45:40.038 [Forwarding findElement on session fa900112756f9d610766ee225c959cfa to remote] DEBUG org.asynchttpclient.netty.request.NettyRequestSender - Using pooled Channel '[id: 0x553d5924, L:/127.0.0.1:64464 - R:localhost/127.0.0.1:51266]' for 'POST' to 'http://localhost:51266/session/fa900112756f9d610766ee225c959cfa/element'
13:45:40.038 [Forwarding findElement on session fa900112756f9d610766ee225c959cfa to remote] DEBUG org.asynchttpclient.netty.request.NettyRequestSender - Using open Channel [id: 0x553d5924, L:/127.0.0.1:64464 - R:localhost/127.0.0.1:51266] for POST '/session/fa900112756f9d610766ee225c959cfa/element'
13:45:40.097 [AsyncHttpClient-1-6] DEBUG org.asynchttpclient.netty.handler.HttpHandler - 

Request DefaultHttpRequest(decodeResult: success, version: HTTP/1.1)
POST /session/fa900112756f9d610766ee225c959cfa/element HTTP/1.1
User-Agent: selenium/4.1.2 (java windows)
Content-Length: 112
Content-Type: application/json; charset=utf-8
host: localhost:51266
accept: */*

Response DefaultHttpResponse(decodeResult: success, version: HTTP/1.1)
HTTP/1.1 200 OK
Content-Type: application/json; charset=utf-8
cache-control: no-cache
content-length: 88

13:45:40.098 [AsyncHttpClient-1-6] DEBUG org.asynchttpclient.netty.channel.ChannelManager - Adding key: http://localhost:51266 for channel [id: 0x553d5924, L:/127.0.0.1:64464 - R:localhost/127.0.0.1:51266]
13:45:40.101 [Forwarding getElementTagName on session fa900112756f9d610766ee225c959cfa to remote] DEBUG org.asynchttpclient.netty.request.NettyRequestSender - Using pooled Channel '[id: 0x553d5924, L:/127.0.0.1:64464 - R:localhost/127.0.0.1:51266]' for 'GET' to 'http://localhost:51266/session/fa900112756f9d610766ee225c959cfa/element/068e97de-1991-4044-b72f-78c4b03f9607/name'
13:45:40.101 [Forwarding getElementTagName on session fa900112756f9d610766ee225c959cfa to remote] DEBUG org.asynchttpclient.netty.request.NettyRequestSender - Using open Channel [id: 0x553d5924, L:/127.0.0.1:64464 - R:localhost/127.0.0.1:51266] for GET '/session/fa900112756f9d610766ee225c959cfa/element/068e97de-1991-4044-b72f-78c4b03f9607/name'
13:45:40.141 [AsyncHttpClient-1-6] DEBUG org.asynchttpclient.netty.handler.HttpHandler - 

Request DefaultFullHttpRequest(decodeResult: success, version: HTTP/1.1, content: EmptyByteBufBE)
GET /session/fa900112756f9d610766ee225c959cfa/element/068e97de-1991-4044-b72f-78c4b03f9607/name HTTP/1.1
User-Agent: selenium/4.1.2 (java windows)
Cache-Control: no-cache
Content-Type: application/json; charset=utf-8
host: localhost:51266
accept: */*

Response DefaultHttpResponse(decodeResult: success, version: HTTP/1.1)
HTTP/1.1 200 OK
Content-Type: application/json; charset=utf-8
cache-control: no-cache
content-length: 18

13:45:40.141 [AsyncHttpClient-1-6] DEBUG org.asynchttpclient.netty.channel.ChannelManager - Adding key: http://localhost:51266 for channel [id: 0x553d5924, L:/127.0.0.1:64464 - R:localhost/127.0.0.1:51266]
13:45:40.143 [Forwarding getElementTagName on session fa900112756f9d610766ee225c959cfa to remote] DEBUG org.asynchttpclient.netty.request.NettyRequestSender - Using pooled Channel '[id: 0x553d5924, L:/127.0.0.1:64464 - R:localhost/127.0.0.1:51266]' for 'GET' to 'http://localhost:51266/session/fa900112756f9d610766ee225c959cfa/element/068e97de-1991-4044-b72f-78c4b03f9607/name'
13:45:40.143 [Forwarding getElementTagName on session fa900112756f9d610766ee225c959cfa to remote] DEBUG org.asynchttpclient.netty.request.NettyRequestSender - Using open Channel [id: 0x553d5924, L:/127.0.0.1:64464 - R:localhost/127.0.0.1:51266] for GET '/session/fa900112756f9d610766ee225c959cfa/element/068e97de-1991-4044-b72f-78c4b03f9607/name'
13:45:40.154 [AsyncHttpClient-1-6] DEBUG org.asynchttpclient.netty.handler.HttpHandler - 

Request DefaultFullHttpRequest(decodeResult: success, version: HTTP/1.1, content: EmptyByteBufBE)
GET /session/fa900112756f9d610766ee225c959cfa/element/068e97de-1991-4044-b72f-78c4b03f9607/name HTTP/1.1
User-Agent: selenium/4.1.2 (java windows)
Cache-Control: no-cache
Content-Type: application/json; charset=utf-8
host: localhost:51266
accept: */*

Response DefaultHttpResponse(decodeResult: success, version: HTTP/1.1)
HTTP/1.1 200 OK
Content-Type: application/json; charset=utf-8
cache-control: no-cache
content-length: 18

13:45:40.154 [AsyncHttpClient-1-6] DEBUG org.asynchttpclient.netty.channel.ChannelManager - Adding key: http://localhost:51266 for channel [id: 0x553d5924, L:/127.0.0.1:64464 - R:localhost/127.0.0.1:51266]
13:45:40.158 [Forwarding isElementEnabled on session fa900112756f9d610766ee225c959cfa to remote] DEBUG org.asynchttpclient.netty.request.NettyRequestSender - Using pooled Channel '[id: 0x553d5924, L:/127.0.0.1:64464 - R:localhost/127.0.0.1:51266]' for 'GET' to 'http://localhost:51266/session/fa900112756f9d610766ee225c959cfa/element/068e97de-1991-4044-b72f-78c4b03f9607/enabled'
13:45:40.158 [Forwarding isElementEnabled on session fa900112756f9d610766ee225c959cfa to remote] DEBUG org.asynchttpclient.netty.request.NettyRequestSender - Using open Channel [id: 0x553d5924, L:/127.0.0.1:64464 - R:localhost/127.0.0.1:51266] for GET '/session/fa900112756f9d610766ee225c959cfa/element/068e97de-1991-4044-b72f-78c4b03f9607/enabled'
13:45:40.196 [AsyncHttpClient-1-6] DEBUG org.asynchttpclient.netty.handler.HttpHandler - 

Request DefaultFullHttpRequest(decodeResult: success, version: HTTP/1.1, content: EmptyByteBufBE)
GET /session/fa900112756f9d610766ee225c959cfa/element/068e97de-1991-4044-b72f-78c4b03f9607/enabled HTTP/1.1
User-Agent: selenium/4.1.2 (java windows)
Cache-Control: no-cache
Content-Type: application/json; charset=utf-8
host: localhost:51266
accept: */*

Response DefaultHttpResponse(decodeResult: success, version: HTTP/1.1)
HTTP/1.1 200 OK
Content-Type: application/json; charset=utf-8
cache-control: no-cache
content-length: 14

13:45:40.196 [AsyncHttpClient-1-6] DEBUG org.asynchttpclient.netty.channel.ChannelManager - Adding key: http://localhost:51266 for channel [id: 0x553d5924, L:/127.0.0.1:64464 - R:localhost/127.0.0.1:51266]
13:45:40.198 [Forwarding isElementEnabled on session fa900112756f9d610766ee225c959cfa to remote] DEBUG org.asynchttpclient.netty.request.NettyRequestSender - Using pooled Channel '[id: 0x553d5924, L:/127.0.0.1:64464 - R:localhost/127.0.0.1:51266]' for 'GET' to 'http://localhost:51266/session/fa900112756f9d610766ee225c959cfa/element/068e97de-1991-4044-b72f-78c4b03f9607/enabled'
13:45:40.198 [Forwarding isElementEnabled on session fa900112756f9d610766ee225c959cfa to remote] DEBUG org.asynchttpclient.netty.request.NettyRequestSender - Using open Channel [id: 0x553d5924, L:/127.0.0.1:64464 - R:localhost/127.0.0.1:51266] for GET '/session/fa900112756f9d610766ee225c959cfa/element/068e97de-1991-4044-b72f-78c4b03f9607/enabled'
13:45:40.213 [AsyncHttpClient-1-6] DEBUG org.asynchttpclient.netty.handler.HttpHandler - 

Request DefaultFullHttpRequest(decodeResult: success, version: HTTP/1.1, content: EmptyByteBufBE)
GET /session/fa900112756f9d610766ee225c959cfa/element/068e97de-1991-4044-b72f-78c4b03f9607/enabled HTTP/1.1
User-Agent: selenium/4.1.2 (java windows)
Cache-Control: no-cache
Content-Type: application/json; charset=utf-8
host: localhost:51266
accept: */*

Response DefaultHttpResponse(decodeResult: success, version: HTTP/1.1)
HTTP/1.1 200 OK
Content-Type: application/json; charset=utf-8
cache-control: no-cache
content-length: 14

13:45:40.213 [AsyncHttpClient-1-6] DEBUG org.asynchttpclient.netty.channel.ChannelManager - Adding key: http://localhost:51266 for channel [id: 0x553d5924, L:/127.0.0.1:64464 - R:localhost/127.0.0.1:51266]
13:45:40.216 [Forwarding findElement on session fa900112756f9d610766ee225c959cfa to remote] DEBUG org.asynchttpclient.netty.request.NettyRequestSender - Using pooled Channel '[id: 0x553d5924, L:/127.0.0.1:64464 - R:localhost/127.0.0.1:51266]' for 'POST' to 'http://localhost:51266/session/fa900112756f9d610766ee225c959cfa/element'
13:45:40.216 [Forwarding findElement on session fa900112756f9d610766ee225c959cfa to remote] DEBUG org.asynchttpclient.netty.request.NettyRequestSender - Using open Channel [id: 0x553d5924, L:/127.0.0.1:64464 - R:localhost/127.0.0.1:51266] for POST '/session/fa900112756f9d610766ee225c959cfa/element'
13:45:40.245 [AsyncHttpClient-1-1] DEBUG org.asynchttpclient.netty.channel.DefaultChannelPool - Entry count for : http://localhost:64465 : 1
13:45:40.320 [AsyncHttpClient-1-6] DEBUG org.asynchttpclient.netty.handler.HttpHandler - 

Request DefaultHttpRequest(decodeResult: success, version: HTTP/1.1)
POST /session/fa900112756f9d610766ee225c959cfa/element HTTP/1.1
User-Agent: selenium/4.1.2 (java windows)
Content-Length: 112
Content-Type: application/json; charset=utf-8
host: localhost:51266
accept: */*

Response DefaultHttpResponse(decodeResult: success, version: HTTP/1.1)
HTTP/1.1 200 OK
Content-Type: application/json; charset=utf-8
cache-control: no-cache
content-length: 88

13:45:40.320 [AsyncHttpClient-1-6] DEBUG org.asynchttpclient.netty.channel.ChannelManager - Adding key: http://localhost:51266 for channel [id: 0x553d5924, L:/127.0.0.1:64464 - R:localhost/127.0.0.1:51266]
13:45:40.323 [Forwarding clickElement on session fa900112756f9d610766ee225c959cfa to remote] DEBUG org.asynchttpclient.netty.request.NettyRequestSender - Using pooled Channel '[id: 0x553d5924, L:/127.0.0.1:64464 - R:localhost/127.0.0.1:51266]' for 'POST' to 'http://localhost:51266/session/fa900112756f9d610766ee225c959cfa/element/068e97de-1991-4044-b72f-78c4b03f9607/click'
13:45:40.324 [Forwarding clickElement on session fa900112756f9d610766ee225c959cfa to remote] DEBUG org.asynchttpclient.netty.request.NettyRequestSender - Using open Channel [id: 0x553d5924, L:/127.0.0.1:64464 - R:localhost/127.0.0.1:51266] for POST '/session/fa900112756f9d610766ee225c959cfa/element/068e97de-1991-4044-b72f-78c4b03f9607/click'
13:45:40.536 [AsyncHttpClient-1-6] DEBUG org.asynchttpclient.netty.handler.HttpHandler - 

Request DefaultHttpRequest(decodeResult: success, version: HTTP/1.1)
POST /session/fa900112756f9d610766ee225c959cfa/element/068e97de-1991-4044-b72f-78c4b03f9607/click HTTP/1.1
User-Agent: selenium/4.1.2 (java windows)
Content-Length: 50
Content-Type: application/json; charset=utf-8
host: localhost:51266
accept: */*

Response DefaultHttpResponse(decodeResult: success, version: HTTP/1.1)
HTTP/1.1 200 OK
Content-Type: application/json; charset=utf-8
cache-control: no-cache
content-length: 14

13:45:40.536 [AsyncHttpClient-1-6] DEBUG org.asynchttpclient.netty.channel.ChannelManager - Adding key: http://localhost:51266 for channel [id: 0x553d5924, L:/127.0.0.1:64464 - R:localhost/127.0.0.1:51266]
13:45:40.549 [Forwarding screenshot on session fa900112756f9d610766ee225c959cfa to remote] DEBUG org.asynchttpclient.netty.request.NettyRequestSender - Using pooled Channel '[id: 0x553d5924, L:/127.0.0.1:64464 - R:localhost/127.0.0.1:51266]' for 'GET' to 'http://localhost:51266/session/fa900112756f9d610766ee225c959cfa/screenshot'
13:45:40.549 [Forwarding screenshot on session fa900112756f9d610766ee225c959cfa to remote] DEBUG org.asynchttpclient.netty.request.NettyRequestSender - Using open Channel [id: 0x553d5924, L:/127.0.0.1:64464 - R:localhost/127.0.0.1:51266] for GET '/session/fa900112756f9d610766ee225c959cfa/screenshot'
13:45:40.797 [AsyncHttpClient-1-6] DEBUG org.asynchttpclient.netty.handler.HttpHandler - 

Request DefaultFullHttpRequest(decodeResult: success, version: HTTP/1.1, content: EmptyByteBufBE)
GET /session/fa900112756f9d610766ee225c959cfa/screenshot HTTP/1.1
User-Agent: selenium/4.1.2 (java windows)
Cache-Control: no-cache
Content-Type: application/json; charset=utf-8
host: localhost:51266
accept: */*

Response DefaultHttpResponse(decodeResult: success, version: HTTP/1.1)
HTTP/1.1 200 OK
Content-Type: application/json; charset=utf-8
cache-control: no-cache
content-length: 52444

13:45:40.798 [AsyncHttpClient-1-6] DEBUG org.asynchttpclient.netty.channel.ChannelManager - Adding key: http://localhost:51266 for channel [id: 0x553d5924, L:/127.0.0.1:64464 - R:localhost/127.0.0.1:51266]
13:45:40.804 [main] DEBUG net.serenitybdd.core.photography.Darkroom - Send negative for processing for target\site\serenity\01907ac2c5f8c028a17f738ef2b62c239011e90ae353eba8d485eb2bb2af853c.png
13:45:40.805 [main] DEBUG net.thucydides.core.steps.StepInterceptor - STEP DONE: clickConfirm
  &amp#27;[32mThen &amp#27;[0m&amp#27;[32mAdmin click confirmation button&amp#27;[0m            &amp#27;[90m# starter.definitions.pendaftaranbaru.clickConfirmButton()&amp#27;[0m
13:45:40.811 [Darkroom Processing Line] DEBUG net.serenitybdd.core.photography.DarkroomProcessingLine - Processing screenshot image in /var/screenshots/screenshot-7706480885287538753
13:45:40.811 [Darkroom Processing Line] DEBUG net.serenitybdd.core.photography.DarkroomProcessingLine - Saving screenshot to target\site\serenity\01907ac2c5f8c028a17f738ef2b62c239011e90ae353eba8d485eb2bb2af853c.png
13:45:40.879 [Forwarding screenshot on session fa900112756f9d610766ee225c959cfa to remote] DEBUG org.asynchttpclient.netty.request.NettyRequestSender - Using pooled Channel '[id: 0x553d5924, L:/127.0.0.1:64464 - R:localhost/127.0.0.1:51266]' for 'GET' to 'http://localhost:51266/session/fa900112756f9d610766ee225c959cfa/screenshot'
13:45:40.879 [Forwarding screenshot on session fa900112756f9d610766ee225c959cfa to remote] DEBUG org.asynchttpclient.netty.request.NettyRequestSender - Using open Channel [id: 0x553d5924, L:/127.0.0.1:64464 - R:localhost/127.0.0.1:51266] for GET '/session/fa900112756f9d610766ee225c959cfa/screenshot'
13:45:41.349 [AsyncHttpClient-1-1] DEBUG org.asynchttpclient.netty.channel.DefaultChannelPool - Entry count for : http://localhost:64465 : 1
13:45:41.582 [AsyncHttpClient-1-6] DEBUG org.asynchttpclient.netty.handler.HttpHandler - 

Request DefaultFullHttpRequest(decodeResult: success, version: HTTP/1.1, content: EmptyByteBufBE)
GET /session/fa900112756f9d610766ee225c959cfa/screenshot HTTP/1.1
User-Agent: selenium/4.1.2 (java windows)
Cache-Control: no-cache
Content-Type: application/json; charset=utf-8
host: localhost:51266
accept: */*

Response DefaultHttpResponse(decodeResult: success, version: HTTP/1.1)
HTTP/1.1 200 OK
Content-Type: application/json; charset=utf-8
cache-control: no-cache
content-length: 6832

13:45:41.583 [AsyncHttpClient-1-6] DEBUG org.asynchttpclient.netty.channel.ChannelManager - Adding key: http://localhost:51266 for channel [id: 0x553d5924, L:/127.0.0.1:64464 - R:localhost/127.0.0.1:51266]
13:45:41.588 [main] DEBUG net.serenitybdd.core.photography.Darkroom - Send negative for processing for target\site\serenity\41b65263524e7c69b69173ac81c2c8269a9085e6076392d686effd1691c2a69b.png
13:45:41.589 [main] DEBUG net.thucydides.core.steps.StepInterceptor - STARTING STEP: pendaftaranbaru.registsukses - validateSuccess
13:45:41.589 [Darkroom Processing Line] DEBUG net.serenitybdd.core.photography.DarkroomProcessingLine - Processing screenshot image in /var/screenshots/screenshot-5577217817485070148
13:45:41.590 [Darkroom Processing Line] DEBUG net.serenitybdd.core.photography.DarkroomProcessingLine - Saving screenshot to target\site\serenity\41b65263524e7c69b69173ac81c2c8269a9085e6076392d686effd1691c2a69b.png
13:45:41.595 [Forwarding findElement on session fa900112756f9d610766ee225c959cfa to remote] DEBUG org.asynchttpclient.netty.request.NettyRequestSender - Using pooled Channel '[id: 0x553d5924, L:/127.0.0.1:64464 - R:localhost/127.0.0.1:51266]' for 'POST' to 'http://localhost:51266/session/fa900112756f9d610766ee225c959cfa/element'
13:45:41.595 [Forwarding findElement on session fa900112756f9d610766ee225c959cfa to remote] DEBUG org.asynchttpclient.netty.request.NettyRequestSender - Using open Channel [id: 0x553d5924, L:/127.0.0.1:64464 - R:localhost/127.0.0.1:51266] for POST '/session/fa900112756f9d610766ee225c959cfa/element'
13:45:41.664 [AsyncHttpClient-1-6] DEBUG org.asynchttpclient.netty.handler.HttpHandler - 

Request DefaultHttpRequest(decodeResult: success, version: HTTP/1.1)
POST /session/fa900112756f9d610766ee225c959cfa/element HTTP/1.1
User-Agent: selenium/4.1.2 (java windows)
Content-Length: 97
Content-Type: application/json; charset=utf-8
host: localhost:51266
accept: */*

Response DefaultHttpResponse(decodeResult: success, version: HTTP/1.1)
HTTP/1.1 200 OK
Content-Type: application/json; charset=utf-8
cache-control: no-cache
content-length: 88

13:45:41.664 [AsyncHttpClient-1-6] DEBUG org.asynchttpclient.netty.channel.ChannelManager - Adding key: http://localhost:51266 for channel [id: 0x553d5924, L:/127.0.0.1:64464 - R:localhost/127.0.0.1:51266]
13:45:41.673 [Forwarding isElementDisplayed on session fa900112756f9d610766ee225c959cfa to remote] DEBUG org.asynchttpclient.netty.request.NettyRequestSender - Using pooled Channel '[id: 0x553d5924, L:/127.0.0.1:64464 - R:localhost/127.0.0.1:51266]' for 'POST' to 'http://localhost:51266/session/fa900112756f9d610766ee225c959cfa/execute/sync'
13:45:41.673 [Forwarding isElementDisplayed on session fa900112756f9d610766ee225c959cfa to remote] DEBUG org.asynchttpclient.netty.request.NettyRequestSender - Using open Channel [id: 0x553d5924, L:/127.0.0.1:64464 - R:localhost/127.0.0.1:51266] for POST '/session/fa900112756f9d610766ee225c959cfa/execute/sync'
13:45:41.745 [AsyncHttpClient-1-6] DEBUG org.asynchttpclient.netty.handler.HttpHandler - 

Request DefaultHttpRequest(decodeResult: success, version: HTTP/1.1)
POST /session/fa900112756f9d610766ee225c959cfa/execute/sync HTTP/1.1
User-Agent: selenium/4.1.2 (java windows)
Content-Length: 48780
Content-Type: application/json; charset=utf-8
host: localhost:51266
accept: */*

Response DefaultHttpResponse(decodeResult: success, version: HTTP/1.1)
HTTP/1.1 200 OK
Content-Type: application/json; charset=utf-8
cache-control: no-cache
content-length: 14

13:45:41.746 [AsyncHttpClient-1-6] DEBUG org.asynchttpclient.netty.channel.ChannelManager - Adding key: http://localhost:51266 for channel [id: 0x553d5924, L:/127.0.0.1:64464 - R:localhost/127.0.0.1:51266]
13:45:41.759 [Forwarding screenshot on session fa900112756f9d610766ee225c959cfa to remote] DEBUG org.asynchttpclient.netty.request.NettyRequestSender - Using pooled Channel '[id: 0x553d5924, L:/127.0.0.1:64464 - R:localhost/127.0.0.1:51266]' for 'GET' to 'http://localhost:51266/session/fa900112756f9d610766ee225c959cfa/screenshot'
13:45:41.759 [Forwarding screenshot on session fa900112756f9d610766ee225c959cfa to remote] DEBUG org.asynchttpclient.netty.request.NettyRequestSender - Using open Channel [id: 0x553d5924, L:/127.0.0.1:64464 - R:localhost/127.0.0.1:51266] for GET '/session/fa900112756f9d610766ee225c959cfa/screenshot'
13:45:42.009 [AsyncHttpClient-1-6] DEBUG org.asynchttpclient.netty.handler.HttpHandler - 

Request DefaultFullHttpRequest(decodeResult: success, version: HTTP/1.1, content: EmptyByteBufBE)
GET /session/fa900112756f9d610766ee225c959cfa/screenshot HTTP/1.1
User-Agent: selenium/4.1.2 (java windows)
Cache-Control: no-cache
Content-Type: application/json; charset=utf-8
host: localhost:51266
accept: */*

Response DefaultHttpResponse(decodeResult: success, version: HTTP/1.1)
HTTP/1.1 200 OK
Content-Type: application/json; charset=utf-8
cache-control: no-cache
content-length: 12500

13:45:42.009 [AsyncHttpClient-1-6] DEBUG org.asynchttpclient.netty.channel.ChannelManager - Adding key: http://localhost:51266 for channel [id: 0x553d5924, L:/127.0.0.1:64464 - R:localhost/127.0.0.1:51266]
13:45:42.011 [main] DEBUG net.serenitybdd.core.photography.Darkroom - Send negative for processing for target\site\serenity\267d5b8d13c8889b64b8fdcd8a2869a9f525fa5e374b68251d53b430c4238c77.png
13:45:42.012 [main] DEBUG net.thucydides.core.steps.StepInterceptor - STEP DONE: validateSuccess
  &amp#27;[32mAnd &amp#27;[0m&amp#27;[32mnew patient registered succesfully&amp#27;[0m          &amp#27;[90m# starter.definitions.pendaftaranbaru.registsukses()&amp#27;[0m
13:45:42.012 [Darkroom Processing Line] DEBUG net.serenitybdd.core.photography.DarkroomProcessingLine - Processing screenshot image in /var/screenshots/screenshot-835713754717812702
13:45:42.012 [Darkroom Processing Line] DEBUG net.serenitybdd.core.photography.DarkroomProcessingLine - Saving screenshot to target\site\serenity\267d5b8d13c8889b64b8fdcd8a2869a9f525fa5e374b68251d53b430c4238c77.png
13:45:42.031 [main] INFO  - 
  _____   ___   ___   _____     ___     _     ___   ___   ___   ___  
 |_   _| | __| / __| |_   _|   | _ \   /_\   / __| / __| | __| |   \ 
   | |   | _|  \__ \   | |     |  _/  / _ \  \__ \ \__ \ | _|  | |) |
   |_|   |___| |___/   |_|     |_|   /_/ \_\ |___/ |___/ |___| |___/ 

As admin I want to register a patient
----------------------------------------------------------------------
13:45:42.036 [AsyncHttpClient-1-8] DEBUG org.asynchttpclient.netty.handler.WebSocketHandler - Channel Closed: [id: 0x043f4397, L:/127.0.0.1:64473 ! R:localhost/127.0.0.1:64465] with attribute NettyResponseFuture{currentRetry=5,
	isDone=1,
	isCancelled=0,
	asyncHandler=org.asynchttpclient.ws.WebSocketUpgradeHandler@7be6faaf,
	nettyRequest=org.asynchttpclient.netty.request.NettyRequest@13fc9b70,
	future=java.util.concurrent.CompletableFuture@3b7c8a1f[Completed normally],
	uri=ws://localhost:64465/devtools/browser/1cd6ba20-e962-481c-9921-441377a5d8c1,
	keepAlive=true,
	redirectCount=0,
	timeoutsHolder=null,
	inAuth=0,
	touch=1658213124024}
13:45:42.036 [AsyncHttpClient-1-8] DEBUG org.asynchttpclient.netty.channel.ChannelManager - Closing Channel [id: 0x043f4397, L:/127.0.0.1:64473 ! R:localhost/127.0.0.1:64465] 
13:45:42.061 [Driver Command Executor] DEBUG org.asynchttpclient.netty.request.NettyRequestSender - Using pooled Channel '[id: 0x553d5924, L:/127.0.0.1:64464 - R:localhost/127.0.0.1:51266]' for 'DELETE' to 'http://localhost:51266/session/fa900112756f9d610766ee225c959cfa'
13:45:42.061 [Driver Command Executor] DEBUG org.asynchttpclient.netty.request.NettyRequestSender - Using open Channel [id: 0x553d5924, L:/127.0.0.1:64464 - R:localhost/127.0.0.1:51266] for DELETE '/session/fa900112756f9d610766ee225c959cfa'
13:45:42.461 [AsyncHttpClient-1-1] DEBUG org.asynchttpclient.netty.channel.DefaultChannelPool - Entry count for : http://localhost:64465 : 1
13:45:42.784 [AsyncHttpClient-1-7] DEBUG org.asynchttpclient.netty.handler.HttpHandler - Unexpected I/O exception on channel [id: 0xae9c3be3, L:/127.0.0.1:64472 - R:localhost/127.0.0.1:64465]
java.io.IOException: An existing connection was forcibly closed by the remote host
	at sun.nio.ch.SocketDispatcher.read0(Native Method)
	at sun.nio.ch.SocketDispatcher.read(SocketDispatcher.java:43)
	at sun.nio.ch.IOUtil.readIntoNativeBuffer(IOUtil.java:223)
	at sun.nio.ch.IOUtil.read(IOUtil.java:192)
	at sun.nio.ch.SocketChannelImpl.read(SocketChannelImpl.java:380)
	at io.netty.buffer.PooledByteBuf.setBytes(PooledByteBuf.java:258)
	at io.netty.buffer.AbstractByteBuf.writeBytes(AbstractByteBuf.java:1132)
	at io.netty.channel.socket.nio.NioSocketChannel.doReadBytes(NioSocketChannel.java:350)
	at io.netty.channel.nio.AbstractNioByteChannel$NioByteUnsafe.read(AbstractNioByteChannel.java:151)
	at io.netty.channel.nio.NioEventLoop.processSelectedKey(NioEventLoop.java:722)
	at io.netty.channel.nio.NioEventLoop.processSelectedKeysOptimized(NioEventLoop.java:658)
	at io.netty.channel.nio.NioEventLoop.processSelectedKeys(NioEventLoop.java:584)
	at io.netty.channel.nio.NioEventLoop.run(NioEventLoop.java:496)
	at io.netty.util.concurrent.SingleThreadEventExecutor$4.run(SingleThreadEventExecutor.java:986)
	at io.netty.util.internal.ThreadExecutorMap$2.run(ThreadExecutorMap.java:74)
	at io.netty.util.concurrent.FastThreadLocalRunnable.run(FastThreadLocalRunnable.java:30)
	at java.lang.Thread.run(Thread.java:748)
13:45:42.785 [AsyncHttpClient-1-7] DEBUG org.asynchttpclient.netty.channel.ChannelManager - Closing Channel [id: 0xae9c3be3, L:/127.0.0.1:64472 - R:localhost/127.0.0.1:64465] 
13:45:42.785 [AsyncHttpClient-1-7] DEBUG org.asynchttpclient.netty.handler.HttpHandler - Channel Closed: [id: 0xae9c3be3, L:/127.0.0.1:64472 ! R:localhost/127.0.0.1:64465] with attribute DISCARD
13:45:42.844 [AsyncHttpClient-1-6] DEBUG org.asynchttpclient.netty.handler.HttpHandler - 

Request DefaultFullHttpRequest(decodeResult: success, version: HTTP/1.1, content: EmptyByteBufBE)
DELETE /session/fa900112756f9d610766ee225c959cfa HTTP/1.1
User-Agent: selenium/4.1.2 (java windows)
Content-Type: application/json; charset=utf-8
host: localhost:51266
accept: */*

Response DefaultHttpResponse(decodeResult: success, version: HTTP/1.1)
HTTP/1.1 200 OK
Content-Type: application/json; charset=utf-8
cache-control: no-cache
content-length: 14

13:45:42.844 [AsyncHttpClient-1-6] DEBUG org.asynchttpclient.netty.channel.ChannelManager - Adding key: http://localhost:51266 for channel [id: 0x553d5924, L:/127.0.0.1:64464 - R:localhost/127.0.0.1:51266]
13:45:43.542 [AsyncHttpClient-1-1] DEBUG org.asynchttpclient.netty.channel.DefaultChannelPool - Entry count for : http://localhost:64465 : 1
13:45:43.542 [AsyncHttpClient-1-1] DEBUG org.asynchttpclient.netty.channel.DefaultChannelPool - Entry count for : http://localhost:51266 : 1
13:45:43.542 [AsyncHttpClient-1-1] DEBUG org.asynchttpclient.netty.channel.DefaultChannelPool - Adding Candidate expired Channel [id: 0xae9c3be3, L:/127.0.0.1:64472 ! R:localhost/127.0.0.1:64465] isIdleTimeoutExpired=false isRemotelyClosed=true isTtlExpired=false
13:45:43.542 [AsyncHttpClient-1-1] DEBUG org.asynchttpclient.netty.channel.DefaultChannelPool - Closing Idle Channel [id: 0xae9c3be3, L:/127.0.0.1:64472 ! R:localhost/127.0.0.1:64465]
13:45:43.542 [AsyncHttpClient-1-1] DEBUG org.asynchttpclient.netty.channel.DefaultChannelPool - Closed 1 connections out of 2 in 0 ms
13:45:43.793 [AsyncHttpClient-1-6] DEBUG org.asynchttpclient.netty.handler.HttpHandler - Channel Closed: [id: 0x553d5924, L:/127.0.0.1:64464 ! R:localhost/127.0.0.1:51266] with attribute DISCARD
]]></system-out>
    <system-err><![CDATA[Starting ChromeDriver 103.0.5060.53 (a1711811edd74ff1cf2150f36ffa3b0dae40b17f-refs/branch-heads/5060@{#853}) on port 51266
Only local connections are allowed.
Please see https://chromedriver.chromium.org/security-considerations for suggestions on keeping ChromeDriver safe.
ChromeDriver was started successfully.
Jul 19, 2022 1:45:23 PM org.openqa.selenium.remote.ProtocolHandshake createSession
INFO: Detected dialect: W3C
Jul 19, 2022 1:45:24 PM org.openqa.selenium.devtools.CdpVersionFinder findNearestMatch
WARNING: Unable to find an exact match for CDP version 103, so returning the closest version found: a no-op implementation
Jul 19, 2022 1:45:24 PM org.openqa.selenium.devtools.CdpVersionFinder findNearestMatch
INFO: Unable to find CDP implementation matching 103.
Jul 19, 2022 1:45:24 PM org.openqa.selenium.chromium.ChromiumDriver lambda$new$3
WARNING: Unable to find version of CDP to use for . You may need to include a dependency on a specific version of the CDP using something similar to `org.seleniumhq.selenium:selenium-devtools-v86:4.1.2` where the version ("v86") matches the version of the chromium-based browser you're using and the version number of the artifact is the same as Selenium's.
]]></system-err>
  </testcase>
  <testcase name="As admin I want to input invalid id patient" classname="As admin I want to register a patient so that she/he can get treatment" time="24.874">
    <system-out><![CDATA[
Scenario: As admin I want to input invalid id patient &amp#27;[90m# src/test/resources/features/pasienlama.feature:22&amp#27;[0m
13:45:44.346 [main] INFO io.cucumber.core.plugin.SerenityReporter - Running feature from file:///C:/Users/Ocky/Documents/final_project/web%20testing/src/test/resources/features/pasienlama.feature
13:45:44.351 [main] INFO  - 
  _____   ___   ___   _____     ___   _____     _     ___   _____   ___   ___  
 |_   _| | __| / __| |_   _|   / __| |_   _|   /_\   | _ \ |_   _| | __| |   \ 
   | |   | _|  \__ \   | |     \__ \   | |    / _ \  |   /   | |   | _|  | |) |
   |_|   |___| |___/   |_|     |___/   |_|   /_/ \_\ |_|_\   |_|   |___| |___/ 

As admin I want to input invalid id patient(as-admin-i-want-to-register-a-patient-so-that-she/he-can-get-treatment;as-admin-i-want-to-input-invalid-id-patient)
--------------------------------------------------------------------------------
13:45:44.443 [main] DEBUG net.thucydides.core.steps.StepInterceptor - STARTING STEP: login.ontheLoginPage - openPage
13:45:44.447 [main] INFO net.serenitybdd.core.webdriver.driverproviders.ChromeDriverProvider - Using automatically driver download
13:45:44.632 [AsyncHttpClient-1-1] DEBUG org.asynchttpclient.netty.channel.DefaultChannelPool - Entry count for : http://localhost:51266 : 1
13:45:44.632 [AsyncHttpClient-1-1] DEBUG org.asynchttpclient.netty.channel.DefaultChannelPool - Adding Candidate expired Channel [id: 0x553d5924, L:/127.0.0.1:64464 ! R:localhost/127.0.0.1:51266] isIdleTimeoutExpired=false isRemotelyClosed=true isTtlExpired=false
13:45:44.632 [AsyncHttpClient-1-1] DEBUG org.asynchttpclient.netty.channel.DefaultChannelPool - Closing Idle Channel [id: 0x553d5924, L:/127.0.0.1:64464 ! R:localhost/127.0.0.1:51266]
13:45:44.632 [AsyncHttpClient-1-1] DEBUG org.asynchttpclient.netty.channel.DefaultChannelPool - Closed 1 connections out of 1 in 0 ms
13:45:44.831 [main] DEBUG io.github.bonigarcia.wdm.cache.ResolutionCache - Resolution chrome=103 in cache (valid until 14:34:45 19/07/2022 ICT)
13:45:44.845 [main] DEBUG io.github.bonigarcia.wdm.cache.ResolutionCache - Resolution chrome103=103.0.5060.53 in cache (valid until 00:20:12 20/07/2022 ICT)
13:45:44.848 [main] INFO io.github.bonigarcia.wdm.WebDriverManager - Using chromedriver 103.0.5060.53 (resolved driver for Chrome 103)
13:45:44.884 [main] DEBUG io.github.bonigarcia.wdm.WebDriverManager - Driver chromedriver 103.0.5060.53 found in cache
13:45:44.886 [main] INFO io.github.bonigarcia.wdm.WebDriverManager - Exporting webdriver.chrome.driver as C:\Users\Ocky\.cache\selenium\chromedriver\win32\103.0.5060.53\chromedriver.exe
13:45:45.268 [main] DEBUG net.serenitybdd.core.webdriver.driverproviders.ProvideNewDriver - Instantiating driver
13:45:45.268 [main] DEBUG net.serenitybdd.core.webdriver.driverproviders.ProvideNewDriver - Driver capabilities: Capabilities {acceptInsecureCerts: false, base.url: https://development--capsto..., browserName: chrome, chrome.driver: webdriver/chromedriver.exe, driver: chrome, goog:chromeOptions: {args: [], extensions: []}}
13:45:45.831 [AsyncHttpClient-1-9] DEBUG org.asynchttpclient.netty.channel.NettyConnectListener - Using new Channel '[id: 0x4a64b794, L:/127.0.0.1:64497 - R:localhost/127.0.0.1:64209]' for 'POST' to '/session'
13:45:48.049 [AsyncHttpClient-1-9] DEBUG org.asynchttpclient.netty.handler.HttpHandler - 

Request DefaultHttpRequest(decodeResult: success, version: HTTP/1.1)
POST /session HTTP/1.1
User-Agent: selenium/4.1.2 (java windows)
Content-Length: 614
Content-Type: application/json; charset=utf-8
host: localhost:64209
accept: */*

Response DefaultHttpResponse(decodeResult: success, version: HTTP/1.1)
HTTP/1.1 200 OK
Content-Type: application/json; charset=utf-8
cache-control: no-cache
content-length: 789

13:45:48.049 [AsyncHttpClient-1-9] DEBUG org.asynchttpclient.netty.channel.ChannelManager - Adding key: http://localhost:64209 for channel [id: 0x4a64b794, L:/127.0.0.1:64497 - R:localhost/127.0.0.1:64209]
13:45:48.066 [AsyncHttpClient-1-2] DEBUG org.asynchttpclient.netty.channel.NettyConnectListener - Using new Channel '[id: 0xb0154227, L:/127.0.0.1:64505 - R:localhost/127.0.0.1:64498]' for 'GET' to '/json/version'
13:45:48.067 [AsyncHttpClient-1-2] DEBUG org.asynchttpclient.netty.handler.HttpHandler - 

Request DefaultFullHttpRequest(decodeResult: success, version: HTTP/1.1, content: EmptyByteBufBE)
GET /json/version HTTP/1.1
User-Agent: selenium/4.1.2 (java windows)
host: localhost:64498
accept: */*

Response DefaultHttpResponse(decodeResult: success, version: HTTP/1.1)
HTTP/1.1 200 OK
Content-Type: application/json; charset=UTF-8
content-length: 429

13:45:48.067 [AsyncHttpClient-1-2] DEBUG org.asynchttpclient.netty.channel.ChannelManager - Adding key: http://localhost:64498 for channel [id: 0xb0154227, L:/127.0.0.1:64505 - R:localhost/127.0.0.1:64498]
13:45:48.072 [AsyncHttpClient-1-3] DEBUG org.asynchttpclient.netty.channel.NettyConnectListener - Using new Channel '[id: 0xfbdf4961, L:/127.0.0.1:64506 - R:localhost/127.0.0.1:64498]' for 'GET' to '/devtools/browser/2cefa76a-530a-48ac-8f85-aa4a2a0d2240'
13:45:48.074 [AsyncHttpClient-1-3] DEBUG org.asynchttpclient.netty.handler.WebSocketHandler - 

Request DefaultFullHttpRequest(decodeResult: success, version: HTTP/1.1, content: EmptyByteBufBE)
GET /devtools/browser/2cefa76a-530a-48ac-8f85-aa4a2a0d2240 HTTP/1.1
upgrade: websocket
connection: upgrade
sec-websocket-key: rafWleTJHuO8xLm/6L2qxQ==
sec-websocket-version: 13
origin: http://localhost:64498
host: localhost:64498
accept: */*
user-agent: AHC/2.1

Response DefaultHttpResponse(decodeResult: success, version: HTTP/1.1)
HTTP/1.1 101 WebSocket Protocol Handshake
Upgrade: WebSocket
Connection: Upgrade
Sec-WebSocket-Accept: V/Ee/0lHuC2KaITMwZRrL/097lM=

13:45:48.097 [Forwarding get on session 2340b9a008f2a0158e3d8f1730133a9a to remote] DEBUG org.asynchttpclient.netty.request.NettyRequestSender - Using pooled Channel '[id: 0x4a64b794, L:/127.0.0.1:64497 - R:localhost/127.0.0.1:64209]' for 'POST' to 'http://localhost:64209/session/2340b9a008f2a0158e3d8f1730133a9a/url'
13:45:48.098 [Forwarding get on session 2340b9a008f2a0158e3d8f1730133a9a to remote] DEBUG org.asynchttpclient.netty.request.NettyRequestSender - Using open Channel [id: 0x4a64b794, L:/127.0.0.1:64497 - R:localhost/127.0.0.1:64209] for POST '/session/2340b9a008f2a0158e3d8f1730133a9a/url'
13:45:49.028 [AsyncHttpClient-1-1] DEBUG org.asynchttpclient.netty.channel.DefaultChannelPool - Entry count for : http://localhost:64498 : 1
13:45:50.134 [AsyncHttpClient-1-1] DEBUG org.asynchttpclient.netty.channel.DefaultChannelPool - Entry count for : http://localhost:64498 : 1
13:45:51.230 [AsyncHttpClient-1-1] DEBUG org.asynchttpclient.netty.channel.DefaultChannelPool - Entry count for : http://localhost:64498 : 1
13:45:52.329 [AsyncHttpClient-1-1] DEBUG org.asynchttpclient.netty.channel.DefaultChannelPool - Entry count for : http://localhost:64498 : 1
13:45:53.450 [AsyncHttpClient-1-1] DEBUG org.asynchttpclient.netty.channel.DefaultChannelPool - Entry count for : http://localhost:64498 : 1
13:45:54.537 [AsyncHttpClient-1-1] DEBUG org.asynchttpclient.netty.channel.DefaultChannelPool - Entry count for : http://localhost:64498 : 1
13:45:55.637 [AsyncHttpClient-1-1] DEBUG org.asynchttpclient.netty.channel.DefaultChannelPool - Entry count for : http://localhost:64498 : 1
13:45:56.743 [AsyncHttpClient-1-1] DEBUG org.asynchttpclient.netty.channel.DefaultChannelPool - Entry count for : http://localhost:64498 : 1
13:45:57.829 [AsyncHttpClient-1-1] DEBUG org.asynchttpclient.netty.channel.DefaultChannelPool - Entry count for : http://localhost:64498 : 1
13:45:58.213 [AsyncHttpClient-1-9] DEBUG org.asynchttpclient.netty.handler.HttpHandler - 

Request DefaultHttpRequest(decodeResult: success, version: HTTP/1.1)
POST /session/2340b9a008f2a0158e3d8f1730133a9a/url HTTP/1.1
User-Agent: selenium/4.1.2 (java windows)
Content-Length: 92
Content-Type: application/json; charset=utf-8
host: localhost:64209
accept: */*

Response DefaultHttpResponse(decodeResult: success, version: HTTP/1.1)
HTTP/1.1 200 OK
Content-Type: application/json; charset=utf-8
cache-control: no-cache
content-length: 14

13:45:58.214 [AsyncHttpClient-1-9] DEBUG org.asynchttpclient.netty.channel.ChannelManager - Adding key: http://localhost:64209 for channel [id: 0x4a64b794, L:/127.0.0.1:64497 - R:localhost/127.0.0.1:64209]
13:45:58.218 [Forwarding setTimeout on session 2340b9a008f2a0158e3d8f1730133a9a to remote] DEBUG org.asynchttpclient.netty.request.NettyRequestSender - Using pooled Channel '[id: 0x4a64b794, L:/127.0.0.1:64497 - R:localhost/127.0.0.1:64209]' for 'POST' to 'http://localhost:64209/session/2340b9a008f2a0158e3d8f1730133a9a/timeouts'
13:45:58.218 [Forwarding setTimeout on session 2340b9a008f2a0158e3d8f1730133a9a to remote] DEBUG org.asynchttpclient.netty.request.NettyRequestSender - Using open Channel [id: 0x4a64b794, L:/127.0.0.1:64497 - R:localhost/127.0.0.1:64209] for POST '/session/2340b9a008f2a0158e3d8f1730133a9a/timeouts'
13:45:58.222 [AsyncHttpClient-1-9] DEBUG org.asynchttpclient.netty.handler.HttpHandler - 

Request DefaultHttpRequest(decodeResult: success, version: HTTP/1.1)
POST /session/2340b9a008f2a0158e3d8f1730133a9a/timeouts HTTP/1.1
User-Agent: selenium/4.1.2 (java windows)
Content-Length: 22
Content-Type: application/json; charset=utf-8
host: localhost:64209
accept: */*

Response DefaultHttpResponse(decodeResult: success, version: HTTP/1.1)
HTTP/1.1 200 OK
Content-Type: application/json; charset=utf-8
cache-control: no-cache
content-length: 14

13:45:58.222 [AsyncHttpClient-1-9] DEBUG org.asynchttpclient.netty.channel.ChannelManager - Adding key: http://localhost:64209 for channel [id: 0x4a64b794, L:/127.0.0.1:64497 - R:localhost/127.0.0.1:64209]
13:45:58.230 [Forwarding getCurrentUrl on session 2340b9a008f2a0158e3d8f1730133a9a to remote] DEBUG org.asynchttpclient.netty.request.NettyRequestSender - Using pooled Channel '[id: 0x4a64b794, L:/127.0.0.1:64497 - R:localhost/127.0.0.1:64209]' for 'GET' to 'http://localhost:64209/session/2340b9a008f2a0158e3d8f1730133a9a/url'
13:45:58.231 [Forwarding getCurrentUrl on session 2340b9a008f2a0158e3d8f1730133a9a to remote] DEBUG org.asynchttpclient.netty.request.NettyRequestSender - Using open Channel [id: 0x4a64b794, L:/127.0.0.1:64497 - R:localhost/127.0.0.1:64209] for GET '/session/2340b9a008f2a0158e3d8f1730133a9a/url'
13:45:58.245 [AsyncHttpClient-1-9] DEBUG org.asynchttpclient.netty.handler.HttpHandler - 

Request DefaultFullHttpRequest(decodeResult: success, version: HTTP/1.1, content: EmptyByteBufBE)
GET /session/2340b9a008f2a0158e3d8f1730133a9a/url HTTP/1.1
User-Agent: selenium/4.1.2 (java windows)
Cache-Control: no-cache
Content-Type: application/json; charset=utf-8
host: localhost:64209
accept: */*

Response DefaultHttpResponse(decodeResult: success, version: HTTP/1.1)
HTTP/1.1 200 OK
Content-Type: application/json; charset=utf-8
cache-control: no-cache
content-length: 74

13:45:58.245 [AsyncHttpClient-1-9] DEBUG org.asynchttpclient.netty.channel.ChannelManager - Adding key: http://localhost:64209 for channel [id: 0x4a64b794, L:/127.0.0.1:64497 - R:localhost/127.0.0.1:64209]
13:45:58.253 [Forwarding getCurrentUrl on session 2340b9a008f2a0158e3d8f1730133a9a to remote] DEBUG org.asynchttpclient.netty.request.NettyRequestSender - Using pooled Channel '[id: 0x4a64b794, L:/127.0.0.1:64497 - R:localhost/127.0.0.1:64209]' for 'GET' to 'http://localhost:64209/session/2340b9a008f2a0158e3d8f1730133a9a/url'
13:45:58.253 [Forwarding getCurrentUrl on session 2340b9a008f2a0158e3d8f1730133a9a to remote] DEBUG org.asynchttpclient.netty.request.NettyRequestSender - Using open Channel [id: 0x4a64b794, L:/127.0.0.1:64497 - R:localhost/127.0.0.1:64209] for GET '/session/2340b9a008f2a0158e3d8f1730133a9a/url'
13:45:58.267 [AsyncHttpClient-1-9] DEBUG org.asynchttpclient.netty.handler.HttpHandler - 

Request DefaultFullHttpRequest(decodeResult: success, version: HTTP/1.1, content: EmptyByteBufBE)
GET /session/2340b9a008f2a0158e3d8f1730133a9a/url HTTP/1.1
User-Agent: selenium/4.1.2 (java windows)
Cache-Control: no-cache
Content-Type: application/json; charset=utf-8
host: localhost:64209
accept: */*

Response DefaultHttpResponse(decodeResult: success, version: HTTP/1.1)
HTTP/1.1 200 OK
Content-Type: application/json; charset=utf-8
cache-control: no-cache
content-length: 74

13:45:58.267 [AsyncHttpClient-1-9] DEBUG org.asynchttpclient.netty.channel.ChannelManager - Adding key: http://localhost:64209 for channel [id: 0x4a64b794, L:/127.0.0.1:64497 - R:localhost/127.0.0.1:64209]
13:45:58.282 [Forwarding screenshot on session 2340b9a008f2a0158e3d8f1730133a9a to remote] DEBUG org.asynchttpclient.netty.request.NettyRequestSender - Using pooled Channel '[id: 0x4a64b794, L:/127.0.0.1:64497 - R:localhost/127.0.0.1:64209]' for 'GET' to 'http://localhost:64209/session/2340b9a008f2a0158e3d8f1730133a9a/screenshot'
13:45:58.282 [Forwarding screenshot on session 2340b9a008f2a0158e3d8f1730133a9a to remote] DEBUG org.asynchttpclient.netty.request.NettyRequestSender - Using open Channel [id: 0x4a64b794, L:/127.0.0.1:64497 - R:localhost/127.0.0.1:64209] for GET '/session/2340b9a008f2a0158e3d8f1730133a9a/screenshot'
13:45:58.474 [AsyncHttpClient-1-9] DEBUG org.asynchttpclient.netty.handler.HttpHandler - 

Request DefaultFullHttpRequest(decodeResult: success, version: HTTP/1.1, content: EmptyByteBufBE)
GET /session/2340b9a008f2a0158e3d8f1730133a9a/screenshot HTTP/1.1
User-Agent: selenium/4.1.2 (java windows)
Cache-Control: no-cache
Content-Type: application/json; charset=utf-8
host: localhost:64209
accept: */*

Response DefaultHttpResponse(decodeResult: success, version: HTTP/1.1)
HTTP/1.1 200 OK
Content-Type: application/json; charset=utf-8
cache-control: no-cache
content-length: 109728

13:45:58.475 [AsyncHttpClient-1-9] DEBUG org.asynchttpclient.netty.channel.ChannelManager - Adding key: http://localhost:64209 for channel [id: 0x4a64b794, L:/127.0.0.1:64497 - R:localhost/127.0.0.1:64209]
13:45:58.484 [main] DEBUG net.serenitybdd.core.photography.Darkroom - Send negative for processing for target\site\serenity\326760b024a2bafe5199b4136c4d7275acb72afc7df37f280ab5f6ac1dcc7641.png
13:45:58.484 [main] DEBUG net.thucydides.core.steps.StepInterceptor - STEP DONE: openPage
13:45:58.504 [main] DEBUG net.thucydides.core.steps.StepInterceptor - STARTING STEP: login.ontheLoginPage - validateonLoginPage
13:45:58.510 [Forwarding findElement on session 2340b9a008f2a0158e3d8f1730133a9a to remote] DEBUG org.asynchttpclient.netty.request.NettyRequestSender - Using pooled Channel '[id: 0x4a64b794, L:/127.0.0.1:64497 - R:localhost/127.0.0.1:64209]' for 'POST' to 'http://localhost:64209/session/2340b9a008f2a0158e3d8f1730133a9a/element'
13:45:58.510 [Forwarding findElement on session 2340b9a008f2a0158e3d8f1730133a9a to remote] DEBUG org.asynchttpclient.netty.request.NettyRequestSender - Using open Channel [id: 0x4a64b794, L:/127.0.0.1:64497 - R:localhost/127.0.0.1:64209] for POST '/session/2340b9a008f2a0158e3d8f1730133a9a/element'
13:45:58.550 [AsyncHttpClient-1-9] DEBUG org.asynchttpclient.netty.handler.HttpHandler - 

Request DefaultHttpRequest(decodeResult: success, version: HTTP/1.1)
POST /session/2340b9a008f2a0158e3d8f1730133a9a/element HTTP/1.1
User-Agent: selenium/4.1.2 (java windows)
Content-Length: 101
Content-Type: application/json; charset=utf-8
host: localhost:64209
accept: */*

Response DefaultHttpResponse(decodeResult: success, version: HTTP/1.1)
HTTP/1.1 200 OK
Content-Type: application/json; charset=utf-8
cache-control: no-cache
content-length: 88

13:45:58.550 [AsyncHttpClient-1-9] DEBUG org.asynchttpclient.netty.channel.ChannelManager - Adding key: http://localhost:64209 for channel [id: 0x4a64b794, L:/127.0.0.1:64497 - R:localhost/127.0.0.1:64209]
13:45:58.559 [Forwarding isElementDisplayed on session 2340b9a008f2a0158e3d8f1730133a9a to remote] DEBUG org.asynchttpclient.netty.request.NettyRequestSender - Using pooled Channel '[id: 0x4a64b794, L:/127.0.0.1:64497 - R:localhost/127.0.0.1:64209]' for 'POST' to 'http://localhost:64209/session/2340b9a008f2a0158e3d8f1730133a9a/execute/sync'
13:45:58.559 [Forwarding isElementDisplayed on session 2340b9a008f2a0158e3d8f1730133a9a to remote] DEBUG org.asynchttpclient.netty.request.NettyRequestSender - Using open Channel [id: 0x4a64b794, L:/127.0.0.1:64497 - R:localhost/127.0.0.1:64209] for POST '/session/2340b9a008f2a0158e3d8f1730133a9a/execute/sync'
13:45:58.610 [AsyncHttpClient-1-9] DEBUG org.asynchttpclient.netty.handler.HttpHandler - 

Request DefaultHttpRequest(decodeResult: success, version: HTTP/1.1)
POST /session/2340b9a008f2a0158e3d8f1730133a9a/execute/sync HTTP/1.1
User-Agent: selenium/4.1.2 (java windows)
Content-Length: 48780
Content-Type: application/json; charset=utf-8
host: localhost:64209
accept: */*

Response DefaultHttpResponse(decodeResult: success, version: HTTP/1.1)
HTTP/1.1 200 OK
Content-Type: application/json; charset=utf-8
cache-control: no-cache
content-length: 14

13:45:58.610 [AsyncHttpClient-1-9] DEBUG org.asynchttpclient.netty.channel.ChannelManager - Adding key: http://localhost:64209 for channel [id: 0x4a64b794, L:/127.0.0.1:64497 - R:localhost/127.0.0.1:64209]
13:45:58.621 [Forwarding screenshot on session 2340b9a008f2a0158e3d8f1730133a9a to remote] DEBUG org.asynchttpclient.netty.request.NettyRequestSender - Using pooled Channel '[id: 0x4a64b794, L:/127.0.0.1:64497 - R:localhost/127.0.0.1:64209]' for 'GET' to 'http://localhost:64209/session/2340b9a008f2a0158e3d8f1730133a9a/screenshot'
13:45:58.622 [Forwarding screenshot on session 2340b9a008f2a0158e3d8f1730133a9a to remote] DEBUG org.asynchttpclient.netty.request.NettyRequestSender - Using open Channel [id: 0x4a64b794, L:/127.0.0.1:64497 - R:localhost/127.0.0.1:64209] for GET '/session/2340b9a008f2a0158e3d8f1730133a9a/screenshot'
13:45:58.804 [AsyncHttpClient-1-9] DEBUG org.asynchttpclient.netty.handler.HttpHandler - 

Request DefaultFullHttpRequest(decodeResult: success, version: HTTP/1.1, content: EmptyByteBufBE)
GET /session/2340b9a008f2a0158e3d8f1730133a9a/screenshot HTTP/1.1
User-Agent: selenium/4.1.2 (java windows)
Cache-Control: no-cache
Content-Type: application/json; charset=utf-8
host: localhost:64209
accept: */*

Response DefaultHttpResponse(decodeResult: success, version: HTTP/1.1)
HTTP/1.1 200 OK
Content-Type: application/json; charset=utf-8
cache-control: no-cache
content-length: 109728

13:45:58.806 [AsyncHttpClient-1-9] DEBUG org.asynchttpclient.netty.channel.ChannelManager - Adding key: http://localhost:64209 for channel [id: 0x4a64b794, L:/127.0.0.1:64497 - R:localhost/127.0.0.1:64209]
13:45:58.816 [main] DEBUG net.serenitybdd.core.photography.Darkroom - Send negative for processing for target\site\serenity\326760b024a2bafe5199b4136c4d7275acb72afc7df37f280ab5f6ac1dcc7641.png
13:45:58.817 [main] DEBUG net.thucydides.core.steps.StepInterceptor - STEP DONE: validateonLoginPage
  &amp#27;[32mGiven &amp#27;[0m&amp#27;[32madmin on login page&amp#27;[0m                           &amp#27;[90m# starter.definitions.login.ontheLoginPage()&amp#27;[0m
13:45:58.886 [Forwarding screenshot on session 2340b9a008f2a0158e3d8f1730133a9a to remote] DEBUG org.asynchttpclient.netty.request.NettyRequestSender - Using pooled Channel '[id: 0x4a64b794, L:/127.0.0.1:64497 - R:localhost/127.0.0.1:64209]' for 'GET' to 'http://localhost:64209/session/2340b9a008f2a0158e3d8f1730133a9a/screenshot'
13:45:58.886 [Forwarding screenshot on session 2340b9a008f2a0158e3d8f1730133a9a to remote] DEBUG org.asynchttpclient.netty.request.NettyRequestSender - Using open Channel [id: 0x4a64b794, L:/127.0.0.1:64497 - R:localhost/127.0.0.1:64209] for GET '/session/2340b9a008f2a0158e3d8f1730133a9a/screenshot'
13:45:58.930 [AsyncHttpClient-1-1] DEBUG org.asynchttpclient.netty.channel.DefaultChannelPool - Entry count for : http://localhost:64498 : 1
13:45:59.116 [AsyncHttpClient-1-9] DEBUG org.asynchttpclient.netty.handler.HttpHandler - 

Request DefaultFullHttpRequest(decodeResult: success, version: HTTP/1.1, content: EmptyByteBufBE)
GET /session/2340b9a008f2a0158e3d8f1730133a9a/screenshot HTTP/1.1
User-Agent: selenium/4.1.2 (java windows)
Cache-Control: no-cache
Content-Type: application/json; charset=utf-8
host: localhost:64209
accept: */*

Response DefaultHttpResponse(decodeResult: success, version: HTTP/1.1)
HTTP/1.1 200 OK
Content-Type: application/json; charset=utf-8
cache-control: no-cache
content-length: 109728

13:45:59.117 [AsyncHttpClient-1-9] DEBUG org.asynchttpclient.netty.channel.ChannelManager - Adding key: http://localhost:64209 for channel [id: 0x4a64b794, L:/127.0.0.1:64497 - R:localhost/127.0.0.1:64209]
13:45:59.127 [main] DEBUG net.serenitybdd.core.photography.Darkroom - Send negative for processing for target\site\serenity\326760b024a2bafe5199b4136c4d7275acb72afc7df37f280ab5f6ac1dcc7641.png
13:45:59.129 [main] DEBUG net.thucydides.core.steps.StepInterceptor - STARTING STEP: login.ValidID - inputID
13:45:59.136 [Forwarding findElement on session 2340b9a008f2a0158e3d8f1730133a9a to remote] DEBUG org.asynchttpclient.netty.request.NettyRequestSender - Using pooled Channel '[id: 0x4a64b794, L:/127.0.0.1:64497 - R:localhost/127.0.0.1:64209]' for 'POST' to 'http://localhost:64209/session/2340b9a008f2a0158e3d8f1730133a9a/element'
13:45:59.136 [Forwarding findElement on session 2340b9a008f2a0158e3d8f1730133a9a to remote] DEBUG org.asynchttpclient.netty.request.NettyRequestSender - Using open Channel [id: 0x4a64b794, L:/127.0.0.1:64497 - R:localhost/127.0.0.1:64209] for POST '/session/2340b9a008f2a0158e3d8f1730133a9a/element'
13:45:59.181 [AsyncHttpClient-1-9] DEBUG org.asynchttpclient.netty.handler.HttpHandler - 

Request DefaultHttpRequest(decodeResult: success, version: HTTP/1.1)
POST /session/2340b9a008f2a0158e3d8f1730133a9a/element HTTP/1.1
User-Agent: selenium/4.1.2 (java windows)
Content-Length: 47
Content-Type: application/json; charset=utf-8
host: localhost:64209
accept: */*

Response DefaultHttpResponse(decodeResult: success, version: HTTP/1.1)
HTTP/1.1 200 OK
Content-Type: application/json; charset=utf-8
cache-control: no-cache
content-length: 88

13:45:59.181 [AsyncHttpClient-1-9] DEBUG org.asynchttpclient.netty.channel.ChannelManager - Adding key: http://localhost:64209 for channel [id: 0x4a64b794, L:/127.0.0.1:64497 - R:localhost/127.0.0.1:64209]
13:45:59.183 [Forwarding clearElement on session 2340b9a008f2a0158e3d8f1730133a9a to remote] DEBUG org.asynchttpclient.netty.request.NettyRequestSender - Using pooled Channel '[id: 0x4a64b794, L:/127.0.0.1:64497 - R:localhost/127.0.0.1:64209]' for 'POST' to 'http://localhost:64209/session/2340b9a008f2a0158e3d8f1730133a9a/element/f152e83d-6531-4807-a976-4b24840de700/clear'
13:45:59.183 [Forwarding clearElement on session 2340b9a008f2a0158e3d8f1730133a9a to remote] DEBUG org.asynchttpclient.netty.request.NettyRequestSender - Using open Channel [id: 0x4a64b794, L:/127.0.0.1:64497 - R:localhost/127.0.0.1:64209] for POST '/session/2340b9a008f2a0158e3d8f1730133a9a/element/f152e83d-6531-4807-a976-4b24840de700/clear'
13:45:59.316 [AsyncHttpClient-1-9] DEBUG org.asynchttpclient.netty.handler.HttpHandler - 

Request DefaultHttpRequest(decodeResult: success, version: HTTP/1.1)
POST /session/2340b9a008f2a0158e3d8f1730133a9a/element/f152e83d-6531-4807-a976-4b24840de700/clear HTTP/1.1
User-Agent: selenium/4.1.2 (java windows)
Content-Length: 50
Content-Type: application/json; charset=utf-8
host: localhost:64209
accept: */*

Response DefaultHttpResponse(decodeResult: success, version: HTTP/1.1)
HTTP/1.1 200 OK
Content-Type: application/json; charset=utf-8
cache-control: no-cache
content-length: 14

13:45:59.316 [AsyncHttpClient-1-9] DEBUG org.asynchttpclient.netty.channel.ChannelManager - Adding key: http://localhost:64209 for channel [id: 0x4a64b794, L:/127.0.0.1:64497 - R:localhost/127.0.0.1:64209]
13:45:59.321 [Forwarding sendKeysToElement on session 2340b9a008f2a0158e3d8f1730133a9a to remote] DEBUG org.asynchttpclient.netty.request.NettyRequestSender - Using pooled Channel '[id: 0x4a64b794, L:/127.0.0.1:64497 - R:localhost/127.0.0.1:64209]' for 'POST' to 'http://localhost:64209/session/2340b9a008f2a0158e3d8f1730133a9a/element/f152e83d-6531-4807-a976-4b24840de700/value'
13:45:59.322 [Forwarding sendKeysToElement on session 2340b9a008f2a0158e3d8f1730133a9a to remote] DEBUG org.asynchttpclient.netty.request.NettyRequestSender - Using open Channel [id: 0x4a64b794, L:/127.0.0.1:64497 - R:localhost/127.0.0.1:64209] for POST '/session/2340b9a008f2a0158e3d8f1730133a9a/element/f152e83d-6531-4807-a976-4b24840de700/value'
13:45:59.698 [AsyncHttpClient-1-9] DEBUG org.asynchttpclient.netty.handler.HttpHandler - 

Request DefaultHttpRequest(decodeResult: success, version: HTTP/1.1)
POST /session/2340b9a008f2a0158e3d8f1730133a9a/element/f152e83d-6531-4807-a976-4b24840de700/value HTTP/1.1
User-Agent: selenium/4.1.2 (java windows)
Content-Length: 151
Content-Type: application/json; charset=utf-8
host: localhost:64209
accept: */*

Response DefaultHttpResponse(decodeResult: success, version: HTTP/1.1)
HTTP/1.1 200 OK
Content-Type: application/json; charset=utf-8
cache-control: no-cache
content-length: 14

13:45:59.699 [AsyncHttpClient-1-9] DEBUG org.asynchttpclient.netty.channel.ChannelManager - Adding key: http://localhost:64209 for channel [id: 0x4a64b794, L:/127.0.0.1:64497 - R:localhost/127.0.0.1:64209]
13:45:59.719 [Forwarding screenshot on session 2340b9a008f2a0158e3d8f1730133a9a to remote] DEBUG org.asynchttpclient.netty.request.NettyRequestSender - Using pooled Channel '[id: 0x4a64b794, L:/127.0.0.1:64497 - R:localhost/127.0.0.1:64209]' for 'GET' to 'http://localhost:64209/session/2340b9a008f2a0158e3d8f1730133a9a/screenshot'
13:45:59.719 [Forwarding screenshot on session 2340b9a008f2a0158e3d8f1730133a9a to remote] DEBUG org.asynchttpclient.netty.request.NettyRequestSender - Using open Channel [id: 0x4a64b794, L:/127.0.0.1:64497 - R:localhost/127.0.0.1:64209] for GET '/session/2340b9a008f2a0158e3d8f1730133a9a/screenshot'
13:45:59.940 [AsyncHttpClient-1-9] DEBUG org.asynchttpclient.netty.handler.HttpHandler - 

Request DefaultFullHttpRequest(decodeResult: success, version: HTTP/1.1, content: EmptyByteBufBE)
GET /session/2340b9a008f2a0158e3d8f1730133a9a/screenshot HTTP/1.1
User-Agent: selenium/4.1.2 (java windows)
Cache-Control: no-cache
Content-Type: application/json; charset=utf-8
host: localhost:64209
accept: */*

Response DefaultHttpResponse(decodeResult: success, version: HTTP/1.1)
HTTP/1.1 200 OK
Content-Type: application/json; charset=utf-8
cache-control: no-cache
content-length: 108888

13:45:59.941 [AsyncHttpClient-1-9] DEBUG org.asynchttpclient.netty.channel.ChannelManager - Adding key: http://localhost:64209 for channel [id: 0x4a64b794, L:/127.0.0.1:64497 - R:localhost/127.0.0.1:64209]
13:45:59.951 [main] DEBUG net.serenitybdd.core.photography.Darkroom - Send negative for processing for target\site\serenity\ac7634d7ca6454f33acf533e6b1ab917867792654c61cca383f5077c50df77e5.png
13:45:59.952 [main] DEBUG net.thucydides.core.steps.StepInterceptor - STEP DONE: inputID
  &amp#27;[32mWhen &amp#27;[0m&amp#27;[32madmin input valid id&amp#27;[0m                           &amp#27;[90m# starter.definitions.login.ValidID()&amp#27;[0m
13:45:59.996 [main] DEBUG net.thucydides.core.steps.StepInterceptor - STARTING STEP: login.ValidPassword - inputPassword
13:46:00.005 [Forwarding findElement on session 2340b9a008f2a0158e3d8f1730133a9a to remote] DEBUG org.asynchttpclient.netty.request.NettyRequestSender - Using pooled Channel '[id: 0x4a64b794, L:/127.0.0.1:64497 - R:localhost/127.0.0.1:64209]' for 'POST' to 'http://localhost:64209/session/2340b9a008f2a0158e3d8f1730133a9a/element'
13:46:00.005 [Forwarding findElement on session 2340b9a008f2a0158e3d8f1730133a9a to remote] DEBUG org.asynchttpclient.netty.request.NettyRequestSender - Using open Channel [id: 0x4a64b794, L:/127.0.0.1:64497 - R:localhost/127.0.0.1:64209] for POST '/session/2340b9a008f2a0158e3d8f1730133a9a/element'
13:46:00.029 [AsyncHttpClient-1-1] DEBUG org.asynchttpclient.netty.channel.DefaultChannelPool - Entry count for : http://localhost:64498 : 1
13:46:00.047 [AsyncHttpClient-1-9] DEBUG org.asynchttpclient.netty.handler.HttpHandler - 

Request DefaultHttpRequest(decodeResult: success, version: HTTP/1.1)
POST /session/2340b9a008f2a0158e3d8f1730133a9a/element HTTP/1.1
User-Agent: selenium/4.1.2 (java windows)
Content-Length: 53
Content-Type: application/json; charset=utf-8
host: localhost:64209
accept: */*

Response DefaultHttpResponse(decodeResult: success, version: HTTP/1.1)
HTTP/1.1 200 OK
Content-Type: application/json; charset=utf-8
cache-control: no-cache
content-length: 88

13:46:00.047 [AsyncHttpClient-1-9] DEBUG org.asynchttpclient.netty.channel.ChannelManager - Adding key: http://localhost:64209 for channel [id: 0x4a64b794, L:/127.0.0.1:64497 - R:localhost/127.0.0.1:64209]
13:46:00.049 [Forwarding clearElement on session 2340b9a008f2a0158e3d8f1730133a9a to remote] DEBUG org.asynchttpclient.netty.request.NettyRequestSender - Using pooled Channel '[id: 0x4a64b794, L:/127.0.0.1:64497 - R:localhost/127.0.0.1:64209]' for 'POST' to 'http://localhost:64209/session/2340b9a008f2a0158e3d8f1730133a9a/element/63fa5cea-5c6b-44de-ade3-31f22359b170/clear'
13:46:00.050 [Forwarding clearElement on session 2340b9a008f2a0158e3d8f1730133a9a to remote] DEBUG org.asynchttpclient.netty.request.NettyRequestSender - Using open Channel [id: 0x4a64b794, L:/127.0.0.1:64497 - R:localhost/127.0.0.1:64209] for POST '/session/2340b9a008f2a0158e3d8f1730133a9a/element/63fa5cea-5c6b-44de-ade3-31f22359b170/clear'
13:46:00.177 [AsyncHttpClient-1-9] DEBUG org.asynchttpclient.netty.handler.HttpHandler - 

Request DefaultHttpRequest(decodeResult: success, version: HTTP/1.1)
POST /session/2340b9a008f2a0158e3d8f1730133a9a/element/63fa5cea-5c6b-44de-ade3-31f22359b170/clear HTTP/1.1
User-Agent: selenium/4.1.2 (java windows)
Content-Length: 50
Content-Type: application/json; charset=utf-8
host: localhost:64209
accept: */*

Response DefaultHttpResponse(decodeResult: success, version: HTTP/1.1)
HTTP/1.1 200 OK
Content-Type: application/json; charset=utf-8
cache-control: no-cache
content-length: 14

13:46:00.177 [AsyncHttpClient-1-9] DEBUG org.asynchttpclient.netty.channel.ChannelManager - Adding key: http://localhost:64209 for channel [id: 0x4a64b794, L:/127.0.0.1:64497 - R:localhost/127.0.0.1:64209]
13:46:00.182 [Forwarding sendKeysToElement on session 2340b9a008f2a0158e3d8f1730133a9a to remote] DEBUG org.asynchttpclient.netty.request.NettyRequestSender - Using pooled Channel '[id: 0x4a64b794, L:/127.0.0.1:64497 - R:localhost/127.0.0.1:64209]' for 'POST' to 'http://localhost:64209/session/2340b9a008f2a0158e3d8f1730133a9a/element/63fa5cea-5c6b-44de-ade3-31f22359b170/value'
13:46:00.182 [Forwarding sendKeysToElement on session 2340b9a008f2a0158e3d8f1730133a9a to remote] DEBUG org.asynchttpclient.netty.request.NettyRequestSender - Using open Channel [id: 0x4a64b794, L:/127.0.0.1:64497 - R:localhost/127.0.0.1:64209] for POST '/session/2340b9a008f2a0158e3d8f1730133a9a/element/63fa5cea-5c6b-44de-ade3-31f22359b170/value'
13:46:00.374 [AsyncHttpClient-1-9] DEBUG org.asynchttpclient.netty.handler.HttpHandler - 

Request DefaultHttpRequest(decodeResult: success, version: HTTP/1.1)
POST /session/2340b9a008f2a0158e3d8f1730133a9a/element/63fa5cea-5c6b-44de-ade3-31f22359b170/value HTTP/1.1
User-Agent: selenium/4.1.2 (java windows)
Content-Length: 121
Content-Type: application/json; charset=utf-8
host: localhost:64209
accept: */*

Response DefaultHttpResponse(decodeResult: success, version: HTTP/1.1)
HTTP/1.1 200 OK
Content-Type: application/json; charset=utf-8
cache-control: no-cache
content-length: 14

13:46:00.374 [AsyncHttpClient-1-9] DEBUG org.asynchttpclient.netty.channel.ChannelManager - Adding key: http://localhost:64209 for channel [id: 0x4a64b794, L:/127.0.0.1:64497 - R:localhost/127.0.0.1:64209]
13:46:00.399 [Forwarding screenshot on session 2340b9a008f2a0158e3d8f1730133a9a to remote] DEBUG org.asynchttpclient.netty.request.NettyRequestSender - Using pooled Channel '[id: 0x4a64b794, L:/127.0.0.1:64497 - R:localhost/127.0.0.1:64209]' for 'GET' to 'http://localhost:64209/session/2340b9a008f2a0158e3d8f1730133a9a/screenshot'
13:46:00.399 [Forwarding screenshot on session 2340b9a008f2a0158e3d8f1730133a9a to remote] DEBUG org.asynchttpclient.netty.request.NettyRequestSender - Using open Channel [id: 0x4a64b794, L:/127.0.0.1:64497 - R:localhost/127.0.0.1:64209] for GET '/session/2340b9a008f2a0158e3d8f1730133a9a/screenshot'
13:46:00.678 [AsyncHttpClient-1-9] DEBUG org.asynchttpclient.netty.handler.HttpHandler - 

Request DefaultFullHttpRequest(decodeResult: success, version: HTTP/1.1, content: EmptyByteBufBE)
GET /session/2340b9a008f2a0158e3d8f1730133a9a/screenshot HTTP/1.1
User-Agent: selenium/4.1.2 (java windows)
Cache-Control: no-cache
Content-Type: application/json; charset=utf-8
host: localhost:64209
accept: */*

Response DefaultHttpResponse(decodeResult: success, version: HTTP/1.1)
HTTP/1.1 200 OK
Content-Type: application/json; charset=utf-8
cache-control: no-cache
content-length: 107164

13:46:00.680 [AsyncHttpClient-1-9] DEBUG org.asynchttpclient.netty.channel.ChannelManager - Adding key: http://localhost:64209 for channel [id: 0x4a64b794, L:/127.0.0.1:64497 - R:localhost/127.0.0.1:64209]
13:46:00.690 [main] DEBUG net.serenitybdd.core.photography.Darkroom - Send negative for processing for target\site\serenity\d874a8400219331461e8bfe481a6f4cce54b81ddc9b9e796b0e9e20a97e4d143.png
13:46:00.690 [main] DEBUG net.thucydides.core.steps.StepInterceptor - STEP DONE: inputPassword
  &amp#27;[32mAnd &amp#27;[0m&amp#27;[32madmin input valid password&amp#27;[0m                      &amp#27;[90m# starter.definitions.login.ValidPassword()&amp#27;[0m
13:46:00.732 [main] DEBUG net.thucydides.core.steps.StepInterceptor - STARTING STEP: login.LoginButton - clickloginButton
13:46:00.738 [Forwarding findElement on session 2340b9a008f2a0158e3d8f1730133a9a to remote] DEBUG org.asynchttpclient.netty.request.NettyRequestSender - Using pooled Channel '[id: 0x4a64b794, L:/127.0.0.1:64497 - R:localhost/127.0.0.1:64209]' for 'POST' to 'http://localhost:64209/session/2340b9a008f2a0158e3d8f1730133a9a/element'
13:46:00.738 [Forwarding findElement on session 2340b9a008f2a0158e3d8f1730133a9a to remote] DEBUG org.asynchttpclient.netty.request.NettyRequestSender - Using open Channel [id: 0x4a64b794, L:/127.0.0.1:64497 - R:localhost/127.0.0.1:64209] for POST '/session/2340b9a008f2a0158e3d8f1730133a9a/element'
13:46:00.770 [AsyncHttpClient-1-9] DEBUG org.asynchttpclient.netty.handler.HttpHandler - 

Request DefaultHttpRequest(decodeResult: success, version: HTTP/1.1)
POST /session/2340b9a008f2a0158e3d8f1730133a9a/element HTTP/1.1
User-Agent: selenium/4.1.2 (java windows)
Content-Length: 101
Content-Type: application/json; charset=utf-8
host: localhost:64209
accept: */*

Response DefaultHttpResponse(decodeResult: success, version: HTTP/1.1)
HTTP/1.1 200 OK
Content-Type: application/json; charset=utf-8
cache-control: no-cache
content-length: 88

13:46:00.771 [AsyncHttpClient-1-9] DEBUG org.asynchttpclient.netty.channel.ChannelManager - Adding key: http://localhost:64209 for channel [id: 0x4a64b794, L:/127.0.0.1:64497 - R:localhost/127.0.0.1:64209]
13:46:00.773 [Forwarding getElementTagName on session 2340b9a008f2a0158e3d8f1730133a9a to remote] DEBUG org.asynchttpclient.netty.request.NettyRequestSender - Using pooled Channel '[id: 0x4a64b794, L:/127.0.0.1:64497 - R:localhost/127.0.0.1:64209]' for 'GET' to 'http://localhost:64209/session/2340b9a008f2a0158e3d8f1730133a9a/element/5ce55219-fff5-445e-b4ac-c88e51f3ea91/name'
13:46:00.774 [Forwarding getElementTagName on session 2340b9a008f2a0158e3d8f1730133a9a to remote] DEBUG org.asynchttpclient.netty.request.NettyRequestSender - Using open Channel [id: 0x4a64b794, L:/127.0.0.1:64497 - R:localhost/127.0.0.1:64209] for GET '/session/2340b9a008f2a0158e3d8f1730133a9a/element/5ce55219-fff5-445e-b4ac-c88e51f3ea91/name'
13:46:00.816 [AsyncHttpClient-1-9] DEBUG org.asynchttpclient.netty.handler.HttpHandler - 

Request DefaultFullHttpRequest(decodeResult: success, version: HTTP/1.1, content: EmptyByteBufBE)
GET /session/2340b9a008f2a0158e3d8f1730133a9a/element/5ce55219-fff5-445e-b4ac-c88e51f3ea91/name HTTP/1.1
User-Agent: selenium/4.1.2 (java windows)
Cache-Control: no-cache
Content-Type: application/json; charset=utf-8
host: localhost:64209
accept: */*

Response DefaultHttpResponse(decodeResult: success, version: HTTP/1.1)
HTTP/1.1 200 OK
Content-Type: application/json; charset=utf-8
cache-control: no-cache
content-length: 18

13:46:00.817 [AsyncHttpClient-1-9] DEBUG org.asynchttpclient.netty.channel.ChannelManager - Adding key: http://localhost:64209 for channel [id: 0x4a64b794, L:/127.0.0.1:64497 - R:localhost/127.0.0.1:64209]
13:46:00.819 [Forwarding getElementTagName on session 2340b9a008f2a0158e3d8f1730133a9a to remote] DEBUG org.asynchttpclient.netty.request.NettyRequestSender - Using pooled Channel '[id: 0x4a64b794, L:/127.0.0.1:64497 - R:localhost/127.0.0.1:64209]' for 'GET' to 'http://localhost:64209/session/2340b9a008f2a0158e3d8f1730133a9a/element/5ce55219-fff5-445e-b4ac-c88e51f3ea91/name'
13:46:00.819 [Forwarding getElementTagName on session 2340b9a008f2a0158e3d8f1730133a9a to remote] DEBUG org.asynchttpclient.netty.request.NettyRequestSender - Using open Channel [id: 0x4a64b794, L:/127.0.0.1:64497 - R:localhost/127.0.0.1:64209] for GET '/session/2340b9a008f2a0158e3d8f1730133a9a/element/5ce55219-fff5-445e-b4ac-c88e51f3ea91/name'
13:46:00.835 [AsyncHttpClient-1-9] DEBUG org.asynchttpclient.netty.handler.HttpHandler - 

Request DefaultFullHttpRequest(decodeResult: success, version: HTTP/1.1, content: EmptyByteBufBE)
GET /session/2340b9a008f2a0158e3d8f1730133a9a/element/5ce55219-fff5-445e-b4ac-c88e51f3ea91/name HTTP/1.1
User-Agent: selenium/4.1.2 (java windows)
Cache-Control: no-cache
Content-Type: application/json; charset=utf-8
host: localhost:64209
accept: */*

Response DefaultHttpResponse(decodeResult: success, version: HTTP/1.1)
HTTP/1.1 200 OK
Content-Type: application/json; charset=utf-8
cache-control: no-cache
content-length: 18

13:46:00.835 [AsyncHttpClient-1-9] DEBUG org.asynchttpclient.netty.channel.ChannelManager - Adding key: http://localhost:64209 for channel [id: 0x4a64b794, L:/127.0.0.1:64497 - R:localhost/127.0.0.1:64209]
13:46:00.842 [Forwarding isElementEnabled on session 2340b9a008f2a0158e3d8f1730133a9a to remote] DEBUG org.asynchttpclient.netty.request.NettyRequestSender - Using pooled Channel '[id: 0x4a64b794, L:/127.0.0.1:64497 - R:localhost/127.0.0.1:64209]' for 'GET' to 'http://localhost:64209/session/2340b9a008f2a0158e3d8f1730133a9a/element/5ce55219-fff5-445e-b4ac-c88e51f3ea91/enabled'
13:46:00.842 [Forwarding isElementEnabled on session 2340b9a008f2a0158e3d8f1730133a9a to remote] DEBUG org.asynchttpclient.netty.request.NettyRequestSender - Using open Channel [id: 0x4a64b794, L:/127.0.0.1:64497 - R:localhost/127.0.0.1:64209] for GET '/session/2340b9a008f2a0158e3d8f1730133a9a/element/5ce55219-fff5-445e-b4ac-c88e51f3ea91/enabled'
13:46:00.874 [AsyncHttpClient-1-9] DEBUG org.asynchttpclient.netty.handler.HttpHandler - 

Request DefaultFullHttpRequest(decodeResult: success, version: HTTP/1.1, content: EmptyByteBufBE)
GET /session/2340b9a008f2a0158e3d8f1730133a9a/element/5ce55219-fff5-445e-b4ac-c88e51f3ea91/enabled HTTP/1.1
User-Agent: selenium/4.1.2 (java windows)
Cache-Control: no-cache
Content-Type: application/json; charset=utf-8
host: localhost:64209
accept: */*

Response DefaultHttpResponse(decodeResult: success, version: HTTP/1.1)
HTTP/1.1 200 OK
Content-Type: application/json; charset=utf-8
cache-control: no-cache
content-length: 14

13:46:00.874 [AsyncHttpClient-1-9] DEBUG org.asynchttpclient.netty.channel.ChannelManager - Adding key: http://localhost:64209 for channel [id: 0x4a64b794, L:/127.0.0.1:64497 - R:localhost/127.0.0.1:64209]
13:46:00.878 [Forwarding isElementEnabled on session 2340b9a008f2a0158e3d8f1730133a9a to remote] DEBUG org.asynchttpclient.netty.request.NettyRequestSender - Using pooled Channel '[id: 0x4a64b794, L:/127.0.0.1:64497 - R:localhost/127.0.0.1:64209]' for 'GET' to 'http://localhost:64209/session/2340b9a008f2a0158e3d8f1730133a9a/element/5ce55219-fff5-445e-b4ac-c88e51f3ea91/enabled'
13:46:00.879 [Forwarding isElementEnabled on session 2340b9a008f2a0158e3d8f1730133a9a to remote] DEBUG org.asynchttpclient.netty.request.NettyRequestSender - Using open Channel [id: 0x4a64b794, L:/127.0.0.1:64497 - R:localhost/127.0.0.1:64209] for GET '/session/2340b9a008f2a0158e3d8f1730133a9a/element/5ce55219-fff5-445e-b4ac-c88e51f3ea91/enabled'
13:46:00.894 [AsyncHttpClient-1-9] DEBUG org.asynchttpclient.netty.handler.HttpHandler - 

Request DefaultFullHttpRequest(decodeResult: success, version: HTTP/1.1, content: EmptyByteBufBE)
GET /session/2340b9a008f2a0158e3d8f1730133a9a/element/5ce55219-fff5-445e-b4ac-c88e51f3ea91/enabled HTTP/1.1
User-Agent: selenium/4.1.2 (java windows)
Cache-Control: no-cache
Content-Type: application/json; charset=utf-8
host: localhost:64209
accept: */*

Response DefaultHttpResponse(decodeResult: success, version: HTTP/1.1)
HTTP/1.1 200 OK
Content-Type: application/json; charset=utf-8
cache-control: no-cache
content-length: 14

13:46:00.894 [AsyncHttpClient-1-9] DEBUG org.asynchttpclient.netty.channel.ChannelManager - Adding key: http://localhost:64209 for channel [id: 0x4a64b794, L:/127.0.0.1:64497 - R:localhost/127.0.0.1:64209]
13:46:00.899 [Forwarding findElement on session 2340b9a008f2a0158e3d8f1730133a9a to remote] DEBUG org.asynchttpclient.netty.request.NettyRequestSender - Using pooled Channel '[id: 0x4a64b794, L:/127.0.0.1:64497 - R:localhost/127.0.0.1:64209]' for 'POST' to 'http://localhost:64209/session/2340b9a008f2a0158e3d8f1730133a9a/element'
13:46:00.899 [Forwarding findElement on session 2340b9a008f2a0158e3d8f1730133a9a to remote] DEBUG org.asynchttpclient.netty.request.NettyRequestSender - Using open Channel [id: 0x4a64b794, L:/127.0.0.1:64497 - R:localhost/127.0.0.1:64209] for POST '/session/2340b9a008f2a0158e3d8f1730133a9a/element'
13:46:00.921 [AsyncHttpClient-1-9] DEBUG org.asynchttpclient.netty.handler.HttpHandler - 

Request DefaultHttpRequest(decodeResult: success, version: HTTP/1.1)
POST /session/2340b9a008f2a0158e3d8f1730133a9a/element HTTP/1.1
User-Agent: selenium/4.1.2 (java windows)
Content-Length: 101
Content-Type: application/json; charset=utf-8
host: localhost:64209
accept: */*

Response DefaultHttpResponse(decodeResult: success, version: HTTP/1.1)
HTTP/1.1 200 OK
Content-Type: application/json; charset=utf-8
cache-control: no-cache
content-length: 88

13:46:00.921 [AsyncHttpClient-1-9] DEBUG org.asynchttpclient.netty.channel.ChannelManager - Adding key: http://localhost:64209 for channel [id: 0x4a64b794, L:/127.0.0.1:64497 - R:localhost/127.0.0.1:64209]
13:46:00.925 [Forwarding clickElement on session 2340b9a008f2a0158e3d8f1730133a9a to remote] DEBUG org.asynchttpclient.netty.request.NettyRequestSender - Using pooled Channel '[id: 0x4a64b794, L:/127.0.0.1:64497 - R:localhost/127.0.0.1:64209]' for 'POST' to 'http://localhost:64209/session/2340b9a008f2a0158e3d8f1730133a9a/element/5ce55219-fff5-445e-b4ac-c88e51f3ea91/click'
13:46:00.925 [Forwarding clickElement on session 2340b9a008f2a0158e3d8f1730133a9a to remote] DEBUG org.asynchttpclient.netty.request.NettyRequestSender - Using open Channel [id: 0x4a64b794, L:/127.0.0.1:64497 - R:localhost/127.0.0.1:64209] for POST '/session/2340b9a008f2a0158e3d8f1730133a9a/element/5ce55219-fff5-445e-b4ac-c88e51f3ea91/click'
13:46:01.107 [AsyncHttpClient-1-9] DEBUG org.asynchttpclient.netty.handler.HttpHandler - 

Request DefaultHttpRequest(decodeResult: success, version: HTTP/1.1)
POST /session/2340b9a008f2a0158e3d8f1730133a9a/element/5ce55219-fff5-445e-b4ac-c88e51f3ea91/click HTTP/1.1
User-Agent: selenium/4.1.2 (java windows)
Content-Length: 50
Content-Type: application/json; charset=utf-8
host: localhost:64209
accept: */*

Response DefaultHttpResponse(decodeResult: success, version: HTTP/1.1)
HTTP/1.1 200 OK
Content-Type: application/json; charset=utf-8
cache-control: no-cache
content-length: 14

13:46:01.108 [AsyncHttpClient-1-9] DEBUG org.asynchttpclient.netty.channel.ChannelManager - Adding key: http://localhost:64209 for channel [id: 0x4a64b794, L:/127.0.0.1:64497 - R:localhost/127.0.0.1:64209]
13:46:01.124 [Forwarding screenshot on session 2340b9a008f2a0158e3d8f1730133a9a to remote] DEBUG org.asynchttpclient.netty.request.NettyRequestSender - Using pooled Channel '[id: 0x4a64b794, L:/127.0.0.1:64497 - R:localhost/127.0.0.1:64209]' for 'GET' to 'http://localhost:64209/session/2340b9a008f2a0158e3d8f1730133a9a/screenshot'
13:46:01.124 [Forwarding screenshot on session 2340b9a008f2a0158e3d8f1730133a9a to remote] DEBUG org.asynchttpclient.netty.request.NettyRequestSender - Using open Channel [id: 0x4a64b794, L:/127.0.0.1:64497 - R:localhost/127.0.0.1:64209] for GET '/session/2340b9a008f2a0158e3d8f1730133a9a/screenshot'
13:46:01.133 [AsyncHttpClient-1-1] DEBUG org.asynchttpclient.netty.channel.DefaultChannelPool - Entry count for : http://localhost:64498 : 1
13:46:01.351 [AsyncHttpClient-1-9] DEBUG org.asynchttpclient.netty.handler.HttpHandler - 

Request DefaultFullHttpRequest(decodeResult: success, version: HTTP/1.1, content: EmptyByteBufBE)
GET /session/2340b9a008f2a0158e3d8f1730133a9a/screenshot HTTP/1.1
User-Agent: selenium/4.1.2 (java windows)
Cache-Control: no-cache
Content-Type: application/json; charset=utf-8
host: localhost:64209
accept: */*

Response DefaultHttpResponse(decodeResult: success, version: HTTP/1.1)
HTTP/1.1 200 OK
Content-Type: application/json; charset=utf-8
cache-control: no-cache
content-length: 107016

13:46:01.351 [AsyncHttpClient-1-9] DEBUG org.asynchttpclient.netty.channel.ChannelManager - Adding key: http://localhost:64209 for channel [id: 0x4a64b794, L:/127.0.0.1:64497 - R:localhost/127.0.0.1:64209]
13:46:01.363 [main] DEBUG net.serenitybdd.core.photography.Darkroom - Send negative for processing for target\site\serenity\fa02d1a695884dcfca9a3e200c1810840eb9d588627830a2ad5fce2afe2ef956.png
13:46:01.363 [main] DEBUG net.thucydides.core.steps.StepInterceptor - STEP DONE: clickloginButton
  &amp#27;[32mAnd &amp#27;[0m&amp#27;[32madmin click on masuk button&amp#27;[0m                     &amp#27;[90m# starter.definitions.login.LoginButton()&amp#27;[0m
13:46:01.363 [Darkroom Processing Line] DEBUG net.serenitybdd.core.photography.DarkroomProcessingLine - Processing screenshot image in /var/screenshots/screenshot-3597111688121366429
13:46:01.363 [Darkroom Processing Line] DEBUG net.serenitybdd.core.photography.DarkroomProcessingLine - Saving screenshot to target\site\serenity\fa02d1a695884dcfca9a3e200c1810840eb9d588627830a2ad5fce2afe2ef956.png
13:46:01.405 [main] DEBUG net.thucydides.core.steps.StepInterceptor - STARTING STEP: login.HomePage - onHomePage
13:46:01.416 [Forwarding findElement on session 2340b9a008f2a0158e3d8f1730133a9a to remote] DEBUG org.asynchttpclient.netty.request.NettyRequestSender - Using pooled Channel '[id: 0x4a64b794, L:/127.0.0.1:64497 - R:localhost/127.0.0.1:64209]' for 'POST' to 'http://localhost:64209/session/2340b9a008f2a0158e3d8f1730133a9a/element'
13:46:01.417 [Forwarding findElement on session 2340b9a008f2a0158e3d8f1730133a9a to remote] DEBUG org.asynchttpclient.netty.request.NettyRequestSender - Using open Channel [id: 0x4a64b794, L:/127.0.0.1:64497 - R:localhost/127.0.0.1:64209] for POST '/session/2340b9a008f2a0158e3d8f1730133a9a/element'
13:46:02.228 [AsyncHttpClient-1-1] DEBUG org.asynchttpclient.netty.channel.DefaultChannelPool - Entry count for : http://localhost:64498 : 1
13:46:02.884 [AsyncHttpClient-1-9] DEBUG org.asynchttpclient.netty.handler.HttpHandler - 

Request DefaultHttpRequest(decodeResult: success, version: HTTP/1.1)
POST /session/2340b9a008f2a0158e3d8f1730133a9a/element HTTP/1.1
User-Agent: selenium/4.1.2 (java windows)
Content-Length: 101
Content-Type: application/json; charset=utf-8
host: localhost:64209
accept: */*

Response DefaultHttpResponse(decodeResult: success, version: HTTP/1.1)
HTTP/1.1 200 OK
Content-Type: application/json; charset=utf-8
cache-control: no-cache
content-length: 88

13:46:02.884 [AsyncHttpClient-1-9] DEBUG org.asynchttpclient.netty.channel.ChannelManager - Adding key: http://localhost:64209 for channel [id: 0x4a64b794, L:/127.0.0.1:64497 - R:localhost/127.0.0.1:64209]
13:46:02.892 [Forwarding isElementDisplayed on session 2340b9a008f2a0158e3d8f1730133a9a to remote] DEBUG org.asynchttpclient.netty.request.NettyRequestSender - Using pooled Channel '[id: 0x4a64b794, L:/127.0.0.1:64497 - R:localhost/127.0.0.1:64209]' for 'POST' to 'http://localhost:64209/session/2340b9a008f2a0158e3d8f1730133a9a/execute/sync'
13:46:02.892 [Forwarding isElementDisplayed on session 2340b9a008f2a0158e3d8f1730133a9a to remote] DEBUG org.asynchttpclient.netty.request.NettyRequestSender - Using open Channel [id: 0x4a64b794, L:/127.0.0.1:64497 - R:localhost/127.0.0.1:64209] for POST '/session/2340b9a008f2a0158e3d8f1730133a9a/execute/sync'
13:46:02.972 [AsyncHttpClient-1-9] DEBUG org.asynchttpclient.netty.handler.HttpHandler - 

Request DefaultHttpRequest(decodeResult: success, version: HTTP/1.1)
POST /session/2340b9a008f2a0158e3d8f1730133a9a/execute/sync HTTP/1.1
User-Agent: selenium/4.1.2 (java windows)
Content-Length: 48780
Content-Type: application/json; charset=utf-8
host: localhost:64209
accept: */*

Response DefaultHttpResponse(decodeResult: success, version: HTTP/1.1)
HTTP/1.1 200 OK
Content-Type: application/json; charset=utf-8
cache-control: no-cache
content-length: 14

13:46:02.972 [AsyncHttpClient-1-9] DEBUG org.asynchttpclient.netty.channel.ChannelManager - Adding key: http://localhost:64209 for channel [id: 0x4a64b794, L:/127.0.0.1:64497 - R:localhost/127.0.0.1:64209]
13:46:02.985 [Forwarding screenshot on session 2340b9a008f2a0158e3d8f1730133a9a to remote] DEBUG org.asynchttpclient.netty.request.NettyRequestSender - Using pooled Channel '[id: 0x4a64b794, L:/127.0.0.1:64497 - R:localhost/127.0.0.1:64209]' for 'GET' to 'http://localhost:64209/session/2340b9a008f2a0158e3d8f1730133a9a/screenshot'
13:46:02.985 [Forwarding screenshot on session 2340b9a008f2a0158e3d8f1730133a9a to remote] DEBUG org.asynchttpclient.netty.request.NettyRequestSender - Using open Channel [id: 0x4a64b794, L:/127.0.0.1:64497 - R:localhost/127.0.0.1:64209] for GET '/session/2340b9a008f2a0158e3d8f1730133a9a/screenshot'
13:46:03.210 [AsyncHttpClient-1-9] DEBUG org.asynchttpclient.netty.handler.HttpHandler - 

Request DefaultFullHttpRequest(decodeResult: success, version: HTTP/1.1, content: EmptyByteBufBE)
GET /session/2340b9a008f2a0158e3d8f1730133a9a/screenshot HTTP/1.1
User-Agent: selenium/4.1.2 (java windows)
Cache-Control: no-cache
Content-Type: application/json; charset=utf-8
host: localhost:64209
accept: */*

Response DefaultHttpResponse(decodeResult: success, version: HTTP/1.1)
HTTP/1.1 200 OK
Content-Type: application/json; charset=utf-8
cache-control: no-cache
content-length: 58204

13:46:03.211 [AsyncHttpClient-1-9] DEBUG org.asynchttpclient.netty.channel.ChannelManager - Adding key: http://localhost:64209 for channel [id: 0x4a64b794, L:/127.0.0.1:64497 - R:localhost/127.0.0.1:64209]
13:46:03.219 [main] DEBUG net.serenitybdd.core.photography.Darkroom - Send negative for processing for target\site\serenity\582ff3de845e7de267d444f1cec5ddf51f4d7ed2aa94af3517fc717da5b6b603.png
13:46:03.220 [main] DEBUG net.thucydides.core.steps.StepInterceptor - STEP DONE: onHomePage
  &amp#27;[32mThen &amp#27;[0m&amp#27;[32madmin on homepage&amp#27;[0m                              &amp#27;[90m# starter.definitions.login.HomePage()&amp#27;[0m
13:46:03.220 [Darkroom Processing Line] DEBUG net.serenitybdd.core.photography.DarkroomProcessingLine - Processing screenshot image in /var/screenshots/screenshot-825555487221983420
13:46:03.220 [Darkroom Processing Line] DEBUG net.serenitybdd.core.photography.DarkroomProcessingLine - Saving screenshot to target\site\serenity\582ff3de845e7de267d444f1cec5ddf51f4d7ed2aa94af3517fc717da5b6b603.png
13:46:03.261 [main] DEBUG net.thucydides.core.steps.StepInterceptor - STARTING STEP: login.clickoldPationRegistButton - clickOldPatientRegist
13:46:03.270 [Forwarding findElement on session 2340b9a008f2a0158e3d8f1730133a9a to remote] DEBUG org.asynchttpclient.netty.request.NettyRequestSender - Using pooled Channel '[id: 0x4a64b794, L:/127.0.0.1:64497 - R:localhost/127.0.0.1:64209]' for 'POST' to 'http://localhost:64209/session/2340b9a008f2a0158e3d8f1730133a9a/element'
13:46:03.270 [Forwarding findElement on session 2340b9a008f2a0158e3d8f1730133a9a to remote] DEBUG org.asynchttpclient.netty.request.NettyRequestSender - Using open Channel [id: 0x4a64b794, L:/127.0.0.1:64497 - R:localhost/127.0.0.1:64209] for POST '/session/2340b9a008f2a0158e3d8f1730133a9a/element'
13:46:03.315 [AsyncHttpClient-1-9] DEBUG org.asynchttpclient.netty.handler.HttpHandler - 

Request DefaultHttpRequest(decodeResult: success, version: HTTP/1.1)
POST /session/2340b9a008f2a0158e3d8f1730133a9a/element HTTP/1.1
User-Agent: selenium/4.1.2 (java windows)
Content-Length: 97
Content-Type: application/json; charset=utf-8
host: localhost:64209
accept: */*

Response DefaultHttpResponse(decodeResult: success, version: HTTP/1.1)
HTTP/1.1 200 OK
Content-Type: application/json; charset=utf-8
cache-control: no-cache
content-length: 88

13:46:03.315 [AsyncHttpClient-1-9] DEBUG org.asynchttpclient.netty.channel.ChannelManager - Adding key: http://localhost:64209 for channel [id: 0x4a64b794, L:/127.0.0.1:64497 - R:localhost/127.0.0.1:64209]
13:46:03.317 [Forwarding getElementTagName on session 2340b9a008f2a0158e3d8f1730133a9a to remote] DEBUG org.asynchttpclient.netty.request.NettyRequestSender - Using pooled Channel '[id: 0x4a64b794, L:/127.0.0.1:64497 - R:localhost/127.0.0.1:64209]' for 'GET' to 'http://localhost:64209/session/2340b9a008f2a0158e3d8f1730133a9a/element/b39cb278-5ec0-4d8c-8fae-df9a012e2367/name'
13:46:03.317 [Forwarding getElementTagName on session 2340b9a008f2a0158e3d8f1730133a9a to remote] DEBUG org.asynchttpclient.netty.request.NettyRequestSender - Using open Channel [id: 0x4a64b794, L:/127.0.0.1:64497 - R:localhost/127.0.0.1:64209] for GET '/session/2340b9a008f2a0158e3d8f1730133a9a/element/b39cb278-5ec0-4d8c-8fae-df9a012e2367/name'
13:46:03.335 [AsyncHttpClient-1-1] DEBUG org.asynchttpclient.netty.channel.DefaultChannelPool - Entry count for : http://localhost:64498 : 1
13:46:03.343 [AsyncHttpClient-1-9] DEBUG org.asynchttpclient.netty.handler.HttpHandler - 

Request DefaultFullHttpRequest(decodeResult: success, version: HTTP/1.1, content: EmptyByteBufBE)
GET /session/2340b9a008f2a0158e3d8f1730133a9a/element/b39cb278-5ec0-4d8c-8fae-df9a012e2367/name HTTP/1.1
User-Agent: selenium/4.1.2 (java windows)
Cache-Control: no-cache
Content-Type: application/json; charset=utf-8
host: localhost:64209
accept: */*

Response DefaultHttpResponse(decodeResult: success, version: HTTP/1.1)
HTTP/1.1 200 OK
Content-Type: application/json; charset=utf-8
cache-control: no-cache
content-length: 13

13:46:03.343 [AsyncHttpClient-1-9] DEBUG org.asynchttpclient.netty.channel.ChannelManager - Adding key: http://localhost:64209 for channel [id: 0x4a64b794, L:/127.0.0.1:64497 - R:localhost/127.0.0.1:64209]
13:46:03.345 [Forwarding getElementTagName on session 2340b9a008f2a0158e3d8f1730133a9a to remote] DEBUG org.asynchttpclient.netty.request.NettyRequestSender - Using pooled Channel '[id: 0x4a64b794, L:/127.0.0.1:64497 - R:localhost/127.0.0.1:64209]' for 'GET' to 'http://localhost:64209/session/2340b9a008f2a0158e3d8f1730133a9a/element/b39cb278-5ec0-4d8c-8fae-df9a012e2367/name'
13:46:03.346 [Forwarding getElementTagName on session 2340b9a008f2a0158e3d8f1730133a9a to remote] DEBUG org.asynchttpclient.netty.request.NettyRequestSender - Using open Channel [id: 0x4a64b794, L:/127.0.0.1:64497 - R:localhost/127.0.0.1:64209] for GET '/session/2340b9a008f2a0158e3d8f1730133a9a/element/b39cb278-5ec0-4d8c-8fae-df9a012e2367/name'
13:46:03.364 [AsyncHttpClient-1-9] DEBUG org.asynchttpclient.netty.handler.HttpHandler - 

Request DefaultFullHttpRequest(decodeResult: success, version: HTTP/1.1, content: EmptyByteBufBE)
GET /session/2340b9a008f2a0158e3d8f1730133a9a/element/b39cb278-5ec0-4d8c-8fae-df9a012e2367/name HTTP/1.1
User-Agent: selenium/4.1.2 (java windows)
Cache-Control: no-cache
Content-Type: application/json; charset=utf-8
host: localhost:64209
accept: */*

Response DefaultHttpResponse(decodeResult: success, version: HTTP/1.1)
HTTP/1.1 200 OK
Content-Type: application/json; charset=utf-8
cache-control: no-cache
content-length: 13

13:46:03.364 [AsyncHttpClient-1-9] DEBUG org.asynchttpclient.netty.channel.ChannelManager - Adding key: http://localhost:64209 for channel [id: 0x4a64b794, L:/127.0.0.1:64497 - R:localhost/127.0.0.1:64209]
13:46:03.370 [Forwarding findElement on session 2340b9a008f2a0158e3d8f1730133a9a to remote] DEBUG org.asynchttpclient.netty.request.NettyRequestSender - Using pooled Channel '[id: 0x4a64b794, L:/127.0.0.1:64497 - R:localhost/127.0.0.1:64209]' for 'POST' to 'http://localhost:64209/session/2340b9a008f2a0158e3d8f1730133a9a/element'
13:46:03.370 [Forwarding findElement on session 2340b9a008f2a0158e3d8f1730133a9a to remote] DEBUG org.asynchttpclient.netty.request.NettyRequestSender - Using open Channel [id: 0x4a64b794, L:/127.0.0.1:64497 - R:localhost/127.0.0.1:64209] for POST '/session/2340b9a008f2a0158e3d8f1730133a9a/element'
13:46:03.399 [AsyncHttpClient-1-9] DEBUG org.asynchttpclient.netty.handler.HttpHandler - 

Request DefaultHttpRequest(decodeResult: success, version: HTTP/1.1)
POST /session/2340b9a008f2a0158e3d8f1730133a9a/element HTTP/1.1
User-Agent: selenium/4.1.2 (java windows)
Content-Length: 97
Content-Type: application/json; charset=utf-8
host: localhost:64209
accept: */*

Response DefaultHttpResponse(decodeResult: success, version: HTTP/1.1)
HTTP/1.1 200 OK
Content-Type: application/json; charset=utf-8
cache-control: no-cache
content-length: 88

13:46:03.400 [AsyncHttpClient-1-9] DEBUG org.asynchttpclient.netty.channel.ChannelManager - Adding key: http://localhost:64209 for channel [id: 0x4a64b794, L:/127.0.0.1:64497 - R:localhost/127.0.0.1:64209]
13:46:03.403 [Forwarding clickElement on session 2340b9a008f2a0158e3d8f1730133a9a to remote] DEBUG org.asynchttpclient.netty.request.NettyRequestSender - Using pooled Channel '[id: 0x4a64b794, L:/127.0.0.1:64497 - R:localhost/127.0.0.1:64209]' for 'POST' to 'http://localhost:64209/session/2340b9a008f2a0158e3d8f1730133a9a/element/b39cb278-5ec0-4d8c-8fae-df9a012e2367/click'
13:46:03.403 [Forwarding clickElement on session 2340b9a008f2a0158e3d8f1730133a9a to remote] DEBUG org.asynchttpclient.netty.request.NettyRequestSender - Using open Channel [id: 0x4a64b794, L:/127.0.0.1:64497 - R:localhost/127.0.0.1:64209] for POST '/session/2340b9a008f2a0158e3d8f1730133a9a/element/b39cb278-5ec0-4d8c-8fae-df9a012e2367/click'
13:46:04.434 [AsyncHttpClient-1-1] DEBUG org.asynchttpclient.netty.channel.DefaultChannelPool - Entry count for : http://localhost:64498 : 1
13:46:05.534 [AsyncHttpClient-1-1] DEBUG org.asynchttpclient.netty.channel.DefaultChannelPool - Entry count for : http://localhost:64498 : 1
13:46:06.121 [AsyncHttpClient-1-9] DEBUG org.asynchttpclient.netty.handler.HttpHandler - 

Request DefaultHttpRequest(decodeResult: success, version: HTTP/1.1)
POST /session/2340b9a008f2a0158e3d8f1730133a9a/element/b39cb278-5ec0-4d8c-8fae-df9a012e2367/click HTTP/1.1
User-Agent: selenium/4.1.2 (java windows)
Content-Length: 50
Content-Type: application/json; charset=utf-8
host: localhost:64209
accept: */*

Response DefaultHttpResponse(decodeResult: success, version: HTTP/1.1)
HTTP/1.1 200 OK
Content-Type: application/json; charset=utf-8
cache-control: no-cache
content-length: 14

13:46:06.121 [AsyncHttpClient-1-9] DEBUG org.asynchttpclient.netty.channel.ChannelManager - Adding key: http://localhost:64209 for channel [id: 0x4a64b794, L:/127.0.0.1:64497 - R:localhost/127.0.0.1:64209]
13:46:06.138 [Forwarding screenshot on session 2340b9a008f2a0158e3d8f1730133a9a to remote] DEBUG org.asynchttpclient.netty.request.NettyRequestSender - Using pooled Channel '[id: 0x4a64b794, L:/127.0.0.1:64497 - R:localhost/127.0.0.1:64209]' for 'GET' to 'http://localhost:64209/session/2340b9a008f2a0158e3d8f1730133a9a/screenshot'
13:46:06.138 [Forwarding screenshot on session 2340b9a008f2a0158e3d8f1730133a9a to remote] DEBUG org.asynchttpclient.netty.request.NettyRequestSender - Using open Channel [id: 0x4a64b794, L:/127.0.0.1:64497 - R:localhost/127.0.0.1:64209] for GET '/session/2340b9a008f2a0158e3d8f1730133a9a/screenshot'
13:46:06.317 [AsyncHttpClient-1-9] DEBUG org.asynchttpclient.netty.handler.HttpHandler - 

Request DefaultFullHttpRequest(decodeResult: success, version: HTTP/1.1, content: EmptyByteBufBE)
GET /session/2340b9a008f2a0158e3d8f1730133a9a/screenshot HTTP/1.1
User-Agent: selenium/4.1.2 (java windows)
Cache-Control: no-cache
Content-Type: application/json; charset=utf-8
host: localhost:64209
accept: */*

Response DefaultHttpResponse(decodeResult: success, version: HTTP/1.1)
HTTP/1.1 200 OK
Content-Type: application/json; charset=utf-8
cache-control: no-cache
content-length: 47356

13:46:06.317 [AsyncHttpClient-1-9] DEBUG org.asynchttpclient.netty.channel.ChannelManager - Adding key: http://localhost:64209 for channel [id: 0x4a64b794, L:/127.0.0.1:64497 - R:localhost/127.0.0.1:64209]
13:46:06.322 [main] DEBUG net.serenitybdd.core.photography.Darkroom - Send negative for processing for target\site\serenity\2f19e0fbc26c4160745b1cfd96435ad196f9ae3433f77e3da28930eb5a81a5a0.png
13:46:06.323 [main] DEBUG net.thucydides.core.steps.StepInterceptor - STEP DONE: clickOldPatientRegist
  &amp#27;[32mAnd &amp#27;[0m&amp#27;[32madmin click old patient registration button&amp#27;[0m     &amp#27;[90m# starter.definitions.login.clickoldPationRegistButton()&amp#27;[0m
13:46:06.386 [Forwarding screenshot on session 2340b9a008f2a0158e3d8f1730133a9a to remote] DEBUG org.asynchttpclient.netty.request.NettyRequestSender - Using pooled Channel '[id: 0x4a64b794, L:/127.0.0.1:64497 - R:localhost/127.0.0.1:64209]' for 'GET' to 'http://localhost:64209/session/2340b9a008f2a0158e3d8f1730133a9a/screenshot'
13:46:06.386 [Forwarding screenshot on session 2340b9a008f2a0158e3d8f1730133a9a to remote] DEBUG org.asynchttpclient.netty.request.NettyRequestSender - Using open Channel [id: 0x4a64b794, L:/127.0.0.1:64497 - R:localhost/127.0.0.1:64209] for GET '/session/2340b9a008f2a0158e3d8f1730133a9a/screenshot'
13:46:06.556 [AsyncHttpClient-1-9] DEBUG org.asynchttpclient.netty.handler.HttpHandler - 

Request DefaultFullHttpRequest(decodeResult: success, version: HTTP/1.1, content: EmptyByteBufBE)
GET /session/2340b9a008f2a0158e3d8f1730133a9a/screenshot HTTP/1.1
User-Agent: selenium/4.1.2 (java windows)
Cache-Control: no-cache
Content-Type: application/json; charset=utf-8
host: localhost:64209
accept: */*

Response DefaultHttpResponse(decodeResult: success, version: HTTP/1.1)
HTTP/1.1 200 OK
Content-Type: application/json; charset=utf-8
cache-control: no-cache
content-length: 47356

13:46:06.557 [AsyncHttpClient-1-9] DEBUG org.asynchttpclient.netty.channel.ChannelManager - Adding key: http://localhost:64209 for channel [id: 0x4a64b794, L:/127.0.0.1:64497 - R:localhost/127.0.0.1:64209]
13:46:06.562 [main] DEBUG net.serenitybdd.core.photography.Darkroom - Send negative for processing for target\site\serenity\2f19e0fbc26c4160745b1cfd96435ad196f9ae3433f77e3da28930eb5a81a5a0.png
13:46:06.563 [main] DEBUG net.thucydides.core.steps.StepInterceptor - STARTING STEP: pasienlama.onpatientregistpage - onoldregist
13:46:06.568 [Forwarding findElement on session 2340b9a008f2a0158e3d8f1730133a9a to remote] DEBUG org.asynchttpclient.netty.request.NettyRequestSender - Using pooled Channel '[id: 0x4a64b794, L:/127.0.0.1:64497 - R:localhost/127.0.0.1:64209]' for 'POST' to 'http://localhost:64209/session/2340b9a008f2a0158e3d8f1730133a9a/element'
13:46:06.569 [Forwarding findElement on session 2340b9a008f2a0158e3d8f1730133a9a to remote] DEBUG org.asynchttpclient.netty.request.NettyRequestSender - Using open Channel [id: 0x4a64b794, L:/127.0.0.1:64497 - R:localhost/127.0.0.1:64209] for POST '/session/2340b9a008f2a0158e3d8f1730133a9a/element'
13:46:06.637 [AsyncHttpClient-1-1] DEBUG org.asynchttpclient.netty.channel.DefaultChannelPool - Entry count for : http://localhost:64498 : 1
13:46:06.651 [AsyncHttpClient-1-9] DEBUG org.asynchttpclient.netty.handler.HttpHandler - 

Request DefaultHttpRequest(decodeResult: success, version: HTTP/1.1)
POST /session/2340b9a008f2a0158e3d8f1730133a9a/element HTTP/1.1
User-Agent: selenium/4.1.2 (java windows)
Content-Length: 78
Content-Type: application/json; charset=utf-8
host: localhost:64209
accept: */*

Response DefaultHttpResponse(decodeResult: success, version: HTTP/1.1)
HTTP/1.1 200 OK
Content-Type: application/json; charset=utf-8
cache-control: no-cache
content-length: 88

13:46:06.651 [AsyncHttpClient-1-9] DEBUG org.asynchttpclient.netty.channel.ChannelManager - Adding key: http://localhost:64209 for channel [id: 0x4a64b794, L:/127.0.0.1:64497 - R:localhost/127.0.0.1:64209]
13:46:06.657 [Forwarding isElementDisplayed on session 2340b9a008f2a0158e3d8f1730133a9a to remote] DEBUG org.asynchttpclient.netty.request.NettyRequestSender - Using pooled Channel '[id: 0x4a64b794, L:/127.0.0.1:64497 - R:localhost/127.0.0.1:64209]' for 'POST' to 'http://localhost:64209/session/2340b9a008f2a0158e3d8f1730133a9a/execute/sync'
13:46:06.657 [Forwarding isElementDisplayed on session 2340b9a008f2a0158e3d8f1730133a9a to remote] DEBUG org.asynchttpclient.netty.request.NettyRequestSender - Using open Channel [id: 0x4a64b794, L:/127.0.0.1:64497 - R:localhost/127.0.0.1:64209] for POST '/session/2340b9a008f2a0158e3d8f1730133a9a/execute/sync'
13:46:06.694 [AsyncHttpClient-1-9] DEBUG org.asynchttpclient.netty.handler.HttpHandler - 

Request DefaultHttpRequest(decodeResult: success, version: HTTP/1.1)
POST /session/2340b9a008f2a0158e3d8f1730133a9a/execute/sync HTTP/1.1
User-Agent: selenium/4.1.2 (java windows)
Content-Length: 48780
Content-Type: application/json; charset=utf-8
host: localhost:64209
accept: */*

Response DefaultHttpResponse(decodeResult: success, version: HTTP/1.1)
HTTP/1.1 200 OK
Content-Type: application/json; charset=utf-8
cache-control: no-cache
content-length: 14

13:46:06.695 [AsyncHttpClient-1-9] DEBUG org.asynchttpclient.netty.channel.ChannelManager - Adding key: http://localhost:64209 for channel [id: 0x4a64b794, L:/127.0.0.1:64497 - R:localhost/127.0.0.1:64209]
13:46:06.707 [Forwarding screenshot on session 2340b9a008f2a0158e3d8f1730133a9a to remote] DEBUG org.asynchttpclient.netty.request.NettyRequestSender - Using pooled Channel '[id: 0x4a64b794, L:/127.0.0.1:64497 - R:localhost/127.0.0.1:64209]' for 'GET' to 'http://localhost:64209/session/2340b9a008f2a0158e3d8f1730133a9a/screenshot'
13:46:06.707 [Forwarding screenshot on session 2340b9a008f2a0158e3d8f1730133a9a to remote] DEBUG org.asynchttpclient.netty.request.NettyRequestSender - Using open Channel [id: 0x4a64b794, L:/127.0.0.1:64497 - R:localhost/127.0.0.1:64209] for GET '/session/2340b9a008f2a0158e3d8f1730133a9a/screenshot'
13:46:06.861 [AsyncHttpClient-1-9] DEBUG org.asynchttpclient.netty.handler.HttpHandler - 

Request DefaultFullHttpRequest(decodeResult: success, version: HTTP/1.1, content: EmptyByteBufBE)
GET /session/2340b9a008f2a0158e3d8f1730133a9a/screenshot HTTP/1.1
User-Agent: selenium/4.1.2 (java windows)
Cache-Control: no-cache
Content-Type: application/json; charset=utf-8
host: localhost:64209
accept: */*

Response DefaultHttpResponse(decodeResult: success, version: HTTP/1.1)
HTTP/1.1 200 OK
Content-Type: application/json; charset=utf-8
cache-control: no-cache
content-length: 47356

13:46:06.862 [AsyncHttpClient-1-9] DEBUG org.asynchttpclient.netty.channel.ChannelManager - Adding key: http://localhost:64209 for channel [id: 0x4a64b794, L:/127.0.0.1:64497 - R:localhost/127.0.0.1:64209]
13:46:06.866 [main] DEBUG net.serenitybdd.core.photography.Darkroom - Send negative for processing for target\site\serenity\2f19e0fbc26c4160745b1cfd96435ad196f9ae3433f77e3da28930eb5a81a5a0.png
13:46:06.866 [main] DEBUG net.thucydides.core.steps.StepInterceptor - STEP DONE: onoldregist
  &amp#27;[32mGiven &amp#27;[0m&amp#27;[32madmin on patient registration page&amp#27;[0m            &amp#27;[90m# starter.definitions.pasienlama.onpatientregistpage()&amp#27;[0m
13:46:06.895 [main] DEBUG net.thucydides.core.steps.StepInterceptor - STARTING STEP: pasienlama.inputinvalididpatient - inputvalididpatient
13:46:06.903 [Forwarding findElement on session 2340b9a008f2a0158e3d8f1730133a9a to remote] DEBUG org.asynchttpclient.netty.request.NettyRequestSender - Using pooled Channel '[id: 0x4a64b794, L:/127.0.0.1:64497 - R:localhost/127.0.0.1:64209]' for 'POST' to 'http://localhost:64209/session/2340b9a008f2a0158e3d8f1730133a9a/element'
13:46:06.903 [Forwarding findElement on session 2340b9a008f2a0158e3d8f1730133a9a to remote] DEBUG org.asynchttpclient.netty.request.NettyRequestSender - Using open Channel [id: 0x4a64b794, L:/127.0.0.1:64497 - R:localhost/127.0.0.1:64209] for POST '/session/2340b9a008f2a0158e3d8f1730133a9a/element'
13:46:06.928 [AsyncHttpClient-1-9] DEBUG org.asynchttpclient.netty.handler.HttpHandler - 

Request DefaultHttpRequest(decodeResult: success, version: HTTP/1.1)
POST /session/2340b9a008f2a0158e3d8f1730133a9a/element HTTP/1.1
User-Agent: selenium/4.1.2 (java windows)
Content-Length: 47
Content-Type: application/json; charset=utf-8
host: localhost:64209
accept: */*

Response DefaultHttpResponse(decodeResult: success, version: HTTP/1.1)
HTTP/1.1 200 OK
Content-Type: application/json; charset=utf-8
cache-control: no-cache
content-length: 88

13:46:06.928 [AsyncHttpClient-1-9] DEBUG org.asynchttpclient.netty.channel.ChannelManager - Adding key: http://localhost:64209 for channel [id: 0x4a64b794, L:/127.0.0.1:64497 - R:localhost/127.0.0.1:64209]
13:46:06.930 [Forwarding clearElement on session 2340b9a008f2a0158e3d8f1730133a9a to remote] DEBUG org.asynchttpclient.netty.request.NettyRequestSender - Using pooled Channel '[id: 0x4a64b794, L:/127.0.0.1:64497 - R:localhost/127.0.0.1:64209]' for 'POST' to 'http://localhost:64209/session/2340b9a008f2a0158e3d8f1730133a9a/element/aa25f694-289b-42ea-a68f-38c0d88e4bee/clear'
13:46:06.931 [Forwarding clearElement on session 2340b9a008f2a0158e3d8f1730133a9a to remote] DEBUG org.asynchttpclient.netty.request.NettyRequestSender - Using open Channel [id: 0x4a64b794, L:/127.0.0.1:64497 - R:localhost/127.0.0.1:64209] for POST '/session/2340b9a008f2a0158e3d8f1730133a9a/element/aa25f694-289b-42ea-a68f-38c0d88e4bee/clear'
13:46:07.035 [AsyncHttpClient-1-9] DEBUG org.asynchttpclient.netty.handler.HttpHandler - 

Request DefaultHttpRequest(decodeResult: success, version: HTTP/1.1)
POST /session/2340b9a008f2a0158e3d8f1730133a9a/element/aa25f694-289b-42ea-a68f-38c0d88e4bee/clear HTTP/1.1
User-Agent: selenium/4.1.2 (java windows)
Content-Length: 50
Content-Type: application/json; charset=utf-8
host: localhost:64209
accept: */*

Response DefaultHttpResponse(decodeResult: success, version: HTTP/1.1)
HTTP/1.1 200 OK
Content-Type: application/json; charset=utf-8
cache-control: no-cache
content-length: 14

13:46:07.035 [AsyncHttpClient-1-9] DEBUG org.asynchttpclient.netty.channel.ChannelManager - Adding key: http://localhost:64209 for channel [id: 0x4a64b794, L:/127.0.0.1:64497 - R:localhost/127.0.0.1:64209]
13:46:07.040 [Forwarding sendKeysToElement on session 2340b9a008f2a0158e3d8f1730133a9a to remote] DEBUG org.asynchttpclient.netty.request.NettyRequestSender - Using pooled Channel '[id: 0x4a64b794, L:/127.0.0.1:64497 - R:localhost/127.0.0.1:64209]' for 'POST' to 'http://localhost:64209/session/2340b9a008f2a0158e3d8f1730133a9a/element/aa25f694-289b-42ea-a68f-38c0d88e4bee/value'
13:46:07.040 [Forwarding sendKeysToElement on session 2340b9a008f2a0158e3d8f1730133a9a to remote] DEBUG org.asynchttpclient.netty.request.NettyRequestSender - Using open Channel [id: 0x4a64b794, L:/127.0.0.1:64497 - R:localhost/127.0.0.1:64209] for POST '/session/2340b9a008f2a0158e3d8f1730133a9a/element/aa25f694-289b-42ea-a68f-38c0d88e4bee/value'
13:46:07.251 [AsyncHttpClient-1-9] DEBUG org.asynchttpclient.netty.handler.HttpHandler - 

Request DefaultHttpRequest(decodeResult: success, version: HTTP/1.1)
POST /session/2340b9a008f2a0158e3d8f1730133a9a/element/aa25f694-289b-42ea-a68f-38c0d88e4bee/value HTTP/1.1
User-Agent: selenium/4.1.2 (java windows)
Content-Length: 191
Content-Type: application/json; charset=utf-8
host: localhost:64209
accept: */*

Response DefaultHttpResponse(decodeResult: success, version: HTTP/1.1)
HTTP/1.1 200 OK
Content-Type: application/json; charset=utf-8
cache-control: no-cache
content-length: 14

13:46:07.251 [AsyncHttpClient-1-9] DEBUG org.asynchttpclient.netty.channel.ChannelManager - Adding key: http://localhost:64209 for channel [id: 0x4a64b794, L:/127.0.0.1:64497 - R:localhost/127.0.0.1:64209]
13:46:07.264 [Forwarding screenshot on session 2340b9a008f2a0158e3d8f1730133a9a to remote] DEBUG org.asynchttpclient.netty.request.NettyRequestSender - Using pooled Channel '[id: 0x4a64b794, L:/127.0.0.1:64497 - R:localhost/127.0.0.1:64209]' for 'GET' to 'http://localhost:64209/session/2340b9a008f2a0158e3d8f1730133a9a/screenshot'
13:46:07.264 [Forwarding screenshot on session 2340b9a008f2a0158e3d8f1730133a9a to remote] DEBUG org.asynchttpclient.netty.request.NettyRequestSender - Using open Channel [id: 0x4a64b794, L:/127.0.0.1:64497 - R:localhost/127.0.0.1:64209] for GET '/session/2340b9a008f2a0158e3d8f1730133a9a/screenshot'
13:46:07.497 [AsyncHttpClient-1-9] DEBUG org.asynchttpclient.netty.handler.HttpHandler - 

Request DefaultFullHttpRequest(decodeResult: success, version: HTTP/1.1, content: EmptyByteBufBE)
GET /session/2340b9a008f2a0158e3d8f1730133a9a/screenshot HTTP/1.1
User-Agent: selenium/4.1.2 (java windows)
Cache-Control: no-cache
Content-Type: application/json; charset=utf-8
host: localhost:64209
accept: */*

Response DefaultHttpResponse(decodeResult: success, version: HTTP/1.1)
HTTP/1.1 200 OK
Content-Type: application/json; charset=utf-8
cache-control: no-cache
content-length: 47032

13:46:07.498 [AsyncHttpClient-1-9] DEBUG org.asynchttpclient.netty.channel.ChannelManager - Adding key: http://localhost:64209 for channel [id: 0x4a64b794, L:/127.0.0.1:64497 - R:localhost/127.0.0.1:64209]
13:46:07.504 [main] DEBUG net.serenitybdd.core.photography.Darkroom - Send negative for processing for target\site\serenity\57a2f334ae257b3146e74a8629ab354f1ecd0c877a9f4640a52355003f5bc4ad.png
13:46:07.504 [main] DEBUG net.thucydides.core.steps.StepInterceptor - STEP DONE: inputvalididpatient
  &amp#27;[32mWhen &amp#27;[0m&amp#27;[32madmin input invalid id patient&amp#27;[0m                 &amp#27;[90m# starter.definitions.pasienlama.inputinvalididpatient()&amp#27;[0m
13:46:07.504 [Darkroom Processing Line] DEBUG net.serenitybdd.core.photography.DarkroomProcessingLine - Processing screenshot image in /var/screenshots/screenshot-116580660131300566
13:46:07.504 [Darkroom Processing Line] DEBUG net.serenitybdd.core.photography.DarkroomProcessingLine - Saving screenshot to target\site\serenity\57a2f334ae257b3146e74a8629ab354f1ecd0c877a9f4640a52355003f5bc4ad.png
13:46:07.543 [main] DEBUG net.thucydides.core.steps.StepInterceptor - STARTING STEP: pasienlama.dataempty - norekfield
13:46:07.550 [Forwarding findElement on session 2340b9a008f2a0158e3d8f1730133a9a to remote] DEBUG org.asynchttpclient.netty.request.NettyRequestSender - Using pooled Channel '[id: 0x4a64b794, L:/127.0.0.1:64497 - R:localhost/127.0.0.1:64209]' for 'POST' to 'http://localhost:64209/session/2340b9a008f2a0158e3d8f1730133a9a/element'
13:46:07.550 [Forwarding findElement on session 2340b9a008f2a0158e3d8f1730133a9a to remote] DEBUG org.asynchttpclient.netty.request.NettyRequestSender - Using open Channel [id: 0x4a64b794, L:/127.0.0.1:64497 - R:localhost/127.0.0.1:64209] for POST '/session/2340b9a008f2a0158e3d8f1730133a9a/element'
13:46:07.609 [AsyncHttpClient-1-9] DEBUG org.asynchttpclient.netty.handler.HttpHandler - 

Request DefaultHttpRequest(decodeResult: success, version: HTTP/1.1)
POST /session/2340b9a008f2a0158e3d8f1730133a9a/element HTTP/1.1
User-Agent: selenium/4.1.2 (java windows)
Content-Length: 50
Content-Type: application/json; charset=utf-8
host: localhost:64209
accept: */*

Response DefaultHttpResponse(decodeResult: success, version: HTTP/1.1)
HTTP/1.1 200 OK
Content-Type: application/json; charset=utf-8
cache-control: no-cache
content-length: 88

13:46:07.609 [AsyncHttpClient-1-9] DEBUG org.asynchttpclient.netty.channel.ChannelManager - Adding key: http://localhost:64209 for channel [id: 0x4a64b794, L:/127.0.0.1:64497 - R:localhost/127.0.0.1:64209]
13:46:07.617 [Forwarding getElementAttribute on session 2340b9a008f2a0158e3d8f1730133a9a to remote] DEBUG org.asynchttpclient.netty.request.NettyRequestSender - Using pooled Channel '[id: 0x4a64b794, L:/127.0.0.1:64497 - R:localhost/127.0.0.1:64209]' for 'POST' to 'http://localhost:64209/session/2340b9a008f2a0158e3d8f1730133a9a/execute/sync'
13:46:07.617 [Forwarding getElementAttribute on session 2340b9a008f2a0158e3d8f1730133a9a to remote] DEBUG org.asynchttpclient.netty.request.NettyRequestSender - Using open Channel [id: 0x4a64b794, L:/127.0.0.1:64497 - R:localhost/127.0.0.1:64209] for POST '/session/2340b9a008f2a0158e3d8f1730133a9a/execute/sync'
13:46:07.668 [AsyncHttpClient-1-9] DEBUG org.asynchttpclient.netty.handler.HttpHandler - 

Request DefaultHttpRequest(decodeResult: success, version: HTTP/1.1)
POST /session/2340b9a008f2a0158e3d8f1730133a9a/execute/sync HTTP/1.1
User-Agent: selenium/4.1.2 (java windows)
Content-Length: 47340
Content-Type: application/json; charset=utf-8
host: localhost:64209
accept: */*

Response DefaultHttpResponse(decodeResult: success, version: HTTP/1.1)
HTTP/1.1 200 OK
Content-Type: application/json; charset=utf-8
cache-control: no-cache
content-length: 12

13:46:07.668 [AsyncHttpClient-1-9] DEBUG org.asynchttpclient.netty.channel.ChannelManager - Adding key: http://localhost:64209 for channel [id: 0x4a64b794, L:/127.0.0.1:64497 - R:localhost/127.0.0.1:64209]
13:46:07.680 [Forwarding screenshot on session 2340b9a008f2a0158e3d8f1730133a9a to remote] DEBUG org.asynchttpclient.netty.request.NettyRequestSender - Using pooled Channel '[id: 0x4a64b794, L:/127.0.0.1:64497 - R:localhost/127.0.0.1:64209]' for 'GET' to 'http://localhost:64209/session/2340b9a008f2a0158e3d8f1730133a9a/screenshot'
13:46:07.681 [Forwarding screenshot on session 2340b9a008f2a0158e3d8f1730133a9a to remote] DEBUG org.asynchttpclient.netty.request.NettyRequestSender - Using open Channel [id: 0x4a64b794, L:/127.0.0.1:64497 - R:localhost/127.0.0.1:64209] for GET '/session/2340b9a008f2a0158e3d8f1730133a9a/screenshot'
13:46:07.740 [AsyncHttpClient-1-1] DEBUG org.asynchttpclient.netty.channel.DefaultChannelPool - Entry count for : http://localhost:64498 : 1
13:46:07.841 [AsyncHttpClient-1-9] DEBUG org.asynchttpclient.netty.handler.HttpHandler - 

Request DefaultFullHttpRequest(decodeResult: success, version: HTTP/1.1, content: EmptyByteBufBE)
GET /session/2340b9a008f2a0158e3d8f1730133a9a/screenshot HTTP/1.1
User-Agent: selenium/4.1.2 (java windows)
Cache-Control: no-cache
Content-Type: application/json; charset=utf-8
host: localhost:64209
accept: */*

Response DefaultHttpResponse(decodeResult: success, version: HTTP/1.1)
HTTP/1.1 200 OK
Content-Type: application/json; charset=utf-8
cache-control: no-cache
content-length: 47032

13:46:07.842 [AsyncHttpClient-1-9] DEBUG org.asynchttpclient.netty.channel.ChannelManager - Adding key: http://localhost:64209 for channel [id: 0x4a64b794, L:/127.0.0.1:64497 - R:localhost/127.0.0.1:64209]
13:46:07.846 [main] DEBUG net.serenitybdd.core.photography.Darkroom - Send negative for processing for target\site\serenity\57a2f334ae257b3146e74a8629ab354f1ecd0c877a9f4640a52355003f5bc4ad.png
13:46:07.847 [main] DEBUG net.thucydides.core.steps.StepInterceptor - STEP DONE: norekfield
  &amp#27;[32mThen &amp#27;[0m&amp#27;[32mpatient's data still empty&amp#27;[0m                     &amp#27;[90m# starter.definitions.pasienlama.dataempty()&amp#27;[0m
13:46:07.859 [main] INFO  - 
  _____   ___   ___   _____     ___     _     ___   ___   ___   ___  
 |_   _| | __| / __| |_   _|   | _ \   /_\   / __| / __| | __| |   \ 
   | |   | _|  \__ \   | |     |  _/  / _ \  \__ \ \__ \ | _|  | |) |
   |_|   |___| |___/   |_|     |_|   /_/ \_\ |___/ |___/ |___| |___/ 

As admin I want to input invalid id patient
----------------------------------------------------------------------
13:46:07.863 [AsyncHttpClient-1-3] DEBUG org.asynchttpclient.netty.handler.WebSocketHandler - Channel Closed: [id: 0xfbdf4961, L:/127.0.0.1:64506 ! R:localhost/127.0.0.1:64498] with attribute NettyResponseFuture{currentRetry=5,
	isDone=1,
	isCancelled=0,
	asyncHandler=org.asynchttpclient.ws.WebSocketUpgradeHandler@1aa67cff,
	nettyRequest=org.asynchttpclient.netty.request.NettyRequest@45032406,
	future=java.util.concurrent.CompletableFuture@380da166[Completed normally],
	uri=ws://localhost:64498/devtools/browser/2cefa76a-530a-48ac-8f85-aa4a2a0d2240,
	keepAlive=true,
	redirectCount=0,
	timeoutsHolder=null,
	inAuth=0,
	touch=1658213148076}
13:46:07.863 [AsyncHttpClient-1-3] DEBUG org.asynchttpclient.netty.channel.ChannelManager - Closing Channel [id: 0xfbdf4961, L:/127.0.0.1:64506 ! R:localhost/127.0.0.1:64498] 
13:46:07.868 [Driver Command Executor] DEBUG org.asynchttpclient.netty.request.NettyRequestSender - Using pooled Channel '[id: 0x4a64b794, L:/127.0.0.1:64497 - R:localhost/127.0.0.1:64209]' for 'DELETE' to 'http://localhost:64209/session/2340b9a008f2a0158e3d8f1730133a9a'
13:46:07.868 [Driver Command Executor] DEBUG org.asynchttpclient.netty.request.NettyRequestSender - Using open Channel [id: 0x4a64b794, L:/127.0.0.1:64497 - R:localhost/127.0.0.1:64209] for DELETE '/session/2340b9a008f2a0158e3d8f1730133a9a'
13:46:08.225 [AsyncHttpClient-1-2] DEBUG org.asynchttpclient.netty.handler.HttpHandler - Unexpected I/O exception on channel [id: 0xb0154227, L:/127.0.0.1:64505 - R:localhost/127.0.0.1:64498]
java.io.IOException: An existing connection was forcibly closed by the remote host
	at sun.nio.ch.SocketDispatcher.read0(Native Method)
	at sun.nio.ch.SocketDispatcher.read(SocketDispatcher.java:43)
	at sun.nio.ch.IOUtil.readIntoNativeBuffer(IOUtil.java:223)
	at sun.nio.ch.IOUtil.read(IOUtil.java:192)
	at sun.nio.ch.SocketChannelImpl.read(SocketChannelImpl.java:380)
	at io.netty.buffer.PooledByteBuf.setBytes(PooledByteBuf.java:258)
	at io.netty.buffer.AbstractByteBuf.writeBytes(AbstractByteBuf.java:1132)
	at io.netty.channel.socket.nio.NioSocketChannel.doReadBytes(NioSocketChannel.java:350)
	at io.netty.channel.nio.AbstractNioByteChannel$NioByteUnsafe.read(AbstractNioByteChannel.java:151)
	at io.netty.channel.nio.NioEventLoop.processSelectedKey(NioEventLoop.java:722)
	at io.netty.channel.nio.NioEventLoop.processSelectedKeysOptimized(NioEventLoop.java:658)
	at io.netty.channel.nio.NioEventLoop.processSelectedKeys(NioEventLoop.java:584)
	at io.netty.channel.nio.NioEventLoop.run(NioEventLoop.java:496)
	at io.netty.util.concurrent.SingleThreadEventExecutor$4.run(SingleThreadEventExecutor.java:986)
	at io.netty.util.internal.ThreadExecutorMap$2.run(ThreadExecutorMap.java:74)
	at io.netty.util.concurrent.FastThreadLocalRunnable.run(FastThreadLocalRunnable.java:30)
	at java.lang.Thread.run(Thread.java:748)
13:46:08.225 [AsyncHttpClient-1-2] DEBUG org.asynchttpclient.netty.channel.ChannelManager - Closing Channel [id: 0xb0154227, L:/127.0.0.1:64505 - R:localhost/127.0.0.1:64498] 
13:46:08.226 [AsyncHttpClient-1-2] DEBUG org.asynchttpclient.netty.handler.HttpHandler - Channel Closed: [id: 0xb0154227, L:/127.0.0.1:64505 ! R:localhost/127.0.0.1:64498] with attribute DISCARD
13:46:08.375 [AsyncHttpClient-1-9] DEBUG org.asynchttpclient.netty.handler.HttpHandler - 

Request DefaultFullHttpRequest(decodeResult: success, version: HTTP/1.1, content: EmptyByteBufBE)
DELETE /session/2340b9a008f2a0158e3d8f1730133a9a HTTP/1.1
User-Agent: selenium/4.1.2 (java windows)
Content-Type: application/json; charset=utf-8
host: localhost:64209
accept: */*

Response DefaultHttpResponse(decodeResult: success, version: HTTP/1.1)
HTTP/1.1 200 OK
Content-Type: application/json; charset=utf-8
cache-control: no-cache
content-length: 14

13:46:08.375 [AsyncHttpClient-1-9] DEBUG org.asynchttpclient.netty.channel.ChannelManager - Adding key: http://localhost:64209 for channel [id: 0x4a64b794, L:/127.0.0.1:64497 - R:localhost/127.0.0.1:64209]
13:46:08.677 [AsyncHttpClient-1-9] DEBUG org.asynchttpclient.netty.handler.HttpHandler - Channel Closed: [id: 0x4a64b794, L:/127.0.0.1:64497 ! R:localhost/127.0.0.1:64209] with attribute DISCARD
13:46:08.836 [AsyncHttpClient-1-1] DEBUG org.asynchttpclient.netty.channel.DefaultChannelPool - Entry count for : http://localhost:64209 : 1
13:46:08.836 [AsyncHttpClient-1-1] DEBUG org.asynchttpclient.netty.channel.DefaultChannelPool - Entry count for : http://localhost:64498 : 1
13:46:08.837 [AsyncHttpClient-1-1] DEBUG org.asynchttpclient.netty.channel.DefaultChannelPool - Adding Candidate expired Channel [id: 0x4a64b794, L:/127.0.0.1:64497 ! R:localhost/127.0.0.1:64209] isIdleTimeoutExpired=false isRemotelyClosed=true isTtlExpired=false
13:46:08.837 [AsyncHttpClient-1-1] DEBUG org.asynchttpclient.netty.channel.DefaultChannelPool - Closing Idle Channel [id: 0x4a64b794, L:/127.0.0.1:64497 ! R:localhost/127.0.0.1:64209]
13:46:08.837 [AsyncHttpClient-1-1] DEBUG org.asynchttpclient.netty.channel.DefaultChannelPool - Adding Candidate expired Channel [id: 0xb0154227, L:/127.0.0.1:64505 ! R:localhost/127.0.0.1:64498] isIdleTimeoutExpired=false isRemotelyClosed=true isTtlExpired=false
13:46:08.837 [AsyncHttpClient-1-1] DEBUG org.asynchttpclient.netty.channel.DefaultChannelPool - Closing Idle Channel [id: 0xb0154227, L:/127.0.0.1:64505 ! R:localhost/127.0.0.1:64498]
13:46:08.838 [AsyncHttpClient-1-1] DEBUG org.asynchttpclient.netty.channel.DefaultChannelPool - Closed 2 connections out of 2 in 1 ms
]]></system-out>
    <system-err><![CDATA[Starting ChromeDriver 103.0.5060.53 (a1711811edd74ff1cf2150f36ffa3b0dae40b17f-refs/branch-heads/5060@{#853}) on port 64209
Only local connections are allowed.
Please see https://chromedriver.chromium.org/security-considerations for suggestions on keeping ChromeDriver safe.
ChromeDriver was started successfully.
Jul 19, 2022 1:45:48 PM org.openqa.selenium.remote.ProtocolHandshake createSession
INFO: Detected dialect: W3C
Jul 19, 2022 1:45:48 PM org.openqa.selenium.devtools.CdpVersionFinder findNearestMatch
WARNING: Unable to find an exact match for CDP version 103, so returning the closest version found: a no-op implementation
Jul 19, 2022 1:45:48 PM org.openqa.selenium.devtools.CdpVersionFinder findNearestMatch
INFO: Unable to find CDP implementation matching 103.
Jul 19, 2022 1:45:48 PM org.openqa.selenium.chromium.ChromiumDriver lambda$new$3
WARNING: Unable to find version of CDP to use for . You may need to include a dependency on a specific version of the CDP using something similar to `org.seleniumhq.selenium:selenium-devtools-v86:4.1.2` where the version ("v86") matches the version of the chromium-based browser you're using and the version number of the artifact is the same as Selenium's.
]]></system-err>
  </testcase>
  <testcase name="As admin I want to register a new patient with valid data" classname="As admin I want to register a new patient so that he/she can get treatment" time="28.219">
    <error type="org.openqa.selenium.NoSuchElementException"><![CDATA[org.openqa.selenium.NoSuchElementException: 
no such element: Unable to locate element: {"method":"xpath","selector":"//strong[normalize-space()='PENDAFTARAN BERHASIL']"}
  (Session info: chrome=103.0.5060.114)
For documentation on this error, please visit: https://selenium.dev/exceptions/#no_such_element
Build info: version: '4.1.2', revision: '9a5a329c5a'
System info: host: 'DESKTOP-KEF9BIM', ip: '192.168.56.1', os.name: 'Windows 10', os.arch: 'amd64', os.version: '10.0', java.version: '1.8.0_202'
Driver info: org.openqa.selenium.chrome.ChromeDriver
Command: [a959986235bfbb8f7a0d11d8dbc1685d, findElement {using=xpath, value=//strong[normalize-space()='PENDAFTARAN BERHASIL']}]
Capabilities {acceptInsecureCerts: false, browserName: chrome, browserVersion: 103.0.5060.114, chrome: {chromedriverVersion: 103.0.5060.53 (a1711811edd7..., userDataDir: C:\Users\Ocky\AppData\Local...}, goog:chromeOptions: {debuggerAddress: localhost:64530}, javascriptEnabled: true, networkConnectionEnabled: false, pageLoadStrategy: normal, platform: WINDOWS, platformName: WINDOWS, proxy: Proxy(), se:cdp: ws://localhost:64530/devtoo..., se:cdpVersion: 103.0.5060.114, setWindowRect: true, strictFileInteractability: false, timeouts: {implicit: 0, pageLoad: 300000, script: 30000}, unhandledPromptBehavior: dismiss and notify, webauthn:extension:credBlob: true, webauthn:extension:largeBlob: true, webauthn:virtualAuthenticators: true}
Session ID: a959986235bfbb8f7a0d11d8dbc1685d
]]></error>
    <system-out><![CDATA[13:46:09.204 [main] INFO io.cucumber.core.plugin.SerenityReporter - Running feature from file:///C:/Users/Ocky/Documents/final_project/web%20testing/src/test/resources/features/pendaftaranbaru.feature
13:46:09.208 [main] DEBUG net.thucydides.core.steps.StepEventBus - Test suite started for story net.thucydides.core.model.Story@6249b8e9
13:46:09.209 [main] INFO  - Test Suite Started: As admin I want to register a new patient so that he/she can get treatment

Scenario: As admin I want to register a new patient with valid data &amp#27;[90m# src/test/resources/features/pendaftaranbaru.feature:11&amp#27;[0m
13:46:09.226 [main] INFO io.cucumber.core.plugin.SerenityReporter - Running feature from file:///C:/Users/Ocky/Documents/final_project/web%20testing/src/test/resources/features/pendaftaranbaru.feature
13:46:09.228 [main] INFO  - 
  _____   ___   ___   _____     ___   _____     _     ___   _____   ___   ___  
 |_   _| | __| / __| |_   _|   / __| |_   _|   /_\   | _ \ |_   _| | __| |   \ 
   | |   | _|  \__ \   | |     \__ \   | |    / _ \  |   /   | |   | _|  | |) |
   |_|   |___| |___/   |_|     |___/   |_|   /_/ \_\ |_|_\   |_|   |___| |___/ 

As admin I want to register a new patient with valid data(as-admin-i-want-to-register-a-new-patient-so-that-he/she-can-get-treatment;as-admin-i-want-to-register-a-new-patient-with-valid-data)
--------------------------------------------------------------------------------
13:46:09.310 [main] DEBUG net.thucydides.core.steps.StepInterceptor - STARTING STEP: login.ontheLoginPage - openPage
13:46:09.315 [main] INFO net.serenitybdd.core.webdriver.driverproviders.ChromeDriverProvider - Using automatically driver download
13:46:09.696 [main] DEBUG io.github.bonigarcia.wdm.cache.ResolutionCache - Resolution chrome=103 in cache (valid until 14:34:45 19/07/2022 ICT)
13:46:09.708 [main] DEBUG io.github.bonigarcia.wdm.cache.ResolutionCache - Resolution chrome103=103.0.5060.53 in cache (valid until 00:20:12 20/07/2022 ICT)
13:46:09.712 [main] INFO io.github.bonigarcia.wdm.WebDriverManager - Using chromedriver 103.0.5060.53 (resolved driver for Chrome 103)
13:46:09.744 [main] DEBUG io.github.bonigarcia.wdm.WebDriverManager - Driver chromedriver 103.0.5060.53 found in cache
13:46:09.746 [main] INFO io.github.bonigarcia.wdm.WebDriverManager - Exporting webdriver.chrome.driver as C:\Users\Ocky\.cache\selenium\chromedriver\win32\103.0.5060.53\chromedriver.exe
13:46:10.104 [main] DEBUG net.serenitybdd.core.webdriver.driverproviders.ProvideNewDriver - Instantiating driver
13:46:10.104 [main] DEBUG net.serenitybdd.core.webdriver.driverproviders.ProvideNewDriver - Driver capabilities: Capabilities {acceptInsecureCerts: false, base.url: https://development--capsto..., browserName: chrome, chrome.driver: webdriver/chromedriver.exe, driver: chrome, goog:chromeOptions: {args: [], extensions: []}}
13:46:10.678 [AsyncHttpClient-1-4] DEBUG org.asynchttpclient.netty.channel.NettyConnectListener - Using new Channel '[id: 0x9de8e87b, L:/127.0.0.1:64529 - R:localhost/127.0.0.1:57047]' for 'POST' to '/session'
13:46:13.178 [AsyncHttpClient-1-4] DEBUG org.asynchttpclient.netty.handler.HttpHandler - 

Request DefaultHttpRequest(decodeResult: success, version: HTTP/1.1)
POST /session HTTP/1.1
User-Agent: selenium/4.1.2 (java windows)
Content-Length: 614
Content-Type: application/json; charset=utf-8
host: localhost:57047
accept: */*

Response DefaultHttpResponse(decodeResult: success, version: HTTP/1.1)
HTTP/1.1 200 OK
Content-Type: application/json; charset=utf-8
cache-control: no-cache
content-length: 788

13:46:13.179 [AsyncHttpClient-1-4] DEBUG org.asynchttpclient.netty.channel.ChannelManager - Adding key: http://localhost:57047 for channel [id: 0x9de8e87b, L:/127.0.0.1:64529 - R:localhost/127.0.0.1:57047]
13:46:13.202 [AsyncHttpClient-1-5] DEBUG org.asynchttpclient.netty.channel.NettyConnectListener - Using new Channel '[id: 0x6af4da8c, L:/127.0.0.1:64537 - R:localhost/127.0.0.1:64530]' for 'GET' to '/json/version'
13:46:13.203 [AsyncHttpClient-1-5] DEBUG org.asynchttpclient.netty.handler.HttpHandler - 

Request DefaultFullHttpRequest(decodeResult: success, version: HTTP/1.1, content: EmptyByteBufBE)
GET /json/version HTTP/1.1
User-Agent: selenium/4.1.2 (java windows)
host: localhost:64530
accept: */*

Response DefaultHttpResponse(decodeResult: success, version: HTTP/1.1)
HTTP/1.1 200 OK
Content-Type: application/json; charset=UTF-8
content-length: 429

13:46:13.203 [AsyncHttpClient-1-5] DEBUG org.asynchttpclient.netty.channel.ChannelManager - Adding key: http://localhost:64530 for channel [id: 0x6af4da8c, L:/127.0.0.1:64537 - R:localhost/127.0.0.1:64530]
13:46:13.207 [AsyncHttpClient-1-6] DEBUG org.asynchttpclient.netty.channel.NettyConnectListener - Using new Channel '[id: 0xb1eb379c, L:/127.0.0.1:64538 - R:localhost/127.0.0.1:64530]' for 'GET' to '/devtools/browser/2c499222-1608-4f99-ab64-dd950997bb89'
13:46:13.208 [AsyncHttpClient-1-6] DEBUG org.asynchttpclient.netty.handler.WebSocketHandler - 

Request DefaultFullHttpRequest(decodeResult: success, version: HTTP/1.1, content: EmptyByteBufBE)
GET /devtools/browser/2c499222-1608-4f99-ab64-dd950997bb89 HTTP/1.1
upgrade: websocket
connection: upgrade
sec-websocket-key: Z3RafOTFn+a0RK3/M0xg8w==
sec-websocket-version: 13
origin: http://localhost:64530
host: localhost:64530
accept: */*
user-agent: AHC/2.1

Response DefaultHttpResponse(decodeResult: success, version: HTTP/1.1)
HTTP/1.1 101 WebSocket Protocol Handshake
Upgrade: WebSocket
Connection: Upgrade
Sec-WebSocket-Accept: V16lg36hRCruBsQbs9EatftH5kk=

13:46:13.213 [Forwarding get on session a959986235bfbb8f7a0d11d8dbc1685d to remote] DEBUG org.asynchttpclient.netty.request.NettyRequestSender - Using pooled Channel '[id: 0x9de8e87b, L:/127.0.0.1:64529 - R:localhost/127.0.0.1:57047]' for 'POST' to 'http://localhost:57047/session/a959986235bfbb8f7a0d11d8dbc1685d/url'
13:46:13.213 [Forwarding get on session a959986235bfbb8f7a0d11d8dbc1685d to remote] DEBUG org.asynchttpclient.netty.request.NettyRequestSender - Using open Channel [id: 0x9de8e87b, L:/127.0.0.1:64529 - R:localhost/127.0.0.1:57047] for POST '/session/a959986235bfbb8f7a0d11d8dbc1685d/url'
13:46:13.268 [AsyncHttpClient-1-1] DEBUG org.asynchttpclient.netty.channel.DefaultChannelPool - Entry count for : http://localhost:64530 : 1
13:46:14.331 [AsyncHttpClient-1-1] DEBUG org.asynchttpclient.netty.channel.DefaultChannelPool - Entry count for : http://localhost:64530 : 1
13:46:15.432 [AsyncHttpClient-1-1] DEBUG org.asynchttpclient.netty.channel.DefaultChannelPool - Entry count for : http://localhost:64530 : 1
13:46:16.531 [AsyncHttpClient-1-1] DEBUG org.asynchttpclient.netty.channel.DefaultChannelPool - Entry count for : http://localhost:64530 : 1
13:46:17.547 [AsyncHttpClient-1-4] DEBUG org.asynchttpclient.netty.handler.HttpHandler - 

Request DefaultHttpRequest(decodeResult: success, version: HTTP/1.1)
POST /session/a959986235bfbb8f7a0d11d8dbc1685d/url HTTP/1.1
User-Agent: selenium/4.1.2 (java windows)
Content-Length: 92
Content-Type: application/json; charset=utf-8
host: localhost:57047
accept: */*

Response DefaultHttpResponse(decodeResult: success, version: HTTP/1.1)
HTTP/1.1 200 OK
Content-Type: application/json; charset=utf-8
cache-control: no-cache
content-length: 14

13:46:17.547 [AsyncHttpClient-1-4] DEBUG org.asynchttpclient.netty.channel.ChannelManager - Adding key: http://localhost:57047 for channel [id: 0x9de8e87b, L:/127.0.0.1:64529 - R:localhost/127.0.0.1:57047]
13:46:17.549 [Forwarding setTimeout on session a959986235bfbb8f7a0d11d8dbc1685d to remote] DEBUG org.asynchttpclient.netty.request.NettyRequestSender - Using pooled Channel '[id: 0x9de8e87b, L:/127.0.0.1:64529 - R:localhost/127.0.0.1:57047]' for 'POST' to 'http://localhost:57047/session/a959986235bfbb8f7a0d11d8dbc1685d/timeouts'
13:46:17.550 [Forwarding setTimeout on session a959986235bfbb8f7a0d11d8dbc1685d to remote] DEBUG org.asynchttpclient.netty.request.NettyRequestSender - Using open Channel [id: 0x9de8e87b, L:/127.0.0.1:64529 - R:localhost/127.0.0.1:57047] for POST '/session/a959986235bfbb8f7a0d11d8dbc1685d/timeouts'
13:46:17.560 [AsyncHttpClient-1-4] DEBUG org.asynchttpclient.netty.handler.HttpHandler - 

Request DefaultHttpRequest(decodeResult: success, version: HTTP/1.1)
POST /session/a959986235bfbb8f7a0d11d8dbc1685d/timeouts HTTP/1.1
User-Agent: selenium/4.1.2 (java windows)
Content-Length: 22
Content-Type: application/json; charset=utf-8
host: localhost:57047
accept: */*

Response DefaultHttpResponse(decodeResult: success, version: HTTP/1.1)
HTTP/1.1 200 OK
Content-Type: application/json; charset=utf-8
cache-control: no-cache
content-length: 14

13:46:17.560 [AsyncHttpClient-1-4] DEBUG org.asynchttpclient.netty.channel.ChannelManager - Adding key: http://localhost:57047 for channel [id: 0x9de8e87b, L:/127.0.0.1:64529 - R:localhost/127.0.0.1:57047]
13:46:17.566 [Forwarding getCurrentUrl on session a959986235bfbb8f7a0d11d8dbc1685d to remote] DEBUG org.asynchttpclient.netty.request.NettyRequestSender - Using pooled Channel '[id: 0x9de8e87b, L:/127.0.0.1:64529 - R:localhost/127.0.0.1:57047]' for 'GET' to 'http://localhost:57047/session/a959986235bfbb8f7a0d11d8dbc1685d/url'
13:46:17.567 [Forwarding getCurrentUrl on session a959986235bfbb8f7a0d11d8dbc1685d to remote] DEBUG org.asynchttpclient.netty.request.NettyRequestSender - Using open Channel [id: 0x9de8e87b, L:/127.0.0.1:64529 - R:localhost/127.0.0.1:57047] for GET '/session/a959986235bfbb8f7a0d11d8dbc1685d/url'
13:46:17.580 [AsyncHttpClient-1-4] DEBUG org.asynchttpclient.netty.handler.HttpHandler - 

Request DefaultFullHttpRequest(decodeResult: success, version: HTTP/1.1, content: EmptyByteBufBE)
GET /session/a959986235bfbb8f7a0d11d8dbc1685d/url HTTP/1.1
User-Agent: selenium/4.1.2 (java windows)
Cache-Control: no-cache
Content-Type: application/json; charset=utf-8
host: localhost:57047
accept: */*

Response DefaultHttpResponse(decodeResult: success, version: HTTP/1.1)
HTTP/1.1 200 OK
Content-Type: application/json; charset=utf-8
cache-control: no-cache
content-length: 74

13:46:17.581 [AsyncHttpClient-1-4] DEBUG org.asynchttpclient.netty.channel.ChannelManager - Adding key: http://localhost:57047 for channel [id: 0x9de8e87b, L:/127.0.0.1:64529 - R:localhost/127.0.0.1:57047]
13:46:17.589 [Forwarding getCurrentUrl on session a959986235bfbb8f7a0d11d8dbc1685d to remote] DEBUG org.asynchttpclient.netty.request.NettyRequestSender - Using pooled Channel '[id: 0x9de8e87b, L:/127.0.0.1:64529 - R:localhost/127.0.0.1:57047]' for 'GET' to 'http://localhost:57047/session/a959986235bfbb8f7a0d11d8dbc1685d/url'
13:46:17.590 [Forwarding getCurrentUrl on session a959986235bfbb8f7a0d11d8dbc1685d to remote] DEBUG org.asynchttpclient.netty.request.NettyRequestSender - Using open Channel [id: 0x9de8e87b, L:/127.0.0.1:64529 - R:localhost/127.0.0.1:57047] for GET '/session/a959986235bfbb8f7a0d11d8dbc1685d/url'
13:46:17.596 [AsyncHttpClient-1-4] DEBUG org.asynchttpclient.netty.handler.HttpHandler - 

Request DefaultFullHttpRequest(decodeResult: success, version: HTTP/1.1, content: EmptyByteBufBE)
GET /session/a959986235bfbb8f7a0d11d8dbc1685d/url HTTP/1.1
User-Agent: selenium/4.1.2 (java windows)
Cache-Control: no-cache
Content-Type: application/json; charset=utf-8
host: localhost:57047
accept: */*

Response DefaultHttpResponse(decodeResult: success, version: HTTP/1.1)
HTTP/1.1 200 OK
Content-Type: application/json; charset=utf-8
cache-control: no-cache
content-length: 74

13:46:17.596 [AsyncHttpClient-1-4] DEBUG org.asynchttpclient.netty.channel.ChannelManager - Adding key: http://localhost:57047 for channel [id: 0x9de8e87b, L:/127.0.0.1:64529 - R:localhost/127.0.0.1:57047]
13:46:17.606 [main] DEBUG net.serenitybdd.core.photography.Darkroom - Opening darkroom
13:46:17.607 [Darkroom Processing Line] DEBUG net.serenitybdd.core.photography.DarkroomProcessingLine - Darkroom processing line starting up
13:46:17.608 [Forwarding screenshot on session a959986235bfbb8f7a0d11d8dbc1685d to remote] DEBUG org.asynchttpclient.netty.request.NettyRequestSender - Using pooled Channel '[id: 0x9de8e87b, L:/127.0.0.1:64529 - R:localhost/127.0.0.1:57047]' for 'GET' to 'http://localhost:57047/session/a959986235bfbb8f7a0d11d8dbc1685d/screenshot'
13:46:17.608 [Forwarding screenshot on session a959986235bfbb8f7a0d11d8dbc1685d to remote] DEBUG org.asynchttpclient.netty.request.NettyRequestSender - Using open Channel [id: 0x9de8e87b, L:/127.0.0.1:64529 - R:localhost/127.0.0.1:57047] for GET '/session/a959986235bfbb8f7a0d11d8dbc1685d/screenshot'
13:46:17.629 [AsyncHttpClient-1-1] DEBUG org.asynchttpclient.netty.channel.DefaultChannelPool - Entry count for : http://localhost:64530 : 1
13:46:17.775 [AsyncHttpClient-1-4] DEBUG org.asynchttpclient.netty.handler.HttpHandler - 

Request DefaultFullHttpRequest(decodeResult: success, version: HTTP/1.1, content: EmptyByteBufBE)
GET /session/a959986235bfbb8f7a0d11d8dbc1685d/screenshot HTTP/1.1
User-Agent: selenium/4.1.2 (java windows)
Cache-Control: no-cache
Content-Type: application/json; charset=utf-8
host: localhost:57047
accept: */*

Response DefaultHttpResponse(decodeResult: success, version: HTTP/1.1)
HTTP/1.1 200 OK
Content-Type: application/json; charset=utf-8
cache-control: no-cache
content-length: 109728

13:46:17.776 [AsyncHttpClient-1-4] DEBUG org.asynchttpclient.netty.channel.ChannelManager - Adding key: http://localhost:57047 for channel [id: 0x9de8e87b, L:/127.0.0.1:64529 - R:localhost/127.0.0.1:57047]
13:46:17.787 [main] DEBUG net.serenitybdd.core.photography.Darkroom - Send negative for processing for target\site\serenity\326760b024a2bafe5199b4136c4d7275acb72afc7df37f280ab5f6ac1dcc7641.png
13:46:17.787 [main] DEBUG net.thucydides.core.steps.StepInterceptor - STEP DONE: openPage
13:46:17.797 [main] DEBUG net.thucydides.core.steps.StepInterceptor - STARTING STEP: login.ontheLoginPage - validateonLoginPage
13:46:17.801 [Forwarding findElement on session a959986235bfbb8f7a0d11d8dbc1685d to remote] DEBUG org.asynchttpclient.netty.request.NettyRequestSender - Using pooled Channel '[id: 0x9de8e87b, L:/127.0.0.1:64529 - R:localhost/127.0.0.1:57047]' for 'POST' to 'http://localhost:57047/session/a959986235bfbb8f7a0d11d8dbc1685d/element'
13:46:17.801 [Forwarding findElement on session a959986235bfbb8f7a0d11d8dbc1685d to remote] DEBUG org.asynchttpclient.netty.request.NettyRequestSender - Using open Channel [id: 0x9de8e87b, L:/127.0.0.1:64529 - R:localhost/127.0.0.1:57047] for POST '/session/a959986235bfbb8f7a0d11d8dbc1685d/element'
13:46:17.833 [AsyncHttpClient-1-4] DEBUG org.asynchttpclient.netty.handler.HttpHandler - 

Request DefaultHttpRequest(decodeResult: success, version: HTTP/1.1)
POST /session/a959986235bfbb8f7a0d11d8dbc1685d/element HTTP/1.1
User-Agent: selenium/4.1.2 (java windows)
Content-Length: 101
Content-Type: application/json; charset=utf-8
host: localhost:57047
accept: */*

Response DefaultHttpResponse(decodeResult: success, version: HTTP/1.1)
HTTP/1.1 200 OK
Content-Type: application/json; charset=utf-8
cache-control: no-cache
content-length: 88

13:46:17.833 [AsyncHttpClient-1-4] DEBUG org.asynchttpclient.netty.channel.ChannelManager - Adding key: http://localhost:57047 for channel [id: 0x9de8e87b, L:/127.0.0.1:64529 - R:localhost/127.0.0.1:57047]
13:46:17.842 [Forwarding isElementDisplayed on session a959986235bfbb8f7a0d11d8dbc1685d to remote] DEBUG org.asynchttpclient.netty.request.NettyRequestSender - Using pooled Channel '[id: 0x9de8e87b, L:/127.0.0.1:64529 - R:localhost/127.0.0.1:57047]' for 'POST' to 'http://localhost:57047/session/a959986235bfbb8f7a0d11d8dbc1685d/execute/sync'
13:46:17.842 [Forwarding isElementDisplayed on session a959986235bfbb8f7a0d11d8dbc1685d to remote] DEBUG org.asynchttpclient.netty.request.NettyRequestSender - Using open Channel [id: 0x9de8e87b, L:/127.0.0.1:64529 - R:localhost/127.0.0.1:57047] for POST '/session/a959986235bfbb8f7a0d11d8dbc1685d/execute/sync'
13:46:17.884 [AsyncHttpClient-1-4] DEBUG org.asynchttpclient.netty.handler.HttpHandler - 

Request DefaultHttpRequest(decodeResult: success, version: HTTP/1.1)
POST /session/a959986235bfbb8f7a0d11d8dbc1685d/execute/sync HTTP/1.1
User-Agent: selenium/4.1.2 (java windows)
Content-Length: 48780
Content-Type: application/json; charset=utf-8
host: localhost:57047
accept: */*

Response DefaultHttpResponse(decodeResult: success, version: HTTP/1.1)
HTTP/1.1 200 OK
Content-Type: application/json; charset=utf-8
cache-control: no-cache
content-length: 14

13:46:17.885 [AsyncHttpClient-1-4] DEBUG org.asynchttpclient.netty.channel.ChannelManager - Adding key: http://localhost:57047 for channel [id: 0x9de8e87b, L:/127.0.0.1:64529 - R:localhost/127.0.0.1:57047]
13:46:17.894 [Forwarding screenshot on session a959986235bfbb8f7a0d11d8dbc1685d to remote] DEBUG org.asynchttpclient.netty.request.NettyRequestSender - Using pooled Channel '[id: 0x9de8e87b, L:/127.0.0.1:64529 - R:localhost/127.0.0.1:57047]' for 'GET' to 'http://localhost:57047/session/a959986235bfbb8f7a0d11d8dbc1685d/screenshot'
13:46:17.894 [Forwarding screenshot on session a959986235bfbb8f7a0d11d8dbc1685d to remote] DEBUG org.asynchttpclient.netty.request.NettyRequestSender - Using open Channel [id: 0x9de8e87b, L:/127.0.0.1:64529 - R:localhost/127.0.0.1:57047] for GET '/session/a959986235bfbb8f7a0d11d8dbc1685d/screenshot'
13:46:18.080 [AsyncHttpClient-1-4] DEBUG org.asynchttpclient.netty.handler.HttpHandler - 

Request DefaultFullHttpRequest(decodeResult: success, version: HTTP/1.1, content: EmptyByteBufBE)
GET /session/a959986235bfbb8f7a0d11d8dbc1685d/screenshot HTTP/1.1
User-Agent: selenium/4.1.2 (java windows)
Cache-Control: no-cache
Content-Type: application/json; charset=utf-8
host: localhost:57047
accept: */*

Response DefaultHttpResponse(decodeResult: success, version: HTTP/1.1)
HTTP/1.1 200 OK
Content-Type: application/json; charset=utf-8
cache-control: no-cache
content-length: 109728

13:46:18.081 [AsyncHttpClient-1-4] DEBUG org.asynchttpclient.netty.channel.ChannelManager - Adding key: http://localhost:57047 for channel [id: 0x9de8e87b, L:/127.0.0.1:64529 - R:localhost/127.0.0.1:57047]
13:46:18.091 [main] DEBUG net.serenitybdd.core.photography.Darkroom - Send negative for processing for target\site\serenity\326760b024a2bafe5199b4136c4d7275acb72afc7df37f280ab5f6ac1dcc7641.png
13:46:18.091 [main] DEBUG net.thucydides.core.steps.StepInterceptor - STEP DONE: validateonLoginPage
  &amp#27;[32mGiven &amp#27;[0m&amp#27;[32madmin on login page&amp#27;[0m                                         &amp#27;[90m# starter.definitions.login.ontheLoginPage()&amp#27;[0m
13:46:18.126 [main] DEBUG net.thucydides.core.steps.StepInterceptor - STARTING STEP: login.ValidID - inputID
13:46:18.131 [Forwarding findElement on session a959986235bfbb8f7a0d11d8dbc1685d to remote] DEBUG org.asynchttpclient.netty.request.NettyRequestSender - Using pooled Channel '[id: 0x9de8e87b, L:/127.0.0.1:64529 - R:localhost/127.0.0.1:57047]' for 'POST' to 'http://localhost:57047/session/a959986235bfbb8f7a0d11d8dbc1685d/element'
13:46:18.131 [Forwarding findElement on session a959986235bfbb8f7a0d11d8dbc1685d to remote] DEBUG org.asynchttpclient.netty.request.NettyRequestSender - Using open Channel [id: 0x9de8e87b, L:/127.0.0.1:64529 - R:localhost/127.0.0.1:57047] for POST '/session/a959986235bfbb8f7a0d11d8dbc1685d/element'
13:46:18.162 [AsyncHttpClient-1-4] DEBUG org.asynchttpclient.netty.handler.HttpHandler - 

Request DefaultHttpRequest(decodeResult: success, version: HTTP/1.1)
POST /session/a959986235bfbb8f7a0d11d8dbc1685d/element HTTP/1.1
User-Agent: selenium/4.1.2 (java windows)
Content-Length: 47
Content-Type: application/json; charset=utf-8
host: localhost:57047
accept: */*

Response DefaultHttpResponse(decodeResult: success, version: HTTP/1.1)
HTTP/1.1 200 OK
Content-Type: application/json; charset=utf-8
cache-control: no-cache
content-length: 88

13:46:18.162 [AsyncHttpClient-1-4] DEBUG org.asynchttpclient.netty.channel.ChannelManager - Adding key: http://localhost:57047 for channel [id: 0x9de8e87b, L:/127.0.0.1:64529 - R:localhost/127.0.0.1:57047]
13:46:18.164 [Forwarding clearElement on session a959986235bfbb8f7a0d11d8dbc1685d to remote] DEBUG org.asynchttpclient.netty.request.NettyRequestSender - Using pooled Channel '[id: 0x9de8e87b, L:/127.0.0.1:64529 - R:localhost/127.0.0.1:57047]' for 'POST' to 'http://localhost:57047/session/a959986235bfbb8f7a0d11d8dbc1685d/element/23bef346-6e47-4c8e-a6d6-deb9e6a78ca6/clear'
13:46:18.165 [Forwarding clearElement on session a959986235bfbb8f7a0d11d8dbc1685d to remote] DEBUG org.asynchttpclient.netty.request.NettyRequestSender - Using open Channel [id: 0x9de8e87b, L:/127.0.0.1:64529 - R:localhost/127.0.0.1:57047] for POST '/session/a959986235bfbb8f7a0d11d8dbc1685d/element/23bef346-6e47-4c8e-a6d6-deb9e6a78ca6/clear'
13:46:18.263 [AsyncHttpClient-1-4] DEBUG org.asynchttpclient.netty.handler.HttpHandler - 

Request DefaultHttpRequest(decodeResult: success, version: HTTP/1.1)
POST /session/a959986235bfbb8f7a0d11d8dbc1685d/element/23bef346-6e47-4c8e-a6d6-deb9e6a78ca6/clear HTTP/1.1
User-Agent: selenium/4.1.2 (java windows)
Content-Length: 50
Content-Type: application/json; charset=utf-8
host: localhost:57047
accept: */*

Response DefaultHttpResponse(decodeResult: success, version: HTTP/1.1)
HTTP/1.1 200 OK
Content-Type: application/json; charset=utf-8
cache-control: no-cache
content-length: 14

13:46:18.263 [AsyncHttpClient-1-4] DEBUG org.asynchttpclient.netty.channel.ChannelManager - Adding key: http://localhost:57047 for channel [id: 0x9de8e87b, L:/127.0.0.1:64529 - R:localhost/127.0.0.1:57047]
13:46:18.265 [Forwarding sendKeysToElement on session a959986235bfbb8f7a0d11d8dbc1685d to remote] DEBUG org.asynchttpclient.netty.request.NettyRequestSender - Using pooled Channel '[id: 0x9de8e87b, L:/127.0.0.1:64529 - R:localhost/127.0.0.1:57047]' for 'POST' to 'http://localhost:57047/session/a959986235bfbb8f7a0d11d8dbc1685d/element/23bef346-6e47-4c8e-a6d6-deb9e6a78ca6/value'
13:46:18.265 [Forwarding sendKeysToElement on session a959986235bfbb8f7a0d11d8dbc1685d to remote] DEBUG org.asynchttpclient.netty.request.NettyRequestSender - Using open Channel [id: 0x9de8e87b, L:/127.0.0.1:64529 - R:localhost/127.0.0.1:57047] for POST '/session/a959986235bfbb8f7a0d11d8dbc1685d/element/23bef346-6e47-4c8e-a6d6-deb9e6a78ca6/value'
13:46:18.411 [AsyncHttpClient-1-4] DEBUG org.asynchttpclient.netty.handler.HttpHandler - 

Request DefaultHttpRequest(decodeResult: success, version: HTTP/1.1)
POST /session/a959986235bfbb8f7a0d11d8dbc1685d/element/23bef346-6e47-4c8e-a6d6-deb9e6a78ca6/value HTTP/1.1
User-Agent: selenium/4.1.2 (java windows)
Content-Length: 151
Content-Type: application/json; charset=utf-8
host: localhost:57047
accept: */*

Response DefaultHttpResponse(decodeResult: success, version: HTTP/1.1)
HTTP/1.1 200 OK
Content-Type: application/json; charset=utf-8
cache-control: no-cache
content-length: 14

13:46:18.411 [AsyncHttpClient-1-4] DEBUG org.asynchttpclient.netty.channel.ChannelManager - Adding key: http://localhost:57047 for channel [id: 0x9de8e87b, L:/127.0.0.1:64529 - R:localhost/127.0.0.1:57047]
13:46:18.433 [Forwarding screenshot on session a959986235bfbb8f7a0d11d8dbc1685d to remote] DEBUG org.asynchttpclient.netty.request.NettyRequestSender - Using pooled Channel '[id: 0x9de8e87b, L:/127.0.0.1:64529 - R:localhost/127.0.0.1:57047]' for 'GET' to 'http://localhost:57047/session/a959986235bfbb8f7a0d11d8dbc1685d/screenshot'
13:46:18.433 [Forwarding screenshot on session a959986235bfbb8f7a0d11d8dbc1685d to remote] DEBUG org.asynchttpclient.netty.request.NettyRequestSender - Using open Channel [id: 0x9de8e87b, L:/127.0.0.1:64529 - R:localhost/127.0.0.1:57047] for GET '/session/a959986235bfbb8f7a0d11d8dbc1685d/screenshot'
13:46:18.702 [AsyncHttpClient-1-4] DEBUG org.asynchttpclient.netty.handler.HttpHandler - 

Request DefaultFullHttpRequest(decodeResult: success, version: HTTP/1.1, content: EmptyByteBufBE)
GET /session/a959986235bfbb8f7a0d11d8dbc1685d/screenshot HTTP/1.1
User-Agent: selenium/4.1.2 (java windows)
Cache-Control: no-cache
Content-Type: application/json; charset=utf-8
host: localhost:57047
accept: */*

Response DefaultHttpResponse(decodeResult: success, version: HTTP/1.1)
HTTP/1.1 200 OK
Content-Type: application/json; charset=utf-8
cache-control: no-cache
content-length: 108888

13:46:18.704 [AsyncHttpClient-1-4] DEBUG org.asynchttpclient.netty.channel.ChannelManager - Adding key: http://localhost:57047 for channel [id: 0x9de8e87b, L:/127.0.0.1:64529 - R:localhost/127.0.0.1:57047]
13:46:18.716 [main] DEBUG net.serenitybdd.core.photography.Darkroom - Send negative for processing for target\site\serenity\ac7634d7ca6454f33acf533e6b1ab917867792654c61cca383f5077c50df77e5.png
13:46:18.716 [main] DEBUG net.thucydides.core.steps.StepInterceptor - STEP DONE: inputID
  &amp#27;[32mWhen &amp#27;[0m&amp#27;[32madmin input valid id&amp#27;[0m                                         &amp#27;[90m# starter.definitions.login.ValidID()&amp#27;[0m
13:46:18.744 [AsyncHttpClient-1-1] DEBUG org.asynchttpclient.netty.channel.DefaultChannelPool - Entry count for : http://localhost:57047 : 1
13:46:18.744 [AsyncHttpClient-1-1] DEBUG org.asynchttpclient.netty.channel.DefaultChannelPool - Entry count for : http://localhost:64530 : 1
13:46:18.766 [main] DEBUG net.thucydides.core.steps.StepInterceptor - STARTING STEP: login.ValidPassword - inputPassword
13:46:18.775 [Forwarding findElement on session a959986235bfbb8f7a0d11d8dbc1685d to remote] DEBUG org.asynchttpclient.netty.request.NettyRequestSender - Using pooled Channel '[id: 0x9de8e87b, L:/127.0.0.1:64529 - R:localhost/127.0.0.1:57047]' for 'POST' to 'http://localhost:57047/session/a959986235bfbb8f7a0d11d8dbc1685d/element'
13:46:18.775 [Forwarding findElement on session a959986235bfbb8f7a0d11d8dbc1685d to remote] DEBUG org.asynchttpclient.netty.request.NettyRequestSender - Using open Channel [id: 0x9de8e87b, L:/127.0.0.1:64529 - R:localhost/127.0.0.1:57047] for POST '/session/a959986235bfbb8f7a0d11d8dbc1685d/element'
13:46:18.809 [AsyncHttpClient-1-4] DEBUG org.asynchttpclient.netty.handler.HttpHandler - 

Request DefaultHttpRequest(decodeResult: success, version: HTTP/1.1)
POST /session/a959986235bfbb8f7a0d11d8dbc1685d/element HTTP/1.1
User-Agent: selenium/4.1.2 (java windows)
Content-Length: 53
Content-Type: application/json; charset=utf-8
host: localhost:57047
accept: */*

Response DefaultHttpResponse(decodeResult: success, version: HTTP/1.1)
HTTP/1.1 200 OK
Content-Type: application/json; charset=utf-8
cache-control: no-cache
content-length: 88

13:46:18.810 [AsyncHttpClient-1-4] DEBUG org.asynchttpclient.netty.channel.ChannelManager - Adding key: http://localhost:57047 for channel [id: 0x9de8e87b, L:/127.0.0.1:64529 - R:localhost/127.0.0.1:57047]
13:46:18.811 [Forwarding clearElement on session a959986235bfbb8f7a0d11d8dbc1685d to remote] DEBUG org.asynchttpclient.netty.request.NettyRequestSender - Using pooled Channel '[id: 0x9de8e87b, L:/127.0.0.1:64529 - R:localhost/127.0.0.1:57047]' for 'POST' to 'http://localhost:57047/session/a959986235bfbb8f7a0d11d8dbc1685d/element/13a0c014-986f-4b7a-b929-b64fae08d13d/clear'
13:46:18.811 [Forwarding clearElement on session a959986235bfbb8f7a0d11d8dbc1685d to remote] DEBUG org.asynchttpclient.netty.request.NettyRequestSender - Using open Channel [id: 0x9de8e87b, L:/127.0.0.1:64529 - R:localhost/127.0.0.1:57047] for POST '/session/a959986235bfbb8f7a0d11d8dbc1685d/element/13a0c014-986f-4b7a-b929-b64fae08d13d/clear'
13:46:18.946 [AsyncHttpClient-1-4] DEBUG org.asynchttpclient.netty.handler.HttpHandler - 

Request DefaultHttpRequest(decodeResult: success, version: HTTP/1.1)
POST /session/a959986235bfbb8f7a0d11d8dbc1685d/element/13a0c014-986f-4b7a-b929-b64fae08d13d/clear HTTP/1.1
User-Agent: selenium/4.1.2 (java windows)
Content-Length: 50
Content-Type: application/json; charset=utf-8
host: localhost:57047
accept: */*

Response DefaultHttpResponse(decodeResult: success, version: HTTP/1.1)
HTTP/1.1 200 OK
Content-Type: application/json; charset=utf-8
cache-control: no-cache
content-length: 14

13:46:18.946 [AsyncHttpClient-1-4] DEBUG org.asynchttpclient.netty.channel.ChannelManager - Adding key: http://localhost:57047 for channel [id: 0x9de8e87b, L:/127.0.0.1:64529 - R:localhost/127.0.0.1:57047]
13:46:18.951 [Forwarding sendKeysToElement on session a959986235bfbb8f7a0d11d8dbc1685d to remote] DEBUG org.asynchttpclient.netty.request.NettyRequestSender - Using pooled Channel '[id: 0x9de8e87b, L:/127.0.0.1:64529 - R:localhost/127.0.0.1:57047]' for 'POST' to 'http://localhost:57047/session/a959986235bfbb8f7a0d11d8dbc1685d/element/13a0c014-986f-4b7a-b929-b64fae08d13d/value'
13:46:18.951 [Forwarding sendKeysToElement on session a959986235bfbb8f7a0d11d8dbc1685d to remote] DEBUG org.asynchttpclient.netty.request.NettyRequestSender - Using open Channel [id: 0x9de8e87b, L:/127.0.0.1:64529 - R:localhost/127.0.0.1:57047] for POST '/session/a959986235bfbb8f7a0d11d8dbc1685d/element/13a0c014-986f-4b7a-b929-b64fae08d13d/value'
13:46:19.175 [AsyncHttpClient-1-4] DEBUG org.asynchttpclient.netty.handler.HttpHandler - 

Request DefaultHttpRequest(decodeResult: success, version: HTTP/1.1)
POST /session/a959986235bfbb8f7a0d11d8dbc1685d/element/13a0c014-986f-4b7a-b929-b64fae08d13d/value HTTP/1.1
User-Agent: selenium/4.1.2 (java windows)
Content-Length: 121
Content-Type: application/json; charset=utf-8
host: localhost:57047
accept: */*

Response DefaultHttpResponse(decodeResult: success, version: HTTP/1.1)
HTTP/1.1 200 OK
Content-Type: application/json; charset=utf-8
cache-control: no-cache
content-length: 14

13:46:19.176 [AsyncHttpClient-1-4] DEBUG org.asynchttpclient.netty.channel.ChannelManager - Adding key: http://localhost:57047 for channel [id: 0x9de8e87b, L:/127.0.0.1:64529 - R:localhost/127.0.0.1:57047]
13:46:19.196 [Forwarding screenshot on session a959986235bfbb8f7a0d11d8dbc1685d to remote] DEBUG org.asynchttpclient.netty.request.NettyRequestSender - Using pooled Channel '[id: 0x9de8e87b, L:/127.0.0.1:64529 - R:localhost/127.0.0.1:57047]' for 'GET' to 'http://localhost:57047/session/a959986235bfbb8f7a0d11d8dbc1685d/screenshot'
13:46:19.197 [Forwarding screenshot on session a959986235bfbb8f7a0d11d8dbc1685d to remote] DEBUG org.asynchttpclient.netty.request.NettyRequestSender - Using open Channel [id: 0x9de8e87b, L:/127.0.0.1:64529 - R:localhost/127.0.0.1:57047] for GET '/session/a959986235bfbb8f7a0d11d8dbc1685d/screenshot'
13:46:19.408 [AsyncHttpClient-1-4] DEBUG org.asynchttpclient.netty.handler.HttpHandler - 

Request DefaultFullHttpRequest(decodeResult: success, version: HTTP/1.1, content: EmptyByteBufBE)
GET /session/a959986235bfbb8f7a0d11d8dbc1685d/screenshot HTTP/1.1
User-Agent: selenium/4.1.2 (java windows)
Cache-Control: no-cache
Content-Type: application/json; charset=utf-8
host: localhost:57047
accept: */*

Response DefaultHttpResponse(decodeResult: success, version: HTTP/1.1)
HTTP/1.1 200 OK
Content-Type: application/json; charset=utf-8
cache-control: no-cache
content-length: 107164

13:46:19.409 [AsyncHttpClient-1-4] DEBUG org.asynchttpclient.netty.channel.ChannelManager - Adding key: http://localhost:57047 for channel [id: 0x9de8e87b, L:/127.0.0.1:64529 - R:localhost/127.0.0.1:57047]
13:46:19.420 [main] DEBUG net.serenitybdd.core.photography.Darkroom - Send negative for processing for target\site\serenity\d874a8400219331461e8bfe481a6f4cce54b81ddc9b9e796b0e9e20a97e4d143.png
13:46:19.420 [main] DEBUG net.thucydides.core.steps.StepInterceptor - STEP DONE: inputPassword
  &amp#27;[32mAnd &amp#27;[0m&amp#27;[32madmin input valid password&amp#27;[0m                                    &amp#27;[90m# starter.definitions.login.ValidPassword()&amp#27;[0m
13:46:19.462 [main] DEBUG net.thucydides.core.steps.StepInterceptor - STARTING STEP: login.LoginButton - clickloginButton
13:46:19.471 [Forwarding findElement on session a959986235bfbb8f7a0d11d8dbc1685d to remote] DEBUG org.asynchttpclient.netty.request.NettyRequestSender - Using pooled Channel '[id: 0x9de8e87b, L:/127.0.0.1:64529 - R:localhost/127.0.0.1:57047]' for 'POST' to 'http://localhost:57047/session/a959986235bfbb8f7a0d11d8dbc1685d/element'
13:46:19.471 [Forwarding findElement on session a959986235bfbb8f7a0d11d8dbc1685d to remote] DEBUG org.asynchttpclient.netty.request.NettyRequestSender - Using open Channel [id: 0x9de8e87b, L:/127.0.0.1:64529 - R:localhost/127.0.0.1:57047] for POST '/session/a959986235bfbb8f7a0d11d8dbc1685d/element'
13:46:19.494 [AsyncHttpClient-1-4] DEBUG org.asynchttpclient.netty.handler.HttpHandler - 

Request DefaultHttpRequest(decodeResult: success, version: HTTP/1.1)
POST /session/a959986235bfbb8f7a0d11d8dbc1685d/element HTTP/1.1
User-Agent: selenium/4.1.2 (java windows)
Content-Length: 101
Content-Type: application/json; charset=utf-8
host: localhost:57047
accept: */*

Response DefaultHttpResponse(decodeResult: success, version: HTTP/1.1)
HTTP/1.1 200 OK
Content-Type: application/json; charset=utf-8
cache-control: no-cache
content-length: 88

13:46:19.495 [AsyncHttpClient-1-4] DEBUG org.asynchttpclient.netty.channel.ChannelManager - Adding key: http://localhost:57047 for channel [id: 0x9de8e87b, L:/127.0.0.1:64529 - R:localhost/127.0.0.1:57047]
13:46:19.497 [Forwarding getElementTagName on session a959986235bfbb8f7a0d11d8dbc1685d to remote] DEBUG org.asynchttpclient.netty.request.NettyRequestSender - Using pooled Channel '[id: 0x9de8e87b, L:/127.0.0.1:64529 - R:localhost/127.0.0.1:57047]' for 'GET' to 'http://localhost:57047/session/a959986235bfbb8f7a0d11d8dbc1685d/element/4d8f8176-3801-4ae4-a642-74948442286b/name'
13:46:19.497 [Forwarding getElementTagName on session a959986235bfbb8f7a0d11d8dbc1685d to remote] DEBUG org.asynchttpclient.netty.request.NettyRequestSender - Using open Channel [id: 0x9de8e87b, L:/127.0.0.1:64529 - R:localhost/127.0.0.1:57047] for GET '/session/a959986235bfbb8f7a0d11d8dbc1685d/element/4d8f8176-3801-4ae4-a642-74948442286b/name'
13:46:19.518 [AsyncHttpClient-1-4] DEBUG org.asynchttpclient.netty.handler.HttpHandler - 

Request DefaultFullHttpRequest(decodeResult: success, version: HTTP/1.1, content: EmptyByteBufBE)
GET /session/a959986235bfbb8f7a0d11d8dbc1685d/element/4d8f8176-3801-4ae4-a642-74948442286b/name HTTP/1.1
User-Agent: selenium/4.1.2 (java windows)
Cache-Control: no-cache
Content-Type: application/json; charset=utf-8
host: localhost:57047
accept: */*

Response DefaultHttpResponse(decodeResult: success, version: HTTP/1.1)
HTTP/1.1 200 OK
Content-Type: application/json; charset=utf-8
cache-control: no-cache
content-length: 18

13:46:19.518 [AsyncHttpClient-1-4] DEBUG org.asynchttpclient.netty.channel.ChannelManager - Adding key: http://localhost:57047 for channel [id: 0x9de8e87b, L:/127.0.0.1:64529 - R:localhost/127.0.0.1:57047]
13:46:19.521 [Forwarding getElementTagName on session a959986235bfbb8f7a0d11d8dbc1685d to remote] DEBUG org.asynchttpclient.netty.request.NettyRequestSender - Using pooled Channel '[id: 0x9de8e87b, L:/127.0.0.1:64529 - R:localhost/127.0.0.1:57047]' for 'GET' to 'http://localhost:57047/session/a959986235bfbb8f7a0d11d8dbc1685d/element/4d8f8176-3801-4ae4-a642-74948442286b/name'
13:46:19.522 [Forwarding getElementTagName on session a959986235bfbb8f7a0d11d8dbc1685d to remote] DEBUG org.asynchttpclient.netty.request.NettyRequestSender - Using open Channel [id: 0x9de8e87b, L:/127.0.0.1:64529 - R:localhost/127.0.0.1:57047] for GET '/session/a959986235bfbb8f7a0d11d8dbc1685d/element/4d8f8176-3801-4ae4-a642-74948442286b/name'
13:46:19.532 [AsyncHttpClient-1-4] DEBUG org.asynchttpclient.netty.handler.HttpHandler - 

Request DefaultFullHttpRequest(decodeResult: success, version: HTTP/1.1, content: EmptyByteBufBE)
GET /session/a959986235bfbb8f7a0d11d8dbc1685d/element/4d8f8176-3801-4ae4-a642-74948442286b/name HTTP/1.1
User-Agent: selenium/4.1.2 (java windows)
Cache-Control: no-cache
Content-Type: application/json; charset=utf-8
host: localhost:57047
accept: */*

Response DefaultHttpResponse(decodeResult: success, version: HTTP/1.1)
HTTP/1.1 200 OK
Content-Type: application/json; charset=utf-8
cache-control: no-cache
content-length: 18

13:46:19.532 [AsyncHttpClient-1-4] DEBUG org.asynchttpclient.netty.channel.ChannelManager - Adding key: http://localhost:57047 for channel [id: 0x9de8e87b, L:/127.0.0.1:64529 - R:localhost/127.0.0.1:57047]
13:46:19.539 [Forwarding isElementEnabled on session a959986235bfbb8f7a0d11d8dbc1685d to remote] DEBUG org.asynchttpclient.netty.request.NettyRequestSender - Using pooled Channel '[id: 0x9de8e87b, L:/127.0.0.1:64529 - R:localhost/127.0.0.1:57047]' for 'GET' to 'http://localhost:57047/session/a959986235bfbb8f7a0d11d8dbc1685d/element/4d8f8176-3801-4ae4-a642-74948442286b/enabled'
13:46:19.539 [Forwarding isElementEnabled on session a959986235bfbb8f7a0d11d8dbc1685d to remote] DEBUG org.asynchttpclient.netty.request.NettyRequestSender - Using open Channel [id: 0x9de8e87b, L:/127.0.0.1:64529 - R:localhost/127.0.0.1:57047] for GET '/session/a959986235bfbb8f7a0d11d8dbc1685d/element/4d8f8176-3801-4ae4-a642-74948442286b/enabled'
13:46:19.568 [AsyncHttpClient-1-4] DEBUG org.asynchttpclient.netty.handler.HttpHandler - 

Request DefaultFullHttpRequest(decodeResult: success, version: HTTP/1.1, content: EmptyByteBufBE)
GET /session/a959986235bfbb8f7a0d11d8dbc1685d/element/4d8f8176-3801-4ae4-a642-74948442286b/enabled HTTP/1.1
User-Agent: selenium/4.1.2 (java windows)
Cache-Control: no-cache
Content-Type: application/json; charset=utf-8
host: localhost:57047
accept: */*

Response DefaultHttpResponse(decodeResult: success, version: HTTP/1.1)
HTTP/1.1 200 OK
Content-Type: application/json; charset=utf-8
cache-control: no-cache
content-length: 14

13:46:19.568 [AsyncHttpClient-1-4] DEBUG org.asynchttpclient.netty.channel.ChannelManager - Adding key: http://localhost:57047 for channel [id: 0x9de8e87b, L:/127.0.0.1:64529 - R:localhost/127.0.0.1:57047]
13:46:19.571 [Forwarding isElementEnabled on session a959986235bfbb8f7a0d11d8dbc1685d to remote] DEBUG org.asynchttpclient.netty.request.NettyRequestSender - Using pooled Channel '[id: 0x9de8e87b, L:/127.0.0.1:64529 - R:localhost/127.0.0.1:57047]' for 'GET' to 'http://localhost:57047/session/a959986235bfbb8f7a0d11d8dbc1685d/element/4d8f8176-3801-4ae4-a642-74948442286b/enabled'
13:46:19.571 [Forwarding isElementEnabled on session a959986235bfbb8f7a0d11d8dbc1685d to remote] DEBUG org.asynchttpclient.netty.request.NettyRequestSender - Using open Channel [id: 0x9de8e87b, L:/127.0.0.1:64529 - R:localhost/127.0.0.1:57047] for GET '/session/a959986235bfbb8f7a0d11d8dbc1685d/element/4d8f8176-3801-4ae4-a642-74948442286b/enabled'
13:46:19.591 [AsyncHttpClient-1-4] DEBUG org.asynchttpclient.netty.handler.HttpHandler - 

Request DefaultFullHttpRequest(decodeResult: success, version: HTTP/1.1, content: EmptyByteBufBE)
GET /session/a959986235bfbb8f7a0d11d8dbc1685d/element/4d8f8176-3801-4ae4-a642-74948442286b/enabled HTTP/1.1
User-Agent: selenium/4.1.2 (java windows)
Cache-Control: no-cache
Content-Type: application/json; charset=utf-8
host: localhost:57047
accept: */*

Response DefaultHttpResponse(decodeResult: success, version: HTTP/1.1)
HTTP/1.1 200 OK
Content-Type: application/json; charset=utf-8
cache-control: no-cache
content-length: 14

13:46:19.592 [AsyncHttpClient-1-4] DEBUG org.asynchttpclient.netty.channel.ChannelManager - Adding key: http://localhost:57047 for channel [id: 0x9de8e87b, L:/127.0.0.1:64529 - R:localhost/127.0.0.1:57047]
13:46:19.595 [Forwarding findElement on session a959986235bfbb8f7a0d11d8dbc1685d to remote] DEBUG org.asynchttpclient.netty.request.NettyRequestSender - Using pooled Channel '[id: 0x9de8e87b, L:/127.0.0.1:64529 - R:localhost/127.0.0.1:57047]' for 'POST' to 'http://localhost:57047/session/a959986235bfbb8f7a0d11d8dbc1685d/element'
13:46:19.595 [Forwarding findElement on session a959986235bfbb8f7a0d11d8dbc1685d to remote] DEBUG org.asynchttpclient.netty.request.NettyRequestSender - Using open Channel [id: 0x9de8e87b, L:/127.0.0.1:64529 - R:localhost/127.0.0.1:57047] for POST '/session/a959986235bfbb8f7a0d11d8dbc1685d/element'
13:46:19.611 [AsyncHttpClient-1-4] DEBUG org.asynchttpclient.netty.handler.HttpHandler - 

Request DefaultHttpRequest(decodeResult: success, version: HTTP/1.1)
POST /session/a959986235bfbb8f7a0d11d8dbc1685d/element HTTP/1.1
User-Agent: selenium/4.1.2 (java windows)
Content-Length: 101
Content-Type: application/json; charset=utf-8
host: localhost:57047
accept: */*

Response DefaultHttpResponse(decodeResult: success, version: HTTP/1.1)
HTTP/1.1 200 OK
Content-Type: application/json; charset=utf-8
cache-control: no-cache
content-length: 88

13:46:19.612 [AsyncHttpClient-1-4] DEBUG org.asynchttpclient.netty.channel.ChannelManager - Adding key: http://localhost:57047 for channel [id: 0x9de8e87b, L:/127.0.0.1:64529 - R:localhost/127.0.0.1:57047]
13:46:19.613 [Forwarding clickElement on session a959986235bfbb8f7a0d11d8dbc1685d to remote] DEBUG org.asynchttpclient.netty.request.NettyRequestSender - Using pooled Channel '[id: 0x9de8e87b, L:/127.0.0.1:64529 - R:localhost/127.0.0.1:57047]' for 'POST' to 'http://localhost:57047/session/a959986235bfbb8f7a0d11d8dbc1685d/element/4d8f8176-3801-4ae4-a642-74948442286b/click'
13:46:19.614 [Forwarding clickElement on session a959986235bfbb8f7a0d11d8dbc1685d to remote] DEBUG org.asynchttpclient.netty.request.NettyRequestSender - Using open Channel [id: 0x9de8e87b, L:/127.0.0.1:64529 - R:localhost/127.0.0.1:57047] for POST '/session/a959986235bfbb8f7a0d11d8dbc1685d/element/4d8f8176-3801-4ae4-a642-74948442286b/click'
13:46:19.757 [AsyncHttpClient-1-4] DEBUG org.asynchttpclient.netty.handler.HttpHandler - 

Request DefaultHttpRequest(decodeResult: success, version: HTTP/1.1)
POST /session/a959986235bfbb8f7a0d11d8dbc1685d/element/4d8f8176-3801-4ae4-a642-74948442286b/click HTTP/1.1
User-Agent: selenium/4.1.2 (java windows)
Content-Length: 50
Content-Type: application/json; charset=utf-8
host: localhost:57047
accept: */*

Response DefaultHttpResponse(decodeResult: success, version: HTTP/1.1)
HTTP/1.1 200 OK
Content-Type: application/json; charset=utf-8
cache-control: no-cache
content-length: 14

13:46:19.757 [AsyncHttpClient-1-4] DEBUG org.asynchttpclient.netty.channel.ChannelManager - Adding key: http://localhost:57047 for channel [id: 0x9de8e87b, L:/127.0.0.1:64529 - R:localhost/127.0.0.1:57047]
13:46:19.777 [Forwarding screenshot on session a959986235bfbb8f7a0d11d8dbc1685d to remote] DEBUG org.asynchttpclient.netty.request.NettyRequestSender - Using pooled Channel '[id: 0x9de8e87b, L:/127.0.0.1:64529 - R:localhost/127.0.0.1:57047]' for 'GET' to 'http://localhost:57047/session/a959986235bfbb8f7a0d11d8dbc1685d/screenshot'
13:46:19.777 [Forwarding screenshot on session a959986235bfbb8f7a0d11d8dbc1685d to remote] DEBUG org.asynchttpclient.netty.request.NettyRequestSender - Using open Channel [id: 0x9de8e87b, L:/127.0.0.1:64529 - R:localhost/127.0.0.1:57047] for GET '/session/a959986235bfbb8f7a0d11d8dbc1685d/screenshot'
13:46:19.846 [AsyncHttpClient-1-1] DEBUG org.asynchttpclient.netty.channel.DefaultChannelPool - Entry count for : http://localhost:64530 : 1
13:46:20.116 [AsyncHttpClient-1-4] DEBUG org.asynchttpclient.netty.handler.HttpHandler - 

Request DefaultFullHttpRequest(decodeResult: success, version: HTTP/1.1, content: EmptyByteBufBE)
GET /session/a959986235bfbb8f7a0d11d8dbc1685d/screenshot HTTP/1.1
User-Agent: selenium/4.1.2 (java windows)
Cache-Control: no-cache
Content-Type: application/json; charset=utf-8
host: localhost:57047
accept: */*

Response DefaultHttpResponse(decodeResult: success, version: HTTP/1.1)
HTTP/1.1 200 OK
Content-Type: application/json; charset=utf-8
cache-control: no-cache
content-length: 107020

13:46:20.117 [AsyncHttpClient-1-4] DEBUG org.asynchttpclient.netty.channel.ChannelManager - Adding key: http://localhost:57047 for channel [id: 0x9de8e87b, L:/127.0.0.1:64529 - R:localhost/127.0.0.1:57047]
13:46:20.127 [main] DEBUG net.serenitybdd.core.photography.Darkroom - Send negative for processing for target\site\serenity\6e87135eb408c9a25f1da8d72c055635acfae183c04ec5497751c71a818a061b.png
13:46:20.128 [main] DEBUG net.thucydides.core.steps.StepInterceptor - STEP DONE: clickloginButton
  &amp#27;[32mAnd &amp#27;[0m&amp#27;[32madmin click on masuk button&amp#27;[0m                                   &amp#27;[90m# starter.definitions.login.LoginButton()&amp#27;[0m
13:46:20.180 [Forwarding screenshot on session a959986235bfbb8f7a0d11d8dbc1685d to remote] DEBUG org.asynchttpclient.netty.request.NettyRequestSender - Using pooled Channel '[id: 0x9de8e87b, L:/127.0.0.1:64529 - R:localhost/127.0.0.1:57047]' for 'GET' to 'http://localhost:57047/session/a959986235bfbb8f7a0d11d8dbc1685d/screenshot'
13:46:20.180 [Forwarding screenshot on session a959986235bfbb8f7a0d11d8dbc1685d to remote] DEBUG org.asynchttpclient.netty.request.NettyRequestSender - Using open Channel [id: 0x9de8e87b, L:/127.0.0.1:64529 - R:localhost/127.0.0.1:57047] for GET '/session/a959986235bfbb8f7a0d11d8dbc1685d/screenshot'
13:46:20.378 [AsyncHttpClient-1-4] DEBUG org.asynchttpclient.netty.handler.HttpHandler - 

Request DefaultFullHttpRequest(decodeResult: success, version: HTTP/1.1, content: EmptyByteBufBE)
GET /session/a959986235bfbb8f7a0d11d8dbc1685d/screenshot HTTP/1.1
User-Agent: selenium/4.1.2 (java windows)
Cache-Control: no-cache
Content-Type: application/json; charset=utf-8
host: localhost:57047
accept: */*

Response DefaultHttpResponse(decodeResult: success, version: HTTP/1.1)
HTTP/1.1 200 OK
Content-Type: application/json; charset=utf-8
cache-control: no-cache
content-length: 107024

13:46:20.379 [AsyncHttpClient-1-4] DEBUG org.asynchttpclient.netty.channel.ChannelManager - Adding key: http://localhost:57047 for channel [id: 0x9de8e87b, L:/127.0.0.1:64529 - R:localhost/127.0.0.1:57047]
13:46:20.389 [main] DEBUG net.serenitybdd.core.photography.Darkroom - Send negative for processing for target\site\serenity\e31c39766773f64a7c324f1823eb6c4429cde5e7d88ed75fb170e7c8150ae6b6.png
13:46:20.390 [main] DEBUG net.thucydides.core.steps.StepInterceptor - STARTING STEP: login.HomePage - onHomePage
13:46:20.391 [Darkroom Processing Line] DEBUG net.serenitybdd.core.photography.DarkroomProcessingLine - Processing screenshot image in /var/screenshots/screenshot-8796504242427178967
13:46:20.391 [Darkroom Processing Line] DEBUG net.serenitybdd.core.photography.DarkroomProcessingLine - Saving screenshot to target\site\serenity\e31c39766773f64a7c324f1823eb6c4429cde5e7d88ed75fb170e7c8150ae6b6.png
13:46:20.397 [Forwarding findElement on session a959986235bfbb8f7a0d11d8dbc1685d to remote] DEBUG org.asynchttpclient.netty.request.NettyRequestSender - Using pooled Channel '[id: 0x9de8e87b, L:/127.0.0.1:64529 - R:localhost/127.0.0.1:57047]' for 'POST' to 'http://localhost:57047/session/a959986235bfbb8f7a0d11d8dbc1685d/element'
13:46:20.397 [Forwarding findElement on session a959986235bfbb8f7a0d11d8dbc1685d to remote] DEBUG org.asynchttpclient.netty.request.NettyRequestSender - Using open Channel [id: 0x9de8e87b, L:/127.0.0.1:64529 - R:localhost/127.0.0.1:57047] for POST '/session/a959986235bfbb8f7a0d11d8dbc1685d/element'
13:46:20.675 [AsyncHttpClient-1-4] DEBUG org.asynchttpclient.netty.handler.HttpHandler - 

Request DefaultHttpRequest(decodeResult: success, version: HTTP/1.1)
POST /session/a959986235bfbb8f7a0d11d8dbc1685d/element HTTP/1.1
User-Agent: selenium/4.1.2 (java windows)
Content-Length: 101
Content-Type: application/json; charset=utf-8
host: localhost:57047
accept: */*

Response DefaultHttpResponse(decodeResult: success, version: HTTP/1.1)
HTTP/1.1 200 OK
Content-Type: application/json; charset=utf-8
cache-control: no-cache
content-length: 88

13:46:20.675 [AsyncHttpClient-1-4] DEBUG org.asynchttpclient.netty.channel.ChannelManager - Adding key: http://localhost:57047 for channel [id: 0x9de8e87b, L:/127.0.0.1:64529 - R:localhost/127.0.0.1:57047]
13:46:20.687 [Forwarding isElementDisplayed on session a959986235bfbb8f7a0d11d8dbc1685d to remote] DEBUG org.asynchttpclient.netty.request.NettyRequestSender - Using pooled Channel '[id: 0x9de8e87b, L:/127.0.0.1:64529 - R:localhost/127.0.0.1:57047]' for 'POST' to 'http://localhost:57047/session/a959986235bfbb8f7a0d11d8dbc1685d/execute/sync'
13:46:20.687 [Forwarding isElementDisplayed on session a959986235bfbb8f7a0d11d8dbc1685d to remote] DEBUG org.asynchttpclient.netty.request.NettyRequestSender - Using open Channel [id: 0x9de8e87b, L:/127.0.0.1:64529 - R:localhost/127.0.0.1:57047] for POST '/session/a959986235bfbb8f7a0d11d8dbc1685d/execute/sync'
13:46:20.742 [AsyncHttpClient-1-4] DEBUG org.asynchttpclient.netty.handler.HttpHandler - 

Request DefaultHttpRequest(decodeResult: success, version: HTTP/1.1)
POST /session/a959986235bfbb8f7a0d11d8dbc1685d/execute/sync HTTP/1.1
User-Agent: selenium/4.1.2 (java windows)
Content-Length: 48780
Content-Type: application/json; charset=utf-8
host: localhost:57047
accept: */*

Response DefaultHttpResponse(decodeResult: success, version: HTTP/1.1)
HTTP/1.1 200 OK
Content-Type: application/json; charset=utf-8
cache-control: no-cache
content-length: 14

13:46:20.742 [AsyncHttpClient-1-4] DEBUG org.asynchttpclient.netty.channel.ChannelManager - Adding key: http://localhost:57047 for channel [id: 0x9de8e87b, L:/127.0.0.1:64529 - R:localhost/127.0.0.1:57047]
13:46:20.752 [Forwarding screenshot on session a959986235bfbb8f7a0d11d8dbc1685d to remote] DEBUG org.asynchttpclient.netty.request.NettyRequestSender - Using pooled Channel '[id: 0x9de8e87b, L:/127.0.0.1:64529 - R:localhost/127.0.0.1:57047]' for 'GET' to 'http://localhost:57047/session/a959986235bfbb8f7a0d11d8dbc1685d/screenshot'
13:46:20.753 [Forwarding screenshot on session a959986235bfbb8f7a0d11d8dbc1685d to remote] DEBUG org.asynchttpclient.netty.request.NettyRequestSender - Using open Channel [id: 0x9de8e87b, L:/127.0.0.1:64529 - R:localhost/127.0.0.1:57047] for GET '/session/a959986235bfbb8f7a0d11d8dbc1685d/screenshot'
13:46:20.907 [AsyncHttpClient-1-4] DEBUG org.asynchttpclient.netty.handler.HttpHandler - 

Request DefaultFullHttpRequest(decodeResult: success, version: HTTP/1.1, content: EmptyByteBufBE)
GET /session/a959986235bfbb8f7a0d11d8dbc1685d/screenshot HTTP/1.1
User-Agent: selenium/4.1.2 (java windows)
Cache-Control: no-cache
Content-Type: application/json; charset=utf-8
host: localhost:57047
accept: */*

Response DefaultHttpResponse(decodeResult: success, version: HTTP/1.1)
HTTP/1.1 200 OK
Content-Type: application/json; charset=utf-8
cache-control: no-cache
content-length: 42028

13:46:20.907 [AsyncHttpClient-1-4] DEBUG org.asynchttpclient.netty.channel.ChannelManager - Adding key: http://localhost:57047 for channel [id: 0x9de8e87b, L:/127.0.0.1:64529 - R:localhost/127.0.0.1:57047]
13:46:20.913 [main] DEBUG net.serenitybdd.core.photography.Darkroom - Send negative for processing for target\site\serenity\142c3bf9380814f0e69866bb17920dc41b558f96913068802ff9baa665f8a347.png
13:46:20.913 [main] DEBUG net.thucydides.core.steps.StepInterceptor - STEP DONE: onHomePage
  &amp#27;[32mThen &amp#27;[0m&amp#27;[32madmin on homepage&amp#27;[0m                                            &amp#27;[90m# starter.definitions.login.HomePage()&amp#27;[0m
13:46:20.913 [Darkroom Processing Line] DEBUG net.serenitybdd.core.photography.DarkroomProcessingLine - Processing screenshot image in /var/screenshots/screenshot-5983488705717967975
13:46:20.913 [Darkroom Processing Line] DEBUG net.serenitybdd.core.photography.DarkroomProcessingLine - Saving screenshot to target\site\serenity\142c3bf9380814f0e69866bb17920dc41b558f96913068802ff9baa665f8a347.png
13:46:20.940 [AsyncHttpClient-1-1] DEBUG org.asynchttpclient.netty.channel.DefaultChannelPool - Entry count for : http://localhost:57047 : 1
13:46:20.940 [AsyncHttpClient-1-1] DEBUG org.asynchttpclient.netty.channel.DefaultChannelPool - Entry count for : http://localhost:64530 : 1
13:46:20.960 [main] DEBUG net.thucydides.core.steps.StepInterceptor - STARTING STEP: login.clickNewPationRegistButton - clickNewPatienRegist
13:46:20.980 [Forwarding findElement on session a959986235bfbb8f7a0d11d8dbc1685d to remote] DEBUG org.asynchttpclient.netty.request.NettyRequestSender - Using pooled Channel '[id: 0x9de8e87b, L:/127.0.0.1:64529 - R:localhost/127.0.0.1:57047]' for 'POST' to 'http://localhost:57047/session/a959986235bfbb8f7a0d11d8dbc1685d/element'
13:46:20.981 [Forwarding findElement on session a959986235bfbb8f7a0d11d8dbc1685d to remote] DEBUG org.asynchttpclient.netty.request.NettyRequestSender - Using open Channel [id: 0x9de8e87b, L:/127.0.0.1:64529 - R:localhost/127.0.0.1:57047] for POST '/session/a959986235bfbb8f7a0d11d8dbc1685d/element'
13:46:21.045 [AsyncHttpClient-1-4] DEBUG org.asynchttpclient.netty.handler.HttpHandler - 

Request DefaultHttpRequest(decodeResult: success, version: HTTP/1.1)
POST /session/a959986235bfbb8f7a0d11d8dbc1685d/element HTTP/1.1
User-Agent: selenium/4.1.2 (java windows)
Content-Length: 97
Content-Type: application/json; charset=utf-8
host: localhost:57047
accept: */*

Response DefaultHttpResponse(decodeResult: success, version: HTTP/1.1)
HTTP/1.1 200 OK
Content-Type: application/json; charset=utf-8
cache-control: no-cache
content-length: 88

13:46:21.045 [AsyncHttpClient-1-4] DEBUG org.asynchttpclient.netty.channel.ChannelManager - Adding key: http://localhost:57047 for channel [id: 0x9de8e87b, L:/127.0.0.1:64529 - R:localhost/127.0.0.1:57047]
13:46:21.047 [Forwarding getElementTagName on session a959986235bfbb8f7a0d11d8dbc1685d to remote] DEBUG org.asynchttpclient.netty.request.NettyRequestSender - Using pooled Channel '[id: 0x9de8e87b, L:/127.0.0.1:64529 - R:localhost/127.0.0.1:57047]' for 'GET' to 'http://localhost:57047/session/a959986235bfbb8f7a0d11d8dbc1685d/element/350210e7-23e7-445d-b38a-5e70b5b6d6d8/name'
13:46:21.047 [Forwarding getElementTagName on session a959986235bfbb8f7a0d11d8dbc1685d to remote] DEBUG org.asynchttpclient.netty.request.NettyRequestSender - Using open Channel [id: 0x9de8e87b, L:/127.0.0.1:64529 - R:localhost/127.0.0.1:57047] for GET '/session/a959986235bfbb8f7a0d11d8dbc1685d/element/350210e7-23e7-445d-b38a-5e70b5b6d6d8/name'
13:46:21.065 [AsyncHttpClient-1-4] DEBUG org.asynchttpclient.netty.handler.HttpHandler - 

Request DefaultFullHttpRequest(decodeResult: success, version: HTTP/1.1, content: EmptyByteBufBE)
GET /session/a959986235bfbb8f7a0d11d8dbc1685d/element/350210e7-23e7-445d-b38a-5e70b5b6d6d8/name HTTP/1.1
User-Agent: selenium/4.1.2 (java windows)
Cache-Control: no-cache
Content-Type: application/json; charset=utf-8
host: localhost:57047
accept: */*

Response DefaultHttpResponse(decodeResult: success, version: HTTP/1.1)
HTTP/1.1 200 OK
Content-Type: application/json; charset=utf-8
cache-control: no-cache
content-length: 13

13:46:21.066 [AsyncHttpClient-1-4] DEBUG org.asynchttpclient.netty.channel.ChannelManager - Adding key: http://localhost:57047 for channel [id: 0x9de8e87b, L:/127.0.0.1:64529 - R:localhost/127.0.0.1:57047]
13:46:21.067 [Forwarding getElementTagName on session a959986235bfbb8f7a0d11d8dbc1685d to remote] DEBUG org.asynchttpclient.netty.request.NettyRequestSender - Using pooled Channel '[id: 0x9de8e87b, L:/127.0.0.1:64529 - R:localhost/127.0.0.1:57047]' for 'GET' to 'http://localhost:57047/session/a959986235bfbb8f7a0d11d8dbc1685d/element/350210e7-23e7-445d-b38a-5e70b5b6d6d8/name'
13:46:21.067 [Forwarding getElementTagName on session a959986235bfbb8f7a0d11d8dbc1685d to remote] DEBUG org.asynchttpclient.netty.request.NettyRequestSender - Using open Channel [id: 0x9de8e87b, L:/127.0.0.1:64529 - R:localhost/127.0.0.1:57047] for GET '/session/a959986235bfbb8f7a0d11d8dbc1685d/element/350210e7-23e7-445d-b38a-5e70b5b6d6d8/name'
13:46:21.081 [AsyncHttpClient-1-4] DEBUG org.asynchttpclient.netty.handler.HttpHandler - 

Request DefaultFullHttpRequest(decodeResult: success, version: HTTP/1.1, content: EmptyByteBufBE)
GET /session/a959986235bfbb8f7a0d11d8dbc1685d/element/350210e7-23e7-445d-b38a-5e70b5b6d6d8/name HTTP/1.1
User-Agent: selenium/4.1.2 (java windows)
Cache-Control: no-cache
Content-Type: application/json; charset=utf-8
host: localhost:57047
accept: */*

Response DefaultHttpResponse(decodeResult: success, version: HTTP/1.1)
HTTP/1.1 200 OK
Content-Type: application/json; charset=utf-8
cache-control: no-cache
content-length: 13

13:46:21.081 [AsyncHttpClient-1-4] DEBUG org.asynchttpclient.netty.channel.ChannelManager - Adding key: http://localhost:57047 for channel [id: 0x9de8e87b, L:/127.0.0.1:64529 - R:localhost/127.0.0.1:57047]
13:46:21.084 [Forwarding findElement on session a959986235bfbb8f7a0d11d8dbc1685d to remote] DEBUG org.asynchttpclient.netty.request.NettyRequestSender - Using pooled Channel '[id: 0x9de8e87b, L:/127.0.0.1:64529 - R:localhost/127.0.0.1:57047]' for 'POST' to 'http://localhost:57047/session/a959986235bfbb8f7a0d11d8dbc1685d/element'
13:46:21.084 [Forwarding findElement on session a959986235bfbb8f7a0d11d8dbc1685d to remote] DEBUG org.asynchttpclient.netty.request.NettyRequestSender - Using open Channel [id: 0x9de8e87b, L:/127.0.0.1:64529 - R:localhost/127.0.0.1:57047] for POST '/session/a959986235bfbb8f7a0d11d8dbc1685d/element'
13:46:21.134 [AsyncHttpClient-1-4] DEBUG org.asynchttpclient.netty.handler.HttpHandler - 

Request DefaultHttpRequest(decodeResult: success, version: HTTP/1.1)
POST /session/a959986235bfbb8f7a0d11d8dbc1685d/element HTTP/1.1
User-Agent: selenium/4.1.2 (java windows)
Content-Length: 97
Content-Type: application/json; charset=utf-8
host: localhost:57047
accept: */*

Response DefaultHttpResponse(decodeResult: success, version: HTTP/1.1)
HTTP/1.1 200 OK
Content-Type: application/json; charset=utf-8
cache-control: no-cache
content-length: 88

13:46:21.134 [AsyncHttpClient-1-4] DEBUG org.asynchttpclient.netty.channel.ChannelManager - Adding key: http://localhost:57047 for channel [id: 0x9de8e87b, L:/127.0.0.1:64529 - R:localhost/127.0.0.1:57047]
13:46:21.136 [Forwarding clickElement on session a959986235bfbb8f7a0d11d8dbc1685d to remote] DEBUG org.asynchttpclient.netty.request.NettyRequestSender - Using pooled Channel '[id: 0x9de8e87b, L:/127.0.0.1:64529 - R:localhost/127.0.0.1:57047]' for 'POST' to 'http://localhost:57047/session/a959986235bfbb8f7a0d11d8dbc1685d/element/350210e7-23e7-445d-b38a-5e70b5b6d6d8/click'
13:46:21.136 [Forwarding clickElement on session a959986235bfbb8f7a0d11d8dbc1685d to remote] DEBUG org.asynchttpclient.netty.request.NettyRequestSender - Using open Channel [id: 0x9de8e87b, L:/127.0.0.1:64529 - R:localhost/127.0.0.1:57047] for POST '/session/a959986235bfbb8f7a0d11d8dbc1685d/element/350210e7-23e7-445d-b38a-5e70b5b6d6d8/click'
13:46:22.031 [AsyncHttpClient-1-1] DEBUG org.asynchttpclient.netty.channel.DefaultChannelPool - Entry count for : http://localhost:64530 : 1
13:46:23.040 [AsyncHttpClient-1-4] DEBUG org.asynchttpclient.netty.handler.HttpHandler - 

Request DefaultHttpRequest(decodeResult: success, version: HTTP/1.1)
POST /session/a959986235bfbb8f7a0d11d8dbc1685d/element/350210e7-23e7-445d-b38a-5e70b5b6d6d8/click HTTP/1.1
User-Agent: selenium/4.1.2 (java windows)
Content-Length: 50
Content-Type: application/json; charset=utf-8
host: localhost:57047
accept: */*

Response DefaultHttpResponse(decodeResult: success, version: HTTP/1.1)
HTTP/1.1 200 OK
Content-Type: application/json; charset=utf-8
cache-control: no-cache
content-length: 14

13:46:23.041 [AsyncHttpClient-1-4] DEBUG org.asynchttpclient.netty.channel.ChannelManager - Adding key: http://localhost:57047 for channel [id: 0x9de8e87b, L:/127.0.0.1:64529 - R:localhost/127.0.0.1:57047]
13:46:23.059 [Forwarding screenshot on session a959986235bfbb8f7a0d11d8dbc1685d to remote] DEBUG org.asynchttpclient.netty.request.NettyRequestSender - Using pooled Channel '[id: 0x9de8e87b, L:/127.0.0.1:64529 - R:localhost/127.0.0.1:57047]' for 'GET' to 'http://localhost:57047/session/a959986235bfbb8f7a0d11d8dbc1685d/screenshot'
13:46:23.059 [Forwarding screenshot on session a959986235bfbb8f7a0d11d8dbc1685d to remote] DEBUG org.asynchttpclient.netty.request.NettyRequestSender - Using open Channel [id: 0x9de8e87b, L:/127.0.0.1:64529 - R:localhost/127.0.0.1:57047] for GET '/session/a959986235bfbb8f7a0d11d8dbc1685d/screenshot'
13:46:23.158 [AsyncHttpClient-1-1] DEBUG org.asynchttpclient.netty.channel.DefaultChannelPool - Entry count for : http://localhost:64530 : 1
13:46:23.244 [AsyncHttpClient-1-4] DEBUG org.asynchttpclient.netty.handler.HttpHandler - 

Request DefaultFullHttpRequest(decodeResult: success, version: HTTP/1.1, content: EmptyByteBufBE)
GET /session/a959986235bfbb8f7a0d11d8dbc1685d/screenshot HTTP/1.1
User-Agent: selenium/4.1.2 (java windows)
Cache-Control: no-cache
Content-Type: application/json; charset=utf-8
host: localhost:57047
accept: */*

Response DefaultHttpResponse(decodeResult: success, version: HTTP/1.1)
HTTP/1.1 200 OK
Content-Type: application/json; charset=utf-8
cache-control: no-cache
content-length: 42236

13:46:23.244 [AsyncHttpClient-1-4] DEBUG org.asynchttpclient.netty.channel.ChannelManager - Adding key: http://localhost:57047 for channel [id: 0x9de8e87b, L:/127.0.0.1:64529 - R:localhost/127.0.0.1:57047]
13:46:23.249 [main] DEBUG net.serenitybdd.core.photography.Darkroom - Send negative for processing for target\site\serenity\09d8d8b159161352b3460406c05fb92699b1164640152495bc0840bc06ace64d.png
13:46:23.249 [main] DEBUG net.thucydides.core.steps.StepInterceptor - STEP DONE: clickNewPatienRegist
  &amp#27;[32mAnd &amp#27;[0m&amp#27;[32madmin click new patient registration button&amp#27;[0m                   &amp#27;[90m# starter.definitions.login.clickNewPationRegistButton()&amp#27;[0m
13:46:23.250 [Darkroom Processing Line] DEBUG net.serenitybdd.core.photography.DarkroomProcessingLine - Processing screenshot image in /var/screenshots/screenshot-1669963658455645934
13:46:23.250 [Darkroom Processing Line] DEBUG net.serenitybdd.core.photography.DarkroomProcessingLine - Saving screenshot to target\site\serenity\09d8d8b159161352b3460406c05fb92699b1164640152495bc0840bc06ace64d.png
13:46:23.316 [Forwarding screenshot on session a959986235bfbb8f7a0d11d8dbc1685d to remote] DEBUG org.asynchttpclient.netty.request.NettyRequestSender - Using pooled Channel '[id: 0x9de8e87b, L:/127.0.0.1:64529 - R:localhost/127.0.0.1:57047]' for 'GET' to 'http://localhost:57047/session/a959986235bfbb8f7a0d11d8dbc1685d/screenshot'
13:46:23.316 [Forwarding screenshot on session a959986235bfbb8f7a0d11d8dbc1685d to remote] DEBUG org.asynchttpclient.netty.request.NettyRequestSender - Using open Channel [id: 0x9de8e87b, L:/127.0.0.1:64529 - R:localhost/127.0.0.1:57047] for GET '/session/a959986235bfbb8f7a0d11d8dbc1685d/screenshot'
13:46:23.509 [AsyncHttpClient-1-4] DEBUG org.asynchttpclient.netty.handler.HttpHandler - 

Request DefaultFullHttpRequest(decodeResult: success, version: HTTP/1.1, content: EmptyByteBufBE)
GET /session/a959986235bfbb8f7a0d11d8dbc1685d/screenshot HTTP/1.1
User-Agent: selenium/4.1.2 (java windows)
Cache-Control: no-cache
Content-Type: application/json; charset=utf-8
host: localhost:57047
accept: */*

Response DefaultHttpResponse(decodeResult: success, version: HTTP/1.1)
HTTP/1.1 200 OK
Content-Type: application/json; charset=utf-8
cache-control: no-cache
content-length: 42236

13:46:23.509 [AsyncHttpClient-1-4] DEBUG org.asynchttpclient.netty.channel.ChannelManager - Adding key: http://localhost:57047 for channel [id: 0x9de8e87b, L:/127.0.0.1:64529 - R:localhost/127.0.0.1:57047]
13:46:23.514 [main] DEBUG net.serenitybdd.core.photography.Darkroom - Send negative for processing for target\site\serenity\09d8d8b159161352b3460406c05fb92699b1164640152495bc0840bc06ace64d.png
13:46:23.514 [main] DEBUG net.thucydides.core.steps.StepInterceptor - STARTING STEP: pendaftaranbaru.onNewPatientRegistPage - onNewPatientPage
13:46:23.519 [Forwarding findElement on session a959986235bfbb8f7a0d11d8dbc1685d to remote] DEBUG org.asynchttpclient.netty.request.NettyRequestSender - Using pooled Channel '[id: 0x9de8e87b, L:/127.0.0.1:64529 - R:localhost/127.0.0.1:57047]' for 'POST' to 'http://localhost:57047/session/a959986235bfbb8f7a0d11d8dbc1685d/element'
13:46:23.519 [Forwarding findElement on session a959986235bfbb8f7a0d11d8dbc1685d to remote] DEBUG org.asynchttpclient.netty.request.NettyRequestSender - Using open Channel [id: 0x9de8e87b, L:/127.0.0.1:64529 - R:localhost/127.0.0.1:57047] for POST '/session/a959986235bfbb8f7a0d11d8dbc1685d/element'
13:46:23.566 [AsyncHttpClient-1-4] DEBUG org.asynchttpclient.netty.handler.HttpHandler - 

Request DefaultHttpRequest(decodeResult: success, version: HTTP/1.1)
POST /session/a959986235bfbb8f7a0d11d8dbc1685d/element HTTP/1.1
User-Agent: selenium/4.1.2 (java windows)
Content-Length: 79
Content-Type: application/json; charset=utf-8
host: localhost:57047
accept: */*

Response DefaultHttpResponse(decodeResult: success, version: HTTP/1.1)
HTTP/1.1 200 OK
Content-Type: application/json; charset=utf-8
cache-control: no-cache
content-length: 88

13:46:23.566 [AsyncHttpClient-1-4] DEBUG org.asynchttpclient.netty.channel.ChannelManager - Adding key: http://localhost:57047 for channel [id: 0x9de8e87b, L:/127.0.0.1:64529 - R:localhost/127.0.0.1:57047]
13:46:23.573 [Forwarding isElementDisplayed on session a959986235bfbb8f7a0d11d8dbc1685d to remote] DEBUG org.asynchttpclient.netty.request.NettyRequestSender - Using pooled Channel '[id: 0x9de8e87b, L:/127.0.0.1:64529 - R:localhost/127.0.0.1:57047]' for 'POST' to 'http://localhost:57047/session/a959986235bfbb8f7a0d11d8dbc1685d/execute/sync'
13:46:23.574 [Forwarding isElementDisplayed on session a959986235bfbb8f7a0d11d8dbc1685d to remote] DEBUG org.asynchttpclient.netty.request.NettyRequestSender - Using open Channel [id: 0x9de8e87b, L:/127.0.0.1:64529 - R:localhost/127.0.0.1:57047] for POST '/session/a959986235bfbb8f7a0d11d8dbc1685d/execute/sync'
13:46:23.620 [AsyncHttpClient-1-4] DEBUG org.asynchttpclient.netty.handler.HttpHandler - 

Request DefaultHttpRequest(decodeResult: success, version: HTTP/1.1)
POST /session/a959986235bfbb8f7a0d11d8dbc1685d/execute/sync HTTP/1.1
User-Agent: selenium/4.1.2 (java windows)
Content-Length: 48780
Content-Type: application/json; charset=utf-8
host: localhost:57047
accept: */*

Response DefaultHttpResponse(decodeResult: success, version: HTTP/1.1)
HTTP/1.1 200 OK
Content-Type: application/json; charset=utf-8
cache-control: no-cache
content-length: 14

13:46:23.620 [AsyncHttpClient-1-4] DEBUG org.asynchttpclient.netty.channel.ChannelManager - Adding key: http://localhost:57047 for channel [id: 0x9de8e87b, L:/127.0.0.1:64529 - R:localhost/127.0.0.1:57047]
13:46:23.629 [Forwarding screenshot on session a959986235bfbb8f7a0d11d8dbc1685d to remote] DEBUG org.asynchttpclient.netty.request.NettyRequestSender - Using pooled Channel '[id: 0x9de8e87b, L:/127.0.0.1:64529 - R:localhost/127.0.0.1:57047]' for 'GET' to 'http://localhost:57047/session/a959986235bfbb8f7a0d11d8dbc1685d/screenshot'
13:46:23.629 [Forwarding screenshot on session a959986235bfbb8f7a0d11d8dbc1685d to remote] DEBUG org.asynchttpclient.netty.request.NettyRequestSender - Using open Channel [id: 0x9de8e87b, L:/127.0.0.1:64529 - R:localhost/127.0.0.1:57047] for GET '/session/a959986235bfbb8f7a0d11d8dbc1685d/screenshot'
13:46:23.809 [AsyncHttpClient-1-4] DEBUG org.asynchttpclient.netty.handler.HttpHandler - 

Request DefaultFullHttpRequest(decodeResult: success, version: HTTP/1.1, content: EmptyByteBufBE)
GET /session/a959986235bfbb8f7a0d11d8dbc1685d/screenshot HTTP/1.1
User-Agent: selenium/4.1.2 (java windows)
Cache-Control: no-cache
Content-Type: application/json; charset=utf-8
host: localhost:57047
accept: */*

Response DefaultHttpResponse(decodeResult: success, version: HTTP/1.1)
HTTP/1.1 200 OK
Content-Type: application/json; charset=utf-8
cache-control: no-cache
content-length: 42236

13:46:23.810 [AsyncHttpClient-1-4] DEBUG org.asynchttpclient.netty.channel.ChannelManager - Adding key: http://localhost:57047 for channel [id: 0x9de8e87b, L:/127.0.0.1:64529 - R:localhost/127.0.0.1:57047]
13:46:23.814 [main] DEBUG net.serenitybdd.core.photography.Darkroom - Send negative for processing for target\site\serenity\09d8d8b159161352b3460406c05fb92699b1164640152495bc0840bc06ace64d.png
13:46:23.814 [main] DEBUG net.thucydides.core.steps.StepInterceptor - STEP DONE: onNewPatientPage
  &amp#27;[32mGiven &amp#27;[0m&amp#27;[32madmin on new patient registration page&amp#27;[0m                      &amp#27;[90m# starter.definitions.pendaftaranbaru.onNewPatientRegistPage()&amp#27;[0m
13:46:23.865 [Forwarding screenshot on session a959986235bfbb8f7a0d11d8dbc1685d to remote] DEBUG org.asynchttpclient.netty.request.NettyRequestSender - Using pooled Channel '[id: 0x9de8e87b, L:/127.0.0.1:64529 - R:localhost/127.0.0.1:57047]' for 'GET' to 'http://localhost:57047/session/a959986235bfbb8f7a0d11d8dbc1685d/screenshot'
13:46:23.865 [Forwarding screenshot on session a959986235bfbb8f7a0d11d8dbc1685d to remote] DEBUG org.asynchttpclient.netty.request.NettyRequestSender - Using open Channel [id: 0x9de8e87b, L:/127.0.0.1:64529 - R:localhost/127.0.0.1:57047] for GET '/session/a959986235bfbb8f7a0d11d8dbc1685d/screenshot'
13:46:24.076 [AsyncHttpClient-1-4] DEBUG org.asynchttpclient.netty.handler.HttpHandler - 

Request DefaultFullHttpRequest(decodeResult: success, version: HTTP/1.1, content: EmptyByteBufBE)
GET /session/a959986235bfbb8f7a0d11d8dbc1685d/screenshot HTTP/1.1
User-Agent: selenium/4.1.2 (java windows)
Cache-Control: no-cache
Content-Type: application/json; charset=utf-8
host: localhost:57047
accept: */*

Response DefaultHttpResponse(decodeResult: success, version: HTTP/1.1)
HTTP/1.1 200 OK
Content-Type: application/json; charset=utf-8
cache-control: no-cache
content-length: 42236

13:46:24.077 [AsyncHttpClient-1-4] DEBUG org.asynchttpclient.netty.channel.ChannelManager - Adding key: http://localhost:57047 for channel [id: 0x9de8e87b, L:/127.0.0.1:64529 - R:localhost/127.0.0.1:57047]
13:46:24.082 [main] DEBUG net.serenitybdd.core.photography.Darkroom - Send negative for processing for target\site\serenity\09d8d8b159161352b3460406c05fb92699b1164640152495bc0840bc06ace64d.png
13:46:24.083 [main] DEBUG net.thucydides.core.steps.StepInterceptor - STARTING STEP: pendaftaranbaru.inputvalidnik - inputValidNIK
13:46:24.090 [Forwarding findElement on session a959986235bfbb8f7a0d11d8dbc1685d to remote] DEBUG org.asynchttpclient.netty.request.NettyRequestSender - Using pooled Channel '[id: 0x9de8e87b, L:/127.0.0.1:64529 - R:localhost/127.0.0.1:57047]' for 'POST' to 'http://localhost:57047/session/a959986235bfbb8f7a0d11d8dbc1685d/element'
13:46:24.090 [Forwarding findElement on session a959986235bfbb8f7a0d11d8dbc1685d to remote] DEBUG org.asynchttpclient.netty.request.NettyRequestSender - Using open Channel [id: 0x9de8e87b, L:/127.0.0.1:64529 - R:localhost/127.0.0.1:57047] for POST '/session/a959986235bfbb8f7a0d11d8dbc1685d/element'
13:46:24.142 [AsyncHttpClient-1-4] DEBUG org.asynchttpclient.netty.handler.HttpHandler - 

Request DefaultHttpRequest(decodeResult: success, version: HTTP/1.1)
POST /session/a959986235bfbb8f7a0d11d8dbc1685d/element HTTP/1.1
User-Agent: selenium/4.1.2 (java windows)
Content-Length: 48
Content-Type: application/json; charset=utf-8
host: localhost:57047
accept: */*

Response DefaultHttpResponse(decodeResult: success, version: HTTP/1.1)
HTTP/1.1 200 OK
Content-Type: application/json; charset=utf-8
cache-control: no-cache
content-length: 88

13:46:24.143 [AsyncHttpClient-1-4] DEBUG org.asynchttpclient.netty.channel.ChannelManager - Adding key: http://localhost:57047 for channel [id: 0x9de8e87b, L:/127.0.0.1:64529 - R:localhost/127.0.0.1:57047]
13:46:24.146 [Forwarding clearElement on session a959986235bfbb8f7a0d11d8dbc1685d to remote] DEBUG org.asynchttpclient.netty.request.NettyRequestSender - Using pooled Channel '[id: 0x9de8e87b, L:/127.0.0.1:64529 - R:localhost/127.0.0.1:57047]' for 'POST' to 'http://localhost:57047/session/a959986235bfbb8f7a0d11d8dbc1685d/element/cff6d968-11a1-4cb8-9e09-eeca03e1dc00/clear'
13:46:24.146 [Forwarding clearElement on session a959986235bfbb8f7a0d11d8dbc1685d to remote] DEBUG org.asynchttpclient.netty.request.NettyRequestSender - Using open Channel [id: 0x9de8e87b, L:/127.0.0.1:64529 - R:localhost/127.0.0.1:57047] for POST '/session/a959986235bfbb8f7a0d11d8dbc1685d/element/cff6d968-11a1-4cb8-9e09-eeca03e1dc00/clear'
13:46:24.231 [AsyncHttpClient-1-1] DEBUG org.asynchttpclient.netty.channel.DefaultChannelPool - Entry count for : http://localhost:64530 : 1
13:46:24.327 [AsyncHttpClient-1-4] DEBUG org.asynchttpclient.netty.handler.HttpHandler - 

Request DefaultHttpRequest(decodeResult: success, version: HTTP/1.1)
POST /session/a959986235bfbb8f7a0d11d8dbc1685d/element/cff6d968-11a1-4cb8-9e09-eeca03e1dc00/clear HTTP/1.1
User-Agent: selenium/4.1.2 (java windows)
Content-Length: 50
Content-Type: application/json; charset=utf-8
host: localhost:57047
accept: */*

Response DefaultHttpResponse(decodeResult: success, version: HTTP/1.1)
HTTP/1.1 200 OK
Content-Type: application/json; charset=utf-8
cache-control: no-cache
content-length: 14

13:46:24.327 [AsyncHttpClient-1-4] DEBUG org.asynchttpclient.netty.channel.ChannelManager - Adding key: http://localhost:57047 for channel [id: 0x9de8e87b, L:/127.0.0.1:64529 - R:localhost/127.0.0.1:57047]
13:46:24.331 [Forwarding sendKeysToElement on session a959986235bfbb8f7a0d11d8dbc1685d to remote] DEBUG org.asynchttpclient.netty.request.NettyRequestSender - Using pooled Channel '[id: 0x9de8e87b, L:/127.0.0.1:64529 - R:localhost/127.0.0.1:57047]' for 'POST' to 'http://localhost:57047/session/a959986235bfbb8f7a0d11d8dbc1685d/element/cff6d968-11a1-4cb8-9e09-eeca03e1dc00/value'
13:46:24.331 [Forwarding sendKeysToElement on session a959986235bfbb8f7a0d11d8dbc1685d to remote] DEBUG org.asynchttpclient.netty.request.NettyRequestSender - Using open Channel [id: 0x9de8e87b, L:/127.0.0.1:64529 - R:localhost/127.0.0.1:57047] for POST '/session/a959986235bfbb8f7a0d11d8dbc1685d/element/cff6d968-11a1-4cb8-9e09-eeca03e1dc00/value'
13:46:24.797 [AsyncHttpClient-1-4] DEBUG org.asynchttpclient.netty.handler.HttpHandler - 

Request DefaultHttpRequest(decodeResult: success, version: HTTP/1.1)
POST /session/a959986235bfbb8f7a0d11d8dbc1685d/element/cff6d968-11a1-4cb8-9e09-eeca03e1dc00/value HTTP/1.1
User-Agent: selenium/4.1.2 (java windows)
Content-Length: 241
Content-Type: application/json; charset=utf-8
host: localhost:57047
accept: */*

Response DefaultHttpResponse(decodeResult: success, version: HTTP/1.1)
HTTP/1.1 200 OK
Content-Type: application/json; charset=utf-8
cache-control: no-cache
content-length: 14

13:46:24.797 [AsyncHttpClient-1-4] DEBUG org.asynchttpclient.netty.channel.ChannelManager - Adding key: http://localhost:57047 for channel [id: 0x9de8e87b, L:/127.0.0.1:64529 - R:localhost/127.0.0.1:57047]
13:46:24.816 [Forwarding screenshot on session a959986235bfbb8f7a0d11d8dbc1685d to remote] DEBUG org.asynchttpclient.netty.request.NettyRequestSender - Using pooled Channel '[id: 0x9de8e87b, L:/127.0.0.1:64529 - R:localhost/127.0.0.1:57047]' for 'GET' to 'http://localhost:57047/session/a959986235bfbb8f7a0d11d8dbc1685d/screenshot'
13:46:24.816 [Forwarding screenshot on session a959986235bfbb8f7a0d11d8dbc1685d to remote] DEBUG org.asynchttpclient.netty.request.NettyRequestSender - Using open Channel [id: 0x9de8e87b, L:/127.0.0.1:64529 - R:localhost/127.0.0.1:57047] for GET '/session/a959986235bfbb8f7a0d11d8dbc1685d/screenshot'
13:46:24.989 [AsyncHttpClient-1-4] DEBUG org.asynchttpclient.netty.handler.HttpHandler - 

Request DefaultFullHttpRequest(decodeResult: success, version: HTTP/1.1, content: EmptyByteBufBE)
GET /session/a959986235bfbb8f7a0d11d8dbc1685d/screenshot HTTP/1.1
User-Agent: selenium/4.1.2 (java windows)
Cache-Control: no-cache
Content-Type: application/json; charset=utf-8
host: localhost:57047
accept: */*

Response DefaultHttpResponse(decodeResult: success, version: HTTP/1.1)
HTTP/1.1 200 OK
Content-Type: application/json; charset=utf-8
cache-control: no-cache
content-length: 43132

13:46:24.990 [AsyncHttpClient-1-4] DEBUG org.asynchttpclient.netty.channel.ChannelManager - Adding key: http://localhost:57047 for channel [id: 0x9de8e87b, L:/127.0.0.1:64529 - R:localhost/127.0.0.1:57047]
13:46:24.997 [main] DEBUG net.serenitybdd.core.photography.Darkroom - Send negative for processing for target\site\serenity\25b4ab7d0989746429c566e6da43e19a76fa9f1442591e50ce73ee76e2c35053.png
13:46:24.997 [main] DEBUG net.thucydides.core.steps.StepInterceptor - STEP DONE: inputValidNIK
  &amp#27;[32mWhen &amp#27;[0m&amp#27;[32madmin input valid NIK&amp#27;[0m                                        &amp#27;[90m# starter.definitions.pendaftaranbaru.inputvalidnik()&amp#27;[0m
13:46:24.997 [Darkroom Processing Line] DEBUG net.serenitybdd.core.photography.DarkroomProcessingLine - Processing screenshot image in /var/screenshots/screenshot-6095567548785178574
13:46:24.998 [Darkroom Processing Line] DEBUG net.serenitybdd.core.photography.DarkroomProcessingLine - Saving screenshot to target\site\serenity\25b4ab7d0989746429c566e6da43e19a76fa9f1442591e50ce73ee76e2c35053.png
13:46:25.042 [main] DEBUG net.thucydides.core.steps.StepInterceptor - STARTING STEP: pendaftaranbaru.inputvalidname - inputValidName
13:46:25.050 [Forwarding findElement on session a959986235bfbb8f7a0d11d8dbc1685d to remote] DEBUG org.asynchttpclient.netty.request.NettyRequestSender - Using pooled Channel '[id: 0x9de8e87b, L:/127.0.0.1:64529 - R:localhost/127.0.0.1:57047]' for 'POST' to 'http://localhost:57047/session/a959986235bfbb8f7a0d11d8dbc1685d/element'
13:46:25.050 [Forwarding findElement on session a959986235bfbb8f7a0d11d8dbc1685d to remote] DEBUG org.asynchttpclient.netty.request.NettyRequestSender - Using open Channel [id: 0x9de8e87b, L:/127.0.0.1:64529 - R:localhost/127.0.0.1:57047] for POST '/session/a959986235bfbb8f7a0d11d8dbc1685d/element'
13:46:25.165 [AsyncHttpClient-1-4] DEBUG org.asynchttpclient.netty.handler.HttpHandler - 

Request DefaultHttpRequest(decodeResult: success, version: HTTP/1.1)
POST /session/a959986235bfbb8f7a0d11d8dbc1685d/element HTTP/1.1
User-Agent: selenium/4.1.2 (java windows)
Content-Length: 49
Content-Type: application/json; charset=utf-8
host: localhost:57047
accept: */*

Response DefaultHttpResponse(decodeResult: success, version: HTTP/1.1)
HTTP/1.1 200 OK
Content-Type: application/json; charset=utf-8
cache-control: no-cache
content-length: 88

13:46:25.165 [AsyncHttpClient-1-4] DEBUG org.asynchttpclient.netty.channel.ChannelManager - Adding key: http://localhost:57047 for channel [id: 0x9de8e87b, L:/127.0.0.1:64529 - R:localhost/127.0.0.1:57047]
13:46:25.167 [Forwarding clearElement on session a959986235bfbb8f7a0d11d8dbc1685d to remote] DEBUG org.asynchttpclient.netty.request.NettyRequestSender - Using pooled Channel '[id: 0x9de8e87b, L:/127.0.0.1:64529 - R:localhost/127.0.0.1:57047]' for 'POST' to 'http://localhost:57047/session/a959986235bfbb8f7a0d11d8dbc1685d/element/0dbec67c-d221-44de-8666-1d8bfabc0ff2/clear'
13:46:25.167 [Forwarding clearElement on session a959986235bfbb8f7a0d11d8dbc1685d to remote] DEBUG org.asynchttpclient.netty.request.NettyRequestSender - Using open Channel [id: 0x9de8e87b, L:/127.0.0.1:64529 - R:localhost/127.0.0.1:57047] for POST '/session/a959986235bfbb8f7a0d11d8dbc1685d/element/0dbec67c-d221-44de-8666-1d8bfabc0ff2/clear'
13:46:25.302 [AsyncHttpClient-1-4] DEBUG org.asynchttpclient.netty.handler.HttpHandler - 

Request DefaultHttpRequest(decodeResult: success, version: HTTP/1.1)
POST /session/a959986235bfbb8f7a0d11d8dbc1685d/element/0dbec67c-d221-44de-8666-1d8bfabc0ff2/clear HTTP/1.1
User-Agent: selenium/4.1.2 (java windows)
Content-Length: 50
Content-Type: application/json; charset=utf-8
host: localhost:57047
accept: */*

Response DefaultHttpResponse(decodeResult: success, version: HTTP/1.1)
HTTP/1.1 200 OK
Content-Type: application/json; charset=utf-8
cache-control: no-cache
content-length: 14

13:46:25.302 [AsyncHttpClient-1-4] DEBUG org.asynchttpclient.netty.channel.ChannelManager - Adding key: http://localhost:57047 for channel [id: 0x9de8e87b, L:/127.0.0.1:64529 - R:localhost/127.0.0.1:57047]
13:46:25.306 [Forwarding sendKeysToElement on session a959986235bfbb8f7a0d11d8dbc1685d to remote] DEBUG org.asynchttpclient.netty.request.NettyRequestSender - Using pooled Channel '[id: 0x9de8e87b, L:/127.0.0.1:64529 - R:localhost/127.0.0.1:57047]' for 'POST' to 'http://localhost:57047/session/a959986235bfbb8f7a0d11d8dbc1685d/element/0dbec67c-d221-44de-8666-1d8bfabc0ff2/value'
13:46:25.306 [Forwarding sendKeysToElement on session a959986235bfbb8f7a0d11d8dbc1685d to remote] DEBUG org.asynchttpclient.netty.request.NettyRequestSender - Using open Channel [id: 0x9de8e87b, L:/127.0.0.1:64529 - R:localhost/127.0.0.1:57047] for POST '/session/a959986235bfbb8f7a0d11d8dbc1685d/element/0dbec67c-d221-44de-8666-1d8bfabc0ff2/value'
13:46:25.335 [AsyncHttpClient-1-1] DEBUG org.asynchttpclient.netty.channel.DefaultChannelPool - Entry count for : http://localhost:64530 : 1
13:46:25.506 [AsyncHttpClient-1-4] DEBUG org.asynchttpclient.netty.handler.HttpHandler - 

Request DefaultHttpRequest(decodeResult: success, version: HTTP/1.1)
POST /session/a959986235bfbb8f7a0d11d8dbc1685d/element/0dbec67c-d221-44de-8666-1d8bfabc0ff2/value HTTP/1.1
User-Agent: selenium/4.1.2 (java windows)
Content-Length: 181
Content-Type: application/json; charset=utf-8
host: localhost:57047
accept: */*

Response DefaultHttpResponse(decodeResult: success, version: HTTP/1.1)
HTTP/1.1 200 OK
Content-Type: application/json; charset=utf-8
cache-control: no-cache
content-length: 14

13:46:25.507 [AsyncHttpClient-1-4] DEBUG org.asynchttpclient.netty.channel.ChannelManager - Adding key: http://localhost:57047 for channel [id: 0x9de8e87b, L:/127.0.0.1:64529 - R:localhost/127.0.0.1:57047]
13:46:25.527 [Forwarding screenshot on session a959986235bfbb8f7a0d11d8dbc1685d to remote] DEBUG org.asynchttpclient.netty.request.NettyRequestSender - Using pooled Channel '[id: 0x9de8e87b, L:/127.0.0.1:64529 - R:localhost/127.0.0.1:57047]' for 'GET' to 'http://localhost:57047/session/a959986235bfbb8f7a0d11d8dbc1685d/screenshot'
13:46:25.527 [Forwarding screenshot on session a959986235bfbb8f7a0d11d8dbc1685d to remote] DEBUG org.asynchttpclient.netty.request.NettyRequestSender - Using open Channel [id: 0x9de8e87b, L:/127.0.0.1:64529 - R:localhost/127.0.0.1:57047] for GET '/session/a959986235bfbb8f7a0d11d8dbc1685d/screenshot'
13:46:25.759 [AsyncHttpClient-1-4] DEBUG org.asynchttpclient.netty.handler.HttpHandler - 

Request DefaultFullHttpRequest(decodeResult: success, version: HTTP/1.1, content: EmptyByteBufBE)
GET /session/a959986235bfbb8f7a0d11d8dbc1685d/screenshot HTTP/1.1
User-Agent: selenium/4.1.2 (java windows)
Cache-Control: no-cache
Content-Type: application/json; charset=utf-8
host: localhost:57047
accept: */*

Response DefaultHttpResponse(decodeResult: success, version: HTTP/1.1)
HTTP/1.1 200 OK
Content-Type: application/json; charset=utf-8
cache-control: no-cache
content-length: 42852

13:46:25.759 [AsyncHttpClient-1-4] DEBUG org.asynchttpclient.netty.channel.ChannelManager - Adding key: http://localhost:57047 for channel [id: 0x9de8e87b, L:/127.0.0.1:64529 - R:localhost/127.0.0.1:57047]
13:46:25.764 [main] DEBUG net.serenitybdd.core.photography.Darkroom - Send negative for processing for target\site\serenity\80b9cb7a8fa73049caec2d9e73b40091ef56472d65a4c1e056e7b614bf7ee4af.png
13:46:25.764 [main] DEBUG net.thucydides.core.steps.StepInterceptor - STEP DONE: inputValidName
  &amp#27;[32mAnd &amp#27;[0m&amp#27;[32madmin input valid fullname&amp#27;[0m                                    &amp#27;[90m# starter.definitions.pendaftaranbaru.inputvalidname()&amp#27;[0m
13:46:25.764 [Darkroom Processing Line] DEBUG net.serenitybdd.core.photography.DarkroomProcessingLine - Processing screenshot image in /var/screenshots/screenshot-4084142092604867102
13:46:25.764 [Darkroom Processing Line] DEBUG net.serenitybdd.core.photography.DarkroomProcessingLine - Saving screenshot to target\site\serenity\80b9cb7a8fa73049caec2d9e73b40091ef56472d65a4c1e056e7b614bf7ee4af.png
13:46:25.805 [main] DEBUG net.thucydides.core.steps.StepInterceptor - STARTING STEP: pendaftaranbaru.inputvalidnumhp - inputValidNumHP
13:46:25.814 [Forwarding findElement on session a959986235bfbb8f7a0d11d8dbc1685d to remote] DEBUG org.asynchttpclient.netty.request.NettyRequestSender - Using pooled Channel '[id: 0x9de8e87b, L:/127.0.0.1:64529 - R:localhost/127.0.0.1:57047]' for 'POST' to 'http://localhost:57047/session/a959986235bfbb8f7a0d11d8dbc1685d/element'
13:46:25.814 [Forwarding findElement on session a959986235bfbb8f7a0d11d8dbc1685d to remote] DEBUG org.asynchttpclient.netty.request.NettyRequestSender - Using open Channel [id: 0x9de8e87b, L:/127.0.0.1:64529 - R:localhost/127.0.0.1:57047] for POST '/session/a959986235bfbb8f7a0d11d8dbc1685d/element'
13:46:25.866 [AsyncHttpClient-1-4] DEBUG org.asynchttpclient.netty.handler.HttpHandler - 

Request DefaultHttpRequest(decodeResult: success, version: HTTP/1.1)
POST /session/a959986235bfbb8f7a0d11d8dbc1685d/element HTTP/1.1
User-Agent: selenium/4.1.2 (java windows)
Content-Length: 47
Content-Type: application/json; charset=utf-8
host: localhost:57047
accept: */*

Response DefaultHttpResponse(decodeResult: success, version: HTTP/1.1)
HTTP/1.1 200 OK
Content-Type: application/json; charset=utf-8
cache-control: no-cache
content-length: 88

13:46:25.867 [AsyncHttpClient-1-4] DEBUG org.asynchttpclient.netty.channel.ChannelManager - Adding key: http://localhost:57047 for channel [id: 0x9de8e87b, L:/127.0.0.1:64529 - R:localhost/127.0.0.1:57047]
13:46:25.869 [Forwarding clearElement on session a959986235bfbb8f7a0d11d8dbc1685d to remote] DEBUG org.asynchttpclient.netty.request.NettyRequestSender - Using pooled Channel '[id: 0x9de8e87b, L:/127.0.0.1:64529 - R:localhost/127.0.0.1:57047]' for 'POST' to 'http://localhost:57047/session/a959986235bfbb8f7a0d11d8dbc1685d/element/f0d39056-b8f1-451d-b802-77c5b6789edf/clear'
13:46:25.869 [Forwarding clearElement on session a959986235bfbb8f7a0d11d8dbc1685d to remote] DEBUG org.asynchttpclient.netty.request.NettyRequestSender - Using open Channel [id: 0x9de8e87b, L:/127.0.0.1:64529 - R:localhost/127.0.0.1:57047] for POST '/session/a959986235bfbb8f7a0d11d8dbc1685d/element/f0d39056-b8f1-451d-b802-77c5b6789edf/clear'
13:46:26.016 [AsyncHttpClient-1-4] DEBUG org.asynchttpclient.netty.handler.HttpHandler - 

Request DefaultHttpRequest(decodeResult: success, version: HTTP/1.1)
POST /session/a959986235bfbb8f7a0d11d8dbc1685d/element/f0d39056-b8f1-451d-b802-77c5b6789edf/clear HTTP/1.1
User-Agent: selenium/4.1.2 (java windows)
Content-Length: 50
Content-Type: application/json; charset=utf-8
host: localhost:57047
accept: */*

Response DefaultHttpResponse(decodeResult: success, version: HTTP/1.1)
HTTP/1.1 200 OK
Content-Type: application/json; charset=utf-8
cache-control: no-cache
content-length: 14

13:46:26.016 [AsyncHttpClient-1-4] DEBUG org.asynchttpclient.netty.channel.ChannelManager - Adding key: http://localhost:57047 for channel [id: 0x9de8e87b, L:/127.0.0.1:64529 - R:localhost/127.0.0.1:57047]
13:46:26.019 [Forwarding sendKeysToElement on session a959986235bfbb8f7a0d11d8dbc1685d to remote] DEBUG org.asynchttpclient.netty.request.NettyRequestSender - Using pooled Channel '[id: 0x9de8e87b, L:/127.0.0.1:64529 - R:localhost/127.0.0.1:57047]' for 'POST' to 'http://localhost:57047/session/a959986235bfbb8f7a0d11d8dbc1685d/element/f0d39056-b8f1-451d-b802-77c5b6789edf/value'
13:46:26.019 [Forwarding sendKeysToElement on session a959986235bfbb8f7a0d11d8dbc1685d to remote] DEBUG org.asynchttpclient.netty.request.NettyRequestSender - Using open Channel [id: 0x9de8e87b, L:/127.0.0.1:64529 - R:localhost/127.0.0.1:57047] for POST '/session/a959986235bfbb8f7a0d11d8dbc1685d/element/f0d39056-b8f1-451d-b802-77c5b6789edf/value'
13:46:26.448 [AsyncHttpClient-1-1] DEBUG org.asynchttpclient.netty.channel.DefaultChannelPool - Entry count for : http://localhost:64530 : 1
13:46:26.669 [AsyncHttpClient-1-4] DEBUG org.asynchttpclient.netty.handler.HttpHandler - 

Request DefaultHttpRequest(decodeResult: success, version: HTTP/1.1)
POST /session/a959986235bfbb8f7a0d11d8dbc1685d/element/f0d39056-b8f1-451d-b802-77c5b6789edf/value HTTP/1.1
User-Agent: selenium/4.1.2 (java windows)
Content-Length: 201
Content-Type: application/json; charset=utf-8
host: localhost:57047
accept: */*

Response DefaultHttpResponse(decodeResult: success, version: HTTP/1.1)
HTTP/1.1 200 OK
Content-Type: application/json; charset=utf-8
cache-control: no-cache
content-length: 14

13:46:26.669 [AsyncHttpClient-1-4] DEBUG org.asynchttpclient.netty.channel.ChannelManager - Adding key: http://localhost:57047 for channel [id: 0x9de8e87b, L:/127.0.0.1:64529 - R:localhost/127.0.0.1:57047]
13:46:26.682 [Forwarding screenshot on session a959986235bfbb8f7a0d11d8dbc1685d to remote] DEBUG org.asynchttpclient.netty.request.NettyRequestSender - Using pooled Channel '[id: 0x9de8e87b, L:/127.0.0.1:64529 - R:localhost/127.0.0.1:57047]' for 'GET' to 'http://localhost:57047/session/a959986235bfbb8f7a0d11d8dbc1685d/screenshot'
13:46:26.682 [Forwarding screenshot on session a959986235bfbb8f7a0d11d8dbc1685d to remote] DEBUG org.asynchttpclient.netty.request.NettyRequestSender - Using open Channel [id: 0x9de8e87b, L:/127.0.0.1:64529 - R:localhost/127.0.0.1:57047] for GET '/session/a959986235bfbb8f7a0d11d8dbc1685d/screenshot'
13:46:26.867 [AsyncHttpClient-1-4] DEBUG org.asynchttpclient.netty.handler.HttpHandler - 

Request DefaultFullHttpRequest(decodeResult: success, version: HTTP/1.1, content: EmptyByteBufBE)
GET /session/a959986235bfbb8f7a0d11d8dbc1685d/screenshot HTTP/1.1
User-Agent: selenium/4.1.2 (java windows)
Cache-Control: no-cache
Content-Type: application/json; charset=utf-8
host: localhost:57047
accept: */*

Response DefaultHttpResponse(decodeResult: success, version: HTTP/1.1)
HTTP/1.1 200 OK
Content-Type: application/json; charset=utf-8
cache-control: no-cache
content-length: 33888

13:46:26.868 [AsyncHttpClient-1-4] DEBUG org.asynchttpclient.netty.channel.ChannelManager - Adding key: http://localhost:57047 for channel [id: 0x9de8e87b, L:/127.0.0.1:64529 - R:localhost/127.0.0.1:57047]
13:46:26.872 [main] DEBUG net.serenitybdd.core.photography.Darkroom - Send negative for processing for target\site\serenity\704f1be1e5c42e01ededb8b98ca2f7ce0c1c0976e029c86c0bafced04a2f2873.png
13:46:26.873 [main] DEBUG net.thucydides.core.steps.StepInterceptor - STEP DONE: inputValidNumHP
  &amp#27;[32mAnd &amp#27;[0m&amp#27;[32madmin input valid no hp&amp#27;[0m                                       &amp#27;[90m# starter.definitions.pendaftaranbaru.inputvalidnumhp()&amp#27;[0m
13:46:26.873 [Darkroom Processing Line] DEBUG net.serenitybdd.core.photography.DarkroomProcessingLine - Processing screenshot image in /var/screenshots/screenshot-8116466936509394170
13:46:26.873 [Darkroom Processing Line] DEBUG net.serenitybdd.core.photography.DarkroomProcessingLine - Saving screenshot to target\site\serenity\704f1be1e5c42e01ededb8b98ca2f7ce0c1c0976e029c86c0bafced04a2f2873.png
13:46:26.914 [main] DEBUG net.thucydides.core.steps.StepInterceptor - STARTING STEP: pendaftaranbaru.choosegender - chooseGender
13:46:26.920 [Forwarding findElement on session a959986235bfbb8f7a0d11d8dbc1685d to remote] DEBUG org.asynchttpclient.netty.request.NettyRequestSender - Using pooled Channel '[id: 0x9de8e87b, L:/127.0.0.1:64529 - R:localhost/127.0.0.1:57047]' for 'POST' to 'http://localhost:57047/session/a959986235bfbb8f7a0d11d8dbc1685d/element'
13:46:26.920 [Forwarding findElement on session a959986235bfbb8f7a0d11d8dbc1685d to remote] DEBUG org.asynchttpclient.netty.request.NettyRequestSender - Using open Channel [id: 0x9de8e87b, L:/127.0.0.1:64529 - R:localhost/127.0.0.1:57047] for POST '/session/a959986235bfbb8f7a0d11d8dbc1685d/element'
13:46:26.989 [AsyncHttpClient-1-4] DEBUG org.asynchttpclient.netty.handler.HttpHandler - 

Request DefaultHttpRequest(decodeResult: success, version: HTTP/1.1)
POST /session/a959986235bfbb8f7a0d11d8dbc1685d/element HTTP/1.1
User-Agent: selenium/4.1.2 (java windows)
Content-Length: 66
Content-Type: application/json; charset=utf-8
host: localhost:57047
accept: */*

Response DefaultHttpResponse(decodeResult: success, version: HTTP/1.1)
HTTP/1.1 200 OK
Content-Type: application/json; charset=utf-8
cache-control: no-cache
content-length: 88

13:46:26.990 [AsyncHttpClient-1-4] DEBUG org.asynchttpclient.netty.channel.ChannelManager - Adding key: http://localhost:57047 for channel [id: 0x9de8e87b, L:/127.0.0.1:64529 - R:localhost/127.0.0.1:57047]
13:46:26.994 [Forwarding getElementTagName on session a959986235bfbb8f7a0d11d8dbc1685d to remote] DEBUG org.asynchttpclient.netty.request.NettyRequestSender - Using pooled Channel '[id: 0x9de8e87b, L:/127.0.0.1:64529 - R:localhost/127.0.0.1:57047]' for 'GET' to 'http://localhost:57047/session/a959986235bfbb8f7a0d11d8dbc1685d/element/9bdf10b1-80dd-4c3a-a46e-37f8b43ce162/name'
13:46:26.994 [Forwarding getElementTagName on session a959986235bfbb8f7a0d11d8dbc1685d to remote] DEBUG org.asynchttpclient.netty.request.NettyRequestSender - Using open Channel [id: 0x9de8e87b, L:/127.0.0.1:64529 - R:localhost/127.0.0.1:57047] for GET '/session/a959986235bfbb8f7a0d11d8dbc1685d/element/9bdf10b1-80dd-4c3a-a46e-37f8b43ce162/name'
13:46:27.027 [AsyncHttpClient-1-4] DEBUG org.asynchttpclient.netty.handler.HttpHandler - 

Request DefaultFullHttpRequest(decodeResult: success, version: HTTP/1.1, content: EmptyByteBufBE)
GET /session/a959986235bfbb8f7a0d11d8dbc1685d/element/9bdf10b1-80dd-4c3a-a46e-37f8b43ce162/name HTTP/1.1
User-Agent: selenium/4.1.2 (java windows)
Cache-Control: no-cache
Content-Type: application/json; charset=utf-8
host: localhost:57047
accept: */*

Response DefaultHttpResponse(decodeResult: success, version: HTTP/1.1)
HTTP/1.1 200 OK
Content-Type: application/json; charset=utf-8
cache-control: no-cache
content-length: 18

13:46:27.027 [AsyncHttpClient-1-4] DEBUG org.asynchttpclient.netty.channel.ChannelManager - Adding key: http://localhost:57047 for channel [id: 0x9de8e87b, L:/127.0.0.1:64529 - R:localhost/127.0.0.1:57047]
13:46:27.029 [Forwarding getElementTagName on session a959986235bfbb8f7a0d11d8dbc1685d to remote] DEBUG org.asynchttpclient.netty.request.NettyRequestSender - Using pooled Channel '[id: 0x9de8e87b, L:/127.0.0.1:64529 - R:localhost/127.0.0.1:57047]' for 'GET' to 'http://localhost:57047/session/a959986235bfbb8f7a0d11d8dbc1685d/element/9bdf10b1-80dd-4c3a-a46e-37f8b43ce162/name'
13:46:27.029 [Forwarding getElementTagName on session a959986235bfbb8f7a0d11d8dbc1685d to remote] DEBUG org.asynchttpclient.netty.request.NettyRequestSender - Using open Channel [id: 0x9de8e87b, L:/127.0.0.1:64529 - R:localhost/127.0.0.1:57047] for GET '/session/a959986235bfbb8f7a0d11d8dbc1685d/element/9bdf10b1-80dd-4c3a-a46e-37f8b43ce162/name'
13:46:27.044 [AsyncHttpClient-1-4] DEBUG org.asynchttpclient.netty.handler.HttpHandler - 

Request DefaultFullHttpRequest(decodeResult: success, version: HTTP/1.1, content: EmptyByteBufBE)
GET /session/a959986235bfbb8f7a0d11d8dbc1685d/element/9bdf10b1-80dd-4c3a-a46e-37f8b43ce162/name HTTP/1.1
User-Agent: selenium/4.1.2 (java windows)
Cache-Control: no-cache
Content-Type: application/json; charset=utf-8
host: localhost:57047
accept: */*

Response DefaultHttpResponse(decodeResult: success, version: HTTP/1.1)
HTTP/1.1 200 OK
Content-Type: application/json; charset=utf-8
cache-control: no-cache
content-length: 18

13:46:27.044 [AsyncHttpClient-1-4] DEBUG org.asynchttpclient.netty.channel.ChannelManager - Adding key: http://localhost:57047 for channel [id: 0x9de8e87b, L:/127.0.0.1:64529 - R:localhost/127.0.0.1:57047]
13:46:27.049 [Forwarding isElementEnabled on session a959986235bfbb8f7a0d11d8dbc1685d to remote] DEBUG org.asynchttpclient.netty.request.NettyRequestSender - Using pooled Channel '[id: 0x9de8e87b, L:/127.0.0.1:64529 - R:localhost/127.0.0.1:57047]' for 'GET' to 'http://localhost:57047/session/a959986235bfbb8f7a0d11d8dbc1685d/element/9bdf10b1-80dd-4c3a-a46e-37f8b43ce162/enabled'
13:46:27.049 [Forwarding isElementEnabled on session a959986235bfbb8f7a0d11d8dbc1685d to remote] DEBUG org.asynchttpclient.netty.request.NettyRequestSender - Using open Channel [id: 0x9de8e87b, L:/127.0.0.1:64529 - R:localhost/127.0.0.1:57047] for GET '/session/a959986235bfbb8f7a0d11d8dbc1685d/element/9bdf10b1-80dd-4c3a-a46e-37f8b43ce162/enabled'
13:46:27.121 [AsyncHttpClient-1-4] DEBUG org.asynchttpclient.netty.handler.HttpHandler - 

Request DefaultFullHttpRequest(decodeResult: success, version: HTTP/1.1, content: EmptyByteBufBE)
GET /session/a959986235bfbb8f7a0d11d8dbc1685d/element/9bdf10b1-80dd-4c3a-a46e-37f8b43ce162/enabled HTTP/1.1
User-Agent: selenium/4.1.2 (java windows)
Cache-Control: no-cache
Content-Type: application/json; charset=utf-8
host: localhost:57047
accept: */*

Response DefaultHttpResponse(decodeResult: success, version: HTTP/1.1)
HTTP/1.1 200 OK
Content-Type: application/json; charset=utf-8
cache-control: no-cache
content-length: 14

13:46:27.121 [AsyncHttpClient-1-4] DEBUG org.asynchttpclient.netty.channel.ChannelManager - Adding key: http://localhost:57047 for channel [id: 0x9de8e87b, L:/127.0.0.1:64529 - R:localhost/127.0.0.1:57047]
13:46:27.124 [Forwarding isElementEnabled on session a959986235bfbb8f7a0d11d8dbc1685d to remote] DEBUG org.asynchttpclient.netty.request.NettyRequestSender - Using pooled Channel '[id: 0x9de8e87b, L:/127.0.0.1:64529 - R:localhost/127.0.0.1:57047]' for 'GET' to 'http://localhost:57047/session/a959986235bfbb8f7a0d11d8dbc1685d/element/9bdf10b1-80dd-4c3a-a46e-37f8b43ce162/enabled'
13:46:27.124 [Forwarding isElementEnabled on session a959986235bfbb8f7a0d11d8dbc1685d to remote] DEBUG org.asynchttpclient.netty.request.NettyRequestSender - Using open Channel [id: 0x9de8e87b, L:/127.0.0.1:64529 - R:localhost/127.0.0.1:57047] for GET '/session/a959986235bfbb8f7a0d11d8dbc1685d/element/9bdf10b1-80dd-4c3a-a46e-37f8b43ce162/enabled'
13:46:27.145 [AsyncHttpClient-1-4] DEBUG org.asynchttpclient.netty.handler.HttpHandler - 

Request DefaultFullHttpRequest(decodeResult: success, version: HTTP/1.1, content: EmptyByteBufBE)
GET /session/a959986235bfbb8f7a0d11d8dbc1685d/element/9bdf10b1-80dd-4c3a-a46e-37f8b43ce162/enabled HTTP/1.1
User-Agent: selenium/4.1.2 (java windows)
Cache-Control: no-cache
Content-Type: application/json; charset=utf-8
host: localhost:57047
accept: */*

Response DefaultHttpResponse(decodeResult: success, version: HTTP/1.1)
HTTP/1.1 200 OK
Content-Type: application/json; charset=utf-8
cache-control: no-cache
content-length: 14

13:46:27.145 [AsyncHttpClient-1-4] DEBUG org.asynchttpclient.netty.channel.ChannelManager - Adding key: http://localhost:57047 for channel [id: 0x9de8e87b, L:/127.0.0.1:64529 - R:localhost/127.0.0.1:57047]
13:46:27.149 [Forwarding findElement on session a959986235bfbb8f7a0d11d8dbc1685d to remote] DEBUG org.asynchttpclient.netty.request.NettyRequestSender - Using pooled Channel '[id: 0x9de8e87b, L:/127.0.0.1:64529 - R:localhost/127.0.0.1:57047]' for 'POST' to 'http://localhost:57047/session/a959986235bfbb8f7a0d11d8dbc1685d/element'
13:46:27.149 [Forwarding findElement on session a959986235bfbb8f7a0d11d8dbc1685d to remote] DEBUG org.asynchttpclient.netty.request.NettyRequestSender - Using open Channel [id: 0x9de8e87b, L:/127.0.0.1:64529 - R:localhost/127.0.0.1:57047] for POST '/session/a959986235bfbb8f7a0d11d8dbc1685d/element'
13:46:27.167 [AsyncHttpClient-1-4] DEBUG org.asynchttpclient.netty.handler.HttpHandler - 

Request DefaultHttpRequest(decodeResult: success, version: HTTP/1.1)
POST /session/a959986235bfbb8f7a0d11d8dbc1685d/element HTTP/1.1
User-Agent: selenium/4.1.2 (java windows)
Content-Length: 66
Content-Type: application/json; charset=utf-8
host: localhost:57047
accept: */*

Response DefaultHttpResponse(decodeResult: success, version: HTTP/1.1)
HTTP/1.1 200 OK
Content-Type: application/json; charset=utf-8
cache-control: no-cache
content-length: 88

13:46:27.167 [AsyncHttpClient-1-4] DEBUG org.asynchttpclient.netty.channel.ChannelManager - Adding key: http://localhost:57047 for channel [id: 0x9de8e87b, L:/127.0.0.1:64529 - R:localhost/127.0.0.1:57047]
13:46:27.168 [Forwarding getElementTagName on session a959986235bfbb8f7a0d11d8dbc1685d to remote] DEBUG org.asynchttpclient.netty.request.NettyRequestSender - Using pooled Channel '[id: 0x9de8e87b, L:/127.0.0.1:64529 - R:localhost/127.0.0.1:57047]' for 'GET' to 'http://localhost:57047/session/a959986235bfbb8f7a0d11d8dbc1685d/element/9bdf10b1-80dd-4c3a-a46e-37f8b43ce162/name'
13:46:27.168 [Forwarding getElementTagName on session a959986235bfbb8f7a0d11d8dbc1685d to remote] DEBUG org.asynchttpclient.netty.request.NettyRequestSender - Using open Channel [id: 0x9de8e87b, L:/127.0.0.1:64529 - R:localhost/127.0.0.1:57047] for GET '/session/a959986235bfbb8f7a0d11d8dbc1685d/element/9bdf10b1-80dd-4c3a-a46e-37f8b43ce162/name'
13:46:27.182 [AsyncHttpClient-1-4] DEBUG org.asynchttpclient.netty.handler.HttpHandler - 

Request DefaultFullHttpRequest(decodeResult: success, version: HTTP/1.1, content: EmptyByteBufBE)
GET /session/a959986235bfbb8f7a0d11d8dbc1685d/element/9bdf10b1-80dd-4c3a-a46e-37f8b43ce162/name HTTP/1.1
User-Agent: selenium/4.1.2 (java windows)
Cache-Control: no-cache
Content-Type: application/json; charset=utf-8
host: localhost:57047
accept: */*

Response DefaultHttpResponse(decodeResult: success, version: HTTP/1.1)
HTTP/1.1 200 OK
Content-Type: application/json; charset=utf-8
cache-control: no-cache
content-length: 18

13:46:27.182 [AsyncHttpClient-1-4] DEBUG org.asynchttpclient.netty.channel.ChannelManager - Adding key: http://localhost:57047 for channel [id: 0x9de8e87b, L:/127.0.0.1:64529 - R:localhost/127.0.0.1:57047]
13:46:27.183 [Forwarding getElementDomAttribute on session a959986235bfbb8f7a0d11d8dbc1685d to remote] DEBUG org.asynchttpclient.netty.request.NettyRequestSender - Using pooled Channel '[id: 0x9de8e87b, L:/127.0.0.1:64529 - R:localhost/127.0.0.1:57047]' for 'GET' to 'http://localhost:57047/session/a959986235bfbb8f7a0d11d8dbc1685d/element/9bdf10b1-80dd-4c3a-a46e-37f8b43ce162/attribute/multiple'
13:46:27.183 [Forwarding getElementDomAttribute on session a959986235bfbb8f7a0d11d8dbc1685d to remote] DEBUG org.asynchttpclient.netty.request.NettyRequestSender - Using open Channel [id: 0x9de8e87b, L:/127.0.0.1:64529 - R:localhost/127.0.0.1:57047] for GET '/session/a959986235bfbb8f7a0d11d8dbc1685d/element/9bdf10b1-80dd-4c3a-a46e-37f8b43ce162/attribute/multiple'
13:46:27.213 [AsyncHttpClient-1-4] DEBUG org.asynchttpclient.netty.handler.HttpHandler - 

Request DefaultFullHttpRequest(decodeResult: success, version: HTTP/1.1, content: EmptyByteBufBE)
GET /session/a959986235bfbb8f7a0d11d8dbc1685d/element/9bdf10b1-80dd-4c3a-a46e-37f8b43ce162/attribute/multiple HTTP/1.1
User-Agent: selenium/4.1.2 (java windows)
Cache-Control: no-cache
Content-Type: application/json; charset=utf-8
host: localhost:57047
accept: */*

Response DefaultHttpResponse(decodeResult: success, version: HTTP/1.1)
HTTP/1.1 200 OK
Content-Type: application/json; charset=utf-8
cache-control: no-cache
content-length: 14

13:46:27.213 [AsyncHttpClient-1-4] DEBUG org.asynchttpclient.netty.channel.ChannelManager - Adding key: http://localhost:57047 for channel [id: 0x9de8e87b, L:/127.0.0.1:64529 - R:localhost/127.0.0.1:57047]
13:46:27.215 [Forwarding findChildElements on session a959986235bfbb8f7a0d11d8dbc1685d to remote] DEBUG org.asynchttpclient.netty.request.NettyRequestSender - Using pooled Channel '[id: 0x9de8e87b, L:/127.0.0.1:64529 - R:localhost/127.0.0.1:57047]' for 'POST' to 'http://localhost:57047/session/a959986235bfbb8f7a0d11d8dbc1685d/element/9bdf10b1-80dd-4c3a-a46e-37f8b43ce162/elements'
13:46:27.215 [Forwarding findChildElements on session a959986235bfbb8f7a0d11d8dbc1685d to remote] DEBUG org.asynchttpclient.netty.request.NettyRequestSender - Using open Channel [id: 0x9de8e87b, L:/127.0.0.1:64529 - R:localhost/127.0.0.1:57047] for POST '/session/a959986235bfbb8f7a0d11d8dbc1685d/element/9bdf10b1-80dd-4c3a-a46e-37f8b43ce162/elements'
13:46:27.283 [AsyncHttpClient-1-4] DEBUG org.asynchttpclient.netty.handler.HttpHandler - 

Request DefaultHttpRequest(decodeResult: success, version: HTTP/1.1)
POST /session/a959986235bfbb8f7a0d11d8dbc1685d/element/9bdf10b1-80dd-4c3a-a46e-37f8b43ce162/elements HTTP/1.1
User-Agent: selenium/4.1.2 (java windows)
Content-Length: 140
Content-Type: application/json; charset=utf-8
host: localhost:57047
accept: */*

Response DefaultHttpResponse(decodeResult: success, version: HTTP/1.1)
HTTP/1.1 200 OK
Content-Type: application/json; charset=utf-8
cache-control: no-cache
content-length: 90

13:46:27.283 [AsyncHttpClient-1-4] DEBUG org.asynchttpclient.netty.channel.ChannelManager - Adding key: http://localhost:57047 for channel [id: 0x9de8e87b, L:/127.0.0.1:64529 - R:localhost/127.0.0.1:57047]
13:46:27.284 [Forwarding isElementSelected on session a959986235bfbb8f7a0d11d8dbc1685d to remote] DEBUG org.asynchttpclient.netty.request.NettyRequestSender - Using pooled Channel '[id: 0x9de8e87b, L:/127.0.0.1:64529 - R:localhost/127.0.0.1:57047]' for 'GET' to 'http://localhost:57047/session/a959986235bfbb8f7a0d11d8dbc1685d/element/576e8b59-44f4-4c0e-8824-1f93e84acd10/selected'
13:46:27.284 [Forwarding isElementSelected on session a959986235bfbb8f7a0d11d8dbc1685d to remote] DEBUG org.asynchttpclient.netty.request.NettyRequestSender - Using open Channel [id: 0x9de8e87b, L:/127.0.0.1:64529 - R:localhost/127.0.0.1:57047] for GET '/session/a959986235bfbb8f7a0d11d8dbc1685d/element/576e8b59-44f4-4c0e-8824-1f93e84acd10/selected'
13:46:27.326 [AsyncHttpClient-1-4] DEBUG org.asynchttpclient.netty.handler.HttpHandler - 

Request DefaultFullHttpRequest(decodeResult: success, version: HTTP/1.1, content: EmptyByteBufBE)
GET /session/a959986235bfbb8f7a0d11d8dbc1685d/element/576e8b59-44f4-4c0e-8824-1f93e84acd10/selected HTTP/1.1
User-Agent: selenium/4.1.2 (java windows)
Cache-Control: no-cache
Content-Type: application/json; charset=utf-8
host: localhost:57047
accept: */*

Response DefaultHttpResponse(decodeResult: success, version: HTTP/1.1)
HTTP/1.1 200 OK
Content-Type: application/json; charset=utf-8
cache-control: no-cache
content-length: 15

13:46:27.327 [AsyncHttpClient-1-4] DEBUG org.asynchttpclient.netty.channel.ChannelManager - Adding key: http://localhost:57047 for channel [id: 0x9de8e87b, L:/127.0.0.1:64529 - R:localhost/127.0.0.1:57047]
13:46:27.329 [Forwarding clickElement on session a959986235bfbb8f7a0d11d8dbc1685d to remote] DEBUG org.asynchttpclient.netty.request.NettyRequestSender - Using pooled Channel '[id: 0x9de8e87b, L:/127.0.0.1:64529 - R:localhost/127.0.0.1:57047]' for 'POST' to 'http://localhost:57047/session/a959986235bfbb8f7a0d11d8dbc1685d/element/576e8b59-44f4-4c0e-8824-1f93e84acd10/click'
13:46:27.329 [Forwarding clickElement on session a959986235bfbb8f7a0d11d8dbc1685d to remote] DEBUG org.asynchttpclient.netty.request.NettyRequestSender - Using open Channel [id: 0x9de8e87b, L:/127.0.0.1:64529 - R:localhost/127.0.0.1:57047] for POST '/session/a959986235bfbb8f7a0d11d8dbc1685d/element/576e8b59-44f4-4c0e-8824-1f93e84acd10/click'
13:46:27.443 [AsyncHttpClient-1-4] DEBUG org.asynchttpclient.netty.handler.HttpHandler - 

Request DefaultHttpRequest(decodeResult: success, version: HTTP/1.1)
POST /session/a959986235bfbb8f7a0d11d8dbc1685d/element/576e8b59-44f4-4c0e-8824-1f93e84acd10/click HTTP/1.1
User-Agent: selenium/4.1.2 (java windows)
Content-Length: 50
Content-Type: application/json; charset=utf-8
host: localhost:57047
accept: */*

Response DefaultHttpResponse(decodeResult: success, version: HTTP/1.1)
HTTP/1.1 200 OK
Content-Type: application/json; charset=utf-8
cache-control: no-cache
content-length: 14

13:46:27.444 [AsyncHttpClient-1-4] DEBUG org.asynchttpclient.netty.channel.ChannelManager - Adding key: http://localhost:57047 for channel [id: 0x9de8e87b, L:/127.0.0.1:64529 - R:localhost/127.0.0.1:57047]
13:46:27.460 [Forwarding screenshot on session a959986235bfbb8f7a0d11d8dbc1685d to remote] DEBUG org.asynchttpclient.netty.request.NettyRequestSender - Using pooled Channel '[id: 0x9de8e87b, L:/127.0.0.1:64529 - R:localhost/127.0.0.1:57047]' for 'GET' to 'http://localhost:57047/session/a959986235bfbb8f7a0d11d8dbc1685d/screenshot'
13:46:27.461 [Forwarding screenshot on session a959986235bfbb8f7a0d11d8dbc1685d to remote] DEBUG org.asynchttpclient.netty.request.NettyRequestSender - Using open Channel [id: 0x9de8e87b, L:/127.0.0.1:64529 - R:localhost/127.0.0.1:57047] for GET '/session/a959986235bfbb8f7a0d11d8dbc1685d/screenshot'
13:46:27.545 [AsyncHttpClient-1-1] DEBUG org.asynchttpclient.netty.channel.DefaultChannelPool - Entry count for : http://localhost:64530 : 1
13:46:27.679 [AsyncHttpClient-1-4] DEBUG org.asynchttpclient.netty.handler.HttpHandler - 

Request DefaultFullHttpRequest(decodeResult: success, version: HTTP/1.1, content: EmptyByteBufBE)
GET /session/a959986235bfbb8f7a0d11d8dbc1685d/screenshot HTTP/1.1
User-Agent: selenium/4.1.2 (java windows)
Cache-Control: no-cache
Content-Type: application/json; charset=utf-8
host: localhost:57047
accept: */*

Response DefaultHttpResponse(decodeResult: success, version: HTTP/1.1)
HTTP/1.1 200 OK
Content-Type: application/json; charset=utf-8
cache-control: no-cache
content-length: 34824

13:46:27.679 [AsyncHttpClient-1-4] DEBUG org.asynchttpclient.netty.channel.ChannelManager - Adding key: http://localhost:57047 for channel [id: 0x9de8e87b, L:/127.0.0.1:64529 - R:localhost/127.0.0.1:57047]
13:46:27.684 [main] DEBUG net.serenitybdd.core.photography.Darkroom - Send negative for processing for target\site\serenity\a79a4475c741696b26ad767ddf870843775ae8e544e35014b69c7588e5fe9db1.png
13:46:27.684 [main] DEBUG net.thucydides.core.steps.StepInterceptor - STEP DONE: chooseGender
  &amp#27;[32mAnd &amp#27;[0m&amp#27;[32madmin choose gender&amp#27;[0m                                           &amp#27;[90m# starter.definitions.pendaftaranbaru.choosegender()&amp#27;[0m
13:46:27.684 [Darkroom Processing Line] DEBUG net.serenitybdd.core.photography.DarkroomProcessingLine - Processing screenshot image in /var/screenshots/screenshot-1178712217613133561
13:46:27.684 [Darkroom Processing Line] DEBUG net.serenitybdd.core.photography.DarkroomProcessingLine - Saving screenshot to target\site\serenity\a79a4475c741696b26ad767ddf870843775ae8e544e35014b69c7588e5fe9db1.png
13:46:27.723 [main] DEBUG net.thucydides.core.steps.StepInterceptor - STARTING STEP: pendaftaranbaru.choosepoli - choosePoli
13:46:27.736 [Forwarding findElement on session a959986235bfbb8f7a0d11d8dbc1685d to remote] DEBUG org.asynchttpclient.netty.request.NettyRequestSender - Using pooled Channel '[id: 0x9de8e87b, L:/127.0.0.1:64529 - R:localhost/127.0.0.1:57047]' for 'POST' to 'http://localhost:57047/session/a959986235bfbb8f7a0d11d8dbc1685d/element'
13:46:27.736 [Forwarding findElement on session a959986235bfbb8f7a0d11d8dbc1685d to remote] DEBUG org.asynchttpclient.netty.request.NettyRequestSender - Using open Channel [id: 0x9de8e87b, L:/127.0.0.1:64529 - R:localhost/127.0.0.1:57047] for POST '/session/a959986235bfbb8f7a0d11d8dbc1685d/element'
13:46:27.782 [AsyncHttpClient-1-4] DEBUG org.asynchttpclient.netty.handler.HttpHandler - 

Request DefaultHttpRequest(decodeResult: success, version: HTTP/1.1)
POST /session/a959986235bfbb8f7a0d11d8dbc1685d/element HTTP/1.1
User-Agent: selenium/4.1.2 (java windows)
Content-Length: 67
Content-Type: application/json; charset=utf-8
host: localhost:57047
accept: */*

Response DefaultHttpResponse(decodeResult: success, version: HTTP/1.1)
HTTP/1.1 200 OK
Content-Type: application/json; charset=utf-8
cache-control: no-cache
content-length: 88

13:46:27.783 [AsyncHttpClient-1-4] DEBUG org.asynchttpclient.netty.channel.ChannelManager - Adding key: http://localhost:57047 for channel [id: 0x9de8e87b, L:/127.0.0.1:64529 - R:localhost/127.0.0.1:57047]
13:46:27.786 [Forwarding getElementTagName on session a959986235bfbb8f7a0d11d8dbc1685d to remote] DEBUG org.asynchttpclient.netty.request.NettyRequestSender - Using pooled Channel '[id: 0x9de8e87b, L:/127.0.0.1:64529 - R:localhost/127.0.0.1:57047]' for 'GET' to 'http://localhost:57047/session/a959986235bfbb8f7a0d11d8dbc1685d/element/2503f5fe-1b9a-47ee-bd90-e1acff35e5a8/name'
13:46:27.786 [Forwarding getElementTagName on session a959986235bfbb8f7a0d11d8dbc1685d to remote] DEBUG org.asynchttpclient.netty.request.NettyRequestSender - Using open Channel [id: 0x9de8e87b, L:/127.0.0.1:64529 - R:localhost/127.0.0.1:57047] for GET '/session/a959986235bfbb8f7a0d11d8dbc1685d/element/2503f5fe-1b9a-47ee-bd90-e1acff35e5a8/name'
13:46:27.814 [AsyncHttpClient-1-4] DEBUG org.asynchttpclient.netty.handler.HttpHandler - 

Request DefaultFullHttpRequest(decodeResult: success, version: HTTP/1.1, content: EmptyByteBufBE)
GET /session/a959986235bfbb8f7a0d11d8dbc1685d/element/2503f5fe-1b9a-47ee-bd90-e1acff35e5a8/name HTTP/1.1
User-Agent: selenium/4.1.2 (java windows)
Cache-Control: no-cache
Content-Type: application/json; charset=utf-8
host: localhost:57047
accept: */*

Response DefaultHttpResponse(decodeResult: success, version: HTTP/1.1)
HTTP/1.1 200 OK
Content-Type: application/json; charset=utf-8
cache-control: no-cache
content-length: 18

13:46:27.814 [AsyncHttpClient-1-4] DEBUG org.asynchttpclient.netty.channel.ChannelManager - Adding key: http://localhost:57047 for channel [id: 0x9de8e87b, L:/127.0.0.1:64529 - R:localhost/127.0.0.1:57047]
13:46:27.816 [Forwarding getElementTagName on session a959986235bfbb8f7a0d11d8dbc1685d to remote] DEBUG org.asynchttpclient.netty.request.NettyRequestSender - Using pooled Channel '[id: 0x9de8e87b, L:/127.0.0.1:64529 - R:localhost/127.0.0.1:57047]' for 'GET' to 'http://localhost:57047/session/a959986235bfbb8f7a0d11d8dbc1685d/element/2503f5fe-1b9a-47ee-bd90-e1acff35e5a8/name'
13:46:27.816 [Forwarding getElementTagName on session a959986235bfbb8f7a0d11d8dbc1685d to remote] DEBUG org.asynchttpclient.netty.request.NettyRequestSender - Using open Channel [id: 0x9de8e87b, L:/127.0.0.1:64529 - R:localhost/127.0.0.1:57047] for GET '/session/a959986235bfbb8f7a0d11d8dbc1685d/element/2503f5fe-1b9a-47ee-bd90-e1acff35e5a8/name'
13:46:27.829 [AsyncHttpClient-1-4] DEBUG org.asynchttpclient.netty.handler.HttpHandler - 

Request DefaultFullHttpRequest(decodeResult: success, version: HTTP/1.1, content: EmptyByteBufBE)
GET /session/a959986235bfbb8f7a0d11d8dbc1685d/element/2503f5fe-1b9a-47ee-bd90-e1acff35e5a8/name HTTP/1.1
User-Agent: selenium/4.1.2 (java windows)
Cache-Control: no-cache
Content-Type: application/json; charset=utf-8
host: localhost:57047
accept: */*

Response DefaultHttpResponse(decodeResult: success, version: HTTP/1.1)
HTTP/1.1 200 OK
Content-Type: application/json; charset=utf-8
cache-control: no-cache
content-length: 18

13:46:27.830 [AsyncHttpClient-1-4] DEBUG org.asynchttpclient.netty.channel.ChannelManager - Adding key: http://localhost:57047 for channel [id: 0x9de8e87b, L:/127.0.0.1:64529 - R:localhost/127.0.0.1:57047]
13:46:27.833 [Forwarding isElementEnabled on session a959986235bfbb8f7a0d11d8dbc1685d to remote] DEBUG org.asynchttpclient.netty.request.NettyRequestSender - Using pooled Channel '[id: 0x9de8e87b, L:/127.0.0.1:64529 - R:localhost/127.0.0.1:57047]' for 'GET' to 'http://localhost:57047/session/a959986235bfbb8f7a0d11d8dbc1685d/element/2503f5fe-1b9a-47ee-bd90-e1acff35e5a8/enabled'
13:46:27.833 [Forwarding isElementEnabled on session a959986235bfbb8f7a0d11d8dbc1685d to remote] DEBUG org.asynchttpclient.netty.request.NettyRequestSender - Using open Channel [id: 0x9de8e87b, L:/127.0.0.1:64529 - R:localhost/127.0.0.1:57047] for GET '/session/a959986235bfbb8f7a0d11d8dbc1685d/element/2503f5fe-1b9a-47ee-bd90-e1acff35e5a8/enabled'
13:46:27.874 [AsyncHttpClient-1-4] DEBUG org.asynchttpclient.netty.handler.HttpHandler - 

Request DefaultFullHttpRequest(decodeResult: success, version: HTTP/1.1, content: EmptyByteBufBE)
GET /session/a959986235bfbb8f7a0d11d8dbc1685d/element/2503f5fe-1b9a-47ee-bd90-e1acff35e5a8/enabled HTTP/1.1
User-Agent: selenium/4.1.2 (java windows)
Cache-Control: no-cache
Content-Type: application/json; charset=utf-8
host: localhost:57047
accept: */*

Response DefaultHttpResponse(decodeResult: success, version: HTTP/1.1)
HTTP/1.1 200 OK
Content-Type: application/json; charset=utf-8
cache-control: no-cache
content-length: 14

13:46:27.875 [AsyncHttpClient-1-4] DEBUG org.asynchttpclient.netty.channel.ChannelManager - Adding key: http://localhost:57047 for channel [id: 0x9de8e87b, L:/127.0.0.1:64529 - R:localhost/127.0.0.1:57047]
13:46:27.878 [Forwarding isElementEnabled on session a959986235bfbb8f7a0d11d8dbc1685d to remote] DEBUG org.asynchttpclient.netty.request.NettyRequestSender - Using pooled Channel '[id: 0x9de8e87b, L:/127.0.0.1:64529 - R:localhost/127.0.0.1:57047]' for 'GET' to 'http://localhost:57047/session/a959986235bfbb8f7a0d11d8dbc1685d/element/2503f5fe-1b9a-47ee-bd90-e1acff35e5a8/enabled'
13:46:27.878 [Forwarding isElementEnabled on session a959986235bfbb8f7a0d11d8dbc1685d to remote] DEBUG org.asynchttpclient.netty.request.NettyRequestSender - Using open Channel [id: 0x9de8e87b, L:/127.0.0.1:64529 - R:localhost/127.0.0.1:57047] for GET '/session/a959986235bfbb8f7a0d11d8dbc1685d/element/2503f5fe-1b9a-47ee-bd90-e1acff35e5a8/enabled'
13:46:27.925 [AsyncHttpClient-1-4] DEBUG org.asynchttpclient.netty.handler.HttpHandler - 

Request DefaultFullHttpRequest(decodeResult: success, version: HTTP/1.1, content: EmptyByteBufBE)
GET /session/a959986235bfbb8f7a0d11d8dbc1685d/element/2503f5fe-1b9a-47ee-bd90-e1acff35e5a8/enabled HTTP/1.1
User-Agent: selenium/4.1.2 (java windows)
Cache-Control: no-cache
Content-Type: application/json; charset=utf-8
host: localhost:57047
accept: */*

Response DefaultHttpResponse(decodeResult: success, version: HTTP/1.1)
HTTP/1.1 200 OK
Content-Type: application/json; charset=utf-8
cache-control: no-cache
content-length: 14

13:46:27.925 [AsyncHttpClient-1-4] DEBUG org.asynchttpclient.netty.channel.ChannelManager - Adding key: http://localhost:57047 for channel [id: 0x9de8e87b, L:/127.0.0.1:64529 - R:localhost/127.0.0.1:57047]
13:46:27.929 [Forwarding findElement on session a959986235bfbb8f7a0d11d8dbc1685d to remote] DEBUG org.asynchttpclient.netty.request.NettyRequestSender - Using pooled Channel '[id: 0x9de8e87b, L:/127.0.0.1:64529 - R:localhost/127.0.0.1:57047]' for 'POST' to 'http://localhost:57047/session/a959986235bfbb8f7a0d11d8dbc1685d/element'
13:46:27.929 [Forwarding findElement on session a959986235bfbb8f7a0d11d8dbc1685d to remote] DEBUG org.asynchttpclient.netty.request.NettyRequestSender - Using open Channel [id: 0x9de8e87b, L:/127.0.0.1:64529 - R:localhost/127.0.0.1:57047] for POST '/session/a959986235bfbb8f7a0d11d8dbc1685d/element'
13:46:27.975 [AsyncHttpClient-1-4] DEBUG org.asynchttpclient.netty.handler.HttpHandler - 

Request DefaultHttpRequest(decodeResult: success, version: HTTP/1.1)
POST /session/a959986235bfbb8f7a0d11d8dbc1685d/element HTTP/1.1
User-Agent: selenium/4.1.2 (java windows)
Content-Length: 67
Content-Type: application/json; charset=utf-8
host: localhost:57047
accept: */*

Response DefaultHttpResponse(decodeResult: success, version: HTTP/1.1)
HTTP/1.1 200 OK
Content-Type: application/json; charset=utf-8
cache-control: no-cache
content-length: 88

13:46:27.976 [AsyncHttpClient-1-4] DEBUG org.asynchttpclient.netty.channel.ChannelManager - Adding key: http://localhost:57047 for channel [id: 0x9de8e87b, L:/127.0.0.1:64529 - R:localhost/127.0.0.1:57047]
13:46:27.978 [Forwarding getElementTagName on session a959986235bfbb8f7a0d11d8dbc1685d to remote] DEBUG org.asynchttpclient.netty.request.NettyRequestSender - Using pooled Channel '[id: 0x9de8e87b, L:/127.0.0.1:64529 - R:localhost/127.0.0.1:57047]' for 'GET' to 'http://localhost:57047/session/a959986235bfbb8f7a0d11d8dbc1685d/element/2503f5fe-1b9a-47ee-bd90-e1acff35e5a8/name'
13:46:27.978 [Forwarding getElementTagName on session a959986235bfbb8f7a0d11d8dbc1685d to remote] DEBUG org.asynchttpclient.netty.request.NettyRequestSender - Using open Channel [id: 0x9de8e87b, L:/127.0.0.1:64529 - R:localhost/127.0.0.1:57047] for GET '/session/a959986235bfbb8f7a0d11d8dbc1685d/element/2503f5fe-1b9a-47ee-bd90-e1acff35e5a8/name'
13:46:28.021 [AsyncHttpClient-1-4] DEBUG org.asynchttpclient.netty.handler.HttpHandler - 

Request DefaultFullHttpRequest(decodeResult: success, version: HTTP/1.1, content: EmptyByteBufBE)
GET /session/a959986235bfbb8f7a0d11d8dbc1685d/element/2503f5fe-1b9a-47ee-bd90-e1acff35e5a8/name HTTP/1.1
User-Agent: selenium/4.1.2 (java windows)
Cache-Control: no-cache
Content-Type: application/json; charset=utf-8
host: localhost:57047
accept: */*

Response DefaultHttpResponse(decodeResult: success, version: HTTP/1.1)
HTTP/1.1 200 OK
Content-Type: application/json; charset=utf-8
cache-control: no-cache
content-length: 18

13:46:28.021 [AsyncHttpClient-1-4] DEBUG org.asynchttpclient.netty.channel.ChannelManager - Adding key: http://localhost:57047 for channel [id: 0x9de8e87b, L:/127.0.0.1:64529 - R:localhost/127.0.0.1:57047]
13:46:28.024 [Forwarding getElementDomAttribute on session a959986235bfbb8f7a0d11d8dbc1685d to remote] DEBUG org.asynchttpclient.netty.request.NettyRequestSender - Using pooled Channel '[id: 0x9de8e87b, L:/127.0.0.1:64529 - R:localhost/127.0.0.1:57047]' for 'GET' to 'http://localhost:57047/session/a959986235bfbb8f7a0d11d8dbc1685d/element/2503f5fe-1b9a-47ee-bd90-e1acff35e5a8/attribute/multiple'
13:46:28.024 [Forwarding getElementDomAttribute on session a959986235bfbb8f7a0d11d8dbc1685d to remote] DEBUG org.asynchttpclient.netty.request.NettyRequestSender - Using open Channel [id: 0x9de8e87b, L:/127.0.0.1:64529 - R:localhost/127.0.0.1:57047] for GET '/session/a959986235bfbb8f7a0d11d8dbc1685d/element/2503f5fe-1b9a-47ee-bd90-e1acff35e5a8/attribute/multiple'
13:46:28.050 [AsyncHttpClient-1-4] DEBUG org.asynchttpclient.netty.handler.HttpHandler - 

Request DefaultFullHttpRequest(decodeResult: success, version: HTTP/1.1, content: EmptyByteBufBE)
GET /session/a959986235bfbb8f7a0d11d8dbc1685d/element/2503f5fe-1b9a-47ee-bd90-e1acff35e5a8/attribute/multiple HTTP/1.1
User-Agent: selenium/4.1.2 (java windows)
Cache-Control: no-cache
Content-Type: application/json; charset=utf-8
host: localhost:57047
accept: */*

Response DefaultHttpResponse(decodeResult: success, version: HTTP/1.1)
HTTP/1.1 200 OK
Content-Type: application/json; charset=utf-8
cache-control: no-cache
content-length: 14

13:46:28.050 [AsyncHttpClient-1-4] DEBUG org.asynchttpclient.netty.channel.ChannelManager - Adding key: http://localhost:57047 for channel [id: 0x9de8e87b, L:/127.0.0.1:64529 - R:localhost/127.0.0.1:57047]
13:46:28.052 [Forwarding findChildElements on session a959986235bfbb8f7a0d11d8dbc1685d to remote] DEBUG org.asynchttpclient.netty.request.NettyRequestSender - Using pooled Channel '[id: 0x9de8e87b, L:/127.0.0.1:64529 - R:localhost/127.0.0.1:57047]' for 'POST' to 'http://localhost:57047/session/a959986235bfbb8f7a0d11d8dbc1685d/element/2503f5fe-1b9a-47ee-bd90-e1acff35e5a8/elements'
13:46:28.052 [Forwarding findChildElements on session a959986235bfbb8f7a0d11d8dbc1685d to remote] DEBUG org.asynchttpclient.netty.request.NettyRequestSender - Using open Channel [id: 0x9de8e87b, L:/127.0.0.1:64529 - R:localhost/127.0.0.1:57047] for POST '/session/a959986235bfbb8f7a0d11d8dbc1685d/element/2503f5fe-1b9a-47ee-bd90-e1acff35e5a8/elements'
13:46:28.114 [AsyncHttpClient-1-4] DEBUG org.asynchttpclient.netty.handler.HttpHandler - 

Request DefaultHttpRequest(decodeResult: success, version: HTTP/1.1)
POST /session/a959986235bfbb8f7a0d11d8dbc1685d/element/2503f5fe-1b9a-47ee-bd90-e1acff35e5a8/elements HTTP/1.1
User-Agent: selenium/4.1.2 (java windows)
Content-Length: 127
Content-Type: application/json; charset=utf-8
host: localhost:57047
accept: */*

Response DefaultHttpResponse(decodeResult: success, version: HTTP/1.1)
HTTP/1.1 200 OK
Content-Type: application/json; charset=utf-8
cache-control: no-cache
content-length: 90

13:46:28.115 [AsyncHttpClient-1-4] DEBUG org.asynchttpclient.netty.channel.ChannelManager - Adding key: http://localhost:57047 for channel [id: 0x9de8e87b, L:/127.0.0.1:64529 - R:localhost/127.0.0.1:57047]
13:46:28.116 [Forwarding isElementSelected on session a959986235bfbb8f7a0d11d8dbc1685d to remote] DEBUG org.asynchttpclient.netty.request.NettyRequestSender - Using pooled Channel '[id: 0x9de8e87b, L:/127.0.0.1:64529 - R:localhost/127.0.0.1:57047]' for 'GET' to 'http://localhost:57047/session/a959986235bfbb8f7a0d11d8dbc1685d/element/0b164c64-fe6b-49cf-84a5-08241657e616/selected'
13:46:28.116 [Forwarding isElementSelected on session a959986235bfbb8f7a0d11d8dbc1685d to remote] DEBUG org.asynchttpclient.netty.request.NettyRequestSender - Using open Channel [id: 0x9de8e87b, L:/127.0.0.1:64529 - R:localhost/127.0.0.1:57047] for GET '/session/a959986235bfbb8f7a0d11d8dbc1685d/element/0b164c64-fe6b-49cf-84a5-08241657e616/selected'
13:46:28.165 [AsyncHttpClient-1-4] DEBUG org.asynchttpclient.netty.handler.HttpHandler - 

Request DefaultFullHttpRequest(decodeResult: success, version: HTTP/1.1, content: EmptyByteBufBE)
GET /session/a959986235bfbb8f7a0d11d8dbc1685d/element/0b164c64-fe6b-49cf-84a5-08241657e616/selected HTTP/1.1
User-Agent: selenium/4.1.2 (java windows)
Cache-Control: no-cache
Content-Type: application/json; charset=utf-8
host: localhost:57047
accept: */*

Response DefaultHttpResponse(decodeResult: success, version: HTTP/1.1)
HTTP/1.1 200 OK
Content-Type: application/json; charset=utf-8
cache-control: no-cache
content-length: 15

13:46:28.165 [AsyncHttpClient-1-4] DEBUG org.asynchttpclient.netty.channel.ChannelManager - Adding key: http://localhost:57047 for channel [id: 0x9de8e87b, L:/127.0.0.1:64529 - R:localhost/127.0.0.1:57047]
13:46:28.167 [Forwarding clickElement on session a959986235bfbb8f7a0d11d8dbc1685d to remote] DEBUG org.asynchttpclient.netty.request.NettyRequestSender - Using pooled Channel '[id: 0x9de8e87b, L:/127.0.0.1:64529 - R:localhost/127.0.0.1:57047]' for 'POST' to 'http://localhost:57047/session/a959986235bfbb8f7a0d11d8dbc1685d/element/0b164c64-fe6b-49cf-84a5-08241657e616/click'
13:46:28.167 [Forwarding clickElement on session a959986235bfbb8f7a0d11d8dbc1685d to remote] DEBUG org.asynchttpclient.netty.request.NettyRequestSender - Using open Channel [id: 0x9de8e87b, L:/127.0.0.1:64529 - R:localhost/127.0.0.1:57047] for POST '/session/a959986235bfbb8f7a0d11d8dbc1685d/element/0b164c64-fe6b-49cf-84a5-08241657e616/click'
13:46:28.320 [AsyncHttpClient-1-4] DEBUG org.asynchttpclient.netty.handler.HttpHandler - 

Request DefaultHttpRequest(decodeResult: success, version: HTTP/1.1)
POST /session/a959986235bfbb8f7a0d11d8dbc1685d/element/0b164c64-fe6b-49cf-84a5-08241657e616/click HTTP/1.1
User-Agent: selenium/4.1.2 (java windows)
Content-Length: 50
Content-Type: application/json; charset=utf-8
host: localhost:57047
accept: */*

Response DefaultHttpResponse(decodeResult: success, version: HTTP/1.1)
HTTP/1.1 200 OK
Content-Type: application/json; charset=utf-8
cache-control: no-cache
content-length: 14

13:46:28.321 [AsyncHttpClient-1-4] DEBUG org.asynchttpclient.netty.channel.ChannelManager - Adding key: http://localhost:57047 for channel [id: 0x9de8e87b, L:/127.0.0.1:64529 - R:localhost/127.0.0.1:57047]
13:46:28.339 [Forwarding screenshot on session a959986235bfbb8f7a0d11d8dbc1685d to remote] DEBUG org.asynchttpclient.netty.request.NettyRequestSender - Using pooled Channel '[id: 0x9de8e87b, L:/127.0.0.1:64529 - R:localhost/127.0.0.1:57047]' for 'GET' to 'http://localhost:57047/session/a959986235bfbb8f7a0d11d8dbc1685d/screenshot'
13:46:28.339 [Forwarding screenshot on session a959986235bfbb8f7a0d11d8dbc1685d to remote] DEBUG org.asynchttpclient.netty.request.NettyRequestSender - Using open Channel [id: 0x9de8e87b, L:/127.0.0.1:64529 - R:localhost/127.0.0.1:57047] for GET '/session/a959986235bfbb8f7a0d11d8dbc1685d/screenshot'
13:46:28.560 [AsyncHttpClient-1-4] DEBUG org.asynchttpclient.netty.handler.HttpHandler - 

Request DefaultFullHttpRequest(decodeResult: success, version: HTTP/1.1, content: EmptyByteBufBE)
GET /session/a959986235bfbb8f7a0d11d8dbc1685d/screenshot HTTP/1.1
User-Agent: selenium/4.1.2 (java windows)
Cache-Control: no-cache
Content-Type: application/json; charset=utf-8
host: localhost:57047
accept: */*

Response DefaultHttpResponse(decodeResult: success, version: HTTP/1.1)
HTTP/1.1 200 OK
Content-Type: application/json; charset=utf-8
cache-control: no-cache
content-length: 36160

13:46:28.561 [AsyncHttpClient-1-4] DEBUG org.asynchttpclient.netty.channel.ChannelManager - Adding key: http://localhost:57047 for channel [id: 0x9de8e87b, L:/127.0.0.1:64529 - R:localhost/127.0.0.1:57047]
13:46:28.565 [main] DEBUG net.serenitybdd.core.photography.Darkroom - Send negative for processing for target\site\serenity\8b1bfccd066513de1415fedfd94e70f7e2fce00a28e3c28c3f8d984a92926c55.png
13:46:28.565 [main] DEBUG net.thucydides.core.steps.StepInterceptor - STEP DONE: choosePoli
  &amp#27;[32mAnd &amp#27;[0m&amp#27;[32madmin choose poli&amp#27;[0m                                             &amp#27;[90m# starter.definitions.pendaftaranbaru.choosepoli()&amp#27;[0m
13:46:28.566 [Darkroom Processing Line] DEBUG net.serenitybdd.core.photography.DarkroomProcessingLine - Processing screenshot image in /var/screenshots/screenshot-690888216255352531
13:46:28.566 [Darkroom Processing Line] DEBUG net.serenitybdd.core.photography.DarkroomProcessingLine - Saving screenshot to target\site\serenity\8b1bfccd066513de1415fedfd94e70f7e2fce00a28e3c28c3f8d984a92926c55.png
13:46:28.613 [main] DEBUG net.thucydides.core.steps.StepInterceptor - STARTING STEP: pendaftaranbaru.choosedoctor - chooseDoctor
13:46:28.622 [Forwarding findElement on session a959986235bfbb8f7a0d11d8dbc1685d to remote] DEBUG org.asynchttpclient.netty.request.NettyRequestSender - Using pooled Channel '[id: 0x9de8e87b, L:/127.0.0.1:64529 - R:localhost/127.0.0.1:57047]' for 'POST' to 'http://localhost:57047/session/a959986235bfbb8f7a0d11d8dbc1685d/element'
13:46:28.622 [Forwarding findElement on session a959986235bfbb8f7a0d11d8dbc1685d to remote] DEBUG org.asynchttpclient.netty.request.NettyRequestSender - Using open Channel [id: 0x9de8e87b, L:/127.0.0.1:64529 - R:localhost/127.0.0.1:57047] for POST '/session/a959986235bfbb8f7a0d11d8dbc1685d/element'
13:46:28.632 [AsyncHttpClient-1-1] DEBUG org.asynchttpclient.netty.channel.DefaultChannelPool - Entry count for : http://localhost:64530 : 1
13:46:28.683 [AsyncHttpClient-1-4] DEBUG org.asynchttpclient.netty.handler.HttpHandler - 

Request DefaultHttpRequest(decodeResult: success, version: HTTP/1.1)
POST /session/a959986235bfbb8f7a0d11d8dbc1685d/element HTTP/1.1
User-Agent: selenium/4.1.2 (java windows)
Content-Length: 69
Content-Type: application/json; charset=utf-8
host: localhost:57047
accept: */*

Response DefaultHttpResponse(decodeResult: success, version: HTTP/1.1)
HTTP/1.1 200 OK
Content-Type: application/json; charset=utf-8
cache-control: no-cache
content-length: 88

13:46:28.683 [AsyncHttpClient-1-4] DEBUG org.asynchttpclient.netty.channel.ChannelManager - Adding key: http://localhost:57047 for channel [id: 0x9de8e87b, L:/127.0.0.1:64529 - R:localhost/127.0.0.1:57047]
13:46:28.684 [Forwarding getElementTagName on session a959986235bfbb8f7a0d11d8dbc1685d to remote] DEBUG org.asynchttpclient.netty.request.NettyRequestSender - Using pooled Channel '[id: 0x9de8e87b, L:/127.0.0.1:64529 - R:localhost/127.0.0.1:57047]' for 'GET' to 'http://localhost:57047/session/a959986235bfbb8f7a0d11d8dbc1685d/element/e099e44c-63c3-4c08-b2dd-b3bdebabe9ec/name'
13:46:28.684 [Forwarding getElementTagName on session a959986235bfbb8f7a0d11d8dbc1685d to remote] DEBUG org.asynchttpclient.netty.request.NettyRequestSender - Using open Channel [id: 0x9de8e87b, L:/127.0.0.1:64529 - R:localhost/127.0.0.1:57047] for GET '/session/a959986235bfbb8f7a0d11d8dbc1685d/element/e099e44c-63c3-4c08-b2dd-b3bdebabe9ec/name'
13:46:28.701 [AsyncHttpClient-1-4] DEBUG org.asynchttpclient.netty.handler.HttpHandler - 

Request DefaultFullHttpRequest(decodeResult: success, version: HTTP/1.1, content: EmptyByteBufBE)
GET /session/a959986235bfbb8f7a0d11d8dbc1685d/element/e099e44c-63c3-4c08-b2dd-b3bdebabe9ec/name HTTP/1.1
User-Agent: selenium/4.1.2 (java windows)
Cache-Control: no-cache
Content-Type: application/json; charset=utf-8
host: localhost:57047
accept: */*

Response DefaultHttpResponse(decodeResult: success, version: HTTP/1.1)
HTTP/1.1 200 OK
Content-Type: application/json; charset=utf-8
cache-control: no-cache
content-length: 18

13:46:28.701 [AsyncHttpClient-1-4] DEBUG org.asynchttpclient.netty.channel.ChannelManager - Adding key: http://localhost:57047 for channel [id: 0x9de8e87b, L:/127.0.0.1:64529 - R:localhost/127.0.0.1:57047]
13:46:28.704 [Forwarding getElementTagName on session a959986235bfbb8f7a0d11d8dbc1685d to remote] DEBUG org.asynchttpclient.netty.request.NettyRequestSender - Using pooled Channel '[id: 0x9de8e87b, L:/127.0.0.1:64529 - R:localhost/127.0.0.1:57047]' for 'GET' to 'http://localhost:57047/session/a959986235bfbb8f7a0d11d8dbc1685d/element/e099e44c-63c3-4c08-b2dd-b3bdebabe9ec/name'
13:46:28.704 [Forwarding getElementTagName on session a959986235bfbb8f7a0d11d8dbc1685d to remote] DEBUG org.asynchttpclient.netty.request.NettyRequestSender - Using open Channel [id: 0x9de8e87b, L:/127.0.0.1:64529 - R:localhost/127.0.0.1:57047] for GET '/session/a959986235bfbb8f7a0d11d8dbc1685d/element/e099e44c-63c3-4c08-b2dd-b3bdebabe9ec/name'
13:46:28.717 [AsyncHttpClient-1-4] DEBUG org.asynchttpclient.netty.handler.HttpHandler - 

Request DefaultFullHttpRequest(decodeResult: success, version: HTTP/1.1, content: EmptyByteBufBE)
GET /session/a959986235bfbb8f7a0d11d8dbc1685d/element/e099e44c-63c3-4c08-b2dd-b3bdebabe9ec/name HTTP/1.1
User-Agent: selenium/4.1.2 (java windows)
Cache-Control: no-cache
Content-Type: application/json; charset=utf-8
host: localhost:57047
accept: */*

Response DefaultHttpResponse(decodeResult: success, version: HTTP/1.1)
HTTP/1.1 200 OK
Content-Type: application/json; charset=utf-8
cache-control: no-cache
content-length: 18

13:46:28.717 [AsyncHttpClient-1-4] DEBUG org.asynchttpclient.netty.channel.ChannelManager - Adding key: http://localhost:57047 for channel [id: 0x9de8e87b, L:/127.0.0.1:64529 - R:localhost/127.0.0.1:57047]
13:46:28.723 [Forwarding isElementEnabled on session a959986235bfbb8f7a0d11d8dbc1685d to remote] DEBUG org.asynchttpclient.netty.request.NettyRequestSender - Using pooled Channel '[id: 0x9de8e87b, L:/127.0.0.1:64529 - R:localhost/127.0.0.1:57047]' for 'GET' to 'http://localhost:57047/session/a959986235bfbb8f7a0d11d8dbc1685d/element/e099e44c-63c3-4c08-b2dd-b3bdebabe9ec/enabled'
13:46:28.723 [Forwarding isElementEnabled on session a959986235bfbb8f7a0d11d8dbc1685d to remote] DEBUG org.asynchttpclient.netty.request.NettyRequestSender - Using open Channel [id: 0x9de8e87b, L:/127.0.0.1:64529 - R:localhost/127.0.0.1:57047] for GET '/session/a959986235bfbb8f7a0d11d8dbc1685d/element/e099e44c-63c3-4c08-b2dd-b3bdebabe9ec/enabled'
13:46:28.779 [AsyncHttpClient-1-4] DEBUG org.asynchttpclient.netty.handler.HttpHandler - 

Request DefaultFullHttpRequest(decodeResult: success, version: HTTP/1.1, content: EmptyByteBufBE)
GET /session/a959986235bfbb8f7a0d11d8dbc1685d/element/e099e44c-63c3-4c08-b2dd-b3bdebabe9ec/enabled HTTP/1.1
User-Agent: selenium/4.1.2 (java windows)
Cache-Control: no-cache
Content-Type: application/json; charset=utf-8
host: localhost:57047
accept: */*

Response DefaultHttpResponse(decodeResult: success, version: HTTP/1.1)
HTTP/1.1 200 OK
Content-Type: application/json; charset=utf-8
cache-control: no-cache
content-length: 14

13:46:28.779 [AsyncHttpClient-1-4] DEBUG org.asynchttpclient.netty.channel.ChannelManager - Adding key: http://localhost:57047 for channel [id: 0x9de8e87b, L:/127.0.0.1:64529 - R:localhost/127.0.0.1:57047]
13:46:28.781 [Forwarding isElementEnabled on session a959986235bfbb8f7a0d11d8dbc1685d to remote] DEBUG org.asynchttpclient.netty.request.NettyRequestSender - Using pooled Channel '[id: 0x9de8e87b, L:/127.0.0.1:64529 - R:localhost/127.0.0.1:57047]' for 'GET' to 'http://localhost:57047/session/a959986235bfbb8f7a0d11d8dbc1685d/element/e099e44c-63c3-4c08-b2dd-b3bdebabe9ec/enabled'
13:46:28.781 [Forwarding isElementEnabled on session a959986235bfbb8f7a0d11d8dbc1685d to remote] DEBUG org.asynchttpclient.netty.request.NettyRequestSender - Using open Channel [id: 0x9de8e87b, L:/127.0.0.1:64529 - R:localhost/127.0.0.1:57047] for GET '/session/a959986235bfbb8f7a0d11d8dbc1685d/element/e099e44c-63c3-4c08-b2dd-b3bdebabe9ec/enabled'
13:46:28.793 [AsyncHttpClient-1-4] DEBUG org.asynchttpclient.netty.handler.HttpHandler - 

Request DefaultFullHttpRequest(decodeResult: success, version: HTTP/1.1, content: EmptyByteBufBE)
GET /session/a959986235bfbb8f7a0d11d8dbc1685d/element/e099e44c-63c3-4c08-b2dd-b3bdebabe9ec/enabled HTTP/1.1
User-Agent: selenium/4.1.2 (java windows)
Cache-Control: no-cache
Content-Type: application/json; charset=utf-8
host: localhost:57047
accept: */*

Response DefaultHttpResponse(decodeResult: success, version: HTTP/1.1)
HTTP/1.1 200 OK
Content-Type: application/json; charset=utf-8
cache-control: no-cache
content-length: 14

13:46:28.793 [AsyncHttpClient-1-4] DEBUG org.asynchttpclient.netty.channel.ChannelManager - Adding key: http://localhost:57047 for channel [id: 0x9de8e87b, L:/127.0.0.1:64529 - R:localhost/127.0.0.1:57047]
13:46:28.796 [Forwarding findElement on session a959986235bfbb8f7a0d11d8dbc1685d to remote] DEBUG org.asynchttpclient.netty.request.NettyRequestSender - Using pooled Channel '[id: 0x9de8e87b, L:/127.0.0.1:64529 - R:localhost/127.0.0.1:57047]' for 'POST' to 'http://localhost:57047/session/a959986235bfbb8f7a0d11d8dbc1685d/element'
13:46:28.796 [Forwarding findElement on session a959986235bfbb8f7a0d11d8dbc1685d to remote] DEBUG org.asynchttpclient.netty.request.NettyRequestSender - Using open Channel [id: 0x9de8e87b, L:/127.0.0.1:64529 - R:localhost/127.0.0.1:57047] for POST '/session/a959986235bfbb8f7a0d11d8dbc1685d/element'
13:46:28.812 [AsyncHttpClient-1-4] DEBUG org.asynchttpclient.netty.handler.HttpHandler - 

Request DefaultHttpRequest(decodeResult: success, version: HTTP/1.1)
POST /session/a959986235bfbb8f7a0d11d8dbc1685d/element HTTP/1.1
User-Agent: selenium/4.1.2 (java windows)
Content-Length: 69
Content-Type: application/json; charset=utf-8
host: localhost:57047
accept: */*

Response DefaultHttpResponse(decodeResult: success, version: HTTP/1.1)
HTTP/1.1 200 OK
Content-Type: application/json; charset=utf-8
cache-control: no-cache
content-length: 88

13:46:28.813 [AsyncHttpClient-1-4] DEBUG org.asynchttpclient.netty.channel.ChannelManager - Adding key: http://localhost:57047 for channel [id: 0x9de8e87b, L:/127.0.0.1:64529 - R:localhost/127.0.0.1:57047]
13:46:28.815 [Forwarding getElementTagName on session a959986235bfbb8f7a0d11d8dbc1685d to remote] DEBUG org.asynchttpclient.netty.request.NettyRequestSender - Using pooled Channel '[id: 0x9de8e87b, L:/127.0.0.1:64529 - R:localhost/127.0.0.1:57047]' for 'GET' to 'http://localhost:57047/session/a959986235bfbb8f7a0d11d8dbc1685d/element/e099e44c-63c3-4c08-b2dd-b3bdebabe9ec/name'
13:46:28.816 [Forwarding getElementTagName on session a959986235bfbb8f7a0d11d8dbc1685d to remote] DEBUG org.asynchttpclient.netty.request.NettyRequestSender - Using open Channel [id: 0x9de8e87b, L:/127.0.0.1:64529 - R:localhost/127.0.0.1:57047] for GET '/session/a959986235bfbb8f7a0d11d8dbc1685d/element/e099e44c-63c3-4c08-b2dd-b3bdebabe9ec/name'
13:46:28.823 [AsyncHttpClient-1-4] DEBUG org.asynchttpclient.netty.handler.HttpHandler - 

Request DefaultFullHttpRequest(decodeResult: success, version: HTTP/1.1, content: EmptyByteBufBE)
GET /session/a959986235bfbb8f7a0d11d8dbc1685d/element/e099e44c-63c3-4c08-b2dd-b3bdebabe9ec/name HTTP/1.1
User-Agent: selenium/4.1.2 (java windows)
Cache-Control: no-cache
Content-Type: application/json; charset=utf-8
host: localhost:57047
accept: */*

Response DefaultHttpResponse(decodeResult: success, version: HTTP/1.1)
HTTP/1.1 200 OK
Content-Type: application/json; charset=utf-8
cache-control: no-cache
content-length: 18

13:46:28.823 [AsyncHttpClient-1-4] DEBUG org.asynchttpclient.netty.channel.ChannelManager - Adding key: http://localhost:57047 for channel [id: 0x9de8e87b, L:/127.0.0.1:64529 - R:localhost/127.0.0.1:57047]
13:46:28.824 [Forwarding getElementDomAttribute on session a959986235bfbb8f7a0d11d8dbc1685d to remote] DEBUG org.asynchttpclient.netty.request.NettyRequestSender - Using pooled Channel '[id: 0x9de8e87b, L:/127.0.0.1:64529 - R:localhost/127.0.0.1:57047]' for 'GET' to 'http://localhost:57047/session/a959986235bfbb8f7a0d11d8dbc1685d/element/e099e44c-63c3-4c08-b2dd-b3bdebabe9ec/attribute/multiple'
13:46:28.824 [Forwarding getElementDomAttribute on session a959986235bfbb8f7a0d11d8dbc1685d to remote] DEBUG org.asynchttpclient.netty.request.NettyRequestSender - Using open Channel [id: 0x9de8e87b, L:/127.0.0.1:64529 - R:localhost/127.0.0.1:57047] for GET '/session/a959986235bfbb8f7a0d11d8dbc1685d/element/e099e44c-63c3-4c08-b2dd-b3bdebabe9ec/attribute/multiple'
13:46:28.842 [AsyncHttpClient-1-4] DEBUG org.asynchttpclient.netty.handler.HttpHandler - 

Request DefaultFullHttpRequest(decodeResult: success, version: HTTP/1.1, content: EmptyByteBufBE)
GET /session/a959986235bfbb8f7a0d11d8dbc1685d/element/e099e44c-63c3-4c08-b2dd-b3bdebabe9ec/attribute/multiple HTTP/1.1
User-Agent: selenium/4.1.2 (java windows)
Cache-Control: no-cache
Content-Type: application/json; charset=utf-8
host: localhost:57047
accept: */*

Response DefaultHttpResponse(decodeResult: success, version: HTTP/1.1)
HTTP/1.1 200 OK
Content-Type: application/json; charset=utf-8
cache-control: no-cache
content-length: 14

13:46:28.842 [AsyncHttpClient-1-4] DEBUG org.asynchttpclient.netty.channel.ChannelManager - Adding key: http://localhost:57047 for channel [id: 0x9de8e87b, L:/127.0.0.1:64529 - R:localhost/127.0.0.1:57047]
13:46:28.844 [Forwarding findChildElements on session a959986235bfbb8f7a0d11d8dbc1685d to remote] DEBUG org.asynchttpclient.netty.request.NettyRequestSender - Using pooled Channel '[id: 0x9de8e87b, L:/127.0.0.1:64529 - R:localhost/127.0.0.1:57047]' for 'POST' to 'http://localhost:57047/session/a959986235bfbb8f7a0d11d8dbc1685d/element/e099e44c-63c3-4c08-b2dd-b3bdebabe9ec/elements'
13:46:28.844 [Forwarding findChildElements on session a959986235bfbb8f7a0d11d8dbc1685d to remote] DEBUG org.asynchttpclient.netty.request.NettyRequestSender - Using open Channel [id: 0x9de8e87b, L:/127.0.0.1:64529 - R:localhost/127.0.0.1:57047] for POST '/session/a959986235bfbb8f7a0d11d8dbc1685d/element/e099e44c-63c3-4c08-b2dd-b3bdebabe9ec/elements'
13:46:28.881 [AsyncHttpClient-1-4] DEBUG org.asynchttpclient.netty.handler.HttpHandler - 

Request DefaultHttpRequest(decodeResult: success, version: HTTP/1.1)
POST /session/a959986235bfbb8f7a0d11d8dbc1685d/element/e099e44c-63c3-4c08-b2dd-b3bdebabe9ec/elements HTTP/1.1
User-Agent: selenium/4.1.2 (java windows)
Content-Length: 127
Content-Type: application/json; charset=utf-8
host: localhost:57047
accept: */*

Response DefaultHttpResponse(decodeResult: success, version: HTTP/1.1)
HTTP/1.1 200 OK
Content-Type: application/json; charset=utf-8
cache-control: no-cache
content-length: 90

13:46:28.882 [AsyncHttpClient-1-4] DEBUG org.asynchttpclient.netty.channel.ChannelManager - Adding key: http://localhost:57047 for channel [id: 0x9de8e87b, L:/127.0.0.1:64529 - R:localhost/127.0.0.1:57047]
13:46:28.884 [Forwarding isElementSelected on session a959986235bfbb8f7a0d11d8dbc1685d to remote] DEBUG org.asynchttpclient.netty.request.NettyRequestSender - Using pooled Channel '[id: 0x9de8e87b, L:/127.0.0.1:64529 - R:localhost/127.0.0.1:57047]' for 'GET' to 'http://localhost:57047/session/a959986235bfbb8f7a0d11d8dbc1685d/element/c6d46d95-a9a3-4ea9-b9a7-df955b7687b8/selected'
13:46:28.884 [Forwarding isElementSelected on session a959986235bfbb8f7a0d11d8dbc1685d to remote] DEBUG org.asynchttpclient.netty.request.NettyRequestSender - Using open Channel [id: 0x9de8e87b, L:/127.0.0.1:64529 - R:localhost/127.0.0.1:57047] for GET '/session/a959986235bfbb8f7a0d11d8dbc1685d/element/c6d46d95-a9a3-4ea9-b9a7-df955b7687b8/selected'
13:46:28.912 [AsyncHttpClient-1-4] DEBUG org.asynchttpclient.netty.handler.HttpHandler - 

Request DefaultFullHttpRequest(decodeResult: success, version: HTTP/1.1, content: EmptyByteBufBE)
GET /session/a959986235bfbb8f7a0d11d8dbc1685d/element/c6d46d95-a9a3-4ea9-b9a7-df955b7687b8/selected HTTP/1.1
User-Agent: selenium/4.1.2 (java windows)
Cache-Control: no-cache
Content-Type: application/json; charset=utf-8
host: localhost:57047
accept: */*

Response DefaultHttpResponse(decodeResult: success, version: HTTP/1.1)
HTTP/1.1 200 OK
Content-Type: application/json; charset=utf-8
cache-control: no-cache
content-length: 15

13:46:28.913 [AsyncHttpClient-1-4] DEBUG org.asynchttpclient.netty.channel.ChannelManager - Adding key: http://localhost:57047 for channel [id: 0x9de8e87b, L:/127.0.0.1:64529 - R:localhost/127.0.0.1:57047]
13:46:28.914 [Forwarding clickElement on session a959986235bfbb8f7a0d11d8dbc1685d to remote] DEBUG org.asynchttpclient.netty.request.NettyRequestSender - Using pooled Channel '[id: 0x9de8e87b, L:/127.0.0.1:64529 - R:localhost/127.0.0.1:57047]' for 'POST' to 'http://localhost:57047/session/a959986235bfbb8f7a0d11d8dbc1685d/element/c6d46d95-a9a3-4ea9-b9a7-df955b7687b8/click'
13:46:28.914 [Forwarding clickElement on session a959986235bfbb8f7a0d11d8dbc1685d to remote] DEBUG org.asynchttpclient.netty.request.NettyRequestSender - Using open Channel [id: 0x9de8e87b, L:/127.0.0.1:64529 - R:localhost/127.0.0.1:57047] for POST '/session/a959986235bfbb8f7a0d11d8dbc1685d/element/c6d46d95-a9a3-4ea9-b9a7-df955b7687b8/click'
13:46:29.014 [AsyncHttpClient-1-4] DEBUG org.asynchttpclient.netty.handler.HttpHandler - 

Request DefaultHttpRequest(decodeResult: success, version: HTTP/1.1)
POST /session/a959986235bfbb8f7a0d11d8dbc1685d/element/c6d46d95-a9a3-4ea9-b9a7-df955b7687b8/click HTTP/1.1
User-Agent: selenium/4.1.2 (java windows)
Content-Length: 50
Content-Type: application/json; charset=utf-8
host: localhost:57047
accept: */*

Response DefaultHttpResponse(decodeResult: success, version: HTTP/1.1)
HTTP/1.1 200 OK
Content-Type: application/json; charset=utf-8
cache-control: no-cache
content-length: 14

13:46:29.015 [AsyncHttpClient-1-4] DEBUG org.asynchttpclient.netty.channel.ChannelManager - Adding key: http://localhost:57047 for channel [id: 0x9de8e87b, L:/127.0.0.1:64529 - R:localhost/127.0.0.1:57047]
13:46:29.031 [Forwarding screenshot on session a959986235bfbb8f7a0d11d8dbc1685d to remote] DEBUG org.asynchttpclient.netty.request.NettyRequestSender - Using pooled Channel '[id: 0x9de8e87b, L:/127.0.0.1:64529 - R:localhost/127.0.0.1:57047]' for 'GET' to 'http://localhost:57047/session/a959986235bfbb8f7a0d11d8dbc1685d/screenshot'
13:46:29.031 [Forwarding screenshot on session a959986235bfbb8f7a0d11d8dbc1685d to remote] DEBUG org.asynchttpclient.netty.request.NettyRequestSender - Using open Channel [id: 0x9de8e87b, L:/127.0.0.1:64529 - R:localhost/127.0.0.1:57047] for GET '/session/a959986235bfbb8f7a0d11d8dbc1685d/screenshot'
13:46:29.228 [AsyncHttpClient-1-4] DEBUG org.asynchttpclient.netty.handler.HttpHandler - 

Request DefaultFullHttpRequest(decodeResult: success, version: HTTP/1.1, content: EmptyByteBufBE)
GET /session/a959986235bfbb8f7a0d11d8dbc1685d/screenshot HTTP/1.1
User-Agent: selenium/4.1.2 (java windows)
Cache-Control: no-cache
Content-Type: application/json; charset=utf-8
host: localhost:57047
accept: */*

Response DefaultHttpResponse(decodeResult: success, version: HTTP/1.1)
HTTP/1.1 200 OK
Content-Type: application/json; charset=utf-8
cache-control: no-cache
content-length: 38008

13:46:29.230 [AsyncHttpClient-1-4] DEBUG org.asynchttpclient.netty.channel.ChannelManager - Adding key: http://localhost:57047 for channel [id: 0x9de8e87b, L:/127.0.0.1:64529 - R:localhost/127.0.0.1:57047]
13:46:29.234 [main] DEBUG net.serenitybdd.core.photography.Darkroom - Send negative for processing for target\site\serenity\4cf2e15dffdfb3fbbabaf301b3cdaea31db3830747c1f1c0d39dea492d872ba0.png
13:46:29.235 [main] DEBUG net.thucydides.core.steps.StepInterceptor - STEP DONE: chooseDoctor
  &amp#27;[32mAnd &amp#27;[0m&amp#27;[32madmin choose doctor&amp#27;[0m                                           &amp#27;[90m# starter.definitions.pendaftaranbaru.choosedoctor()&amp#27;[0m
13:46:29.235 [Darkroom Processing Line] DEBUG net.serenitybdd.core.photography.DarkroomProcessingLine - Processing screenshot image in /var/screenshots/screenshot-6757366371798907841
13:46:29.235 [Darkroom Processing Line] DEBUG net.serenitybdd.core.photography.DarkroomProcessingLine - Saving screenshot to target\site\serenity\4cf2e15dffdfb3fbbabaf301b3cdaea31db3830747c1f1c0d39dea492d872ba0.png
13:46:29.270 [main] DEBUG net.thucydides.core.steps.StepInterceptor - STARTING STEP: pendaftaranbaru.choosetime - chooseTime
13:46:29.277 [Forwarding findElement on session a959986235bfbb8f7a0d11d8dbc1685d to remote] DEBUG org.asynchttpclient.netty.request.NettyRequestSender - Using pooled Channel '[id: 0x9de8e87b, L:/127.0.0.1:64529 - R:localhost/127.0.0.1:57047]' for 'POST' to 'http://localhost:57047/session/a959986235bfbb8f7a0d11d8dbc1685d/element'
13:46:29.277 [Forwarding findElement on session a959986235bfbb8f7a0d11d8dbc1685d to remote] DEBUG org.asynchttpclient.netty.request.NettyRequestSender - Using open Channel [id: 0x9de8e87b, L:/127.0.0.1:64529 - R:localhost/127.0.0.1:57047] for POST '/session/a959986235bfbb8f7a0d11d8dbc1685d/element'
13:46:29.397 [AsyncHttpClient-1-4] DEBUG org.asynchttpclient.netty.handler.HttpHandler - 

Request DefaultHttpRequest(decodeResult: success, version: HTTP/1.1)
POST /session/a959986235bfbb8f7a0d11d8dbc1685d/element HTTP/1.1
User-Agent: selenium/4.1.2 (java windows)
Content-Length: 67
Content-Type: application/json; charset=utf-8
host: localhost:57047
accept: */*

Response DefaultHttpResponse(decodeResult: success, version: HTTP/1.1)
HTTP/1.1 200 OK
Content-Type: application/json; charset=utf-8
cache-control: no-cache
content-length: 88

13:46:29.397 [AsyncHttpClient-1-4] DEBUG org.asynchttpclient.netty.channel.ChannelManager - Adding key: http://localhost:57047 for channel [id: 0x9de8e87b, L:/127.0.0.1:64529 - R:localhost/127.0.0.1:57047]
13:46:29.399 [Forwarding getElementTagName on session a959986235bfbb8f7a0d11d8dbc1685d to remote] DEBUG org.asynchttpclient.netty.request.NettyRequestSender - Using pooled Channel '[id: 0x9de8e87b, L:/127.0.0.1:64529 - R:localhost/127.0.0.1:57047]' for 'GET' to 'http://localhost:57047/session/a959986235bfbb8f7a0d11d8dbc1685d/element/313a30b3-bca3-42b7-9d93-7fdb10276923/name'
13:46:29.400 [Forwarding getElementTagName on session a959986235bfbb8f7a0d11d8dbc1685d to remote] DEBUG org.asynchttpclient.netty.request.NettyRequestSender - Using open Channel [id: 0x9de8e87b, L:/127.0.0.1:64529 - R:localhost/127.0.0.1:57047] for GET '/session/a959986235bfbb8f7a0d11d8dbc1685d/element/313a30b3-bca3-42b7-9d93-7fdb10276923/name'
13:46:29.425 [AsyncHttpClient-1-4] DEBUG org.asynchttpclient.netty.handler.HttpHandler - 

Request DefaultFullHttpRequest(decodeResult: success, version: HTTP/1.1, content: EmptyByteBufBE)
GET /session/a959986235bfbb8f7a0d11d8dbc1685d/element/313a30b3-bca3-42b7-9d93-7fdb10276923/name HTTP/1.1
User-Agent: selenium/4.1.2 (java windows)
Cache-Control: no-cache
Content-Type: application/json; charset=utf-8
host: localhost:57047
accept: */*

Response DefaultHttpResponse(decodeResult: success, version: HTTP/1.1)
HTTP/1.1 200 OK
Content-Type: application/json; charset=utf-8
cache-control: no-cache
content-length: 18

13:46:29.425 [AsyncHttpClient-1-4] DEBUG org.asynchttpclient.netty.channel.ChannelManager - Adding key: http://localhost:57047 for channel [id: 0x9de8e87b, L:/127.0.0.1:64529 - R:localhost/127.0.0.1:57047]
13:46:29.428 [Forwarding getElementTagName on session a959986235bfbb8f7a0d11d8dbc1685d to remote] DEBUG org.asynchttpclient.netty.request.NettyRequestSender - Using pooled Channel '[id: 0x9de8e87b, L:/127.0.0.1:64529 - R:localhost/127.0.0.1:57047]' for 'GET' to 'http://localhost:57047/session/a959986235bfbb8f7a0d11d8dbc1685d/element/313a30b3-bca3-42b7-9d93-7fdb10276923/name'
13:46:29.428 [Forwarding getElementTagName on session a959986235bfbb8f7a0d11d8dbc1685d to remote] DEBUG org.asynchttpclient.netty.request.NettyRequestSender - Using open Channel [id: 0x9de8e87b, L:/127.0.0.1:64529 - R:localhost/127.0.0.1:57047] for GET '/session/a959986235bfbb8f7a0d11d8dbc1685d/element/313a30b3-bca3-42b7-9d93-7fdb10276923/name'
13:46:29.453 [AsyncHttpClient-1-4] DEBUG org.asynchttpclient.netty.handler.HttpHandler - 

Request DefaultFullHttpRequest(decodeResult: success, version: HTTP/1.1, content: EmptyByteBufBE)
GET /session/a959986235bfbb8f7a0d11d8dbc1685d/element/313a30b3-bca3-42b7-9d93-7fdb10276923/name HTTP/1.1
User-Agent: selenium/4.1.2 (java windows)
Cache-Control: no-cache
Content-Type: application/json; charset=utf-8
host: localhost:57047
accept: */*

Response DefaultHttpResponse(decodeResult: success, version: HTTP/1.1)
HTTP/1.1 200 OK
Content-Type: application/json; charset=utf-8
cache-control: no-cache
content-length: 18

13:46:29.454 [AsyncHttpClient-1-4] DEBUG org.asynchttpclient.netty.channel.ChannelManager - Adding key: http://localhost:57047 for channel [id: 0x9de8e87b, L:/127.0.0.1:64529 - R:localhost/127.0.0.1:57047]
13:46:29.458 [Forwarding isElementEnabled on session a959986235bfbb8f7a0d11d8dbc1685d to remote] DEBUG org.asynchttpclient.netty.request.NettyRequestSender - Using pooled Channel '[id: 0x9de8e87b, L:/127.0.0.1:64529 - R:localhost/127.0.0.1:57047]' for 'GET' to 'http://localhost:57047/session/a959986235bfbb8f7a0d11d8dbc1685d/element/313a30b3-bca3-42b7-9d93-7fdb10276923/enabled'
13:46:29.458 [Forwarding isElementEnabled on session a959986235bfbb8f7a0d11d8dbc1685d to remote] DEBUG org.asynchttpclient.netty.request.NettyRequestSender - Using open Channel [id: 0x9de8e87b, L:/127.0.0.1:64529 - R:localhost/127.0.0.1:57047] for GET '/session/a959986235bfbb8f7a0d11d8dbc1685d/element/313a30b3-bca3-42b7-9d93-7fdb10276923/enabled'
13:46:29.591 [AsyncHttpClient-1-4] DEBUG org.asynchttpclient.netty.handler.HttpHandler - 

Request DefaultFullHttpRequest(decodeResult: success, version: HTTP/1.1, content: EmptyByteBufBE)
GET /session/a959986235bfbb8f7a0d11d8dbc1685d/element/313a30b3-bca3-42b7-9d93-7fdb10276923/enabled HTTP/1.1
User-Agent: selenium/4.1.2 (java windows)
Cache-Control: no-cache
Content-Type: application/json; charset=utf-8
host: localhost:57047
accept: */*

Response DefaultHttpResponse(decodeResult: success, version: HTTP/1.1)
HTTP/1.1 200 OK
Content-Type: application/json; charset=utf-8
cache-control: no-cache
content-length: 14

13:46:29.592 [AsyncHttpClient-1-4] DEBUG org.asynchttpclient.netty.channel.ChannelManager - Adding key: http://localhost:57047 for channel [id: 0x9de8e87b, L:/127.0.0.1:64529 - R:localhost/127.0.0.1:57047]
13:46:29.595 [Forwarding isElementEnabled on session a959986235bfbb8f7a0d11d8dbc1685d to remote] DEBUG org.asynchttpclient.netty.request.NettyRequestSender - Using pooled Channel '[id: 0x9de8e87b, L:/127.0.0.1:64529 - R:localhost/127.0.0.1:57047]' for 'GET' to 'http://localhost:57047/session/a959986235bfbb8f7a0d11d8dbc1685d/element/313a30b3-bca3-42b7-9d93-7fdb10276923/enabled'
13:46:29.595 [Forwarding isElementEnabled on session a959986235bfbb8f7a0d11d8dbc1685d to remote] DEBUG org.asynchttpclient.netty.request.NettyRequestSender - Using open Channel [id: 0x9de8e87b, L:/127.0.0.1:64529 - R:localhost/127.0.0.1:57047] for GET '/session/a959986235bfbb8f7a0d11d8dbc1685d/element/313a30b3-bca3-42b7-9d93-7fdb10276923/enabled'
13:46:29.613 [AsyncHttpClient-1-4] DEBUG org.asynchttpclient.netty.handler.HttpHandler - 

Request DefaultFullHttpRequest(decodeResult: success, version: HTTP/1.1, content: EmptyByteBufBE)
GET /session/a959986235bfbb8f7a0d11d8dbc1685d/element/313a30b3-bca3-42b7-9d93-7fdb10276923/enabled HTTP/1.1
User-Agent: selenium/4.1.2 (java windows)
Cache-Control: no-cache
Content-Type: application/json; charset=utf-8
host: localhost:57047
accept: */*

Response DefaultHttpResponse(decodeResult: success, version: HTTP/1.1)
HTTP/1.1 200 OK
Content-Type: application/json; charset=utf-8
cache-control: no-cache
content-length: 14

13:46:29.613 [AsyncHttpClient-1-4] DEBUG org.asynchttpclient.netty.channel.ChannelManager - Adding key: http://localhost:57047 for channel [id: 0x9de8e87b, L:/127.0.0.1:64529 - R:localhost/127.0.0.1:57047]
13:46:29.618 [Forwarding findElement on session a959986235bfbb8f7a0d11d8dbc1685d to remote] DEBUG org.asynchttpclient.netty.request.NettyRequestSender - Using pooled Channel '[id: 0x9de8e87b, L:/127.0.0.1:64529 - R:localhost/127.0.0.1:57047]' for 'POST' to 'http://localhost:57047/session/a959986235bfbb8f7a0d11d8dbc1685d/element'
13:46:29.618 [Forwarding findElement on session a959986235bfbb8f7a0d11d8dbc1685d to remote] DEBUG org.asynchttpclient.netty.request.NettyRequestSender - Using open Channel [id: 0x9de8e87b, L:/127.0.0.1:64529 - R:localhost/127.0.0.1:57047] for POST '/session/a959986235bfbb8f7a0d11d8dbc1685d/element'
13:46:29.681 [AsyncHttpClient-1-4] DEBUG org.asynchttpclient.netty.handler.HttpHandler - 

Request DefaultHttpRequest(decodeResult: success, version: HTTP/1.1)
POST /session/a959986235bfbb8f7a0d11d8dbc1685d/element HTTP/1.1
User-Agent: selenium/4.1.2 (java windows)
Content-Length: 67
Content-Type: application/json; charset=utf-8
host: localhost:57047
accept: */*

Response DefaultHttpResponse(decodeResult: success, version: HTTP/1.1)
HTTP/1.1 200 OK
Content-Type: application/json; charset=utf-8
cache-control: no-cache
content-length: 88

13:46:29.681 [AsyncHttpClient-1-4] DEBUG org.asynchttpclient.netty.channel.ChannelManager - Adding key: http://localhost:57047 for channel [id: 0x9de8e87b, L:/127.0.0.1:64529 - R:localhost/127.0.0.1:57047]
13:46:29.682 [Forwarding getElementTagName on session a959986235bfbb8f7a0d11d8dbc1685d to remote] DEBUG org.asynchttpclient.netty.request.NettyRequestSender - Using pooled Channel '[id: 0x9de8e87b, L:/127.0.0.1:64529 - R:localhost/127.0.0.1:57047]' for 'GET' to 'http://localhost:57047/session/a959986235bfbb8f7a0d11d8dbc1685d/element/313a30b3-bca3-42b7-9d93-7fdb10276923/name'
13:46:29.682 [Forwarding getElementTagName on session a959986235bfbb8f7a0d11d8dbc1685d to remote] DEBUG org.asynchttpclient.netty.request.NettyRequestSender - Using open Channel [id: 0x9de8e87b, L:/127.0.0.1:64529 - R:localhost/127.0.0.1:57047] for GET '/session/a959986235bfbb8f7a0d11d8dbc1685d/element/313a30b3-bca3-42b7-9d93-7fdb10276923/name'
13:46:29.708 [AsyncHttpClient-1-4] DEBUG org.asynchttpclient.netty.handler.HttpHandler - 

Request DefaultFullHttpRequest(decodeResult: success, version: HTTP/1.1, content: EmptyByteBufBE)
GET /session/a959986235bfbb8f7a0d11d8dbc1685d/element/313a30b3-bca3-42b7-9d93-7fdb10276923/name HTTP/1.1
User-Agent: selenium/4.1.2 (java windows)
Cache-Control: no-cache
Content-Type: application/json; charset=utf-8
host: localhost:57047
accept: */*

Response DefaultHttpResponse(decodeResult: success, version: HTTP/1.1)
HTTP/1.1 200 OK
Content-Type: application/json; charset=utf-8
cache-control: no-cache
content-length: 18

13:46:29.709 [AsyncHttpClient-1-4] DEBUG org.asynchttpclient.netty.channel.ChannelManager - Adding key: http://localhost:57047 for channel [id: 0x9de8e87b, L:/127.0.0.1:64529 - R:localhost/127.0.0.1:57047]
13:46:29.711 [Forwarding getElementDomAttribute on session a959986235bfbb8f7a0d11d8dbc1685d to remote] DEBUG org.asynchttpclient.netty.request.NettyRequestSender - Using pooled Channel '[id: 0x9de8e87b, L:/127.0.0.1:64529 - R:localhost/127.0.0.1:57047]' for 'GET' to 'http://localhost:57047/session/a959986235bfbb8f7a0d11d8dbc1685d/element/313a30b3-bca3-42b7-9d93-7fdb10276923/attribute/multiple'
13:46:29.711 [Forwarding getElementDomAttribute on session a959986235bfbb8f7a0d11d8dbc1685d to remote] DEBUG org.asynchttpclient.netty.request.NettyRequestSender - Using open Channel [id: 0x9de8e87b, L:/127.0.0.1:64529 - R:localhost/127.0.0.1:57047] for GET '/session/a959986235bfbb8f7a0d11d8dbc1685d/element/313a30b3-bca3-42b7-9d93-7fdb10276923/attribute/multiple'
13:46:29.754 [AsyncHttpClient-1-1] DEBUG org.asynchttpclient.netty.channel.DefaultChannelPool - Entry count for : http://localhost:64530 : 1
13:46:29.764 [AsyncHttpClient-1-4] DEBUG org.asynchttpclient.netty.handler.HttpHandler - 

Request DefaultFullHttpRequest(decodeResult: success, version: HTTP/1.1, content: EmptyByteBufBE)
GET /session/a959986235bfbb8f7a0d11d8dbc1685d/element/313a30b3-bca3-42b7-9d93-7fdb10276923/attribute/multiple HTTP/1.1
User-Agent: selenium/4.1.2 (java windows)
Cache-Control: no-cache
Content-Type: application/json; charset=utf-8
host: localhost:57047
accept: */*

Response DefaultHttpResponse(decodeResult: success, version: HTTP/1.1)
HTTP/1.1 200 OK
Content-Type: application/json; charset=utf-8
cache-control: no-cache
content-length: 14

13:46:29.764 [AsyncHttpClient-1-4] DEBUG org.asynchttpclient.netty.channel.ChannelManager - Adding key: http://localhost:57047 for channel [id: 0x9de8e87b, L:/127.0.0.1:64529 - R:localhost/127.0.0.1:57047]
13:46:29.766 [Forwarding findChildElements on session a959986235bfbb8f7a0d11d8dbc1685d to remote] DEBUG org.asynchttpclient.netty.request.NettyRequestSender - Using pooled Channel '[id: 0x9de8e87b, L:/127.0.0.1:64529 - R:localhost/127.0.0.1:57047]' for 'POST' to 'http://localhost:57047/session/a959986235bfbb8f7a0d11d8dbc1685d/element/313a30b3-bca3-42b7-9d93-7fdb10276923/elements'
13:46:29.766 [Forwarding findChildElements on session a959986235bfbb8f7a0d11d8dbc1685d to remote] DEBUG org.asynchttpclient.netty.request.NettyRequestSender - Using open Channel [id: 0x9de8e87b, L:/127.0.0.1:64529 - R:localhost/127.0.0.1:57047] for POST '/session/a959986235bfbb8f7a0d11d8dbc1685d/element/313a30b3-bca3-42b7-9d93-7fdb10276923/elements'
13:46:29.852 [AsyncHttpClient-1-4] DEBUG org.asynchttpclient.netty.handler.HttpHandler - 

Request DefaultHttpRequest(decodeResult: success, version: HTTP/1.1)
POST /session/a959986235bfbb8f7a0d11d8dbc1685d/element/313a30b3-bca3-42b7-9d93-7fdb10276923/elements HTTP/1.1
User-Agent: selenium/4.1.2 (java windows)
Content-Length: 129
Content-Type: application/json; charset=utf-8
host: localhost:57047
accept: */*

Response DefaultHttpResponse(decodeResult: success, version: HTTP/1.1)
HTTP/1.1 200 OK
Content-Type: application/json; charset=utf-8
cache-control: no-cache
content-length: 90

13:46:29.852 [AsyncHttpClient-1-4] DEBUG org.asynchttpclient.netty.channel.ChannelManager - Adding key: http://localhost:57047 for channel [id: 0x9de8e87b, L:/127.0.0.1:64529 - R:localhost/127.0.0.1:57047]
13:46:29.854 [Forwarding isElementSelected on session a959986235bfbb8f7a0d11d8dbc1685d to remote] DEBUG org.asynchttpclient.netty.request.NettyRequestSender - Using pooled Channel '[id: 0x9de8e87b, L:/127.0.0.1:64529 - R:localhost/127.0.0.1:57047]' for 'GET' to 'http://localhost:57047/session/a959986235bfbb8f7a0d11d8dbc1685d/element/d1a11125-3cc0-41b9-935c-47c8267499ad/selected'
13:46:29.854 [Forwarding isElementSelected on session a959986235bfbb8f7a0d11d8dbc1685d to remote] DEBUG org.asynchttpclient.netty.request.NettyRequestSender - Using open Channel [id: 0x9de8e87b, L:/127.0.0.1:64529 - R:localhost/127.0.0.1:57047] for GET '/session/a959986235bfbb8f7a0d11d8dbc1685d/element/d1a11125-3cc0-41b9-935c-47c8267499ad/selected'
13:46:29.933 [AsyncHttpClient-1-4] DEBUG org.asynchttpclient.netty.handler.HttpHandler - 

Request DefaultFullHttpRequest(decodeResult: success, version: HTTP/1.1, content: EmptyByteBufBE)
GET /session/a959986235bfbb8f7a0d11d8dbc1685d/element/d1a11125-3cc0-41b9-935c-47c8267499ad/selected HTTP/1.1
User-Agent: selenium/4.1.2 (java windows)
Cache-Control: no-cache
Content-Type: application/json; charset=utf-8
host: localhost:57047
accept: */*

Response DefaultHttpResponse(decodeResult: success, version: HTTP/1.1)
HTTP/1.1 200 OK
Content-Type: application/json; charset=utf-8
cache-control: no-cache
content-length: 15

13:46:29.934 [AsyncHttpClient-1-4] DEBUG org.asynchttpclient.netty.channel.ChannelManager - Adding key: http://localhost:57047 for channel [id: 0x9de8e87b, L:/127.0.0.1:64529 - R:localhost/127.0.0.1:57047]
13:46:29.935 [Forwarding clickElement on session a959986235bfbb8f7a0d11d8dbc1685d to remote] DEBUG org.asynchttpclient.netty.request.NettyRequestSender - Using pooled Channel '[id: 0x9de8e87b, L:/127.0.0.1:64529 - R:localhost/127.0.0.1:57047]' for 'POST' to 'http://localhost:57047/session/a959986235bfbb8f7a0d11d8dbc1685d/element/d1a11125-3cc0-41b9-935c-47c8267499ad/click'
13:46:29.935 [Forwarding clickElement on session a959986235bfbb8f7a0d11d8dbc1685d to remote] DEBUG org.asynchttpclient.netty.request.NettyRequestSender - Using open Channel [id: 0x9de8e87b, L:/127.0.0.1:64529 - R:localhost/127.0.0.1:57047] for POST '/session/a959986235bfbb8f7a0d11d8dbc1685d/element/d1a11125-3cc0-41b9-935c-47c8267499ad/click'
13:46:30.052 [AsyncHttpClient-1-4] DEBUG org.asynchttpclient.netty.handler.HttpHandler - 

Request DefaultHttpRequest(decodeResult: success, version: HTTP/1.1)
POST /session/a959986235bfbb8f7a0d11d8dbc1685d/element/d1a11125-3cc0-41b9-935c-47c8267499ad/click HTTP/1.1
User-Agent: selenium/4.1.2 (java windows)
Content-Length: 50
Content-Type: application/json; charset=utf-8
host: localhost:57047
accept: */*

Response DefaultHttpResponse(decodeResult: success, version: HTTP/1.1)
HTTP/1.1 200 OK
Content-Type: application/json; charset=utf-8
cache-control: no-cache
content-length: 14

13:46:30.052 [AsyncHttpClient-1-4] DEBUG org.asynchttpclient.netty.channel.ChannelManager - Adding key: http://localhost:57047 for channel [id: 0x9de8e87b, L:/127.0.0.1:64529 - R:localhost/127.0.0.1:57047]
13:46:30.066 [Forwarding screenshot on session a959986235bfbb8f7a0d11d8dbc1685d to remote] DEBUG org.asynchttpclient.netty.request.NettyRequestSender - Using pooled Channel '[id: 0x9de8e87b, L:/127.0.0.1:64529 - R:localhost/127.0.0.1:57047]' for 'GET' to 'http://localhost:57047/session/a959986235bfbb8f7a0d11d8dbc1685d/screenshot'
13:46:30.066 [Forwarding screenshot on session a959986235bfbb8f7a0d11d8dbc1685d to remote] DEBUG org.asynchttpclient.netty.request.NettyRequestSender - Using open Channel [id: 0x9de8e87b, L:/127.0.0.1:64529 - R:localhost/127.0.0.1:57047] for GET '/session/a959986235bfbb8f7a0d11d8dbc1685d/screenshot'
13:46:30.265 [AsyncHttpClient-1-4] DEBUG org.asynchttpclient.netty.handler.HttpHandler - 

Request DefaultFullHttpRequest(decodeResult: success, version: HTTP/1.1, content: EmptyByteBufBE)
GET /session/a959986235bfbb8f7a0d11d8dbc1685d/screenshot HTTP/1.1
User-Agent: selenium/4.1.2 (java windows)
Cache-Control: no-cache
Content-Type: application/json; charset=utf-8
host: localhost:57047
accept: */*

Response DefaultHttpResponse(decodeResult: success, version: HTTP/1.1)
HTTP/1.1 200 OK
Content-Type: application/json; charset=utf-8
cache-control: no-cache
content-length: 38880

13:46:30.266 [AsyncHttpClient-1-4] DEBUG org.asynchttpclient.netty.channel.ChannelManager - Adding key: http://localhost:57047 for channel [id: 0x9de8e87b, L:/127.0.0.1:64529 - R:localhost/127.0.0.1:57047]
13:46:30.270 [main] DEBUG net.serenitybdd.core.photography.Darkroom - Send negative for processing for target\site\serenity\47f5fec907abfd962b9db88b5d9bb315c93b27889f4c3551a436b94d2059afa3.png
13:46:30.270 [main] DEBUG net.thucydides.core.steps.StepInterceptor - STEP DONE: chooseTime
  &amp#27;[32mAnd &amp#27;[0m&amp#27;[32madmin choose time&amp#27;[0m                                             &amp#27;[90m# starter.definitions.pendaftaranbaru.choosetime()&amp#27;[0m
13:46:30.270 [Darkroom Processing Line] DEBUG net.serenitybdd.core.photography.DarkroomProcessingLine - Processing screenshot image in /var/screenshots/screenshot-5301340965201955681
13:46:30.270 [Darkroom Processing Line] DEBUG net.serenitybdd.core.photography.DarkroomProcessingLine - Saving screenshot to target\site\serenity\47f5fec907abfd962b9db88b5d9bb315c93b27889f4c3551a436b94d2059afa3.png
13:46:30.304 [main] DEBUG net.thucydides.core.steps.StepInterceptor - STARTING STEP: pendaftaranbaru.inputValidkeluhan - inputKeluhan
13:46:30.312 [Forwarding findElement on session a959986235bfbb8f7a0d11d8dbc1685d to remote] DEBUG org.asynchttpclient.netty.request.NettyRequestSender - Using pooled Channel '[id: 0x9de8e87b, L:/127.0.0.1:64529 - R:localhost/127.0.0.1:57047]' for 'POST' to 'http://localhost:57047/session/a959986235bfbb8f7a0d11d8dbc1685d/element'
13:46:30.312 [Forwarding findElement on session a959986235bfbb8f7a0d11d8dbc1685d to remote] DEBUG org.asynchttpclient.netty.request.NettyRequestSender - Using open Channel [id: 0x9de8e87b, L:/127.0.0.1:64529 - R:localhost/127.0.0.1:57047] for POST '/session/a959986235bfbb8f7a0d11d8dbc1685d/element'
13:46:30.387 [AsyncHttpClient-1-4] DEBUG org.asynchttpclient.netty.handler.HttpHandler - 

Request DefaultHttpRequest(decodeResult: success, version: HTTP/1.1)
POST /session/a959986235bfbb8f7a0d11d8dbc1685d/element HTTP/1.1
User-Agent: selenium/4.1.2 (java windows)
Content-Length: 52
Content-Type: application/json; charset=utf-8
host: localhost:57047
accept: */*

Response DefaultHttpResponse(decodeResult: success, version: HTTP/1.1)
HTTP/1.1 200 OK
Content-Type: application/json; charset=utf-8
cache-control: no-cache
content-length: 88

13:46:30.387 [AsyncHttpClient-1-4] DEBUG org.asynchttpclient.netty.channel.ChannelManager - Adding key: http://localhost:57047 for channel [id: 0x9de8e87b, L:/127.0.0.1:64529 - R:localhost/127.0.0.1:57047]
13:46:30.389 [Forwarding clearElement on session a959986235bfbb8f7a0d11d8dbc1685d to remote] DEBUG org.asynchttpclient.netty.request.NettyRequestSender - Using pooled Channel '[id: 0x9de8e87b, L:/127.0.0.1:64529 - R:localhost/127.0.0.1:57047]' for 'POST' to 'http://localhost:57047/session/a959986235bfbb8f7a0d11d8dbc1685d/element/8493447e-5d36-4b50-8053-084486bdd52d/clear'
13:46:30.390 [Forwarding clearElement on session a959986235bfbb8f7a0d11d8dbc1685d to remote] DEBUG org.asynchttpclient.netty.request.NettyRequestSender - Using open Channel [id: 0x9de8e87b, L:/127.0.0.1:64529 - R:localhost/127.0.0.1:57047] for POST '/session/a959986235bfbb8f7a0d11d8dbc1685d/element/8493447e-5d36-4b50-8053-084486bdd52d/clear'
13:46:30.565 [AsyncHttpClient-1-4] DEBUG org.asynchttpclient.netty.handler.HttpHandler - 

Request DefaultHttpRequest(decodeResult: success, version: HTTP/1.1)
POST /session/a959986235bfbb8f7a0d11d8dbc1685d/element/8493447e-5d36-4b50-8053-084486bdd52d/clear HTTP/1.1
User-Agent: selenium/4.1.2 (java windows)
Content-Length: 50
Content-Type: application/json; charset=utf-8
host: localhost:57047
accept: */*

Response DefaultHttpResponse(decodeResult: success, version: HTTP/1.1)
HTTP/1.1 200 OK
Content-Type: application/json; charset=utf-8
cache-control: no-cache
content-length: 14

13:46:30.565 [AsyncHttpClient-1-4] DEBUG org.asynchttpclient.netty.channel.ChannelManager - Adding key: http://localhost:57047 for channel [id: 0x9de8e87b, L:/127.0.0.1:64529 - R:localhost/127.0.0.1:57047]
13:46:30.569 [Forwarding sendKeysToElement on session a959986235bfbb8f7a0d11d8dbc1685d to remote] DEBUG org.asynchttpclient.netty.request.NettyRequestSender - Using pooled Channel '[id: 0x9de8e87b, L:/127.0.0.1:64529 - R:localhost/127.0.0.1:57047]' for 'POST' to 'http://localhost:57047/session/a959986235bfbb8f7a0d11d8dbc1685d/element/8493447e-5d36-4b50-8053-084486bdd52d/value'
13:46:30.569 [Forwarding sendKeysToElement on session a959986235bfbb8f7a0d11d8dbc1685d to remote] DEBUG org.asynchttpclient.netty.request.NettyRequestSender - Using open Channel [id: 0x9de8e87b, L:/127.0.0.1:64529 - R:localhost/127.0.0.1:57047] for POST '/session/a959986235bfbb8f7a0d11d8dbc1685d/element/8493447e-5d36-4b50-8053-084486bdd52d/value'
13:46:30.848 [AsyncHttpClient-1-1] DEBUG org.asynchttpclient.netty.channel.DefaultChannelPool - Entry count for : http://localhost:64530 : 1
13:46:31.483 [AsyncHttpClient-1-4] DEBUG org.asynchttpclient.netty.handler.HttpHandler - 

Request DefaultHttpRequest(decodeResult: success, version: HTTP/1.1)
POST /session/a959986235bfbb8f7a0d11d8dbc1685d/element/8493447e-5d36-4b50-8053-084486bdd52d/value HTTP/1.1
User-Agent: selenium/4.1.2 (java windows)
Content-Length: 731
Content-Type: application/json; charset=utf-8
host: localhost:57047
accept: */*

Response DefaultHttpResponse(decodeResult: success, version: HTTP/1.1)
HTTP/1.1 200 OK
Content-Type: application/json; charset=utf-8
cache-control: no-cache
content-length: 14

13:46:31.483 [AsyncHttpClient-1-4] DEBUG org.asynchttpclient.netty.channel.ChannelManager - Adding key: http://localhost:57047 for channel [id: 0x9de8e87b, L:/127.0.0.1:64529 - R:localhost/127.0.0.1:57047]
13:46:31.498 [Forwarding screenshot on session a959986235bfbb8f7a0d11d8dbc1685d to remote] DEBUG org.asynchttpclient.netty.request.NettyRequestSender - Using pooled Channel '[id: 0x9de8e87b, L:/127.0.0.1:64529 - R:localhost/127.0.0.1:57047]' for 'GET' to 'http://localhost:57047/session/a959986235bfbb8f7a0d11d8dbc1685d/screenshot'
13:46:31.498 [Forwarding screenshot on session a959986235bfbb8f7a0d11d8dbc1685d to remote] DEBUG org.asynchttpclient.netty.request.NettyRequestSender - Using open Channel [id: 0x9de8e87b, L:/127.0.0.1:64529 - R:localhost/127.0.0.1:57047] for GET '/session/a959986235bfbb8f7a0d11d8dbc1685d/screenshot'
13:46:31.730 [AsyncHttpClient-1-4] DEBUG org.asynchttpclient.netty.handler.HttpHandler - 

Request DefaultFullHttpRequest(decodeResult: success, version: HTTP/1.1, content: EmptyByteBufBE)
GET /session/a959986235bfbb8f7a0d11d8dbc1685d/screenshot HTTP/1.1
User-Agent: selenium/4.1.2 (java windows)
Cache-Control: no-cache
Content-Type: application/json; charset=utf-8
host: localhost:57047
accept: */*

Response DefaultHttpResponse(decodeResult: success, version: HTTP/1.1)
HTTP/1.1 200 OK
Content-Type: application/json; charset=utf-8
cache-control: no-cache
content-length: 43420

13:46:31.731 [AsyncHttpClient-1-4] DEBUG org.asynchttpclient.netty.channel.ChannelManager - Adding key: http://localhost:57047 for channel [id: 0x9de8e87b, L:/127.0.0.1:64529 - R:localhost/127.0.0.1:57047]
13:46:31.735 [main] DEBUG net.serenitybdd.core.photography.Darkroom - Send negative for processing for target\site\serenity\571dd4f95fca4b5c03b76258f71b0a6693625f2e7325251f5e74e5b845304c38.png
13:46:31.736 [main] DEBUG net.thucydides.core.steps.StepInterceptor - STEP DONE: inputKeluhan
  &amp#27;[32mAnd &amp#27;[0m&amp#27;[32madmin input keluhan&amp#27;[0m                                           &amp#27;[90m# starter.definitions.pendaftaranbaru.inputValidkeluhan()&amp#27;[0m
13:46:31.736 [Darkroom Processing Line] DEBUG net.serenitybdd.core.photography.DarkroomProcessingLine - Processing screenshot image in /var/screenshots/screenshot-2324083764268792560
13:46:31.736 [Darkroom Processing Line] DEBUG net.serenitybdd.core.photography.DarkroomProcessingLine - Saving screenshot to target\site\serenity\571dd4f95fca4b5c03b76258f71b0a6693625f2e7325251f5e74e5b845304c38.png
13:46:31.773 [main] DEBUG net.thucydides.core.steps.StepInterceptor - STARTING STEP: pendaftaranbaru.clickConfirmButton - clickConfirm
13:46:31.783 [Forwarding findElement on session a959986235bfbb8f7a0d11d8dbc1685d to remote] DEBUG org.asynchttpclient.netty.request.NettyRequestSender - Using pooled Channel '[id: 0x9de8e87b, L:/127.0.0.1:64529 - R:localhost/127.0.0.1:57047]' for 'POST' to 'http://localhost:57047/session/a959986235bfbb8f7a0d11d8dbc1685d/element'
13:46:31.784 [Forwarding findElement on session a959986235bfbb8f7a0d11d8dbc1685d to remote] DEBUG org.asynchttpclient.netty.request.NettyRequestSender - Using open Channel [id: 0x9de8e87b, L:/127.0.0.1:64529 - R:localhost/127.0.0.1:57047] for POST '/session/a959986235bfbb8f7a0d11d8dbc1685d/element'
13:46:31.867 [AsyncHttpClient-1-4] DEBUG org.asynchttpclient.netty.handler.HttpHandler - 

Request DefaultHttpRequest(decodeResult: success, version: HTTP/1.1)
POST /session/a959986235bfbb8f7a0d11d8dbc1685d/element HTTP/1.1
User-Agent: selenium/4.1.2 (java windows)
Content-Length: 112
Content-Type: application/json; charset=utf-8
host: localhost:57047
accept: */*

Response DefaultHttpResponse(decodeResult: success, version: HTTP/1.1)
HTTP/1.1 200 OK
Content-Type: application/json; charset=utf-8
cache-control: no-cache
content-length: 88

13:46:31.868 [AsyncHttpClient-1-4] DEBUG org.asynchttpclient.netty.channel.ChannelManager - Adding key: http://localhost:57047 for channel [id: 0x9de8e87b, L:/127.0.0.1:64529 - R:localhost/127.0.0.1:57047]
13:46:31.870 [Forwarding getElementTagName on session a959986235bfbb8f7a0d11d8dbc1685d to remote] DEBUG org.asynchttpclient.netty.request.NettyRequestSender - Using pooled Channel '[id: 0x9de8e87b, L:/127.0.0.1:64529 - R:localhost/127.0.0.1:57047]' for 'GET' to 'http://localhost:57047/session/a959986235bfbb8f7a0d11d8dbc1685d/element/33e89f88-af3d-4a58-8ca9-a74b5e7f2955/name'
13:46:31.870 [Forwarding getElementTagName on session a959986235bfbb8f7a0d11d8dbc1685d to remote] DEBUG org.asynchttpclient.netty.request.NettyRequestSender - Using open Channel [id: 0x9de8e87b, L:/127.0.0.1:64529 - R:localhost/127.0.0.1:57047] for GET '/session/a959986235bfbb8f7a0d11d8dbc1685d/element/33e89f88-af3d-4a58-8ca9-a74b5e7f2955/name'
13:46:31.900 [AsyncHttpClient-1-4] DEBUG org.asynchttpclient.netty.handler.HttpHandler - 

Request DefaultFullHttpRequest(decodeResult: success, version: HTTP/1.1, content: EmptyByteBufBE)
GET /session/a959986235bfbb8f7a0d11d8dbc1685d/element/33e89f88-af3d-4a58-8ca9-a74b5e7f2955/name HTTP/1.1
User-Agent: selenium/4.1.2 (java windows)
Cache-Control: no-cache
Content-Type: application/json; charset=utf-8
host: localhost:57047
accept: */*

Response DefaultHttpResponse(decodeResult: success, version: HTTP/1.1)
HTTP/1.1 200 OK
Content-Type: application/json; charset=utf-8
cache-control: no-cache
content-length: 18

13:46:31.900 [AsyncHttpClient-1-4] DEBUG org.asynchttpclient.netty.channel.ChannelManager - Adding key: http://localhost:57047 for channel [id: 0x9de8e87b, L:/127.0.0.1:64529 - R:localhost/127.0.0.1:57047]
13:46:31.902 [Forwarding getElementTagName on session a959986235bfbb8f7a0d11d8dbc1685d to remote] DEBUG org.asynchttpclient.netty.request.NettyRequestSender - Using pooled Channel '[id: 0x9de8e87b, L:/127.0.0.1:64529 - R:localhost/127.0.0.1:57047]' for 'GET' to 'http://localhost:57047/session/a959986235bfbb8f7a0d11d8dbc1685d/element/33e89f88-af3d-4a58-8ca9-a74b5e7f2955/name'
13:46:31.902 [Forwarding getElementTagName on session a959986235bfbb8f7a0d11d8dbc1685d to remote] DEBUG org.asynchttpclient.netty.request.NettyRequestSender - Using open Channel [id: 0x9de8e87b, L:/127.0.0.1:64529 - R:localhost/127.0.0.1:57047] for GET '/session/a959986235bfbb8f7a0d11d8dbc1685d/element/33e89f88-af3d-4a58-8ca9-a74b5e7f2955/name'
13:46:31.942 [AsyncHttpClient-1-4] DEBUG org.asynchttpclient.netty.handler.HttpHandler - 

Request DefaultFullHttpRequest(decodeResult: success, version: HTTP/1.1, content: EmptyByteBufBE)
GET /session/a959986235bfbb8f7a0d11d8dbc1685d/element/33e89f88-af3d-4a58-8ca9-a74b5e7f2955/name HTTP/1.1
User-Agent: selenium/4.1.2 (java windows)
Cache-Control: no-cache
Content-Type: application/json; charset=utf-8
host: localhost:57047
accept: */*

Response DefaultHttpResponse(decodeResult: success, version: HTTP/1.1)
HTTP/1.1 200 OK
Content-Type: application/json; charset=utf-8
cache-control: no-cache
content-length: 18

13:46:31.943 [AsyncHttpClient-1-4] DEBUG org.asynchttpclient.netty.channel.ChannelManager - Adding key: http://localhost:57047 for channel [id: 0x9de8e87b, L:/127.0.0.1:64529 - R:localhost/127.0.0.1:57047]
13:46:31.948 [Forwarding isElementEnabled on session a959986235bfbb8f7a0d11d8dbc1685d to remote] DEBUG org.asynchttpclient.netty.request.NettyRequestSender - Using pooled Channel '[id: 0x9de8e87b, L:/127.0.0.1:64529 - R:localhost/127.0.0.1:57047]' for 'GET' to 'http://localhost:57047/session/a959986235bfbb8f7a0d11d8dbc1685d/element/33e89f88-af3d-4a58-8ca9-a74b5e7f2955/enabled'
13:46:31.948 [Forwarding isElementEnabled on session a959986235bfbb8f7a0d11d8dbc1685d to remote] DEBUG org.asynchttpclient.netty.request.NettyRequestSender - Using open Channel [id: 0x9de8e87b, L:/127.0.0.1:64529 - R:localhost/127.0.0.1:57047] for GET '/session/a959986235bfbb8f7a0d11d8dbc1685d/element/33e89f88-af3d-4a58-8ca9-a74b5e7f2955/enabled'
13:46:31.955 [AsyncHttpClient-1-1] DEBUG org.asynchttpclient.netty.channel.DefaultChannelPool - Entry count for : http://localhost:64530 : 1
13:46:32.038 [AsyncHttpClient-1-4] DEBUG org.asynchttpclient.netty.handler.HttpHandler - 

Request DefaultFullHttpRequest(decodeResult: success, version: HTTP/1.1, content: EmptyByteBufBE)
GET /session/a959986235bfbb8f7a0d11d8dbc1685d/element/33e89f88-af3d-4a58-8ca9-a74b5e7f2955/enabled HTTP/1.1
User-Agent: selenium/4.1.2 (java windows)
Cache-Control: no-cache
Content-Type: application/json; charset=utf-8
host: localhost:57047
accept: */*

Response DefaultHttpResponse(decodeResult: success, version: HTTP/1.1)
HTTP/1.1 200 OK
Content-Type: application/json; charset=utf-8
cache-control: no-cache
content-length: 14

13:46:32.038 [AsyncHttpClient-1-4] DEBUG org.asynchttpclient.netty.channel.ChannelManager - Adding key: http://localhost:57047 for channel [id: 0x9de8e87b, L:/127.0.0.1:64529 - R:localhost/127.0.0.1:57047]
13:46:32.040 [Forwarding isElementEnabled on session a959986235bfbb8f7a0d11d8dbc1685d to remote] DEBUG org.asynchttpclient.netty.request.NettyRequestSender - Using pooled Channel '[id: 0x9de8e87b, L:/127.0.0.1:64529 - R:localhost/127.0.0.1:57047]' for 'GET' to 'http://localhost:57047/session/a959986235bfbb8f7a0d11d8dbc1685d/element/33e89f88-af3d-4a58-8ca9-a74b5e7f2955/enabled'
13:46:32.040 [Forwarding isElementEnabled on session a959986235bfbb8f7a0d11d8dbc1685d to remote] DEBUG org.asynchttpclient.netty.request.NettyRequestSender - Using open Channel [id: 0x9de8e87b, L:/127.0.0.1:64529 - R:localhost/127.0.0.1:57047] for GET '/session/a959986235bfbb8f7a0d11d8dbc1685d/element/33e89f88-af3d-4a58-8ca9-a74b5e7f2955/enabled'
13:46:32.117 [AsyncHttpClient-1-4] DEBUG org.asynchttpclient.netty.handler.HttpHandler - 

Request DefaultFullHttpRequest(decodeResult: success, version: HTTP/1.1, content: EmptyByteBufBE)
GET /session/a959986235bfbb8f7a0d11d8dbc1685d/element/33e89f88-af3d-4a58-8ca9-a74b5e7f2955/enabled HTTP/1.1
User-Agent: selenium/4.1.2 (java windows)
Cache-Control: no-cache
Content-Type: application/json; charset=utf-8
host: localhost:57047
accept: */*

Response DefaultHttpResponse(decodeResult: success, version: HTTP/1.1)
HTTP/1.1 200 OK
Content-Type: application/json; charset=utf-8
cache-control: no-cache
content-length: 14

13:46:32.118 [AsyncHttpClient-1-4] DEBUG org.asynchttpclient.netty.channel.ChannelManager - Adding key: http://localhost:57047 for channel [id: 0x9de8e87b, L:/127.0.0.1:64529 - R:localhost/127.0.0.1:57047]
13:46:32.122 [Forwarding findElement on session a959986235bfbb8f7a0d11d8dbc1685d to remote] DEBUG org.asynchttpclient.netty.request.NettyRequestSender - Using pooled Channel '[id: 0x9de8e87b, L:/127.0.0.1:64529 - R:localhost/127.0.0.1:57047]' for 'POST' to 'http://localhost:57047/session/a959986235bfbb8f7a0d11d8dbc1685d/element'
13:46:32.122 [Forwarding findElement on session a959986235bfbb8f7a0d11d8dbc1685d to remote] DEBUG org.asynchttpclient.netty.request.NettyRequestSender - Using open Channel [id: 0x9de8e87b, L:/127.0.0.1:64529 - R:localhost/127.0.0.1:57047] for POST '/session/a959986235bfbb8f7a0d11d8dbc1685d/element'
13:46:32.186 [AsyncHttpClient-1-4] DEBUG org.asynchttpclient.netty.handler.HttpHandler - 

Request DefaultHttpRequest(decodeResult: success, version: HTTP/1.1)
POST /session/a959986235bfbb8f7a0d11d8dbc1685d/element HTTP/1.1
User-Agent: selenium/4.1.2 (java windows)
Content-Length: 112
Content-Type: application/json; charset=utf-8
host: localhost:57047
accept: */*

Response DefaultHttpResponse(decodeResult: success, version: HTTP/1.1)
HTTP/1.1 200 OK
Content-Type: application/json; charset=utf-8
cache-control: no-cache
content-length: 88

13:46:32.187 [AsyncHttpClient-1-4] DEBUG org.asynchttpclient.netty.channel.ChannelManager - Adding key: http://localhost:57047 for channel [id: 0x9de8e87b, L:/127.0.0.1:64529 - R:localhost/127.0.0.1:57047]
13:46:32.188 [Forwarding clickElement on session a959986235bfbb8f7a0d11d8dbc1685d to remote] DEBUG org.asynchttpclient.netty.request.NettyRequestSender - Using pooled Channel '[id: 0x9de8e87b, L:/127.0.0.1:64529 - R:localhost/127.0.0.1:57047]' for 'POST' to 'http://localhost:57047/session/a959986235bfbb8f7a0d11d8dbc1685d/element/33e89f88-af3d-4a58-8ca9-a74b5e7f2955/click'
13:46:32.188 [Forwarding clickElement on session a959986235bfbb8f7a0d11d8dbc1685d to remote] DEBUG org.asynchttpclient.netty.request.NettyRequestSender - Using open Channel [id: 0x9de8e87b, L:/127.0.0.1:64529 - R:localhost/127.0.0.1:57047] for POST '/session/a959986235bfbb8f7a0d11d8dbc1685d/element/33e89f88-af3d-4a58-8ca9-a74b5e7f2955/click'
13:46:32.534 [AsyncHttpClient-1-4] DEBUG org.asynchttpclient.netty.handler.HttpHandler - 

Request DefaultHttpRequest(decodeResult: success, version: HTTP/1.1)
POST /session/a959986235bfbb8f7a0d11d8dbc1685d/element/33e89f88-af3d-4a58-8ca9-a74b5e7f2955/click HTTP/1.1
User-Agent: selenium/4.1.2 (java windows)
Content-Length: 50
Content-Type: application/json; charset=utf-8
host: localhost:57047
accept: */*

Response DefaultHttpResponse(decodeResult: success, version: HTTP/1.1)
HTTP/1.1 200 OK
Content-Type: application/json; charset=utf-8
cache-control: no-cache
content-length: 14

13:46:32.534 [AsyncHttpClient-1-4] DEBUG org.asynchttpclient.netty.channel.ChannelManager - Adding key: http://localhost:57047 for channel [id: 0x9de8e87b, L:/127.0.0.1:64529 - R:localhost/127.0.0.1:57047]
13:46:32.553 [Forwarding screenshot on session a959986235bfbb8f7a0d11d8dbc1685d to remote] DEBUG org.asynchttpclient.netty.request.NettyRequestSender - Using pooled Channel '[id: 0x9de8e87b, L:/127.0.0.1:64529 - R:localhost/127.0.0.1:57047]' for 'GET' to 'http://localhost:57047/session/a959986235bfbb8f7a0d11d8dbc1685d/screenshot'
13:46:32.553 [Forwarding screenshot on session a959986235bfbb8f7a0d11d8dbc1685d to remote] DEBUG org.asynchttpclient.netty.request.NettyRequestSender - Using open Channel [id: 0x9de8e87b, L:/127.0.0.1:64529 - R:localhost/127.0.0.1:57047] for GET '/session/a959986235bfbb8f7a0d11d8dbc1685d/screenshot'
13:46:32.810 [AsyncHttpClient-1-4] DEBUG org.asynchttpclient.netty.handler.HttpHandler - 

Request DefaultFullHttpRequest(decodeResult: success, version: HTTP/1.1, content: EmptyByteBufBE)
GET /session/a959986235bfbb8f7a0d11d8dbc1685d/screenshot HTTP/1.1
User-Agent: selenium/4.1.2 (java windows)
Cache-Control: no-cache
Content-Type: application/json; charset=utf-8
host: localhost:57047
accept: */*

Response DefaultHttpResponse(decodeResult: success, version: HTTP/1.1)
HTTP/1.1 200 OK
Content-Type: application/json; charset=utf-8
cache-control: no-cache
content-length: 44160

13:46:32.811 [AsyncHttpClient-1-4] DEBUG org.asynchttpclient.netty.channel.ChannelManager - Adding key: http://localhost:57047 for channel [id: 0x9de8e87b, L:/127.0.0.1:64529 - R:localhost/127.0.0.1:57047]
13:46:32.817 [main] DEBUG net.serenitybdd.core.photography.Darkroom - Send negative for processing for target\site\serenity\956af5ada584d78fae0403a6c0fec767ef375cdb0fddc67b81bad508333f133b.png
13:46:32.818 [main] DEBUG net.thucydides.core.steps.StepInterceptor - STEP DONE: clickConfirm
  &amp#27;[32mThen &amp#27;[0m&amp#27;[32mAdmin click confirmation button&amp#27;[0m                              &amp#27;[90m# starter.definitions.pendaftaranbaru.clickConfirmButton()&amp#27;[0m
13:46:32.819 [Darkroom Processing Line] DEBUG net.serenitybdd.core.photography.DarkroomProcessingLine - Processing screenshot image in /var/screenshots/screenshot-8192989161769465078
13:46:32.819 [Darkroom Processing Line] DEBUG net.serenitybdd.core.photography.DarkroomProcessingLine - Saving screenshot to target\site\serenity\956af5ada584d78fae0403a6c0fec767ef375cdb0fddc67b81bad508333f133b.png
13:46:32.881 [Forwarding screenshot on session a959986235bfbb8f7a0d11d8dbc1685d to remote] DEBUG org.asynchttpclient.netty.request.NettyRequestSender - Using pooled Channel '[id: 0x9de8e87b, L:/127.0.0.1:64529 - R:localhost/127.0.0.1:57047]' for 'GET' to 'http://localhost:57047/session/a959986235bfbb8f7a0d11d8dbc1685d/screenshot'
13:46:32.881 [Forwarding screenshot on session a959986235bfbb8f7a0d11d8dbc1685d to remote] DEBUG org.asynchttpclient.netty.request.NettyRequestSender - Using open Channel [id: 0x9de8e87b, L:/127.0.0.1:64529 - R:localhost/127.0.0.1:57047] for GET '/session/a959986235bfbb8f7a0d11d8dbc1685d/screenshot'
13:46:32.944 [AsyncHttpClient-1-4] DEBUG org.asynchttpclient.netty.handler.HttpHandler - 

Request DefaultFullHttpRequest(decodeResult: success, version: HTTP/1.1, content: EmptyByteBufBE)
GET /session/a959986235bfbb8f7a0d11d8dbc1685d/screenshot HTTP/1.1
User-Agent: selenium/4.1.2 (java windows)
Cache-Control: no-cache
Content-Type: application/json; charset=utf-8
host: localhost:57047
accept: */*

Response DefaultHttpResponse(decodeResult: success, version: HTTP/1.1)
HTTP/1.1 500 Internal Server Error
Content-Type: application/json; charset=utf-8
cache-control: no-cache
content-length: 1011

13:46:32.945 [AsyncHttpClient-1-4] DEBUG org.asynchttpclient.netty.channel.ChannelManager - Adding key: http://localhost:57047 for channel [id: 0x9de8e87b, L:/127.0.0.1:64529 - R:localhost/127.0.0.1:57047]
13:46:32.949 [main] WARN net.thucydides.core.webdriver.WebDriverFacade - Failed to take screenshot (unexpected alert open: {Alert text : Please correct the following error(s): 
Data Sudah ada, cek kembali data Anda}
  (Session info: chrome=103.0.5060.114): Please correct the following error(s): 
Data Sudah ada, cek kembali data Anda
Build info: version: '4.1.2', revision: '9a5a329c5a'
System info: host: 'DESKTOP-KEF9BIM', ip: '192.168.56.1', os.name: 'Windows 10', os.arch: 'amd64', os.version: '10.0', java.version: '1.8.0_202'
Driver info: org.openqa.selenium.chrome.ChromeDriver
Command: [a959986235bfbb8f7a0d11d8dbc1685d, screenshot {}]
Capabilities {acceptInsecureCerts: false, browserName: chrome, browserVersion: 103.0.5060.114, chrome: {chromedriverVersion: 103.0.5060.53 (a1711811edd7..., userDataDir: C:\Users\Ocky\AppData\Local...}, goog:chromeOptions: {debuggerAddress: localhost:64530}, javascriptEnabled: true, networkConnectionEnabled: false, pageLoadStrategy: normal, platform: WINDOWS, platformName: WINDOWS, proxy: Proxy(), se:cdp: ws://localhost:64530/devtoo..., se:cdpVersion: 103.0.5060.114, setWindowRect: true, strictFileInteractability: false, timeouts: {implicit: 0, pageLoad: 300000, script: 30000}, unhandledPromptBehavior: dismiss and notify, webauthn:extension:credBlob: true, webauthn:extension:largeBlob: true, webauthn:virtualAuthenticators: true}
Session ID: a959986235bfbb8f7a0d11d8dbc1685d)
13:46:32.950 [main] DEBUG net.thucydides.core.steps.StepInterceptor - STARTING STEP: pendaftaranbaru.registsukses - validateSuccess
13:46:32.954 [Forwarding findElement on session a959986235bfbb8f7a0d11d8dbc1685d to remote] DEBUG org.asynchttpclient.netty.request.NettyRequestSender - Using pooled Channel '[id: 0x9de8e87b, L:/127.0.0.1:64529 - R:localhost/127.0.0.1:57047]' for 'POST' to 'http://localhost:57047/session/a959986235bfbb8f7a0d11d8dbc1685d/element'
13:46:32.955 [Forwarding findElement on session a959986235bfbb8f7a0d11d8dbc1685d to remote] DEBUG org.asynchttpclient.netty.request.NettyRequestSender - Using open Channel [id: 0x9de8e87b, L:/127.0.0.1:64529 - R:localhost/127.0.0.1:57047] for POST '/session/a959986235bfbb8f7a0d11d8dbc1685d/element'
13:46:33.057 [AsyncHttpClient-1-1] DEBUG org.asynchttpclient.netty.channel.DefaultChannelPool - Entry count for : http://localhost:64530 : 1
13:46:34.137 [AsyncHttpClient-1-1] DEBUG org.asynchttpclient.netty.channel.DefaultChannelPool - Entry count for : http://localhost:64530 : 1
13:46:35.066 [AsyncHttpClient-1-4] DEBUG org.asynchttpclient.netty.handler.HttpHandler - 

Request DefaultHttpRequest(decodeResult: success, version: HTTP/1.1)
POST /session/a959986235bfbb8f7a0d11d8dbc1685d/element HTTP/1.1
User-Agent: selenium/4.1.2 (java windows)
Content-Length: 97
Content-Type: application/json; charset=utf-8
host: localhost:57047
accept: */*

Response DefaultHttpResponse(decodeResult: success, version: HTTP/1.1)
HTTP/1.1 404 Not Found
Content-Type: application/json; charset=utf-8
cache-control: no-cache
content-length: 1055

13:46:35.066 [AsyncHttpClient-1-4] DEBUG org.asynchttpclient.netty.channel.ChannelManager - Adding key: http://localhost:57047 for channel [id: 0x9de8e87b, L:/127.0.0.1:64529 - R:localhost/127.0.0.1:57047]
13:46:35.080 [Forwarding screenshot on session a959986235bfbb8f7a0d11d8dbc1685d to remote] DEBUG org.asynchttpclient.netty.request.NettyRequestSender - Using pooled Channel '[id: 0x9de8e87b, L:/127.0.0.1:64529 - R:localhost/127.0.0.1:57047]' for 'GET' to 'http://localhost:57047/session/a959986235bfbb8f7a0d11d8dbc1685d/screenshot'
13:46:35.080 [Forwarding screenshot on session a959986235bfbb8f7a0d11d8dbc1685d to remote] DEBUG org.asynchttpclient.netty.request.NettyRequestSender - Using open Channel [id: 0x9de8e87b, L:/127.0.0.1:64529 - R:localhost/127.0.0.1:57047] for GET '/session/a959986235bfbb8f7a0d11d8dbc1685d/screenshot'
13:46:35.243 [AsyncHttpClient-1-1] DEBUG org.asynchttpclient.netty.channel.DefaultChannelPool - Entry count for : http://localhost:64530 : 1
13:46:35.257 [AsyncHttpClient-1-4] DEBUG org.asynchttpclient.netty.handler.HttpHandler - 

Request DefaultFullHttpRequest(decodeResult: success, version: HTTP/1.1, content: EmptyByteBufBE)
GET /session/a959986235bfbb8f7a0d11d8dbc1685d/screenshot HTTP/1.1
User-Agent: selenium/4.1.2 (java windows)
Cache-Control: no-cache
Content-Type: application/json; charset=utf-8
host: localhost:57047
accept: */*

Response DefaultHttpResponse(decodeResult: success, version: HTTP/1.1)
HTTP/1.1 200 OK
Content-Type: application/json; charset=utf-8
cache-control: no-cache
content-length: 44452

13:46:35.258 [AsyncHttpClient-1-4] DEBUG org.asynchttpclient.netty.channel.ChannelManager - Adding key: http://localhost:57047 for channel [id: 0x9de8e87b, L:/127.0.0.1:64529 - R:localhost/127.0.0.1:57047]
13:46:35.265 [main] DEBUG net.serenitybdd.core.photography.Darkroom - Send negative for processing for target\site\serenity\ce880503e8aa41675d796cafbf273634ae3993dbee7ab932ff6f482245b1c7f2.png
13:46:35.266 [Darkroom Processing Line] DEBUG net.serenitybdd.core.photography.DarkroomProcessingLine - Processing screenshot image in /var/screenshots/screenshot-106551359610426542
13:46:35.266 [Darkroom Processing Line] DEBUG net.serenitybdd.core.photography.DarkroomProcessingLine - Saving screenshot to target\site\serenity\ce880503e8aa41675d796cafbf273634ae3993dbee7ab932ff6f482245b1c7f2.png
13:46:35.268 [Forwarding getPageSource on session a959986235bfbb8f7a0d11d8dbc1685d to remote] DEBUG org.asynchttpclient.netty.request.NettyRequestSender - Using pooled Channel '[id: 0x9de8e87b, L:/127.0.0.1:64529 - R:localhost/127.0.0.1:57047]' for 'POST' to 'http://localhost:57047/session/a959986235bfbb8f7a0d11d8dbc1685d/execute/sync'
13:46:35.268 [Forwarding getPageSource on session a959986235bfbb8f7a0d11d8dbc1685d to remote] DEBUG org.asynchttpclient.netty.request.NettyRequestSender - Using open Channel [id: 0x9de8e87b, L:/127.0.0.1:64529 - R:localhost/127.0.0.1:57047] for POST '/session/a959986235bfbb8f7a0d11d8dbc1685d/execute/sync'
13:46:35.346 [AsyncHttpClient-1-4] DEBUG org.asynchttpclient.netty.handler.HttpHandler - 

Request DefaultHttpRequest(decodeResult: success, version: HTTP/1.1)
POST /session/a959986235bfbb8f7a0d11d8dbc1685d/execute/sync HTTP/1.1
User-Agent: selenium/4.1.2 (java windows)
Content-Length: 176
Content-Type: application/json; charset=utf-8
host: localhost:57047
accept: */*

Response DefaultHttpResponse(decodeResult: success, version: HTTP/1.1)
HTTP/1.1 200 OK
Content-Type: application/json; charset=utf-8
cache-control: no-cache
content-length: 153012

13:46:35.347 [AsyncHttpClient-1-4] DEBUG org.asynchttpclient.netty.channel.ChannelManager - Adding key: http://localhost:57047 for channel [id: 0x9de8e87b, L:/127.0.0.1:64529 - R:localhost/127.0.0.1:57047]
13:46:35.812 [Forwarding getCurrentUrl on session a959986235bfbb8f7a0d11d8dbc1685d to remote] DEBUG org.asynchttpclient.netty.request.NettyRequestSender - Using pooled Channel '[id: 0x9de8e87b, L:/127.0.0.1:64529 - R:localhost/127.0.0.1:57047]' for 'GET' to 'http://localhost:57047/session/a959986235bfbb8f7a0d11d8dbc1685d/url'
13:46:35.812 [Forwarding getCurrentUrl on session a959986235bfbb8f7a0d11d8dbc1685d to remote] DEBUG org.asynchttpclient.netty.request.NettyRequestSender - Using open Channel [id: 0x9de8e87b, L:/127.0.0.1:64529 - R:localhost/127.0.0.1:57047] for GET '/session/a959986235bfbb8f7a0d11d8dbc1685d/url'
13:46:35.879 [AsyncHttpClient-1-4] DEBUG org.asynchttpclient.netty.handler.HttpHandler - 

Request DefaultFullHttpRequest(decodeResult: success, version: HTTP/1.1, content: EmptyByteBufBE)
GET /session/a959986235bfbb8f7a0d11d8dbc1685d/url HTTP/1.1
User-Agent: selenium/4.1.2 (java windows)
Cache-Control: no-cache
Content-Type: application/json; charset=utf-8
host: localhost:57047
accept: */*

Response DefaultHttpResponse(decodeResult: success, version: HTTP/1.1)
HTTP/1.1 200 OK
Content-Type: application/json; charset=utf-8
cache-control: no-cache
content-length: 87

13:46:35.880 [AsyncHttpClient-1-4] DEBUG org.asynchttpclient.netty.channel.ChannelManager - Adding key: http://localhost:57047 for channel [id: 0x9de8e87b, L:/127.0.0.1:64529 - R:localhost/127.0.0.1:57047]
  &amp#27;[31mAnd &amp#27;[0m&amp#27;[31mnew patient registered succesfully&amp#27;[0m                            &amp#27;[90m# starter.definitions.pendaftaranbaru.registsukses()&amp#27;[0m
      &amp#27;[31morg.openqa.selenium.NoSuchElementException: no such element: Unable to locate element: {"method":"xpath","selector":"//strong[normalize-space()='PENDAFTARAN BERHASIL']"}
  (Session info: chrome=103.0.5060.114)
For documentation on this error, please visit: https://selenium.dev/exceptions/#no_such_element
Build info: version: '4.1.2', revision: '9a5a329c5a'
System info: host: 'DESKTOP-KEF9BIM', ip: '192.168.56.1', os.name: 'Windows 10', os.arch: 'amd64', os.version: '10.0', java.version: '1.8.0_202'
Driver info: org.openqa.selenium.chrome.ChromeDriver
Command: [a959986235bfbb8f7a0d11d8dbc1685d, findElement {using=xpath, value=//strong[normalize-space()='PENDAFTARAN BERHASIL']}]
Capabilities {acceptInsecureCerts: false, browserName: chrome, browserVersion: 103.0.5060.114, chrome: {chromedriverVersion: 103.0.5060.53 (a1711811edd7..., userDataDir: C:\Users\Ocky\AppData\Local...}, goog:chromeOptions: {debuggerAddress: localhost:64530}, javascriptEnabled: true, networkConnectionEnabled: false, pageLoadStrategy: normal, platform: WINDOWS, platformName: WINDOWS, proxy: Proxy(), se:cdp: ws://localhost:64530/devtoo..., se:cdpVersion: 103.0.5060.114, setWindowRect: true, strictFileInteractability: false, timeouts: {implicit: 0, pageLoad: 300000, script: 30000}, unhandledPromptBehavior: dismiss and notify, webauthn:extension:credBlob: true, webauthn:extension:largeBlob: true, webauthn:virtualAuthenticators: true}
Session ID: a959986235bfbb8f7a0d11d8dbc1685d
	at sun.reflect.NativeConstructorAccessorImpl.newInstance0(Native Method)
	at sun.reflect.NativeConstructorAccessorImpl.newInstance(NativeConstructorAccessorImpl.java:62)
	at sun.reflect.DelegatingConstructorAccessorImpl.newInstance(DelegatingConstructorAccessorImpl.java:45)
	at java.lang.reflect.Constructor.newInstance(Constructor.java:423)
	at org.openqa.selenium.remote.codec.w3c.W3CHttpResponseCodec.createException(W3CHttpResponseCodec.java:200)
	at org.openqa.selenium.remote.codec.w3c.W3CHttpResponseCodec.decode(W3CHttpResponseCodec.java:133)
	at org.openqa.selenium.remote.codec.w3c.W3CHttpResponseCodec.decode(W3CHttpResponseCodec.java:53)
	at org.openqa.selenium.remote.HttpCommandExecutor.execute(HttpCommandExecutor.java:184)
	at org.openqa.selenium.remote.service.DriverCommandExecutor.invokeExecute(DriverCommandExecutor.java:167)
	at org.openqa.selenium.remote.service.DriverCommandExecutor.execute(DriverCommandExecutor.java:142)
	at org.openqa.selenium.remote.RemoteWebDriver.execute(RemoteWebDriver.java:558)
	at org.openqa.selenium.remote.ElementLocation$ElementFinder$2.findElement(ElementLocation.java:162)
	at org.openqa.selenium.remote.ElementLocation.findElement(ElementLocation.java:60)
	at org.openqa.selenium.remote.RemoteWebDriver.findElement(RemoteWebDriver.java:382)
	at org.openqa.selenium.remote.RemoteWebDriver.findElement(RemoteWebDriver.java:374)
	at net.thucydides.core.webdriver.WebDriverFacade.findElement(WebDriverFacade.java:224)
	at net.serenitybdd.core.pages.WebElementResolverByLocator.resolveForDriver(WebElementResolverByLocator.java:25)
	at net.serenitybdd.core.pages.WebElementFacadeImpl.getResolvedElement(WebElementFacadeImpl.java:191)
	at net.serenitybdd.core.pages.WebElementFacadeImpl.getElement(WebElementFacadeImpl.java:186)
	at net.serenitybdd.core.pages.WebElementFacadeImpl.isDisplayed(WebElementFacadeImpl.java:1289)
	at starter.pages.pendaftaranbarupage.validateSuccess(pendaftaranbarupage.java:51)
	at starter.pages.pendaftaranbarupage$ByteBuddy$5ChAIoOD.validateSuccess$accessor$r6ccuCKz(Unknown Source)
	at sun.reflect.NativeMethodAccessorImpl.invoke0(Native Method)
	at sun.reflect.NativeMethodAccessorImpl.invoke(NativeMethodAccessorImpl.java:62)
	at sun.reflect.DelegatingMethodAccessorImpl.invoke(DelegatingMethodAccessorImpl.java:43)
	at java.lang.reflect.Method.invoke(Method.java:498)
	at net.thucydides.core.steps.StepInterceptor.invokeMethod(StepInterceptor.java:503)
	at net.thucydides.core.steps.StepInterceptor.executeTestStepMethod(StepInterceptor.java:483)
	at net.thucydides.core.steps.StepInterceptor.runTestStep(StepInterceptor.java:457)
	at net.thucydides.core.steps.StepInterceptor.runOrSkipMethod(StepInterceptor.java:209)
	at net.thucydides.core.steps.StepInterceptor.testStepResult(StepInterceptor.java:196)
	at net.thucydides.core.steps.StepInterceptor.intercept(StepInterceptor.java:84)
	at net.thucydides.core.steps.ProxyConfiguration$InterceptorDispatcher.intercept(ProxyConfiguration.java:51)
	at starter.pages.pendaftaranbarupage$ByteBuddy$5ChAIoOD.validateSuccess(Unknown Source)
	at starter.definitions.pendaftaranbaru.registsukses(pendaftaranbaru.java:55)
	at âœ½.new patient registered succesfully(file:///C:/Users/Ocky/Documents/final_project/web%20testing/src/test/resources/features/pendaftaranbaru.feature:22)
&amp#27;[0m
13:46:35.904 [main] ERROR  - 
  _____   ___   ___   _____     ___   ___   ___    ___    ___ 
 |_   _| | __| / __| |_   _|   | __| | _ \ | _ \  / _ \  | _ \
   | |   | _|  \__ \   | |     | _|  |   / |   / | (_) | |   /
   |_|   |___| |___/   |_|     |___| |_|_\ |_|_\  \___/  |_|_\

As admin I want to register a new patient with valid data
---------------------------------------------------------------
13:46:35.904 [main] DEBUG  - RELATED ISSUES: 
13:46:35.905 [main] ERROR  -     Test failed at step: Validate success
13:46:35.905 [main] ERROR  -     no such element: Unable to locate element: {"method":"xpath","selector":"//strong[normalize-space()='PENDAFTARAN BERHASIL']"}
13:46:35.909 [AsyncHttpClient-1-6] DEBUG org.asynchttpclient.netty.handler.WebSocketHandler - Channel Closed: [id: 0xb1eb379c, L:/127.0.0.1:64538 ! R:localhost/127.0.0.1:64530] with attribute NettyResponseFuture{currentRetry=5,
	isDone=1,
	isCancelled=0,
	asyncHandler=org.asynchttpclient.ws.WebSocketUpgradeHandler@3f5c80e9,
	nettyRequest=org.asynchttpclient.netty.request.NettyRequest@2bde61ca,
	future=java.util.concurrent.CompletableFuture@485365d1[Completed normally],
	uri=ws://localhost:64530/devtools/browser/2c499222-1608-4f99-ab64-dd950997bb89,
	keepAlive=true,
	redirectCount=0,
	timeoutsHolder=null,
	inAuth=0,
	touch=1658213173209}
13:46:35.909 [AsyncHttpClient-1-6] DEBUG org.asynchttpclient.netty.channel.ChannelManager - Closing Channel [id: 0xb1eb379c, L:/127.0.0.1:64538 ! R:localhost/127.0.0.1:64530] 
13:46:35.933 [Driver Command Executor] DEBUG org.asynchttpclient.netty.request.NettyRequestSender - Using pooled Channel '[id: 0x9de8e87b, L:/127.0.0.1:64529 - R:localhost/127.0.0.1:57047]' for 'DELETE' to 'http://localhost:57047/session/a959986235bfbb8f7a0d11d8dbc1685d'
13:46:35.933 [Driver Command Executor] DEBUG org.asynchttpclient.netty.request.NettyRequestSender - Using open Channel [id: 0x9de8e87b, L:/127.0.0.1:64529 - R:localhost/127.0.0.1:57047] for DELETE '/session/a959986235bfbb8f7a0d11d8dbc1685d'
13:46:36.337 [AsyncHttpClient-1-1] DEBUG org.asynchttpclient.netty.channel.DefaultChannelPool - Entry count for : http://localhost:64530 : 1
13:46:36.653 [AsyncHttpClient-1-5] DEBUG org.asynchttpclient.netty.handler.HttpHandler - Unexpected I/O exception on channel [id: 0x6af4da8c, L:/127.0.0.1:64537 - R:localhost/127.0.0.1:64530]
java.io.IOException: An existing connection was forcibly closed by the remote host
	at sun.nio.ch.SocketDispatcher.read0(Native Method)
	at sun.nio.ch.SocketDispatcher.read(SocketDispatcher.java:43)
	at sun.nio.ch.IOUtil.readIntoNativeBuffer(IOUtil.java:223)
	at sun.nio.ch.IOUtil.read(IOUtil.java:192)
	at sun.nio.ch.SocketChannelImpl.read(SocketChannelImpl.java:380)
	at io.netty.buffer.PooledByteBuf.setBytes(PooledByteBuf.java:258)
	at io.netty.buffer.AbstractByteBuf.writeBytes(AbstractByteBuf.java:1132)
	at io.netty.channel.socket.nio.NioSocketChannel.doReadBytes(NioSocketChannel.java:350)
	at io.netty.channel.nio.AbstractNioByteChannel$NioByteUnsafe.read(AbstractNioByteChannel.java:151)
	at io.netty.channel.nio.NioEventLoop.processSelectedKey(NioEventLoop.java:722)
	at io.netty.channel.nio.NioEventLoop.processSelectedKeysOptimized(NioEventLoop.java:658)
	at io.netty.channel.nio.NioEventLoop.processSelectedKeys(NioEventLoop.java:584)
	at io.netty.channel.nio.NioEventLoop.run(NioEventLoop.java:496)
	at io.netty.util.concurrent.SingleThreadEventExecutor$4.run(SingleThreadEventExecutor.java:986)
	at io.netty.util.internal.ThreadExecutorMap$2.run(ThreadExecutorMap.java:74)
	at io.netty.util.concurrent.FastThreadLocalRunnable.run(FastThreadLocalRunnable.java:30)
	at java.lang.Thread.run(Thread.java:748)
13:46:36.653 [AsyncHttpClient-1-5] DEBUG org.asynchttpclient.netty.channel.ChannelManager - Closing Channel [id: 0x6af4da8c, L:/127.0.0.1:64537 - R:localhost/127.0.0.1:64530] 
13:46:36.654 [AsyncHttpClient-1-5] DEBUG org.asynchttpclient.netty.handler.HttpHandler - Channel Closed: [id: 0x6af4da8c, L:/127.0.0.1:64537 ! R:localhost/127.0.0.1:64530] with attribute DISCARD
13:46:36.717 [AsyncHttpClient-1-4] DEBUG org.asynchttpclient.netty.handler.HttpHandler - 

Request DefaultFullHttpRequest(decodeResult: success, version: HTTP/1.1, content: EmptyByteBufBE)
DELETE /session/a959986235bfbb8f7a0d11d8dbc1685d HTTP/1.1
User-Agent: selenium/4.1.2 (java windows)
Content-Type: application/json; charset=utf-8
host: localhost:57047
accept: */*

Response DefaultHttpResponse(decodeResult: success, version: HTTP/1.1)
HTTP/1.1 200 OK
Content-Type: application/json; charset=utf-8
cache-control: no-cache
content-length: 14

13:46:36.717 [AsyncHttpClient-1-4] DEBUG org.asynchttpclient.netty.channel.ChannelManager - Adding key: http://localhost:57047 for channel [id: 0x9de8e87b, L:/127.0.0.1:64529 - R:localhost/127.0.0.1:57047]
13:46:36.899 [AsyncHttpClient-1-4] DEBUG org.asynchttpclient.netty.handler.HttpHandler - Channel Closed: [id: 0x9de8e87b, L:/127.0.0.1:64529 ! R:localhost/127.0.0.1:57047] with attribute DISCARD
13:46:37.429 [AsyncHttpClient-1-1] DEBUG org.asynchttpclient.netty.channel.DefaultChannelPool - Entry count for : http://localhost:57047 : 1
13:46:37.429 [AsyncHttpClient-1-1] DEBUG org.asynchttpclient.netty.channel.DefaultChannelPool - Entry count for : http://localhost:64530 : 1
13:46:37.429 [AsyncHttpClient-1-1] DEBUG org.asynchttpclient.netty.channel.DefaultChannelPool - Adding Candidate expired Channel [id: 0x9de8e87b, L:/127.0.0.1:64529 ! R:localhost/127.0.0.1:57047] isIdleTimeoutExpired=false isRemotelyClosed=true isTtlExpired=false
13:46:37.429 [AsyncHttpClient-1-1] DEBUG org.asynchttpclient.netty.channel.DefaultChannelPool - Closing Idle Channel [id: 0x9de8e87b, L:/127.0.0.1:64529 ! R:localhost/127.0.0.1:57047]
13:46:37.429 [AsyncHttpClient-1-1] DEBUG org.asynchttpclient.netty.channel.DefaultChannelPool - Adding Candidate expired Channel [id: 0x6af4da8c, L:/127.0.0.1:64537 ! R:localhost/127.0.0.1:64530] isIdleTimeoutExpired=false isRemotelyClosed=true isTtlExpired=false
13:46:37.429 [AsyncHttpClient-1-1] DEBUG org.asynchttpclient.netty.channel.DefaultChannelPool - Closing Idle Channel [id: 0x6af4da8c, L:/127.0.0.1:64537 ! R:localhost/127.0.0.1:64530]
13:46:37.429 [AsyncHttpClient-1-1] DEBUG org.asynchttpclient.netty.channel.DefaultChannelPool - Closed 2 connections out of 2 in 0 ms
]]></system-out>
    <system-err><![CDATA[Starting ChromeDriver 103.0.5060.53 (a1711811edd74ff1cf2150f36ffa3b0dae40b17f-refs/branch-heads/5060@{#853}) on port 57047
Only local connections are allowed.
Please see https://chromedriver.chromium.org/security-considerations for suggestions on keeping ChromeDriver safe.
ChromeDriver was started successfully.
Jul 19, 2022 1:46:13 PM org.openqa.selenium.remote.ProtocolHandshake createSession
INFO: Detected dialect: W3C
Jul 19, 2022 1:46:13 PM org.openqa.selenium.devtools.CdpVersionFinder findNearestMatch
WARNING: Unable to find an exact match for CDP version 103, so returning the closest version found: a no-op implementation
Jul 19, 2022 1:46:13 PM org.openqa.selenium.devtools.CdpVersionFinder findNearestMatch
INFO: Unable to find CDP implementation matching 103.
Jul 19, 2022 1:46:13 PM org.openqa.selenium.chromium.ChromiumDriver lambda$new$3
WARNING: Unable to find version of CDP to use for . You may need to include a dependency on a specific version of the CDP using something similar to `org.seleniumhq.selenium:selenium-devtools-v86:4.1.2` where the version ("v86") matches the version of the chromium-based browser you're using and the version number of the artifact is the same as Selenium's.
]]></system-err>
  </testcase>
</testsuite>